[ 2017-01-10T06:00:40+08:00 ] 42.156.251.185 /
INFO: [ app_init ] --START--
INFO: Run Behavior\BuildLiteBehavior [ RunTime:0.000012s ]
INFO: [ app_init ] --END-- [ RunTime:0.000298s ]
INFO: [ app_begin ] --START--
INFO: Run Behavior\ReadHtmlCacheBehavior [ RunTime:0.000370s ]
INFO: [ app_begin ] --END-- [ RunTime:0.000411s ]

[ 2017-01-10T09:43:28+08:00 ] 115.60.21.84 /favicon.ico
INFO: [ app_init ] --START--
INFO: Run Behavior\BuildLiteBehavior [ RunTime:0.000011s ]
INFO: [ app_init ] --END-- [ RunTime:0.000294s ]

[ 2017-01-10T09:54:35+08:00 ] 115.60.21.84 /favicon.ico
INFO: [ app_init ] --START--
INFO: Run Behavior\BuildLiteBehavior [ RunTime:0.000011s ]
INFO: [ app_init ] --END-- [ RunTime:0.000302s ]

[ 2017-01-10T09:57:28+08:00 ] 123.149.208.249 /favicon.ico
INFO: [ app_init ] --START--
INFO: Run Behavior\BuildLiteBehavior [ RunTime:0.000011s ]
INFO: [ app_init ] --END-- [ RunTime:0.000299s ]

[ 2017-01-10T10:02:22+08:00 ] 115.60.21.84 /
INFO: [ app_init ] --START--
INFO: Run Behavior\BuildLiteBehavior [ RunTime:0.000012s ]
INFO: [ app_init ] --END-- [ RunTime:0.000297s ]
INFO: [ app_begin ] --START--
INFO: Run Behavior\ReadHtmlCacheBehavior [ RunTime:0.000355s ]
INFO: [ app_begin ] --END-- [ RunTime:0.000395s ]

[ 2017-01-10T10:02:22+08:00 ] 115.60.21.84 /index.php/Login/index
INFO: [ app_init ] --START--
INFO: Run Behavior\BuildLiteBehavior [ RunTime:0.000012s ]
INFO: [ app_init ] --END-- [ RunTime:0.000311s ]
INFO: [ app_begin ] --START--
INFO: Run Behavior\ReadHtmlCacheBehavior [ RunTime:0.000537s ]
INFO: [ app_begin ] --END-- [ RunTime:0.000581s ]
INFO: [ view_parse ] --START--
INFO: [ template_filter ] --START--
INFO: Run Behavior\ContentReplaceBehavior [ RunTime:0.000037s ]
INFO: [ template_filter ] --END-- [ RunTime:0.000079s ]
INFO: Run Behavior\ParseTemplateBehavior [ RunTime:0.004599s ]
INFO: [ view_parse ] --END-- [ RunTime:0.004638s ]
INFO: [ view_filter ] --START--
INFO: Run Behavior\WriteHtmlCacheBehavior [ RunTime:0.000225s ]
INFO: [ view_filter ] --END-- [ RunTime:0.000257s ]
INFO: [ app_end ] --START--
INFO: Run Behavior\ShowPageTraceBehavior [ RunTime:0.000396s ]
INFO: [ app_end ] --END-- [ RunTime:0.000430s ]

[ 2017-01-10T10:02:22+08:00 ] 115.60.21.84 /favicon.ico
INFO: [ app_init ] --START--
INFO: Run Behavior\BuildLiteBehavior [ RunTime:0.000011s ]
INFO: [ app_init ] --END-- [ RunTime:0.000285s ]

[ 2017-01-10T10:02:26+08:00 ] 115.60.21.84 /index.php/Login/doLogin.html
INFO: [ app_init ] --START--
INFO: Run Behavior\BuildLiteBehavior [ RunTime:0.000011s ]
INFO: [ app_init ] --END-- [ RunTime:0.000317s ]
INFO: [ app_begin ] --START--
INFO: Run Behavior\ReadHtmlCacheBehavior [ RunTime:0.000401s ]
INFO: [ app_begin ] --END-- [ RunTime:0.000445s ]
SQL: SHOW COLUMNS FROM `luu_admin_user` [ RunTime:0.0006s ]
SQL: SELECT * FROM `luu_admin_user` WHERE `username` = 'admin' LIMIT 1   [ RunTime:0.0002s ]

[ 2017-01-10T10:02:26+08:00 ] 115.60.21.84 /index.php/Index/index.html
INFO: [ app_init ] --START--
INFO: Run Behavior\BuildLiteBehavior [ RunTime:0.000011s ]
INFO: [ app_init ] --END-- [ RunTime:0.000284s ]
INFO: [ app_begin ] --START--
INFO: Run Behavior\ReadHtmlCacheBehavior [ RunTime:0.000358s ]
INFO: [ app_begin ] --END-- [ RunTime:0.000400s ]
INFO: [ view_parse ] --START--
INFO: [ template_filter ] --START--
INFO: Run Behavior\ContentReplaceBehavior [ RunTime:0.000045s ]
INFO: [ template_filter ] --END-- [ RunTime:0.000083s ]
INFO: Run Behavior\ParseTemplateBehavior [ RunTime:0.007143s ]
INFO: [ view_parse ] --END-- [ RunTime:0.007181s ]
INFO: [ view_filter ] --START--
INFO: Run Behavior\WriteHtmlCacheBehavior [ RunTime:0.000178s ]
INFO: [ view_filter ] --END-- [ RunTime:0.000209s ]
INFO: [ app_end ] --START--
INFO: Run Behavior\ShowPageTraceBehavior [ RunTime:0.000409s ]
INFO: [ app_end ] --END-- [ RunTime:0.000460s ]

[ 2017-01-10T10:02:26+08:00 ] 115.60.21.84 /index.php/Index/vie.html
INFO: [ app_init ] --START--
INFO: Run Behavior\BuildLiteBehavior [ RunTime:0.000012s ]
INFO: [ app_init ] --END-- [ RunTime:0.000290s ]
INFO: [ app_begin ] --START--
INFO: Run Behavior\ReadHtmlCacheBehavior [ RunTime:0.000361s ]
INFO: [ app_begin ] --END-- [ RunTime:0.000402s ]
INFO: [ view_parse ] --START--
INFO: [ template_filter ] --START--
INFO: Run Behavior\ContentReplaceBehavior [ RunTime:0.000026s ]
INFO: [ template_filter ] --END-- [ RunTime:0.000063s ]
INFO: Run Behavior\ParseTemplateBehavior [ RunTime:0.003510s ]
INFO: [ view_parse ] --END-- [ RunTime:0.003551s ]
INFO: [ view_filter ] --START--
INFO: Run Behavior\WriteHtmlCacheBehavior [ RunTime:0.000184s ]
INFO: [ view_filter ] --END-- [ RunTime:0.000215s ]
INFO: [ app_end ] --START--
INFO: Run Behavior\ShowPageTraceBehavior [ RunTime:0.000374s ]
INFO: [ app_end ] --END-- [ RunTime:0.000408s ]

[ 2017-01-10T10:02:28+08:00 ] 115.60.21.84 /index.php/Order/index.html
INFO: [ app_init ] --START--
INFO: Run Behavior\BuildLiteBehavior [ RunTime:0.000011s ]
INFO: [ app_init ] --END-- [ RunTime:0.000310s ]
INFO: [ app_begin ] --START--
INFO: Run Behavior\ReadHtmlCacheBehavior [ RunTime:0.000381s ]
INFO: [ app_begin ] --END-- [ RunTime:0.000422s ]
SQL: SHOW COLUMNS FROM `luu_order` [ RunTime:0.0006s ]
SQL: SELECT COUNT(*) AS tp_count FROM `luu_order` LIMIT 1   [ RunTime:0.0001s ]
SQL: SELECT * FROM `luu_order` ORDER BY id DESC LIMIT 0,10   [ RunTime:0.0003s ]
INFO: [ view_parse ] --START--
INFO: [ template_filter ] --START--
INFO: Run Behavior\ContentReplaceBehavior [ RunTime:0.000056s ]
INFO: [ template_filter ] --END-- [ RunTime:0.000099s ]
NOTIC: [8] Undefined variable: shop_id /data/web/lysf/public_html/Application/Runtime/Cache/Home/ffa8aade729e4e26e935cd9703650a4b.php 第 45 行.
NOTIC: [8] Undefined index: trade_no /data/web/lysf/public_html/Application/Runtime/Cache/Home/ffa8aade729e4e26e935cd9703650a4b.php 第 59 行.
NOTIC: [8] Undefined index: status /data/web/lysf/public_html/Application/Runtime/Cache/Home/ffa8aade729e4e26e935cd9703650a4b.php 第 64 行.
NOTIC: [8] Undefined index: status /data/web/lysf/public_html/Application/Runtime/Cache/Home/ffa8aade729e4e26e935cd9703650a4b.php 第 65 行.
NOTIC: [8] Undefined index: status /data/web/lysf/public_html/Application/Runtime/Cache/Home/ffa8aade729e4e26e935cd9703650a4b.php 第 65 行.
NOTIC: [8] Undefined index: status /data/web/lysf/public_html/Application/Runtime/Cache/Home/ffa8aade729e4e26e935cd9703650a4b.php 第 66 行.
NOTIC: [8] Undefined index: status /data/web/lysf/public_html/Application/Runtime/Cache/Home/ffa8aade729e4e26e935cd9703650a4b.php 第 67 行.
INFO: Run Behavior\ParseTemplateBehavior [ RunTime:0.010005s ]
INFO: [ view_parse ] --END-- [ RunTime:0.010046s ]
INFO: [ view_filter ] --START--
INFO: Run Behavior\WriteHtmlCacheBehavior [ RunTime:0.000242s ]
INFO: [ view_filter ] --END-- [ RunTime:0.000284s ]
INFO: [ app_end ] --START--
INFO: Run Behavior\ShowPageTraceBehavior [ RunTime:0.000470s ]
INFO: [ app_end ] --END-- [ RunTime:0.000516s ]

[ 2017-01-10T10:02:52+08:00 ] 115.60.21.84 /index.php/Order/index/p/6.html
INFO: [ app_init ] --START--
INFO: Run Behavior\BuildLiteBehavior [ RunTime:0.000028s ]
INFO: [ app_init ] --END-- [ RunTime:0.000315s ]
INFO: [ app_begin ] --START--
INFO: Run Behavior\ReadHtmlCacheBehavior [ RunTime:0.000408s ]
INFO: [ app_begin ] --END-- [ RunTime:0.000449s ]
SQL: SHOW COLUMNS FROM `luu_order` [ RunTime:0.0007s ]
SQL: SELECT COUNT(*) AS tp_count FROM `luu_order` LIMIT 1   [ RunTime:0.0001s ]
SQL: SELECT * FROM `luu_order` ORDER BY id DESC LIMIT 50,10   [ RunTime:0.0003s ]
INFO: [ view_parse ] --START--
INFO: [ template_filter ] --START--
INFO: Run Behavior\ContentReplaceBehavior [ RunTime:0.000054s ]
INFO: [ template_filter ] --END-- [ RunTime:0.000093s ]
NOTIC: [8] Undefined variable: shop_id /data/web/lysf/public_html/Application/Runtime/Cache/Home/ffa8aade729e4e26e935cd9703650a4b.php 第 45 行.
NOTIC: [8] Undefined index: trade_no /data/web/lysf/public_html/Application/Runtime/Cache/Home/ffa8aade729e4e26e935cd9703650a4b.php 第 59 行.
NOTIC: [8] Undefined index: status /data/web/lysf/public_html/Application/Runtime/Cache/Home/ffa8aade729e4e26e935cd9703650a4b.php 第 64 行.
NOTIC: [8] Undefined index: status /data/web/lysf/public_html/Application/Runtime/Cache/Home/ffa8aade729e4e26e935cd9703650a4b.php 第 65 行.
NOTIC: [8] Undefined index: status /data/web/lysf/public_html/Application/Runtime/Cache/Home/ffa8aade729e4e26e935cd9703650a4b.php 第 65 行.
NOTIC: [8] Undefined index: status /data/web/lysf/public_html/Application/Runtime/Cache/Home/ffa8aade729e4e26e935cd9703650a4b.php 第 66 行.
NOTIC: [8] Undefined index: status /data/web/lysf/public_html/Application/Runtime/Cache/Home/ffa8aade729e4e26e935cd9703650a4b.php 第 67 行.
INFO: Run Behavior\ParseTemplateBehavior [ RunTime:0.008231s ]
INFO: [ view_parse ] --END-- [ RunTime:0.008267s ]
INFO: [ view_filter ] --START--
INFO: Run Behavior\WriteHtmlCacheBehavior [ RunTime:0.000188s ]
INFO: [ view_filter ] --END-- [ RunTime:0.000220s ]
INFO: [ app_end ] --START--
INFO: Run Behavior\ShowPageTraceBehavior [ RunTime:0.000438s ]
INFO: [ app_end ] --END-- [ RunTime:0.000486s ]

[ 2017-01-10T10:02:59+08:00 ] 115.60.21.84 /index.php/Order/index/p/2.html
INFO: [ app_init ] --START--
INFO: Run Behavior\BuildLiteBehavior [ RunTime:0.000011s ]
INFO: [ app_init ] --END-- [ RunTime:0.000290s ]
INFO: [ app_begin ] --START--
INFO: Run Behavior\ReadHtmlCacheBehavior [ RunTime:0.000410s ]
INFO: [ app_begin ] --END-- [ RunTime:0.000452s ]
SQL: SHOW COLUMNS FROM `luu_order` [ RunTime:0.0007s ]
SQL: SELECT COUNT(*) AS tp_count FROM `luu_order` LIMIT 1   [ RunTime:0.0001s ]
SQL: SELECT * FROM `luu_order` ORDER BY id DESC LIMIT 10,10   [ RunTime:0.0004s ]
INFO: [ view_parse ] --START--
INFO: [ template_filter ] --START--
INFO: Run Behavior\ContentReplaceBehavior [ RunTime:0.000053s ]
INFO: [ template_filter ] --END-- [ RunTime:0.000089s ]
NOTIC: [8] Undefined variable: shop_id /data/web/lysf/public_html/Application/Runtime/Cache/Home/ffa8aade729e4e26e935cd9703650a4b.php 第 45 行.
NOTIC: [8] Undefined index: trade_no /data/web/lysf/public_html/Application/Runtime/Cache/Home/ffa8aade729e4e26e935cd9703650a4b.php 第 59 行.
NOTIC: [8] Undefined index: status /data/web/lysf/public_html/Application/Runtime/Cache/Home/ffa8aade729e4e26e935cd9703650a4b.php 第 64 行.
NOTIC: [8] Undefined index: status /data/web/lysf/public_html/Application/Runtime/Cache/Home/ffa8aade729e4e26e935cd9703650a4b.php 第 65 行.
NOTIC: [8] Undefined index: status /data/web/lysf/public_html/Application/Runtime/Cache/Home/ffa8aade729e4e26e935cd9703650a4b.php 第 65 行.
NOTIC: [8] Undefined index: status /data/web/lysf/public_html/Application/Runtime/Cache/Home/ffa8aade729e4e26e935cd9703650a4b.php 第 66 行.
NOTIC: [8] Undefined index: status /data/web/lysf/public_html/Application/Runtime/Cache/Home/ffa8aade729e4e26e935cd9703650a4b.php 第 67 行.
INFO: Run Behavior\ParseTemplateBehavior [ RunTime:0.008104s ]
INFO: [ view_parse ] --END-- [ RunTime:0.008141s ]
INFO: [ view_filter ] --START--
INFO: Run Behavior\WriteHtmlCacheBehavior [ RunTime:0.000180s ]
INFO: [ view_filter ] --END-- [ RunTime:0.000228s ]
INFO: [ app_end ] --START--
INFO: Run Behavior\ShowPageTraceBehavior [ RunTime:0.000431s ]
INFO: [ app_end ] --END-- [ RunTime:0.000476s ]

[ 2017-01-10T10:03:11+08:00 ] 115.60.21.84 /index.php/Order/index/p/3.html
INFO: [ app_init ] --START--
INFO: Run Behavior\BuildLiteBehavior [ RunTime:0.000012s ]
INFO: [ app_init ] --END-- [ RunTime:0.000321s ]
INFO: [ app_begin ] --START--
INFO: Run Behavior\ReadHtmlCacheBehavior [ RunTime:0.000390s ]
INFO: [ app_begin ] --END-- [ RunTime:0.000435s ]
SQL: SHOW COLUMNS FROM `luu_order` [ RunTime:0.0007s ]
SQL: SELECT COUNT(*) AS tp_count FROM `luu_order` LIMIT 1   [ RunTime:0.0001s ]
SQL: SELECT * FROM `luu_order` ORDER BY id DESC LIMIT 20,10   [ RunTime:0.0003s ]
INFO: [ view_parse ] --START--
INFO: [ template_filter ] --START--
INFO: Run Behavior\ContentReplaceBehavior [ RunTime:0.000054s ]
INFO: [ template_filter ] --END-- [ RunTime:0.000093s ]
NOTIC: [8] Undefined variable: shop_id /data/web/lysf/public_html/Application/Runtime/Cache/Home/ffa8aade729e4e26e935cd9703650a4b.php 第 45 行.
NOTIC: [8] Undefined index: trade_no /data/web/lysf/public_html/Application/Runtime/Cache/Home/ffa8aade729e4e26e935cd9703650a4b.php 第 59 行.
NOTIC: [8] Undefined index: status /data/web/lysf/public_html/Application/Runtime/Cache/Home/ffa8aade729e4e26e935cd9703650a4b.php 第 64 行.
NOTIC: [8] Undefined index: status /data/web/lysf/public_html/Application/Runtime/Cache/Home/ffa8aade729e4e26e935cd9703650a4b.php 第 65 行.
NOTIC: [8] Undefined index: status /data/web/lysf/public_html/Application/Runtime/Cache/Home/ffa8aade729e4e26e935cd9703650a4b.php 第 65 行.
NOTIC: [8] Undefined index: status /data/web/lysf/public_html/Application/Runtime/Cache/Home/ffa8aade729e4e26e935cd9703650a4b.php 第 66 行.
NOTIC: [8] Undefined index: status /data/web/lysf/public_html/Application/Runtime/Cache/Home/ffa8aade729e4e26e935cd9703650a4b.php 第 67 行.
INFO: Run Behavior\ParseTemplateBehavior [ RunTime:0.008274s ]
INFO: [ view_parse ] --END-- [ RunTime:0.008312s ]
INFO: [ view_filter ] --START--
INFO: Run Behavior\WriteHtmlCacheBehavior [ RunTime:0.000237s ]
INFO: [ view_filter ] --END-- [ RunTime:0.000302s ]
INFO: [ app_end ] --START--
INFO: Run Behavior\ShowPageTraceBehavior [ RunTime:0.000403s ]
INFO: [ app_end ] --END-- [ RunTime:0.000450s ]

[ 2017-01-10T10:03:22+08:00 ] 115.60.21.84 /index.php/Order/index/p/4.html
INFO: [ app_init ] --START--
INFO: Run Behavior\BuildLiteBehavior [ RunTime:0.000011s ]
INFO: [ app_init ] --END-- [ RunTime:0.000302s ]
INFO: [ app_begin ] --START--
INFO: Run Behavior\ReadHtmlCacheBehavior [ RunTime:0.000422s ]
INFO: [ app_begin ] --END-- [ RunTime:0.000463s ]
SQL: SHOW COLUMNS FROM `luu_order` [ RunTime:0.0007s ]
SQL: SELECT COUNT(*) AS tp_count FROM `luu_order` LIMIT 1   [ RunTime:0.0001s ]
SQL: SELECT * FROM `luu_order` ORDER BY id DESC LIMIT 30,10   [ RunTime:0.0003s ]
INFO: [ view_parse ] --START--
INFO: [ template_filter ] --START--
INFO: Run Behavior\ContentReplaceBehavior [ RunTime:0.000053s ]
INFO: [ template_filter ] --END-- [ RunTime:0.000088s ]
NOTIC: [8] Undefined variable: shop_id /data/web/lysf/public_html/Application/Runtime/Cache/Home/ffa8aade729e4e26e935cd9703650a4b.php 第 45 行.
NOTIC: [8] Undefined index: trade_no /data/web/lysf/public_html/Application/Runtime/Cache/Home/ffa8aade729e4e26e935cd9703650a4b.php 第 59 行.
NOTIC: [8] Undefined index: status /data/web/lysf/public_html/Application/Runtime/Cache/Home/ffa8aade729e4e26e935cd9703650a4b.php 第 64 行.
NOTIC: [8] Undefined index: status /data/web/lysf/public_html/Application/Runtime/Cache/Home/ffa8aade729e4e26e935cd9703650a4b.php 第 65 行.
NOTIC: [8] Undefined index: status /data/web/lysf/public_html/Application/Runtime/Cache/Home/ffa8aade729e4e26e935cd9703650a4b.php 第 65 行.
NOTIC: [8] Undefined index: status /data/web/lysf/public_html/Application/Runtime/Cache/Home/ffa8aade729e4e26e935cd9703650a4b.php 第 66 行.
NOTIC: [8] Undefined index: status /data/web/lysf/public_html/Application/Runtime/Cache/Home/ffa8aade729e4e26e935cd9703650a4b.php 第 67 行.
INFO: Run Behavior\ParseTemplateBehavior [ RunTime:0.007721s ]
INFO: [ view_parse ] --END-- [ RunTime:0.007756s ]
INFO: [ view_filter ] --START--
INFO: Run Behavior\WriteHtmlCacheBehavior [ RunTime:0.000178s ]
INFO: [ view_filter ] --END-- [ RunTime:0.000209s ]
INFO: [ app_end ] --START--
INFO: Run Behavior\ShowPageTraceBehavior [ RunTime:0.000397s ]
INFO: [ app_end ] --END-- [ RunTime:0.000436s ]

[ 2017-01-10T10:03:24+08:00 ] 115.60.21.84 /index.php/Order/index/p/6.html
INFO: [ app_init ] --START--
INFO: Run Behavior\BuildLiteBehavior [ RunTime:0.000012s ]
INFO: [ app_init ] --END-- [ RunTime:0.000314s ]
INFO: [ app_begin ] --START--
INFO: Run Behavior\ReadHtmlCacheBehavior [ RunTime:0.000410s ]
INFO: [ app_begin ] --END-- [ RunTime:0.000452s ]
SQL: SHOW COLUMNS FROM `luu_order` [ RunTime:0.0008s ]
SQL: SELECT COUNT(*) AS tp_count FROM `luu_order` LIMIT 1   [ RunTime:0.0001s ]
SQL: SELECT * FROM `luu_order` ORDER BY id DESC LIMIT 50,10   [ RunTime:0.0001s ]
INFO: [ view_parse ] --START--
INFO: [ template_filter ] --START--
INFO: Run Behavior\ContentReplaceBehavior [ RunTime:0.000056s ]
INFO: [ template_filter ] --END-- [ RunTime:0.000095s ]
NOTIC: [8] Undefined variable: shop_id /data/web/lysf/public_html/Application/Runtime/Cache/Home/ffa8aade729e4e26e935cd9703650a4b.php 第 45 行.
NOTIC: [8] Undefined index: trade_no /data/web/lysf/public_html/Application/Runtime/Cache/Home/ffa8aade729e4e26e935cd9703650a4b.php 第 59 行.
NOTIC: [8] Undefined index: status /data/web/lysf/public_html/Application/Runtime/Cache/Home/ffa8aade729e4e26e935cd9703650a4b.php 第 64 行.
NOTIC: [8] Undefined index: status /data/web/lysf/public_html/Application/Runtime/Cache/Home/ffa8aade729e4e26e935cd9703650a4b.php 第 65 行.
NOTIC: [8] Undefined index: status /data/web/lysf/public_html/Application/Runtime/Cache/Home/ffa8aade729e4e26e935cd9703650a4b.php 第 65 行.
NOTIC: [8] Undefined index: status /data/web/lysf/public_html/Application/Runtime/Cache/Home/ffa8aade729e4e26e935cd9703650a4b.php 第 66 行.
NOTIC: [8] Undefined index: status /data/web/lysf/public_html/Application/Runtime/Cache/Home/ffa8aade729e4e26e935cd9703650a4b.php 第 67 行.
INFO: Run Behavior\ParseTemplateBehavior [ RunTime:0.008580s ]
INFO: [ view_parse ] --END-- [ RunTime:0.008660s ]
INFO: [ view_filter ] --START--
INFO: Run Behavior\WriteHtmlCacheBehavior [ RunTime:0.000184s ]
INFO: [ view_filter ] --END-- [ RunTime:0.000215s ]
INFO: [ app_end ] --START--
INFO: Run Behavior\ShowPageTraceBehavior [ RunTime:0.000398s ]
INFO: [ app_end ] --END-- [ RunTime:0.000444s ]

[ 2017-01-10T10:03:31+08:00 ] 115.60.21.84 /index.php/Order/create.html
INFO: [ app_init ] --START--
INFO: Run Behavior\BuildLiteBehavior [ RunTime:0.000011s ]
INFO: [ app_init ] --END-- [ RunTime:0.000355s ]
INFO: [ app_begin ] --START--
INFO: Run Behavior\ReadHtmlCacheBehavior [ RunTime:0.000412s ]
INFO: [ app_begin ] --END-- [ RunTime:0.000462s ]
SQL: SHOW COLUMNS FROM `luu_order` [ RunTime:0.0006s ]
INFO: [ view_parse ] --START--
INFO: [ template_filter ] --START--
INFO: Run Behavior\ContentReplaceBehavior [ RunTime:0.000055s ]
INFO: [ template_filter ] --END-- [ RunTime:0.000092s ]
NOTIC: [8] Undefined variable: data /data/web/lysf/public_html/Application/Runtime/Cache/Home/a730c022b708aa9e4cb18f7a0946d324.php 第 45 行.
NOTIC: [8] Undefined variable: data /data/web/lysf/public_html/Application/Runtime/Cache/Home/a730c022b708aa9e4cb18f7a0946d324.php 第 51 行.
NOTIC: [8] Undefined variable: data /data/web/lysf/public_html/Application/Runtime/Cache/Home/a730c022b708aa9e4cb18f7a0946d324.php 第 55 行.
NOTIC: [8] Undefined variable: data /data/web/lysf/public_html/Application/Runtime/Cache/Home/a730c022b708aa9e4cb18f7a0946d324.php 第 62 行.
NOTIC: [8] Undefined variable: data /data/web/lysf/public_html/Application/Runtime/Cache/Home/a730c022b708aa9e4cb18f7a0946d324.php 第 96 行.
NOTIC: [8] Undefined variable: data /data/web/lysf/public_html/Application/Runtime/Cache/Home/a730c022b708aa9e4cb18f7a0946d324.php 第 102 行.
NOTIC: [8] Undefined variable: data /data/web/lysf/public_html/Application/Runtime/Cache/Home/a730c022b708aa9e4cb18f7a0946d324.php 第 108 行.
NOTIC: [8] Undefined variable: fileServer /data/web/lysf/public_html/Application/Runtime/Cache/Home/a730c022b708aa9e4cb18f7a0946d324.php 第 190 行.
NOTIC: [8] Undefined variable: fileServer /data/web/lysf/public_html/Application/Runtime/Cache/Home/a730c022b708aa9e4cb18f7a0946d324.php 第 250 行.
INFO: Run Behavior\ParseTemplateBehavior [ RunTime:0.007953s ]
INFO: [ view_parse ] --END-- [ RunTime:0.007988s ]
INFO: [ view_filter ] --START--
INFO: Run Behavior\WriteHtmlCacheBehavior [ RunTime:0.000188s ]
INFO: [ view_filter ] --END-- [ RunTime:0.000220s ]
INFO: [ app_end ] --START--
INFO: Run Behavior\ShowPageTraceBehavior [ RunTime:0.000469s ]
INFO: [ app_end ] --END-- [ RunTime:0.000511s ]

[ 2017-01-10T10:03:41+08:00 ] 115.60.21.84 /index.php/Order/index/status/1.html
INFO: [ app_init ] --START--
INFO: Run Behavior\BuildLiteBehavior [ RunTime:0.000011s ]
INFO: [ app_init ] --END-- [ RunTime:0.000301s ]
INFO: [ app_begin ] --START--
INFO: Run Behavior\ReadHtmlCacheBehavior [ RunTime:0.000367s ]
INFO: [ app_begin ] --END-- [ RunTime:0.000411s ]
SQL: SHOW COLUMNS FROM `luu_order` [ RunTime:0.0006s ]
NOTIC: [8] Undefined index: p /data/web/lysf/public_html/Application/Home/Controller/OrderController.class.php 第 26 行.
SQL: SELECT COUNT(*) AS tp_count FROM `luu_order` WHERE `status` = 1 LIMIT 1   [ RunTime:0.0002s ]
SQL: SELECT * FROM `luu_order` WHERE `status` = 1 ORDER BY id DESC LIMIT 0,10   [ RunTime:0.0002s ]
INFO: [ view_parse ] --START--
INFO: [ template_filter ] --START--
INFO: Run Behavior\ContentReplaceBehavior [ RunTime:0.000061s ]
INFO: [ template_filter ] --END-- [ RunTime:0.000105s ]
NOTIC: [8] Undefined variable: shop_id /data/web/lysf/public_html/Application/Runtime/Cache/Home/ffa8aade729e4e26e935cd9703650a4b.php 第 45 行.
NOTIC: [8] Undefined index: trade_no /data/web/lysf/public_html/Application/Runtime/Cache/Home/ffa8aade729e4e26e935cd9703650a4b.php 第 59 行.
INFO: Run Behavior\ParseTemplateBehavior [ RunTime:0.008183s ]
INFO: [ view_parse ] --END-- [ RunTime:0.008220s ]
INFO: [ view_filter ] --START--
INFO: Run Behavior\WriteHtmlCacheBehavior [ RunTime:0.000179s ]
INFO: [ view_filter ] --END-- [ RunTime:0.000210s ]
INFO: [ app_end ] --START--
INFO: Run Behavior\ShowPageTraceBehavior [ RunTime:0.000478s ]
INFO: [ app_end ] --END-- [ RunTime:0.000521s ]

[ 2017-01-10T10:03:48+08:00 ] 115.60.21.84 /index.php/Order/index/status/1.html
INFO: [ app_init ] --START--
INFO: Run Behavior\BuildLiteBehavior [ RunTime:0.000011s ]
INFO: [ app_init ] --END-- [ RunTime:0.000287s ]
INFO: [ app_begin ] --START--
INFO: Run Behavior\ReadHtmlCacheBehavior [ RunTime:0.000360s ]
INFO: [ app_begin ] --END-- [ RunTime:0.000400s ]
SQL: SHOW COLUMNS FROM `luu_order` [ RunTime:0.0009s ]
NOTIC: [8] Undefined index: p /data/web/lysf/public_html/Application/Home/Controller/OrderController.class.php 第 26 行.
SQL: SELECT COUNT(*) AS tp_count FROM `luu_order` WHERE `status` = 1 LIMIT 1   [ RunTime:0.0001s ]
SQL: SELECT * FROM `luu_order` WHERE `status` = 1 ORDER BY id DESC LIMIT 0,10   [ RunTime:0.0001s ]
INFO: [ view_parse ] --START--
INFO: [ template_filter ] --START--
INFO: Run Behavior\ContentReplaceBehavior [ RunTime:0.000067s ]
INFO: [ template_filter ] --END-- [ RunTime:0.000122s ]
NOTIC: [8] Undefined variable: shop_id /data/web/lysf/public_html/Application/Runtime/Cache/Home/ffa8aade729e4e26e935cd9703650a4b.php 第 45 行.
NOTIC: [8] Undefined index: trade_no /data/web/lysf/public_html/Application/Runtime/Cache/Home/ffa8aade729e4e26e935cd9703650a4b.php 第 59 行.
INFO: Run Behavior\ParseTemplateBehavior [ RunTime:0.008112s ]
INFO: [ view_parse ] --END-- [ RunTime:0.008150s ]
INFO: [ view_filter ] --START--
INFO: Run Behavior\WriteHtmlCacheBehavior [ RunTime:0.000214s ]
INFO: [ view_filter ] --END-- [ RunTime:0.000245s ]
INFO: [ app_end ] --START--
INFO: Run Behavior\ShowPageTraceBehavior [ RunTime:0.000459s ]
INFO: [ app_end ] --END-- [ RunTime:0.000494s ]

[ 2017-01-10T10:03:50+08:00 ] 115.60.21.84 /index.php/Order/index/status/1.html
INFO: [ app_init ] --START--
INFO: Run Behavior\BuildLiteBehavior [ RunTime:0.000011s ]
INFO: [ app_init ] --END-- [ RunTime:0.000294s ]
INFO: [ app_begin ] --START--
INFO: Run Behavior\ReadHtmlCacheBehavior [ RunTime:0.000452s ]
INFO: [ app_begin ] --END-- [ RunTime:0.000502s ]
SQL: SHOW COLUMNS FROM `luu_order` [ RunTime:0.0006s ]
NOTIC: [8] Undefined index: p /data/web/lysf/public_html/Application/Home/Controller/OrderController.class.php 第 26 行.
SQL: SELECT COUNT(*) AS tp_count FROM `luu_order` WHERE `status` = 1 LIMIT 1   [ RunTime:0.0001s ]
SQL: SELECT * FROM `luu_order` WHERE `status` = 1 ORDER BY id DESC LIMIT 0,10   [ RunTime:0.0001s ]
INFO: [ view_parse ] --START--
INFO: [ template_filter ] --START--
INFO: Run Behavior\ContentReplaceBehavior [ RunTime:0.000053s ]
INFO: [ template_filter ] --END-- [ RunTime:0.000091s ]
NOTIC: [8] Undefined variable: shop_id /data/web/lysf/public_html/Application/Runtime/Cache/Home/ffa8aade729e4e26e935cd9703650a4b.php 第 45 行.
NOTIC: [8] Undefined index: trade_no /data/web/lysf/public_html/Application/Runtime/Cache/Home/ffa8aade729e4e26e935cd9703650a4b.php 第 59 行.
INFO: Run Behavior\ParseTemplateBehavior [ RunTime:0.008127s ]
INFO: [ view_parse ] --END-- [ RunTime:0.008161s ]
INFO: [ view_filter ] --START--
INFO: Run Behavior\WriteHtmlCacheBehavior [ RunTime:0.000180s ]
INFO: [ view_filter ] --END-- [ RunTime:0.000210s ]
INFO: [ app_end ] --START--
INFO: Run Behavior\ShowPageTraceBehavior [ RunTime:0.000438s ]
INFO: [ app_end ] --END-- [ RunTime:0.000483s ]

[ 2017-01-10T10:03:57+08:00 ] 115.60.21.84 /index.php/Order/index
INFO: [ app_init ] --START--
INFO: Run Behavior\BuildLiteBehavior [ RunTime:0.000012s ]
INFO: [ app_init ] --END-- [ RunTime:0.000308s ]
INFO: [ app_begin ] --START--
INFO: Run Behavior\ReadHtmlCacheBehavior [ RunTime:0.000373s ]
INFO: [ app_begin ] --END-- [ RunTime:0.000415s ]
SQL: SHOW COLUMNS FROM `luu_order` [ RunTime:0.0006s ]
SQL: SELECT COUNT(*) AS tp_count FROM `luu_order` LIMIT 1   [ RunTime:0.0001s ]
SQL: SELECT * FROM `luu_order` ORDER BY id DESC LIMIT 0,10   [ RunTime:0.0001s ]
INFO: [ view_parse ] --START--
INFO: [ template_filter ] --START--
INFO: Run Behavior\ContentReplaceBehavior [ RunTime:0.000052s ]
INFO: [ template_filter ] --END-- [ RunTime:0.000089s ]
NOTIC: [8] Undefined variable: shop_id /data/web/lysf/public_html/Application/Runtime/Cache/Home/ffa8aade729e4e26e935cd9703650a4b.php 第 45 行.
NOTIC: [8] Undefined index: trade_no /data/web/lysf/public_html/Application/Runtime/Cache/Home/ffa8aade729e4e26e935cd9703650a4b.php 第 59 行.
NOTIC: [8] Undefined index: status /data/web/lysf/public_html/Application/Runtime/Cache/Home/ffa8aade729e4e26e935cd9703650a4b.php 第 64 行.
NOTIC: [8] Undefined index: status /data/web/lysf/public_html/Application/Runtime/Cache/Home/ffa8aade729e4e26e935cd9703650a4b.php 第 65 行.
NOTIC: [8] Undefined index: status /data/web/lysf/public_html/Application/Runtime/Cache/Home/ffa8aade729e4e26e935cd9703650a4b.php 第 65 行.
NOTIC: [8] Undefined index: status /data/web/lysf/public_html/Application/Runtime/Cache/Home/ffa8aade729e4e26e935cd9703650a4b.php 第 66 行.
NOTIC: [8] Undefined index: status /data/web/lysf/public_html/Application/Runtime/Cache/Home/ffa8aade729e4e26e935cd9703650a4b.php 第 67 行.
INFO: Run Behavior\ParseTemplateBehavior [ RunTime:0.008175s ]
INFO: [ view_parse ] --END-- [ RunTime:0.008210s ]
INFO: [ view_filter ] --START--
INFO: Run Behavior\WriteHtmlCacheBehavior [ RunTime:0.000182s ]
INFO: [ view_filter ] --END-- [ RunTime:0.000212s ]
INFO: [ app_end ] --START--
INFO: Run Behavior\ShowPageTraceBehavior [ RunTime:0.000423s ]
INFO: [ app_end ] --END-- [ RunTime:0.000463s ]

[ 2017-01-10T10:04:01+08:00 ] 115.60.21.84 /index.php/Order/index/status/1.html
INFO: [ app_init ] --START--
INFO: Run Behavior\BuildLiteBehavior [ RunTime:0.000011s ]
INFO: [ app_init ] --END-- [ RunTime:0.000291s ]
INFO: [ app_begin ] --START--
INFO: Run Behavior\ReadHtmlCacheBehavior [ RunTime:0.000362s ]
INFO: [ app_begin ] --END-- [ RunTime:0.000402s ]
SQL: SHOW COLUMNS FROM `luu_order` [ RunTime:0.0006s ]
NOTIC: [8] Undefined index: p /data/web/lysf/public_html/Application/Home/Controller/OrderController.class.php 第 26 行.
SQL: SELECT COUNT(*) AS tp_count FROM `luu_order` WHERE `status` = 1 LIMIT 1   [ RunTime:0.0001s ]
SQL: SELECT * FROM `luu_order` WHERE `status` = 1 ORDER BY id DESC LIMIT 0,10   [ RunTime:0.0001s ]
INFO: [ view_parse ] --START--
INFO: [ template_filter ] --START--
INFO: Run Behavior\ContentReplaceBehavior [ RunTime:0.000053s ]
INFO: [ template_filter ] --END-- [ RunTime:0.000090s ]
NOTIC: [8] Undefined variable: shop_id /data/web/lysf/public_html/Application/Runtime/Cache/Home/ffa8aade729e4e26e935cd9703650a4b.php 第 45 行.
NOTIC: [8] Undefined index: trade_no /data/web/lysf/public_html/Application/Runtime/Cache/Home/ffa8aade729e4e26e935cd9703650a4b.php 第 59 行.
INFO: Run Behavior\ParseTemplateBehavior [ RunTime:0.011608s ]
INFO: [ view_parse ] --END-- [ RunTime:0.011652s ]
INFO: [ view_filter ] --START--
INFO: Run Behavior\WriteHtmlCacheBehavior [ RunTime:0.000182s ]
INFO: [ view_filter ] --END-- [ RunTime:0.000212s ]
INFO: [ app_end ] --START--
INFO: Run Behavior\ShowPageTraceBehavior [ RunTime:0.000451s ]
INFO: [ app_end ] --END-- [ RunTime:0.000495s ]

[ 2017-01-10T10:04:06+08:00 ] 115.60.21.84 /index.php/Order/index
INFO: [ app_init ] --START--
INFO: Run Behavior\BuildLiteBehavior [ RunTime:0.000011s ]
INFO: [ app_init ] --END-- [ RunTime:0.000288s ]
INFO: [ app_begin ] --START--
INFO: Run Behavior\ReadHtmlCacheBehavior [ RunTime:0.000380s ]
INFO: [ app_begin ] --END-- [ RunTime:0.000421s ]
SQL: SHOW COLUMNS FROM `luu_order` [ RunTime:0.0006s ]
SQL: SELECT COUNT(*) AS tp_count FROM `luu_order` LIMIT 1   [ RunTime:0.0001s ]
SQL: SELECT * FROM `luu_order` ORDER BY id DESC LIMIT 0,10   [ RunTime:0.0002s ]
INFO: [ view_parse ] --START--
INFO: [ template_filter ] --START--
INFO: Run Behavior\ContentReplaceBehavior [ RunTime:0.000051s ]
INFO: [ template_filter ] --END-- [ RunTime:0.000087s ]
NOTIC: [8] Undefined variable: shop_id /data/web/lysf/public_html/Application/Runtime/Cache/Home/ffa8aade729e4e26e935cd9703650a4b.php 第 45 行.
NOTIC: [8] Undefined index: trade_no /data/web/lysf/public_html/Application/Runtime/Cache/Home/ffa8aade729e4e26e935cd9703650a4b.php 第 59 行.
NOTIC: [8] Undefined index: status /data/web/lysf/public_html/Application/Runtime/Cache/Home/ffa8aade729e4e26e935cd9703650a4b.php 第 64 行.
NOTIC: [8] Undefined index: status /data/web/lysf/public_html/Application/Runtime/Cache/Home/ffa8aade729e4e26e935cd9703650a4b.php 第 65 行.
NOTIC: [8] Undefined index: status /data/web/lysf/public_html/Application/Runtime/Cache/Home/ffa8aade729e4e26e935cd9703650a4b.php 第 65 行.
NOTIC: [8] Undefined index: status /data/web/lysf/public_html/Application/Runtime/Cache/Home/ffa8aade729e4e26e935cd9703650a4b.php 第 66 行.
NOTIC: [8] Undefined index: status /data/web/lysf/public_html/Application/Runtime/Cache/Home/ffa8aade729e4e26e935cd9703650a4b.php 第 67 行.
INFO: Run Behavior\ParseTemplateBehavior [ RunTime:0.009698s ]
INFO: [ view_parse ] --END-- [ RunTime:0.009735s ]
INFO: [ view_filter ] --START--
INFO: Run Behavior\WriteHtmlCacheBehavior [ RunTime:0.000181s ]
INFO: [ view_filter ] --END-- [ RunTime:0.000212s ]
INFO: [ app_end ] --START--
INFO: Run Behavior\ShowPageTraceBehavior [ RunTime:0.000373s ]
INFO: [ app_end ] --END-- [ RunTime:0.000412s ]

[ 2017-01-10T14:19:40+08:00 ] 115.60.21.84 /favicon.ico
INFO: [ app_init ] --START--
INFO: Run Behavior\BuildLiteBehavior [ RunTime:0.000012s ]
INFO: [ app_init ] --END-- [ RunTime:0.000297s ]

[ 2017-01-10T14:37:40+08:00 ] 115.60.21.84 /favicon.ico
INFO: [ app_init ] --START--
INFO: Run Behavior\BuildLiteBehavior [ RunTime:0.000011s ]
INFO: [ app_init ] --END-- [ RunTime:0.000309s ]

[ 2017-01-10T15:25:08+08:00 ] 115.60.21.84 /favicon.ico
INFO: [ app_init ] --START--
INFO: Run Behavior\BuildLiteBehavior [ RunTime:0.000012s ]
INFO: [ app_init ] --END-- [ RunTime:0.000297s ]

