[ 2017-01-18T05:41:55+08:00 ] 42.156.251.188 /
INFO: [ app_init ] --START--
INFO: Run Behavior\BuildLiteBehavior [ RunTime:0.000011s ]
INFO: [ app_init ] --END-- [ RunTime:0.000310s ]
INFO: [ app_begin ] --START--
INFO: Run Behavior\ReadHtmlCacheBehavior [ RunTime:0.000379s ]
INFO: [ app_begin ] --END-- [ RunTime:0.000419s ]

[ 2017-01-18T09:10:02+08:00 ] 115.60.19.134 /favicon.ico
INFO: [ app_init ] --START--
INFO: Run Behavior\BuildLiteBehavior [ RunTime:0.000012s ]
INFO: [ app_init ] --END-- [ RunTime:0.000311s ]

[ 2017-01-18T10:03:02+08:00 ] 115.60.20.191 /favicon.ico
INFO: [ app_init ] --START--
INFO: Run Behavior\BuildLiteBehavior [ RunTime:0.000011s ]
INFO: [ app_init ] --END-- [ RunTime:0.000295s ]

[ 2017-01-18T11:51:08+08:00 ] 111.161.105.17 /
INFO: [ app_init ] --START--
INFO: Run Behavior\BuildLiteBehavior [ RunTime:0.000012s ]
INFO: [ app_init ] --END-- [ RunTime:0.000295s ]
INFO: [ app_begin ] --START--
INFO: Run Behavior\ReadHtmlCacheBehavior [ RunTime:0.000362s ]
INFO: [ app_begin ] --END-- [ RunTime:0.000405s ]

[ 2017-01-18T11:51:08+08:00 ] 111.30.137.187 /
INFO: [ app_init ] --START--
INFO: Run Behavior\BuildLiteBehavior [ RunTime:0.000011s ]
INFO: [ app_init ] --END-- [ RunTime:0.000307s ]
INFO: [ app_begin ] --START--
INFO: Run Behavior\ReadHtmlCacheBehavior [ RunTime:0.000384s ]
INFO: [ app_begin ] --END-- [ RunTime:0.000425s ]

[ 2017-01-18T12:20:49+08:00 ] 123.151.138.100 /
INFO: [ app_init ] --START--
INFO: Run Behavior\BuildLiteBehavior [ RunTime:0.000011s ]
INFO: [ app_init ] --END-- [ RunTime:0.000278s ]
INFO: [ app_begin ] --START--
INFO: Run Behavior\ReadHtmlCacheBehavior [ RunTime:0.000407s ]
INFO: [ app_begin ] --END-- [ RunTime:0.000448s ]

[ 2017-01-18T12:20:49+08:00 ] 111.30.132.194 /
INFO: [ app_init ] --START--
INFO: Run Behavior\BuildLiteBehavior [ RunTime:0.000011s ]
INFO: [ app_init ] --END-- [ RunTime:0.000290s ]
INFO: [ app_begin ] --START--
INFO: Run Behavior\ReadHtmlCacheBehavior [ RunTime:0.000392s ]
INFO: [ app_begin ] --END-- [ RunTime:0.000434s ]

[ 2017-01-18T15:08:34+08:00 ] 115.60.20.191 /favicon.ico
INFO: [ app_init ] --START--
INFO: Run Behavior\BuildLiteBehavior [ RunTime:0.000012s ]
INFO: [ app_init ] --END-- [ RunTime:0.000337s ]

[ 2017-01-18T15:11:41+08:00 ] 123.151.42.52 /
INFO: [ app_init ] --START--
INFO: Run Behavior\BuildLiteBehavior [ RunTime:0.000012s ]
INFO: [ app_init ] --END-- [ RunTime:0.000371s ]
INFO: [ app_begin ] --START--
INFO: Run Behavior\ReadHtmlCacheBehavior [ RunTime:0.000496s ]
INFO: [ app_begin ] --END-- [ RunTime:0.000554s ]

[ 2017-01-18T15:11:41+08:00 ] 111.30.131.238 /
INFO: [ app_init ] --START--
INFO: Run Behavior\BuildLiteBehavior [ RunTime:0.000011s ]
INFO: [ app_init ] --END-- [ RunTime:0.000311s ]
INFO: [ app_begin ] --START--
INFO: Run Behavior\ReadHtmlCacheBehavior [ RunTime:0.000389s ]
INFO: [ app_begin ] --END-- [ RunTime:0.000429s ]

[ 2017-01-18T15:15:21+08:00 ] 115.60.20.191 /
INFO: [ app_init ] --START--
INFO: Run Behavior\BuildLiteBehavior [ RunTime:0.000012s ]
INFO: [ app_init ] --END-- [ RunTime:0.000315s ]
INFO: [ app_begin ] --START--
INFO: Run Behavior\ReadHtmlCacheBehavior [ RunTime:0.000409s ]
INFO: [ app_begin ] --END-- [ RunTime:0.000449s ]

[ 2017-01-18T15:15:21+08:00 ] 115.60.20.191 /index.php/Login/index
INFO: [ app_init ] --START--
INFO: Run Behavior\BuildLiteBehavior [ RunTime:0.000011s ]
INFO: [ app_init ] --END-- [ RunTime:0.000286s ]
INFO: [ app_begin ] --START--
INFO: Run Behavior\ReadHtmlCacheBehavior [ RunTime:0.000364s ]
INFO: [ app_begin ] --END-- [ RunTime:0.000408s ]
INFO: [ view_parse ] --START--
INFO: [ template_filter ] --START--
INFO: Run Behavior\ContentReplaceBehavior [ RunTime:0.000032s ]
INFO: [ template_filter ] --END-- [ RunTime:0.000071s ]
INFO: Run Behavior\ParseTemplateBehavior [ RunTime:0.004505s ]
INFO: [ view_parse ] --END-- [ RunTime:0.004542s ]
INFO: [ view_filter ] --START--
INFO: Run Behavior\WriteHtmlCacheBehavior [ RunTime:0.000200s ]
INFO: [ view_filter ] --END-- [ RunTime:0.000231s ]
INFO: [ app_end ] --START--
INFO: Run Behavior\ShowPageTraceBehavior [ RunTime:0.000405s ]
INFO: [ app_end ] --END-- [ RunTime:0.000450s ]

[ 2017-01-18T15:15:22+08:00 ] 115.60.20.191 /favicon.ico
INFO: [ app_init ] --START--
INFO: Run Behavior\BuildLiteBehavior [ RunTime:0.000012s ]
INFO: [ app_init ] --END-- [ RunTime:0.000330s ]

[ 2017-01-18T15:22:24+08:00 ] 115.60.20.191 /favicon.ico
INFO: [ app_init ] --START--
INFO: Run Behavior\BuildLiteBehavior [ RunTime:0.000015s ]
INFO: [ app_init ] --END-- [ RunTime:0.000400s ]

[ 2017-01-18T15:22:27+08:00 ] 115.60.20.191 /
INFO: [ app_init ] --START--
INFO: Run Behavior\BuildLiteBehavior [ RunTime:0.000011s ]
INFO: [ app_init ] --END-- [ RunTime:0.000300s ]
INFO: [ app_begin ] --START--
INFO: Run Behavior\ReadHtmlCacheBehavior [ RunTime:0.000358s ]
INFO: [ app_begin ] --END-- [ RunTime:0.000400s ]

[ 2017-01-18T15:22:27+08:00 ] 115.60.20.191 /index.php/Login/index
INFO: [ app_init ] --START--
INFO: Run Behavior\BuildLiteBehavior [ RunTime:0.000011s ]
INFO: [ app_init ] --END-- [ RunTime:0.000289s ]
INFO: [ app_begin ] --START--
INFO: Run Behavior\ReadHtmlCacheBehavior [ RunTime:0.000370s ]
INFO: [ app_begin ] --END-- [ RunTime:0.000410s ]
INFO: [ view_parse ] --START--
INFO: [ template_filter ] --START--
INFO: Run Behavior\ContentReplaceBehavior [ RunTime:0.000030s ]
INFO: [ template_filter ] --END-- [ RunTime:0.000068s ]
INFO: Run Behavior\ParseTemplateBehavior [ RunTime:0.003881s ]
INFO: [ view_parse ] --END-- [ RunTime:0.003918s ]
INFO: [ view_filter ] --START--
INFO: Run Behavior\WriteHtmlCacheBehavior [ RunTime:0.000176s ]
INFO: [ view_filter ] --END-- [ RunTime:0.000205s ]
INFO: [ app_end ] --START--
INFO: Run Behavior\ShowPageTraceBehavior [ RunTime:0.000401s ]
INFO: [ app_end ] --END-- [ RunTime:0.000435s ]

[ 2017-01-18T15:22:34+08:00 ] 115.60.20.191 /index.php/Login/doLogin.html
INFO: [ app_init ] --START--
INFO: Run Behavior\BuildLiteBehavior [ RunTime:0.000012s ]
INFO: [ app_init ] --END-- [ RunTime:0.000374s ]
INFO: [ app_begin ] --START--
INFO: Run Behavior\ReadHtmlCacheBehavior [ RunTime:0.000384s ]
INFO: [ app_begin ] --END-- [ RunTime:0.000429s ]
SQL: SHOW COLUMNS FROM `luu_admin_user` [ RunTime:0.0007s ]
SQL: SELECT * FROM `luu_admin_user` WHERE `username` = 'admin' LIMIT 1   [ RunTime:0.0001s ]

[ 2017-01-18T15:22:34+08:00 ] 115.60.20.191 /index.php/Index/index.html
INFO: [ app_init ] --START--
INFO: Run Behavior\BuildLiteBehavior [ RunTime:0.000012s ]
INFO: [ app_init ] --END-- [ RunTime:0.000282s ]
INFO: [ app_begin ] --START--
INFO: Run Behavior\ReadHtmlCacheBehavior [ RunTime:0.000355s ]
INFO: [ app_begin ] --END-- [ RunTime:0.000397s ]
INFO: [ view_parse ] --START--
INFO: [ template_filter ] --START--
INFO: Run Behavior\ContentReplaceBehavior [ RunTime:0.000048s ]
INFO: [ template_filter ] --END-- [ RunTime:0.000092s ]
INFO: Run Behavior\ParseTemplateBehavior [ RunTime:0.006803s ]
INFO: [ view_parse ] --END-- [ RunTime:0.006843s ]
INFO: [ view_filter ] --START--
INFO: Run Behavior\WriteHtmlCacheBehavior [ RunTime:0.000178s ]
INFO: [ view_filter ] --END-- [ RunTime:0.000208s ]
INFO: [ app_end ] --START--
INFO: Run Behavior\ShowPageTraceBehavior [ RunTime:0.000400s ]
INFO: [ app_end ] --END-- [ RunTime:0.000441s ]

[ 2017-01-18T15:22:35+08:00 ] 115.60.20.191 /index.php/Index/vie.html
INFO: [ app_init ] --START--
INFO: Run Behavior\BuildLiteBehavior [ RunTime:0.000012s ]
INFO: [ app_init ] --END-- [ RunTime:0.000300s ]
INFO: [ app_begin ] --START--
INFO: Run Behavior\ReadHtmlCacheBehavior [ RunTime:0.000369s ]
INFO: [ app_begin ] --END-- [ RunTime:0.000410s ]
INFO: [ view_parse ] --START--
INFO: [ template_filter ] --START--
INFO: Run Behavior\ContentReplaceBehavior [ RunTime:0.000063s ]
INFO: [ template_filter ] --END-- [ RunTime:0.000117s ]
INFO: Run Behavior\ParseTemplateBehavior [ RunTime:0.003825s ]
INFO: [ view_parse ] --END-- [ RunTime:0.003868s ]
INFO: [ view_filter ] --START--
INFO: Run Behavior\WriteHtmlCacheBehavior [ RunTime:0.000184s ]
INFO: [ view_filter ] --END-- [ RunTime:0.000215s ]
INFO: [ app_end ] --START--
INFO: Run Behavior\ShowPageTraceBehavior [ RunTime:0.000444s ]
INFO: [ app_end ] --END-- [ RunTime:0.000479s ]

[ 2017-01-18T15:22:44+08:00 ] 115.60.20.191 /index.php/Order/index.html
INFO: [ app_init ] --START--
INFO: Run Behavior\BuildLiteBehavior [ RunTime:0.000011s ]
INFO: [ app_init ] --END-- [ RunTime:0.000316s ]
INFO: [ app_begin ] --START--
INFO: Run Behavior\ReadHtmlCacheBehavior [ RunTime:0.000384s ]
INFO: [ app_begin ] --END-- [ RunTime:0.000425s ]
SQL: SHOW COLUMNS FROM `luu_order` [ RunTime:0.0006s ]
SQL: SELECT COUNT(*) AS tp_count FROM `luu_order` LIMIT 1   [ RunTime:0.0001s ]
SQL: SELECT * FROM `luu_order` ORDER BY id DESC LIMIT 0,10   [ RunTime:0.0002s ]
INFO: [ view_parse ] --START--
INFO: [ template_filter ] --START--
INFO: Run Behavior\ContentReplaceBehavior [ RunTime:0.000051s ]
INFO: [ template_filter ] --END-- [ RunTime:0.000087s ]
NOTIC: [8] Undefined variable: shop_id /data/web/lysf/public_html/Application/Runtime/Cache/Home/ffa8aade729e4e26e935cd9703650a4b.php 第 45 行.
NOTIC: [8] Undefined index: trade_no /data/web/lysf/public_html/Application/Runtime/Cache/Home/ffa8aade729e4e26e935cd9703650a4b.php 第 59 行.
NOTIC: [8] Undefined index: status /data/web/lysf/public_html/Application/Runtime/Cache/Home/ffa8aade729e4e26e935cd9703650a4b.php 第 64 行.
NOTIC: [8] Undefined index: status /data/web/lysf/public_html/Application/Runtime/Cache/Home/ffa8aade729e4e26e935cd9703650a4b.php 第 65 行.
NOTIC: [8] Undefined index: status /data/web/lysf/public_html/Application/Runtime/Cache/Home/ffa8aade729e4e26e935cd9703650a4b.php 第 65 行.
NOTIC: [8] Undefined index: status /data/web/lysf/public_html/Application/Runtime/Cache/Home/ffa8aade729e4e26e935cd9703650a4b.php 第 66 行.
NOTIC: [8] Undefined index: status /data/web/lysf/public_html/Application/Runtime/Cache/Home/ffa8aade729e4e26e935cd9703650a4b.php 第 67 行.
INFO: Run Behavior\ParseTemplateBehavior [ RunTime:0.007853s ]
INFO: [ view_parse ] --END-- [ RunTime:0.007920s ]
INFO: [ view_filter ] --START--
INFO: Run Behavior\WriteHtmlCacheBehavior [ RunTime:0.000207s ]
INFO: [ view_filter ] --END-- [ RunTime:0.000239s ]
INFO: [ app_end ] --START--
INFO: Run Behavior\ShowPageTraceBehavior [ RunTime:0.000437s ]
INFO: [ app_end ] --END-- [ RunTime:0.000483s ]

[ 2017-01-18T15:23:05+08:00 ] 115.60.20.191 /index.php/Order/index/p/2.html
INFO: [ app_init ] --START--
INFO: Run Behavior\BuildLiteBehavior [ RunTime:0.000011s ]
INFO: [ app_init ] --END-- [ RunTime:0.000320s ]
INFO: [ app_begin ] --START--
INFO: Run Behavior\ReadHtmlCacheBehavior [ RunTime:0.000358s ]
INFO: [ app_begin ] --END-- [ RunTime:0.000419s ]
SQL: SHOW COLUMNS FROM `luu_order` [ RunTime:0.0007s ]
SQL: SELECT COUNT(*) AS tp_count FROM `luu_order` LIMIT 1   [ RunTime:0.0001s ]
SQL: SELECT * FROM `luu_order` ORDER BY id DESC LIMIT 10,10   [ RunTime:0.0003s ]
INFO: [ view_parse ] --START--
INFO: [ template_filter ] --START--
INFO: Run Behavior\ContentReplaceBehavior [ RunTime:0.000054s ]
INFO: [ template_filter ] --END-- [ RunTime:0.000097s ]
NOTIC: [8] Undefined variable: shop_id /data/web/lysf/public_html/Application/Runtime/Cache/Home/ffa8aade729e4e26e935cd9703650a4b.php 第 45 行.
NOTIC: [8] Undefined index: trade_no /data/web/lysf/public_html/Application/Runtime/Cache/Home/ffa8aade729e4e26e935cd9703650a4b.php 第 59 行.
NOTIC: [8] Undefined index: status /data/web/lysf/public_html/Application/Runtime/Cache/Home/ffa8aade729e4e26e935cd9703650a4b.php 第 64 行.
NOTIC: [8] Undefined index: status /data/web/lysf/public_html/Application/Runtime/Cache/Home/ffa8aade729e4e26e935cd9703650a4b.php 第 65 行.
NOTIC: [8] Undefined index: status /data/web/lysf/public_html/Application/Runtime/Cache/Home/ffa8aade729e4e26e935cd9703650a4b.php 第 65 行.
NOTIC: [8] Undefined index: status /data/web/lysf/public_html/Application/Runtime/Cache/Home/ffa8aade729e4e26e935cd9703650a4b.php 第 66 行.
NOTIC: [8] Undefined index: status /data/web/lysf/public_html/Application/Runtime/Cache/Home/ffa8aade729e4e26e935cd9703650a4b.php 第 67 行.
INFO: Run Behavior\ParseTemplateBehavior [ RunTime:0.008262s ]
INFO: [ view_parse ] --END-- [ RunTime:0.008302s ]
INFO: [ view_filter ] --START--
INFO: Run Behavior\WriteHtmlCacheBehavior [ RunTime:0.000208s ]
INFO: [ view_filter ] --END-- [ RunTime:0.000241s ]
INFO: [ app_end ] --START--
INFO: Run Behavior\ShowPageTraceBehavior [ RunTime:0.000406s ]
INFO: [ app_end ] --END-- [ RunTime:0.000446s ]

[ 2017-01-18T15:23:07+08:00 ] 115.60.20.191 /index.php/Order/index/p/3.html
INFO: [ app_init ] --START--
INFO: Run Behavior\BuildLiteBehavior [ RunTime:0.000012s ]
INFO: [ app_init ] --END-- [ RunTime:0.000355s ]
INFO: [ app_begin ] --START--
INFO: Run Behavior\ReadHtmlCacheBehavior [ RunTime:0.000372s ]
INFO: [ app_begin ] --END-- [ RunTime:0.000414s ]
SQL: SHOW COLUMNS FROM `luu_order` [ RunTime:0.0008s ]
SQL: SELECT COUNT(*) AS tp_count FROM `luu_order` LIMIT 1   [ RunTime:0.0001s ]
SQL: SELECT * FROM `luu_order` ORDER BY id DESC LIMIT 20,10   [ RunTime:0.0004s ]
INFO: [ view_parse ] --START--
INFO: [ template_filter ] --START--
INFO: Run Behavior\ContentReplaceBehavior [ RunTime:0.000054s ]
INFO: [ template_filter ] --END-- [ RunTime:0.000092s ]
NOTIC: [8] Undefined variable: shop_id /data/web/lysf/public_html/Application/Runtime/Cache/Home/ffa8aade729e4e26e935cd9703650a4b.php 第 45 行.
NOTIC: [8] Undefined index: trade_no /data/web/lysf/public_html/Application/Runtime/Cache/Home/ffa8aade729e4e26e935cd9703650a4b.php 第 59 行.
NOTIC: [8] Undefined index: status /data/web/lysf/public_html/Application/Runtime/Cache/Home/ffa8aade729e4e26e935cd9703650a4b.php 第 64 行.
NOTIC: [8] Undefined index: status /data/web/lysf/public_html/Application/Runtime/Cache/Home/ffa8aade729e4e26e935cd9703650a4b.php 第 65 行.
NOTIC: [8] Undefined index: status /data/web/lysf/public_html/Application/Runtime/Cache/Home/ffa8aade729e4e26e935cd9703650a4b.php 第 65 行.
NOTIC: [8] Undefined index: status /data/web/lysf/public_html/Application/Runtime/Cache/Home/ffa8aade729e4e26e935cd9703650a4b.php 第 66 行.
NOTIC: [8] Undefined index: status /data/web/lysf/public_html/Application/Runtime/Cache/Home/ffa8aade729e4e26e935cd9703650a4b.php 第 67 行.
INFO: Run Behavior\ParseTemplateBehavior [ RunTime:0.008224s ]
INFO: [ view_parse ] --END-- [ RunTime:0.008263s ]
INFO: [ view_filter ] --START--
INFO: Run Behavior\WriteHtmlCacheBehavior [ RunTime:0.000192s ]
INFO: [ view_filter ] --END-- [ RunTime:0.000224s ]
INFO: [ app_end ] --START--
INFO: Run Behavior\ShowPageTraceBehavior [ RunTime:0.000448s ]
INFO: [ app_end ] --END-- [ RunTime:0.000500s ]

[ 2017-01-18T15:23:12+08:00 ] 115.60.20.191 /index.php/Order/index/p/4.html
INFO: [ app_init ] --START--
INFO: Run Behavior\BuildLiteBehavior [ RunTime:0.000012s ]
INFO: [ app_init ] --END-- [ RunTime:0.000331s ]
INFO: [ app_begin ] --START--
INFO: Run Behavior\ReadHtmlCacheBehavior [ RunTime:0.000391s ]
INFO: [ app_begin ] --END-- [ RunTime:0.000432s ]
SQL: SHOW COLUMNS FROM `luu_order` [ RunTime:0.0007s ]
SQL: SELECT COUNT(*) AS tp_count FROM `luu_order` LIMIT 1   [ RunTime:0.0001s ]
SQL: SELECT * FROM `luu_order` ORDER BY id DESC LIMIT 30,10   [ RunTime:0.0003s ]
INFO: [ view_parse ] --START--
INFO: [ template_filter ] --START--
INFO: Run Behavior\ContentReplaceBehavior [ RunTime:0.000059s ]
INFO: [ template_filter ] --END-- [ RunTime:0.000097s ]
NOTIC: [8] Undefined variable: shop_id /data/web/lysf/public_html/Application/Runtime/Cache/Home/ffa8aade729e4e26e935cd9703650a4b.php 第 45 行.
NOTIC: [8] Undefined index: trade_no /data/web/lysf/public_html/Application/Runtime/Cache/Home/ffa8aade729e4e26e935cd9703650a4b.php 第 59 行.
NOTIC: [8] Undefined index: status /data/web/lysf/public_html/Application/Runtime/Cache/Home/ffa8aade729e4e26e935cd9703650a4b.php 第 64 行.
NOTIC: [8] Undefined index: status /data/web/lysf/public_html/Application/Runtime/Cache/Home/ffa8aade729e4e26e935cd9703650a4b.php 第 65 行.
NOTIC: [8] Undefined index: status /data/web/lysf/public_html/Application/Runtime/Cache/Home/ffa8aade729e4e26e935cd9703650a4b.php 第 65 行.
NOTIC: [8] Undefined index: status /data/web/lysf/public_html/Application/Runtime/Cache/Home/ffa8aade729e4e26e935cd9703650a4b.php 第 66 行.
NOTIC: [8] Undefined index: status /data/web/lysf/public_html/Application/Runtime/Cache/Home/ffa8aade729e4e26e935cd9703650a4b.php 第 67 行.
INFO: Run Behavior\ParseTemplateBehavior [ RunTime:0.008276s ]
INFO: [ view_parse ] --END-- [ RunTime:0.008314s ]
INFO: [ view_filter ] --START--
INFO: Run Behavior\WriteHtmlCacheBehavior [ RunTime:0.000180s ]
INFO: [ view_filter ] --END-- [ RunTime:0.000212s ]
INFO: [ app_end ] --START--
INFO: Run Behavior\ShowPageTraceBehavior [ RunTime:0.000411s ]
INFO: [ app_end ] --END-- [ RunTime:0.000455s ]

[ 2017-01-18T15:23:14+08:00 ] 115.60.20.191 /index.php/Order/index/p/5.html
INFO: [ app_init ] --START--
INFO: Run Behavior\BuildLiteBehavior [ RunTime:0.000011s ]
INFO: [ app_init ] --END-- [ RunTime:0.000301s ]
INFO: [ app_begin ] --START--
INFO: Run Behavior\ReadHtmlCacheBehavior [ RunTime:0.000365s ]
INFO: [ app_begin ] --END-- [ RunTime:0.000406s ]
SQL: SHOW COLUMNS FROM `luu_order` [ RunTime:0.0007s ]
SQL: SELECT COUNT(*) AS tp_count FROM `luu_order` LIMIT 1   [ RunTime:0.0001s ]
SQL: SELECT * FROM `luu_order` ORDER BY id DESC LIMIT 40,10   [ RunTime:0.0004s ]
INFO: [ view_parse ] --START--
INFO: [ template_filter ] --START--
INFO: Run Behavior\ContentReplaceBehavior [ RunTime:0.000050s ]
INFO: [ template_filter ] --END-- [ RunTime:0.000086s ]
NOTIC: [8] Undefined variable: shop_id /data/web/lysf/public_html/Application/Runtime/Cache/Home/ffa8aade729e4e26e935cd9703650a4b.php 第 45 行.
NOTIC: [8] Undefined index: trade_no /data/web/lysf/public_html/Application/Runtime/Cache/Home/ffa8aade729e4e26e935cd9703650a4b.php 第 59 行.
NOTIC: [8] Undefined index: status /data/web/lysf/public_html/Application/Runtime/Cache/Home/ffa8aade729e4e26e935cd9703650a4b.php 第 64 行.
NOTIC: [8] Undefined index: status /data/web/lysf/public_html/Application/Runtime/Cache/Home/ffa8aade729e4e26e935cd9703650a4b.php 第 65 行.
NOTIC: [8] Undefined index: status /data/web/lysf/public_html/Application/Runtime/Cache/Home/ffa8aade729e4e26e935cd9703650a4b.php 第 65 行.
NOTIC: [8] Undefined index: status /data/web/lysf/public_html/Application/Runtime/Cache/Home/ffa8aade729e4e26e935cd9703650a4b.php 第 66 行.
NOTIC: [8] Undefined index: status /data/web/lysf/public_html/Application/Runtime/Cache/Home/ffa8aade729e4e26e935cd9703650a4b.php 第 67 行.
INFO: Run Behavior\ParseTemplateBehavior [ RunTime:0.007902s ]
INFO: [ view_parse ] --END-- [ RunTime:0.007938s ]
INFO: [ view_filter ] --START--
INFO: Run Behavior\WriteHtmlCacheBehavior [ RunTime:0.000178s ]
INFO: [ view_filter ] --END-- [ RunTime:0.000209s ]
INFO: [ app_end ] --START--
INFO: Run Behavior\ShowPageTraceBehavior [ RunTime:0.000416s ]
INFO: [ app_end ] --END-- [ RunTime:0.000483s ]

[ 2017-01-18T15:23:18+08:00 ] 115.60.20.191 /index.php/Order/index/p/6.html
INFO: [ app_init ] --START--
INFO: Run Behavior\BuildLiteBehavior [ RunTime:0.000011s ]
INFO: [ app_init ] --END-- [ RunTime:0.000293s ]
INFO: [ app_begin ] --START--
INFO: Run Behavior\ReadHtmlCacheBehavior [ RunTime:0.000402s ]
INFO: [ app_begin ] --END-- [ RunTime:0.000443s ]
SQL: SHOW COLUMNS FROM `luu_order` [ RunTime:0.0006s ]
SQL: SELECT COUNT(*) AS tp_count FROM `luu_order` LIMIT 1   [ RunTime:0.0001s ]
SQL: SELECT * FROM `luu_order` ORDER BY id DESC LIMIT 50,10   [ RunTime:0.0003s ]
INFO: [ view_parse ] --START--
INFO: [ template_filter ] --START--
INFO: Run Behavior\ContentReplaceBehavior [ RunTime:0.000052s ]
INFO: [ template_filter ] --END-- [ RunTime:0.000088s ]
NOTIC: [8] Undefined variable: shop_id /data/web/lysf/public_html/Application/Runtime/Cache/Home/ffa8aade729e4e26e935cd9703650a4b.php 第 45 行.
NOTIC: [8] Undefined index: trade_no /data/web/lysf/public_html/Application/Runtime/Cache/Home/ffa8aade729e4e26e935cd9703650a4b.php 第 59 行.
NOTIC: [8] Undefined index: status /data/web/lysf/public_html/Application/Runtime/Cache/Home/ffa8aade729e4e26e935cd9703650a4b.php 第 64 行.
NOTIC: [8] Undefined index: status /data/web/lysf/public_html/Application/Runtime/Cache/Home/ffa8aade729e4e26e935cd9703650a4b.php 第 65 行.
NOTIC: [8] Undefined index: status /data/web/lysf/public_html/Application/Runtime/Cache/Home/ffa8aade729e4e26e935cd9703650a4b.php 第 65 行.
NOTIC: [8] Undefined index: status /data/web/lysf/public_html/Application/Runtime/Cache/Home/ffa8aade729e4e26e935cd9703650a4b.php 第 66 行.
NOTIC: [8] Undefined index: status /data/web/lysf/public_html/Application/Runtime/Cache/Home/ffa8aade729e4e26e935cd9703650a4b.php 第 67 行.
INFO: Run Behavior\ParseTemplateBehavior [ RunTime:0.007754s ]
INFO: [ view_parse ] --END-- [ RunTime:0.007794s ]
INFO: [ view_filter ] --START--
INFO: Run Behavior\WriteHtmlCacheBehavior [ RunTime:0.000198s ]
INFO: [ view_filter ] --END-- [ RunTime:0.000237s ]
INFO: [ app_end ] --START--
INFO: Run Behavior\ShowPageTraceBehavior [ RunTime:0.000398s ]
INFO: [ app_end ] --END-- [ RunTime:0.000437s ]

