[ 2017-04-11T13:08:07+08:00 ] 127.0.0.1 /
INFO: [ app_init ] --START--
INFO: Run Behavior\BuildLiteBehavior [ RunTime:0.000000s ]
INFO: [ app_init ] --END-- [ RunTime:0.009000s ]
INFO: [ app_begin ] --START--
INFO: Run Behavior\ReadHtmlCacheBehavior [ RunTime:0.001000s ]
INFO: [ app_begin ] --END-- [ RunTime:0.001000s ]

[ 2017-04-11T13:08:07+08:00 ] 127.0.0.1 /index.php/Login/index
INFO: [ app_init ] --START--
INFO: Run Behavior\BuildLiteBehavior [ RunTime:0.000000s ]
INFO: [ app_init ] --END-- [ RunTime:0.000000s ]
INFO: [ app_begin ] --START--
INFO: Run Behavior\ReadHtmlCacheBehavior [ RunTime:0.001000s ]
INFO: [ app_begin ] --END-- [ RunTime:0.001000s ]
INFO: [ view_parse ] --START--
INFO: [ template_filter ] --START--
INFO: Run Behavior\ContentReplaceBehavior [ RunTime:0.000000s ]
INFO: [ template_filter ] --END-- [ RunTime:0.000000s ]
INFO: Run Behavior\ParseTemplateBehavior [ RunTime:0.051003s ]
INFO: [ view_parse ] --END-- [ RunTime:0.051003s ]
INFO: [ view_filter ] --START--
INFO: Run Behavior\WriteHtmlCacheBehavior [ RunTime:0.001000s ]
INFO: [ view_filter ] --END-- [ RunTime:0.001000s ]
INFO: [ app_end ] --START--
INFO: Run Behavior\ShowPageTraceBehavior [ RunTime:0.002000s ]
INFO: [ app_end ] --END-- [ RunTime:0.002000s ]

[ 2017-04-11T13:08:13+08:00 ] 127.0.0.1 /index.php/Login/doLogin.html
INFO: [ app_init ] --START--
INFO: Run Behavior\BuildLiteBehavior [ RunTime:0.000000s ]
INFO: [ app_init ] --END-- [ RunTime:0.000000s ]
INFO: [ app_begin ] --START--
INFO: Run Behavior\ReadHtmlCacheBehavior [ RunTime:0.001000s ]
INFO: [ app_begin ] --END-- [ RunTime:0.001000s ]
SQL: SHOW COLUMNS FROM `luu_admin_user` [ RunTime:0.0980s ]
SQL: SELECT * FROM `luu_admin_user` WHERE `username` = 'admin' LIMIT 1   [ RunTime:0.0440s ]

[ 2017-04-11T13:08:13+08:00 ] 127.0.0.1 /index.php/Index/index.html
INFO: [ app_init ] --START--
INFO: Run Behavior\BuildLiteBehavior [ RunTime:0.000000s ]
INFO: [ app_init ] --END-- [ RunTime:0.001000s ]
INFO: [ app_begin ] --START--
INFO: Run Behavior\ReadHtmlCacheBehavior [ RunTime:0.001000s ]
INFO: [ app_begin ] --END-- [ RunTime:0.001000s ]
INFO: [ view_parse ] --START--
INFO: [ template_filter ] --START--
INFO: Run Behavior\ContentReplaceBehavior [ RunTime:0.000000s ]
INFO: [ template_filter ] --END-- [ RunTime:0.000000s ]
INFO: Run Behavior\ParseTemplateBehavior [ RunTime:0.028002s ]
INFO: [ view_parse ] --END-- [ RunTime:0.028002s ]
INFO: [ view_filter ] --START--
INFO: Run Behavior\WriteHtmlCacheBehavior [ RunTime:0.000000s ]
INFO: [ view_filter ] --END-- [ RunTime:0.001000s ]
INFO: [ app_end ] --START--
INFO: Run Behavior\ShowPageTraceBehavior [ RunTime:0.000000s ]
INFO: [ app_end ] --END-- [ RunTime:0.000000s ]

[ 2017-04-11T13:08:13+08:00 ] 127.0.0.1 /index.php/Index/vie.html
INFO: [ app_init ] --START--
INFO: Run Behavior\BuildLiteBehavior [ RunTime:0.000000s ]
INFO: [ app_init ] --END-- [ RunTime:0.000000s ]
INFO: [ app_begin ] --START--
INFO: Run Behavior\ReadHtmlCacheBehavior [ RunTime:0.001000s ]
INFO: [ app_begin ] --END-- [ RunTime:0.001000s ]
INFO: [ view_parse ] --START--
INFO: [ template_filter ] --START--
INFO: Run Behavior\ContentReplaceBehavior [ RunTime:0.000000s ]
INFO: [ template_filter ] --END-- [ RunTime:0.000000s ]
INFO: Run Behavior\ParseTemplateBehavior [ RunTime:0.005000s ]
INFO: [ view_parse ] --END-- [ RunTime:0.005000s ]
INFO: [ view_filter ] --START--
INFO: Run Behavior\WriteHtmlCacheBehavior [ RunTime:0.000000s ]
INFO: [ view_filter ] --END-- [ RunTime:0.000000s ]
INFO: [ app_end ] --START--
INFO: Run Behavior\ShowPageTraceBehavior [ RunTime:0.000000s ]
INFO: [ app_end ] --END-- [ RunTime:0.001000s ]

[ 2017-04-11T13:08:17+08:00 ] 127.0.0.1 /index.php/Takeout/index.html
INFO: [ app_init ] --START--
INFO: Run Behavior\BuildLiteBehavior [ RunTime:0.000000s ]
INFO: [ app_init ] --END-- [ RunTime:0.001000s ]
INFO: [ app_begin ] --START--
INFO: Run Behavior\ReadHtmlCacheBehavior [ RunTime:0.000000s ]
INFO: [ app_begin ] --END-- [ RunTime:0.000000s ]
SQL: SHOW COLUMNS FROM `luu_goods` [ RunTime:0.2260s ]
SQL: SELECT COUNT(*) AS tp_count FROM `luu_goods` WHERE `is_takeout` = 1 LIMIT 1   [ RunTime:0.0130s ]
SQL: SELECT `id`,`name`,`pic`,`price`,`desc`,`status`,`category_id` FROM `luu_goods` WHERE `is_takeout` = 1 ORDER BY id ASC LIMIT 0,10   [ RunTime:0.0100s ]
SQL: SHOW COLUMNS FROM `luu_goods_category` [ RunTime:0.0210s ]
SQL: SELECT `name` FROM `luu_goods_category` WHERE ( id=5 ) LIMIT 1   [ RunTime:0.0280s ]
SQL: SHOW COLUMNS FROM `luu_takeout_ext` [ RunTime:0.0520s ]
SQL: SELECT `week` FROM `luu_takeout_ext` WHERE ( good_id=58 ) LIMIT 1   [ RunTime:0.0010s ]
SQL: SELECT `name` FROM `luu_goods_category` WHERE ( id=5 ) LIMIT 1   [ RunTime:0.0000s ]
SQL: SELECT `week` FROM `luu_takeout_ext` WHERE ( good_id=59 ) LIMIT 1   [ RunTime:0.0020s ]
SQL: SELECT `name` FROM `luu_goods_category` WHERE ( id=5 ) LIMIT 1   [ RunTime:0.0010s ]
SQL: SELECT `week` FROM `luu_takeout_ext` WHERE ( good_id=60 ) LIMIT 1   [ RunTime:0.0000s ]
SQL: SELECT `name` FROM `luu_goods_category` WHERE ( id=5 ) LIMIT 1   [ RunTime:0.0010s ]
SQL: SELECT `week` FROM `luu_takeout_ext` WHERE ( good_id=61 ) LIMIT 1   [ RunTime:0.0000s ]
SQL: SELECT `name` FROM `luu_goods_category` WHERE ( id=6 ) LIMIT 1   [ RunTime:0.0010s ]
SQL: SELECT `week` FROM `luu_takeout_ext` WHERE ( good_id=63 ) LIMIT 1   [ RunTime:0.0000s ]
SQL: SELECT `name` FROM `luu_goods_category` WHERE ( id=5 ) LIMIT 1   [ RunTime:0.0000s ]
SQL: SELECT `week` FROM `luu_takeout_ext` WHERE ( good_id=64 ) LIMIT 1   [ RunTime:0.0000s ]
SQL: SELECT `name` FROM `luu_goods_category` WHERE ( id=6 ) LIMIT 1   [ RunTime:0.0000s ]
SQL: SELECT `week` FROM `luu_takeout_ext` WHERE ( good_id=65 ) LIMIT 1   [ RunTime:0.0010s ]
SQL: SELECT `name` FROM `luu_goods_category` WHERE ( id=6 ) LIMIT 1   [ RunTime:0.0000s ]
SQL: SELECT `week` FROM `luu_takeout_ext` WHERE ( good_id=66 ) LIMIT 1   [ RunTime:0.0010s ]
SQL: SELECT `name` FROM `luu_goods_category` WHERE ( id=6 ) LIMIT 1   [ RunTime:0.0000s ]
SQL: SELECT `week` FROM `luu_takeout_ext` WHERE ( good_id=68 ) LIMIT 1   [ RunTime:0.0000s ]
SQL: SELECT `name` FROM `luu_goods_category` WHERE ( id=6 ) LIMIT 1   [ RunTime:0.0010s ]
SQL: SELECT `week` FROM `luu_takeout_ext` WHERE ( good_id=69 ) LIMIT 1   [ RunTime:0.0000s ]
INFO: [ view_parse ] --START--
INFO: [ template_filter ] --START--
INFO: Run Behavior\ContentReplaceBehavior [ RunTime:0.000000s ]
INFO: [ template_filter ] --END-- [ RunTime:0.000000s ]
NOTIC: [8] Undefined variable: shop_id D:\phpStudy\WWW\lyfuuudemo\Application\Runtime\Cache\Home\26329d35c4572f632e5b39aaa930808b.php 第 45 行.
NOTIC: [8] Undefined index: name D:\phpStudy\WWW\lyfuuudemo\Application\Runtime\Cache\Home\26329d35c4572f632e5b39aaa930808b.php 第 59 行.
NOTIC: [8] Undefined index: status D:\phpStudy\WWW\lyfuuudemo\Application\Runtime\Cache\Home\26329d35c4572f632e5b39aaa930808b.php 第 64 行.
NOTIC: [8] Undefined index: status D:\phpStudy\WWW\lyfuuudemo\Application\Runtime\Cache\Home\26329d35c4572f632e5b39aaa930808b.php 第 65 行.
NOTIC: [8] Undefined index: status D:\phpStudy\WWW\lyfuuudemo\Application\Runtime\Cache\Home\26329d35c4572f632e5b39aaa930808b.php 第 65 行.
NOTIC: [8] Undefined index:  D:\phpStudy\WWW\lyfuuudemo\Application\Runtime\Cache\Home\26329d35c4572f632e5b39aaa930808b.php 第 89 行.
NOTIC: [8] Undefined index:  D:\phpStudy\WWW\lyfuuudemo\Application\Runtime\Cache\Home\26329d35c4572f632e5b39aaa930808b.php 第 89 行.
NOTIC: [8] Undefined index:  D:\phpStudy\WWW\lyfuuudemo\Application\Runtime\Cache\Home\26329d35c4572f632e5b39aaa930808b.php 第 89 行.
NOTIC: [8] Undefined index:  D:\phpStudy\WWW\lyfuuudemo\Application\Runtime\Cache\Home\26329d35c4572f632e5b39aaa930808b.php 第 89 行.
NOTIC: [8] Undefined index:  D:\phpStudy\WWW\lyfuuudemo\Application\Runtime\Cache\Home\26329d35c4572f632e5b39aaa930808b.php 第 89 行.
INFO: Run Behavior\ParseTemplateBehavior [ RunTime:0.016001s ]
INFO: [ view_parse ] --END-- [ RunTime:0.016001s ]
INFO: [ view_filter ] --START--
INFO: Run Behavior\WriteHtmlCacheBehavior [ RunTime:0.000000s ]
INFO: [ view_filter ] --END-- [ RunTime:0.000000s ]
INFO: [ app_end ] --START--
INFO: Run Behavior\ShowPageTraceBehavior [ RunTime:0.001000s ]
INFO: [ app_end ] --END-- [ RunTime:0.001000s ]

[ 2017-04-11T13:08:21+08:00 ] 127.0.0.1 /index.php/Takeout/index/p/2.html
INFO: [ app_init ] --START--
INFO: Run Behavior\BuildLiteBehavior [ RunTime:0.000000s ]
INFO: [ app_init ] --END-- [ RunTime:0.000000s ]
INFO: [ app_begin ] --START--
INFO: Run Behavior\ReadHtmlCacheBehavior [ RunTime:0.001000s ]
INFO: [ app_begin ] --END-- [ RunTime:0.001000s ]
SQL: SHOW COLUMNS FROM `luu_goods` [ RunTime:0.0060s ]
SQL: SELECT COUNT(*) AS tp_count FROM `luu_goods` WHERE `is_takeout` = 1 LIMIT 1   [ RunTime:0.0010s ]
SQL: SELECT `id`,`name`,`pic`,`price`,`desc`,`status`,`category_id` FROM `luu_goods` WHERE `is_takeout` = 1 ORDER BY id ASC LIMIT 10,10   [ RunTime:0.0000s ]
SQL: SHOW COLUMNS FROM `luu_goods_category` [ RunTime:0.0070s ]
SQL: SELECT `name` FROM `luu_goods_category` WHERE ( id=6 ) LIMIT 1   [ RunTime:0.0000s ]
SQL: SHOW COLUMNS FROM `luu_takeout_ext` [ RunTime:0.0050s ]
SQL: SELECT `week` FROM `luu_takeout_ext` WHERE ( good_id=99 ) LIMIT 1   [ RunTime:0.0000s ]
SQL: SELECT `name` FROM `luu_goods_category` WHERE ( id=6 ) LIMIT 1   [ RunTime:0.0010s ]
SQL: SELECT `week` FROM `luu_takeout_ext` WHERE ( good_id=100 ) LIMIT 1   [ RunTime:0.0000s ]
SQL: SELECT `name` FROM `luu_goods_category` WHERE ( id=6 ) LIMIT 1   [ RunTime:0.0010s ]
SQL: SELECT `week` FROM `luu_takeout_ext` WHERE ( good_id=101 ) LIMIT 1   [ RunTime:0.0000s ]
SQL: SELECT `name` FROM `luu_goods_category` WHERE ( id=6 ) LIMIT 1   [ RunTime:0.0000s ]
SQL: SELECT `week` FROM `luu_takeout_ext` WHERE ( good_id=102 ) LIMIT 1   [ RunTime:0.0000s ]
INFO: [ view_parse ] --START--
INFO: [ template_filter ] --START--
INFO: Run Behavior\ContentReplaceBehavior [ RunTime:0.000000s ]
INFO: [ template_filter ] --END-- [ RunTime:0.000000s ]
NOTIC: [8] Undefined variable: shop_id D:\phpStudy\WWW\lyfuuudemo\Application\Runtime\Cache\Home\26329d35c4572f632e5b39aaa930808b.php 第 45 行.
NOTIC: [8] Undefined index: name D:\phpStudy\WWW\lyfuuudemo\Application\Runtime\Cache\Home\26329d35c4572f632e5b39aaa930808b.php 第 59 行.
NOTIC: [8] Undefined index: status D:\phpStudy\WWW\lyfuuudemo\Application\Runtime\Cache\Home\26329d35c4572f632e5b39aaa930808b.php 第 64 行.
NOTIC: [8] Undefined index: status D:\phpStudy\WWW\lyfuuudemo\Application\Runtime\Cache\Home\26329d35c4572f632e5b39aaa930808b.php 第 65 行.
NOTIC: [8] Undefined index: status D:\phpStudy\WWW\lyfuuudemo\Application\Runtime\Cache\Home\26329d35c4572f632e5b39aaa930808b.php 第 65 行.
NOTIC: [8] Undefined index:  D:\phpStudy\WWW\lyfuuudemo\Application\Runtime\Cache\Home\26329d35c4572f632e5b39aaa930808b.php 第 89 行.
NOTIC: [8] Undefined index:  D:\phpStudy\WWW\lyfuuudemo\Application\Runtime\Cache\Home\26329d35c4572f632e5b39aaa930808b.php 第 89 行.
NOTIC: [8] Undefined index:  D:\phpStudy\WWW\lyfuuudemo\Application\Runtime\Cache\Home\26329d35c4572f632e5b39aaa930808b.php 第 89 行.
NOTIC: [8] Undefined index:  D:\phpStudy\WWW\lyfuuudemo\Application\Runtime\Cache\Home\26329d35c4572f632e5b39aaa930808b.php 第 89 行.
INFO: Run Behavior\ParseTemplateBehavior [ RunTime:0.008000s ]
INFO: [ view_parse ] --END-- [ RunTime:0.008000s ]
INFO: [ view_filter ] --START--
INFO: Run Behavior\WriteHtmlCacheBehavior [ RunTime:0.001000s ]
INFO: [ view_filter ] --END-- [ RunTime:0.001000s ]
INFO: [ app_end ] --START--
INFO: Run Behavior\ShowPageTraceBehavior [ RunTime:0.000000s ]
INFO: [ app_end ] --END-- [ RunTime:0.000000s ]

[ 2017-04-11T13:08:24+08:00 ] 127.0.0.1 /index.php/Takeout/index/p/1.html
INFO: [ app_init ] --START--
INFO: Run Behavior\BuildLiteBehavior [ RunTime:0.000000s ]
INFO: [ app_init ] --END-- [ RunTime:0.000000s ]
INFO: [ app_begin ] --START--
INFO: Run Behavior\ReadHtmlCacheBehavior [ RunTime:0.000000s ]
INFO: [ app_begin ] --END-- [ RunTime:0.000000s ]
SQL: SHOW COLUMNS FROM `luu_goods` [ RunTime:0.0150s ]
SQL: SELECT COUNT(*) AS tp_count FROM `luu_goods` WHERE `is_takeout` = 1 LIMIT 1   [ RunTime:0.0010s ]
SQL: SELECT `id`,`name`,`pic`,`price`,`desc`,`status`,`category_id` FROM `luu_goods` WHERE `is_takeout` = 1 ORDER BY id ASC LIMIT 0,10   [ RunTime:0.0020s ]
SQL: SHOW COLUMNS FROM `luu_goods_category` [ RunTime:0.0110s ]
SQL: SELECT `name` FROM `luu_goods_category` WHERE ( id=5 ) LIMIT 1   [ RunTime:0.0010s ]
SQL: SHOW COLUMNS FROM `luu_takeout_ext` [ RunTime:0.0080s ]
SQL: SELECT `week` FROM `luu_takeout_ext` WHERE ( good_id=58 ) LIMIT 1   [ RunTime:0.0010s ]
SQL: SELECT `name` FROM `luu_goods_category` WHERE ( id=5 ) LIMIT 1   [ RunTime:0.0000s ]
SQL: SELECT `week` FROM `luu_takeout_ext` WHERE ( good_id=59 ) LIMIT 1   [ RunTime:0.0010s ]
SQL: SELECT `name` FROM `luu_goods_category` WHERE ( id=5 ) LIMIT 1   [ RunTime:0.0000s ]
SQL: SELECT `week` FROM `luu_takeout_ext` WHERE ( good_id=60 ) LIMIT 1   [ RunTime:0.0010s ]
SQL: SELECT `name` FROM `luu_goods_category` WHERE ( id=5 ) LIMIT 1   [ RunTime:0.0000s ]
SQL: SELECT `week` FROM `luu_takeout_ext` WHERE ( good_id=61 ) LIMIT 1   [ RunTime:0.0010s ]
SQL: SELECT `name` FROM `luu_goods_category` WHERE ( id=6 ) LIMIT 1   [ RunTime:0.0000s ]
SQL: SELECT `week` FROM `luu_takeout_ext` WHERE ( good_id=63 ) LIMIT 1   [ RunTime:0.0010s ]
SQL: SELECT `name` FROM `luu_goods_category` WHERE ( id=5 ) LIMIT 1   [ RunTime:0.0000s ]
SQL: SELECT `week` FROM `luu_takeout_ext` WHERE ( good_id=64 ) LIMIT 1   [ RunTime:0.0010s ]
SQL: SELECT `name` FROM `luu_goods_category` WHERE ( id=6 ) LIMIT 1   [ RunTime:0.0000s ]
SQL: SELECT `week` FROM `luu_takeout_ext` WHERE ( good_id=65 ) LIMIT 1   [ RunTime:0.0000s ]
SQL: SELECT `name` FROM `luu_goods_category` WHERE ( id=6 ) LIMIT 1   [ RunTime:0.0010s ]
SQL: SELECT `week` FROM `luu_takeout_ext` WHERE ( good_id=66 ) LIMIT 1   [ RunTime:0.0000s ]
SQL: SELECT `name` FROM `luu_goods_category` WHERE ( id=6 ) LIMIT 1   [ RunTime:0.0010s ]
SQL: SELECT `week` FROM `luu_takeout_ext` WHERE ( good_id=68 ) LIMIT 1   [ RunTime:0.0000s ]
SQL: SELECT `name` FROM `luu_goods_category` WHERE ( id=6 ) LIMIT 1   [ RunTime:0.0010s ]
SQL: SELECT `week` FROM `luu_takeout_ext` WHERE ( good_id=69 ) LIMIT 1   [ RunTime:0.0000s ]
INFO: [ view_parse ] --START--
INFO: [ template_filter ] --START--
INFO: Run Behavior\ContentReplaceBehavior [ RunTime:0.001001s ]
INFO: [ template_filter ] --END-- [ RunTime:0.001001s ]
NOTIC: [8] Undefined variable: shop_id D:\phpStudy\WWW\lyfuuudemo\Application\Runtime\Cache\Home\26329d35c4572f632e5b39aaa930808b.php 第 45 行.
NOTIC: [8] Undefined index: name D:\phpStudy\WWW\lyfuuudemo\Application\Runtime\Cache\Home\26329d35c4572f632e5b39aaa930808b.php 第 59 行.
NOTIC: [8] Undefined index: status D:\phpStudy\WWW\lyfuuudemo\Application\Runtime\Cache\Home\26329d35c4572f632e5b39aaa930808b.php 第 64 行.
NOTIC: [8] Undefined index: status D:\phpStudy\WWW\lyfuuudemo\Application\Runtime\Cache\Home\26329d35c4572f632e5b39aaa930808b.php 第 65 行.
NOTIC: [8] Undefined index: status D:\phpStudy\WWW\lyfuuudemo\Application\Runtime\Cache\Home\26329d35c4572f632e5b39aaa930808b.php 第 65 行.
NOTIC: [8] Undefined index:  D:\phpStudy\WWW\lyfuuudemo\Application\Runtime\Cache\Home\26329d35c4572f632e5b39aaa930808b.php 第 89 行.
NOTIC: [8] Undefined index:  D:\phpStudy\WWW\lyfuuudemo\Application\Runtime\Cache\Home\26329d35c4572f632e5b39aaa930808b.php 第 89 行.
NOTIC: [8] Undefined index:  D:\phpStudy\WWW\lyfuuudemo\Application\Runtime\Cache\Home\26329d35c4572f632e5b39aaa930808b.php 第 89 行.
NOTIC: [8] Undefined index:  D:\phpStudy\WWW\lyfuuudemo\Application\Runtime\Cache\Home\26329d35c4572f632e5b39aaa930808b.php 第 89 行.
NOTIC: [8] Undefined index:  D:\phpStudy\WWW\lyfuuudemo\Application\Runtime\Cache\Home\26329d35c4572f632e5b39aaa930808b.php 第 89 行.
INFO: Run Behavior\ParseTemplateBehavior [ RunTime:0.009001s ]
INFO: [ view_parse ] --END-- [ RunTime:0.009001s ]
INFO: [ view_filter ] --START--
INFO: Run Behavior\WriteHtmlCacheBehavior [ RunTime:0.001000s ]
INFO: [ view_filter ] --END-- [ RunTime:0.001000s ]
INFO: [ app_end ] --START--
INFO: Run Behavior\ShowPageTraceBehavior [ RunTime:0.000000s ]
INFO: [ app_end ] --END-- [ RunTime:0.000000s ]

[ 2017-04-11T13:08:28+08:00 ] 127.0.0.1 /index.php/Takeout/index/p/2.html
INFO: [ app_init ] --START--
INFO: Run Behavior\BuildLiteBehavior [ RunTime:0.000000s ]
INFO: [ app_init ] --END-- [ RunTime:0.000000s ]
INFO: [ app_begin ] --START--
INFO: Run Behavior\ReadHtmlCacheBehavior [ RunTime:0.001000s ]
INFO: [ app_begin ] --END-- [ RunTime:0.001000s ]
SQL: SHOW COLUMNS FROM `luu_goods` [ RunTime:0.0160s ]
SQL: SELECT COUNT(*) AS tp_count FROM `luu_goods` WHERE `is_takeout` = 1 LIMIT 1   [ RunTime:0.0000s ]
SQL: SELECT `id`,`name`,`pic`,`price`,`desc`,`status`,`category_id` FROM `luu_goods` WHERE `is_takeout` = 1 ORDER BY id ASC LIMIT 10,10   [ RunTime:0.0010s ]
SQL: SHOW COLUMNS FROM `luu_goods_category` [ RunTime:0.0080s ]
SQL: SELECT `name` FROM `luu_goods_category` WHERE ( id=6 ) LIMIT 1   [ RunTime:0.0000s ]
SQL: SHOW COLUMNS FROM `luu_takeout_ext` [ RunTime:0.0080s ]
SQL: SELECT `week` FROM `luu_takeout_ext` WHERE ( good_id=99 ) LIMIT 1   [ RunTime:0.0010s ]
SQL: SELECT `name` FROM `luu_goods_category` WHERE ( id=6 ) LIMIT 1   [ RunTime:0.0000s ]
SQL: SELECT `week` FROM `luu_takeout_ext` WHERE ( good_id=100 ) LIMIT 1   [ RunTime:0.0010s ]
SQL: SELECT `name` FROM `luu_goods_category` WHERE ( id=6 ) LIMIT 1   [ RunTime:0.0000s ]
SQL: SELECT `week` FROM `luu_takeout_ext` WHERE ( good_id=101 ) LIMIT 1   [ RunTime:0.0000s ]
SQL: SELECT `name` FROM `luu_goods_category` WHERE ( id=6 ) LIMIT 1   [ RunTime:0.0010s ]
SQL: SELECT `week` FROM `luu_takeout_ext` WHERE ( good_id=102 ) LIMIT 1   [ RunTime:0.0000s ]
INFO: [ view_parse ] --START--
INFO: [ template_filter ] --START--
INFO: Run Behavior\ContentReplaceBehavior [ RunTime:0.000000s ]
INFO: [ template_filter ] --END-- [ RunTime:0.000000s ]
NOTIC: [8] Undefined variable: shop_id D:\phpStudy\WWW\lyfuuudemo\Application\Runtime\Cache\Home\26329d35c4572f632e5b39aaa930808b.php 第 45 行.
NOTIC: [8] Undefined index: name D:\phpStudy\WWW\lyfuuudemo\Application\Runtime\Cache\Home\26329d35c4572f632e5b39aaa930808b.php 第 59 行.
NOTIC: [8] Undefined index: status D:\phpStudy\WWW\lyfuuudemo\Application\Runtime\Cache\Home\26329d35c4572f632e5b39aaa930808b.php 第 64 行.
NOTIC: [8] Undefined index: status D:\phpStudy\WWW\lyfuuudemo\Application\Runtime\Cache\Home\26329d35c4572f632e5b39aaa930808b.php 第 65 行.
NOTIC: [8] Undefined index: status D:\phpStudy\WWW\lyfuuudemo\Application\Runtime\Cache\Home\26329d35c4572f632e5b39aaa930808b.php 第 65 行.
NOTIC: [8] Undefined index:  D:\phpStudy\WWW\lyfuuudemo\Application\Runtime\Cache\Home\26329d35c4572f632e5b39aaa930808b.php 第 89 行.
NOTIC: [8] Undefined index:  D:\phpStudy\WWW\lyfuuudemo\Application\Runtime\Cache\Home\26329d35c4572f632e5b39aaa930808b.php 第 89 行.
NOTIC: [8] Undefined index:  D:\phpStudy\WWW\lyfuuudemo\Application\Runtime\Cache\Home\26329d35c4572f632e5b39aaa930808b.php 第 89 行.
NOTIC: [8] Undefined index:  D:\phpStudy\WWW\lyfuuudemo\Application\Runtime\Cache\Home\26329d35c4572f632e5b39aaa930808b.php 第 89 行.
INFO: Run Behavior\ParseTemplateBehavior [ RunTime:0.010000s ]
INFO: [ view_parse ] --END-- [ RunTime:0.010000s ]
INFO: [ view_filter ] --START--
INFO: Run Behavior\WriteHtmlCacheBehavior [ RunTime:0.001000s ]
INFO: [ view_filter ] --END-- [ RunTime:0.001000s ]
INFO: [ app_end ] --START--
INFO: Run Behavior\ShowPageTraceBehavior [ RunTime:0.001000s ]
INFO: [ app_end ] --END-- [ RunTime:0.001000s ]

[ 2017-04-11T13:08:34+08:00 ] 127.0.0.1 /index.php/Takeout/index/p/1.html
INFO: [ app_init ] --START--
INFO: Run Behavior\BuildLiteBehavior [ RunTime:0.000000s ]
INFO: [ app_init ] --END-- [ RunTime:0.000000s ]
INFO: [ app_begin ] --START--
INFO: Run Behavior\ReadHtmlCacheBehavior [ RunTime:0.000000s ]
INFO: [ app_begin ] --END-- [ RunTime:0.000000s ]
SQL: SHOW COLUMNS FROM `luu_goods` [ RunTime:0.0120s ]
SQL: SELECT COUNT(*) AS tp_count FROM `luu_goods` WHERE `is_takeout` = 1 LIMIT 1   [ RunTime:0.0000s ]
SQL: SELECT `id`,`name`,`pic`,`price`,`desc`,`status`,`category_id` FROM `luu_goods` WHERE `is_takeout` = 1 ORDER BY id ASC LIMIT 0,10   [ RunTime:0.0010s ]
SQL: SHOW COLUMNS FROM `luu_goods_category` [ RunTime:0.0090s ]
SQL: SELECT `name` FROM `luu_goods_category` WHERE ( id=5 ) LIMIT 1   [ RunTime:0.0010s ]
SQL: SHOW COLUMNS FROM `luu_takeout_ext` [ RunTime:0.0070s ]
SQL: SELECT `week` FROM `luu_takeout_ext` WHERE ( good_id=58 ) LIMIT 1   [ RunTime:0.0000s ]
SQL: SELECT `name` FROM `luu_goods_category` WHERE ( id=5 ) LIMIT 1   [ RunTime:0.0000s ]
SQL: SELECT `week` FROM `luu_takeout_ext` WHERE ( good_id=59 ) LIMIT 1   [ RunTime:0.0010s ]
SQL: SELECT `name` FROM `luu_goods_category` WHERE ( id=5 ) LIMIT 1   [ RunTime:0.0000s ]
SQL: SELECT `week` FROM `luu_takeout_ext` WHERE ( good_id=60 ) LIMIT 1   [ RunTime:0.0000s ]
SQL: SELECT `name` FROM `luu_goods_category` WHERE ( id=5 ) LIMIT 1   [ RunTime:0.0010s ]
SQL: SELECT `week` FROM `luu_takeout_ext` WHERE ( good_id=61 ) LIMIT 1   [ RunTime:0.0000s ]
SQL: SELECT `name` FROM `luu_goods_category` WHERE ( id=6 ) LIMIT 1   [ RunTime:0.0000s ]
SQL: SELECT `week` FROM `luu_takeout_ext` WHERE ( good_id=63 ) LIMIT 1   [ RunTime:0.0000s ]
SQL: SELECT `name` FROM `luu_goods_category` WHERE ( id=5 ) LIMIT 1   [ RunTime:0.0000s ]
SQL: SELECT `week` FROM `luu_takeout_ext` WHERE ( good_id=64 ) LIMIT 1   [ RunTime:0.0000s ]
SQL: SELECT `name` FROM `luu_goods_category` WHERE ( id=6 ) LIMIT 1   [ RunTime:0.0000s ]
SQL: SELECT `week` FROM `luu_takeout_ext` WHERE ( good_id=65 ) LIMIT 1   [ RunTime:0.0010s ]
SQL: SELECT `name` FROM `luu_goods_category` WHERE ( id=6 ) LIMIT 1   [ RunTime:0.0000s ]
SQL: SELECT `week` FROM `luu_takeout_ext` WHERE ( good_id=66 ) LIMIT 1   [ RunTime:0.0000s ]
SQL: SELECT `name` FROM `luu_goods_category` WHERE ( id=6 ) LIMIT 1   [ RunTime:0.0010s ]
SQL: SELECT `week` FROM `luu_takeout_ext` WHERE ( good_id=68 ) LIMIT 1   [ RunTime:0.0000s ]
SQL: SELECT `name` FROM `luu_goods_category` WHERE ( id=6 ) LIMIT 1   [ RunTime:0.0000s ]
SQL: SELECT `week` FROM `luu_takeout_ext` WHERE ( good_id=69 ) LIMIT 1   [ RunTime:0.0000s ]
INFO: [ view_parse ] --START--
INFO: [ template_filter ] --START--
INFO: Run Behavior\ContentReplaceBehavior [ RunTime:0.000000s ]
INFO: [ template_filter ] --END-- [ RunTime:0.000000s ]
NOTIC: [8] Undefined variable: shop_id D:\phpStudy\WWW\lyfuuudemo\Application\Runtime\Cache\Home\26329d35c4572f632e5b39aaa930808b.php 第 45 行.
NOTIC: [8] Undefined index: name D:\phpStudy\WWW\lyfuuudemo\Application\Runtime\Cache\Home\26329d35c4572f632e5b39aaa930808b.php 第 59 行.
NOTIC: [8] Undefined index: status D:\phpStudy\WWW\lyfuuudemo\Application\Runtime\Cache\Home\26329d35c4572f632e5b39aaa930808b.php 第 64 行.
NOTIC: [8] Undefined index: status D:\phpStudy\WWW\lyfuuudemo\Application\Runtime\Cache\Home\26329d35c4572f632e5b39aaa930808b.php 第 65 行.
NOTIC: [8] Undefined index: status D:\phpStudy\WWW\lyfuuudemo\Application\Runtime\Cache\Home\26329d35c4572f632e5b39aaa930808b.php 第 65 行.
NOTIC: [8] Undefined index:  D:\phpStudy\WWW\lyfuuudemo\Application\Runtime\Cache\Home\26329d35c4572f632e5b39aaa930808b.php 第 89 行.
NOTIC: [8] Undefined index:  D:\phpStudy\WWW\lyfuuudemo\Application\Runtime\Cache\Home\26329d35c4572f632e5b39aaa930808b.php 第 89 行.
NOTIC: [8] Undefined index:  D:\phpStudy\WWW\lyfuuudemo\Application\Runtime\Cache\Home\26329d35c4572f632e5b39aaa930808b.php 第 89 行.
NOTIC: [8] Undefined index:  D:\phpStudy\WWW\lyfuuudemo\Application\Runtime\Cache\Home\26329d35c4572f632e5b39aaa930808b.php 第 89 行.
NOTIC: [8] Undefined index:  D:\phpStudy\WWW\lyfuuudemo\Application\Runtime\Cache\Home\26329d35c4572f632e5b39aaa930808b.php 第 89 行.
INFO: Run Behavior\ParseTemplateBehavior [ RunTime:0.010001s ]
INFO: [ view_parse ] --END-- [ RunTime:0.010001s ]
INFO: [ view_filter ] --START--
INFO: Run Behavior\WriteHtmlCacheBehavior [ RunTime:0.001000s ]
INFO: [ view_filter ] --END-- [ RunTime:0.001000s ]
INFO: [ app_end ] --START--
INFO: Run Behavior\ShowPageTraceBehavior [ RunTime:0.001000s ]
INFO: [ app_end ] --END-- [ RunTime:0.001000s ]

[ 2017-04-11T13:08:46+08:00 ] 127.0.0.1 /index.php/User/index.html
INFO: [ app_init ] --START--
INFO: Run Behavior\BuildLiteBehavior [ RunTime:0.000000s ]
INFO: [ app_init ] --END-- [ RunTime:0.001000s ]
INFO: [ app_begin ] --START--
INFO: Run Behavior\ReadHtmlCacheBehavior [ RunTime:0.000000s ]
INFO: [ app_begin ] --END-- [ RunTime:0.000000s ]
SQL: SHOW COLUMNS FROM `luu_user` [ RunTime:0.0490s ]
SQL: SELECT COUNT(*) AS tp_count FROM `luu_user` LIMIT 1   [ RunTime:0.0010s ]
SQL: SELECT `id`,`nickname`,`avatar`,`mobile`,`sex`,`integral`,`remark`,`subscribe`,`addtime`,`subscribe_time`,`status`,`reg_type`,`reg_ip` FROM `luu_user` ORDER BY id DESC LIMIT 0,10   [ RunTime:0.0080s ]
INFO: [ view_parse ] --START--
INFO: [ template_filter ] --START--
INFO: Run Behavior\ContentReplaceBehavior [ RunTime:0.000000s ]
INFO: [ template_filter ] --END-- [ RunTime:0.000000s ]
INFO: Run Behavior\ParseTemplateBehavior [ RunTime:0.022002s ]
INFO: [ view_parse ] --END-- [ RunTime:0.022002s ]
INFO: [ view_filter ] --START--
INFO: Run Behavior\WriteHtmlCacheBehavior [ RunTime:0.001000s ]
INFO: [ view_filter ] --END-- [ RunTime:0.001000s ]
INFO: [ app_end ] --START--
INFO: Run Behavior\ShowPageTraceBehavior [ RunTime:0.002000s ]
INFO: [ app_end ] --END-- [ RunTime:0.002000s ]

[ 2017-04-11T13:08:54+08:00 ] 127.0.0.1 /index.php/User/index/p/3.html
INFO: [ app_init ] --START--
INFO: Run Behavior\BuildLiteBehavior [ RunTime:0.000000s ]
INFO: [ app_init ] --END-- [ RunTime:0.001000s ]
INFO: [ app_begin ] --START--
INFO: Run Behavior\ReadHtmlCacheBehavior [ RunTime:0.000000s ]
INFO: [ app_begin ] --END-- [ RunTime:0.000000s ]
SQL: SHOW COLUMNS FROM `luu_user` [ RunTime:0.0080s ]
SQL: SELECT COUNT(*) AS tp_count FROM `luu_user` LIMIT 1   [ RunTime:0.0000s ]
SQL: SELECT `id`,`nickname`,`avatar`,`mobile`,`sex`,`integral`,`remark`,`subscribe`,`addtime`,`subscribe_time`,`status`,`reg_type`,`reg_ip` FROM `luu_user` ORDER BY id DESC LIMIT 20,10   [ RunTime:0.0010s ]
INFO: [ view_parse ] --START--
INFO: [ template_filter ] --START--
INFO: Run Behavior\ContentReplaceBehavior [ RunTime:0.000000s ]
INFO: [ template_filter ] --END-- [ RunTime:0.000000s ]
INFO: Run Behavior\ParseTemplateBehavior [ RunTime:0.009001s ]
INFO: [ view_parse ] --END-- [ RunTime:0.009001s ]
INFO: [ view_filter ] --START--
INFO: Run Behavior\WriteHtmlCacheBehavior [ RunTime:0.000000s ]
INFO: [ view_filter ] --END-- [ RunTime:0.000000s ]
INFO: [ app_end ] --START--
INFO: Run Behavior\ShowPageTraceBehavior [ RunTime:0.001000s ]
INFO: [ app_end ] --END-- [ RunTime:0.001000s ]

[ 2017-04-11T13:36:10+08:00 ] 127.0.0.1 /index.php/User/index/p/4.html
INFO: [ app_init ] --START--
INFO: Run Behavior\BuildLiteBehavior [ RunTime:0.000000s ]
INFO: [ app_init ] --END-- [ RunTime:0.080004s ]
INFO: [ app_begin ] --START--
INFO: Run Behavior\ReadHtmlCacheBehavior [ RunTime:0.002000s ]
INFO: [ app_begin ] --END-- [ RunTime:0.002000s ]
SQL: SHOW COLUMNS FROM `luu_user` [ RunTime:0.0100s ]
SQL: SELECT COUNT(*) AS tp_count FROM `luu_user` LIMIT 1   [ RunTime:0.0010s ]
SQL: SELECT `id`,`nickname`,`avatar`,`mobile`,`sex`,`integral`,`remark`,`subscribe`,`addtime`,`subscribe_time`,`status`,`reg_type`,`reg_ip` FROM `luu_user` ORDER BY id DESC LIMIT 30,10   [ RunTime:0.0020s ]
INFO: [ view_parse ] --START--
INFO: [ template_filter ] --START--
INFO: Run Behavior\ContentReplaceBehavior [ RunTime:0.000000s ]
INFO: [ template_filter ] --END-- [ RunTime:0.000000s ]
INFO: Run Behavior\ParseTemplateBehavior [ RunTime:0.036002s ]
INFO: [ view_parse ] --END-- [ RunTime:0.036002s ]
INFO: [ view_filter ] --START--
INFO: Run Behavior\WriteHtmlCacheBehavior [ RunTime:0.001000s ]
INFO: [ view_filter ] --END-- [ RunTime:0.001000s ]
INFO: [ app_end ] --START--
INFO: Run Behavior\ShowPageTraceBehavior [ RunTime:0.001000s ]
INFO: [ app_end ] --END-- [ RunTime:0.001000s ]

[ 2017-04-11T13:36:11+08:00 ] 127.0.0.1 /index.php/User/index/p/12.html
INFO: [ app_init ] --START--
INFO: Run Behavior\BuildLiteBehavior [ RunTime:0.000000s ]
INFO: [ app_init ] --END-- [ RunTime:0.001000s ]
INFO: [ app_begin ] --START--
INFO: Run Behavior\ReadHtmlCacheBehavior [ RunTime:0.001000s ]
INFO: [ app_begin ] --END-- [ RunTime:0.001000s ]
SQL: SHOW COLUMNS FROM `luu_user` [ RunTime:0.0050s ]
SQL: SELECT COUNT(*) AS tp_count FROM `luu_user` LIMIT 1   [ RunTime:0.0000s ]
SQL: SELECT `id`,`nickname`,`avatar`,`mobile`,`sex`,`integral`,`remark`,`subscribe`,`addtime`,`subscribe_time`,`status`,`reg_type`,`reg_ip` FROM `luu_user` ORDER BY id DESC LIMIT 110,10   [ RunTime:0.0010s ]
INFO: [ view_parse ] --START--
INFO: [ template_filter ] --START--
INFO: Run Behavior\ContentReplaceBehavior [ RunTime:0.000000s ]
INFO: [ template_filter ] --END-- [ RunTime:0.000000s ]
INFO: Run Behavior\ParseTemplateBehavior [ RunTime:0.008001s ]
INFO: [ view_parse ] --END-- [ RunTime:0.008001s ]
INFO: [ view_filter ] --START--
INFO: Run Behavior\WriteHtmlCacheBehavior [ RunTime:0.001000s ]
INFO: [ view_filter ] --END-- [ RunTime:0.001000s ]
INFO: [ app_end ] --START--
INFO: Run Behavior\ShowPageTraceBehavior [ RunTime:0.000000s ]
INFO: [ app_end ] --END-- [ RunTime:0.000000s ]

[ 2017-04-11T13:36:20+08:00 ] 127.0.0.1 /index.php/User/index/p/11.html
INFO: [ app_init ] --START--
INFO: Run Behavior\BuildLiteBehavior [ RunTime:0.000000s ]
INFO: [ app_init ] --END-- [ RunTime:0.001000s ]
INFO: [ app_begin ] --START--
INFO: Run Behavior\ReadHtmlCacheBehavior [ RunTime:0.001000s ]
INFO: [ app_begin ] --END-- [ RunTime:0.001000s ]
SQL: SHOW COLUMNS FROM `luu_user` [ RunTime:0.0140s ]
SQL: SELECT COUNT(*) AS tp_count FROM `luu_user` LIMIT 1   [ RunTime:0.0010s ]
SQL: SELECT `id`,`nickname`,`avatar`,`mobile`,`sex`,`integral`,`remark`,`subscribe`,`addtime`,`subscribe_time`,`status`,`reg_type`,`reg_ip` FROM `luu_user` ORDER BY id DESC LIMIT 100,10   [ RunTime:0.0010s ]
INFO: [ view_parse ] --START--
INFO: [ template_filter ] --START--
INFO: Run Behavior\ContentReplaceBehavior [ RunTime:0.000000s ]
INFO: [ template_filter ] --END-- [ RunTime:0.000000s ]
INFO: Run Behavior\ParseTemplateBehavior [ RunTime:0.010000s ]
INFO: [ view_parse ] --END-- [ RunTime:0.010000s ]
INFO: [ view_filter ] --START--
INFO: Run Behavior\WriteHtmlCacheBehavior [ RunTime:0.001000s ]
INFO: [ view_filter ] --END-- [ RunTime:0.001000s ]
INFO: [ app_end ] --START--
INFO: Run Behavior\ShowPageTraceBehavior [ RunTime:0.001001s ]
INFO: [ app_end ] --END-- [ RunTime:0.001001s ]

[ 2017-04-11T13:48:20+08:00 ] 127.0.0.1 /index.php/User/edit/id/14.html
INFO: [ app_init ] --START--
INFO: Run Behavior\BuildLiteBehavior [ RunTime:0.000000s ]
INFO: [ app_init ] --END-- [ RunTime:0.001000s ]
INFO: [ app_begin ] --START--
INFO: Run Behavior\ReadHtmlCacheBehavior [ RunTime:0.001000s ]
INFO: [ app_begin ] --END-- [ RunTime:0.001000s ]
SQL: SHOW COLUMNS FROM `luu_user` [ RunTime:0.0070s ]
INFO: [ view_parse ] --START--
INFO: [ template_filter ] --START--
INFO: Run Behavior\ContentReplaceBehavior [ RunTime:0.000000s ]
INFO: [ template_filter ] --END-- [ RunTime:0.000000s ]
NOTIC: [8] Undefined variable: data D:\phpStudy\WWW\lyfuuudemo\Application\Runtime\Cache\Home\73cb2ab8752918962e667db958b51558.php 第 44 行.
NOTIC: [8] Undefined index: shop_id D:\phpStudy\WWW\lyfuuudemo\Application\Runtime\Cache\Home\73cb2ab8752918962e667db958b51558.php 第 45 行.
NOTIC: [8] Undefined variable: data D:\phpStudy\WWW\lyfuuudemo\Application\Runtime\Cache\Home\73cb2ab8752918962e667db958b51558.php 第 49 行.
NOTIC: [8] Undefined variable: data D:\phpStudy\WWW\lyfuuudemo\Application\Runtime\Cache\Home\73cb2ab8752918962e667db958b51558.php 第 56 行.
NOTIC: [8] Undefined variable: data D:\phpStudy\WWW\lyfuuudemo\Application\Runtime\Cache\Home\73cb2ab8752918962e667db958b51558.php 第 63 行.
NOTIC: [8] Undefined variable: data D:\phpStudy\WWW\lyfuuudemo\Application\Runtime\Cache\Home\73cb2ab8752918962e667db958b51558.php 第 70 行.
NOTIC: [8] Undefined variable: data D:\phpStudy\WWW\lyfuuudemo\Application\Runtime\Cache\Home\73cb2ab8752918962e667db958b51558.php 第 76 行.
NOTIC: [8] Undefined variable: data D:\phpStudy\WWW\lyfuuudemo\Application\Runtime\Cache\Home\73cb2ab8752918962e667db958b51558.php 第 82 行.
INFO: Run Behavior\ParseTemplateBehavior [ RunTime:0.028001s ]
INFO: [ view_parse ] --END-- [ RunTime:0.028001s ]
INFO: [ view_filter ] --START--
INFO: Run Behavior\WriteHtmlCacheBehavior [ RunTime:0.001000s ]
INFO: [ view_filter ] --END-- [ RunTime:0.001000s ]
INFO: [ app_end ] --START--
INFO: Run Behavior\ShowPageTraceBehavior [ RunTime:0.001000s ]
INFO: [ app_end ] --END-- [ RunTime:0.001000s ]

