[ 2017-03-07T11:15:57+08:00 ] 127.0.0.1 /
INFO: [ app_init ] --START--
INFO: Run Behavior\BuildLiteBehavior [ RunTime:0.000000s ]
INFO: [ app_init ] --END-- [ RunTime:0.030001s ]
INFO: [ app_begin ] --START--
INFO: Run Behavior\ReadHtmlCacheBehavior [ RunTime:0.001000s ]
INFO: [ app_begin ] --END-- [ RunTime:0.001000s ]

[ 2017-03-07T11:15:57+08:00 ] 127.0.0.1 /index.php/Login/index
INFO: [ app_init ] --START--
INFO: Run Behavior\BuildLiteBehavior [ RunTime:0.000000s ]
INFO: [ app_init ] --END-- [ RunTime:0.000000s ]
INFO: [ app_begin ] --START--
INFO: Run Behavior\ReadHtmlCacheBehavior [ RunTime:0.000000s ]
INFO: [ app_begin ] --END-- [ RunTime:0.000000s ]
INFO: [ view_parse ] --START--
INFO: [ template_filter ] --START--
INFO: Run Behavior\ContentReplaceBehavior [ RunTime:0.001000s ]
INFO: [ template_filter ] --END-- [ RunTime:0.001000s ]
INFO: Run Behavior\ParseTemplateBehavior [ RunTime:0.065004s ]
INFO: [ view_parse ] --END-- [ RunTime:0.065004s ]
INFO: [ view_filter ] --START--
INFO: Run Behavior\WriteHtmlCacheBehavior [ RunTime:0.001000s ]
INFO: [ view_filter ] --END-- [ RunTime:0.001000s ]
INFO: [ app_end ] --START--
INFO: Run Behavior\ShowPageTraceBehavior [ RunTime:0.002000s ]
INFO: [ app_end ] --END-- [ RunTime:0.002000s ]

[ 2017-03-07T11:16:00+08:00 ] 127.0.0.1 /index.php/Login/doLogin.html
INFO: [ app_init ] --START--
INFO: Run Behavior\BuildLiteBehavior [ RunTime:0.000000s ]
INFO: [ app_init ] --END-- [ RunTime:0.000000s ]
INFO: [ app_begin ] --START--
INFO: Run Behavior\ReadHtmlCacheBehavior [ RunTime:0.001000s ]
INFO: [ app_begin ] --END-- [ RunTime:0.001000s ]
SQL: SHOW COLUMNS FROM `luu_admin_user` [ RunTime:0.0630s ]
SQL: SELECT * FROM `luu_admin_user` WHERE `username` = 'admin' LIMIT 1   [ RunTime:0.0000s ]

[ 2017-03-07T11:16:00+08:00 ] 127.0.0.1 /index.php/Index/index.html
INFO: [ app_init ] --START--
INFO: Run Behavior\BuildLiteBehavior [ RunTime:0.000000s ]
INFO: [ app_init ] --END-- [ RunTime:0.000000s ]
INFO: [ app_begin ] --START--
INFO: Run Behavior\ReadHtmlCacheBehavior [ RunTime:0.001000s ]
INFO: [ app_begin ] --END-- [ RunTime:0.001000s ]
INFO: [ view_parse ] --START--
INFO: [ template_filter ] --START--
INFO: Run Behavior\ContentReplaceBehavior [ RunTime:0.000000s ]
INFO: [ template_filter ] --END-- [ RunTime:0.000000s ]
INFO: Run Behavior\ParseTemplateBehavior [ RunTime:0.043003s ]
INFO: [ view_parse ] --END-- [ RunTime:0.043003s ]
INFO: [ view_filter ] --START--
INFO: Run Behavior\WriteHtmlCacheBehavior [ RunTime:0.000000s ]
INFO: [ view_filter ] --END-- [ RunTime:0.000000s ]
INFO: [ app_end ] --START--
INFO: Run Behavior\ShowPageTraceBehavior [ RunTime:0.001000s ]
INFO: [ app_end ] --END-- [ RunTime:0.001000s ]

[ 2017-03-07T11:16:01+08:00 ] 127.0.0.1 /index.php/Index/vie.html
INFO: [ app_init ] --START--
INFO: Run Behavior\BuildLiteBehavior [ RunTime:0.000000s ]
INFO: [ app_init ] --END-- [ RunTime:0.001000s ]
INFO: [ app_begin ] --START--
INFO: Run Behavior\ReadHtmlCacheBehavior [ RunTime:0.000000s ]
INFO: [ app_begin ] --END-- [ RunTime:0.000000s ]
INFO: [ view_parse ] --START--
INFO: [ template_filter ] --START--
INFO: Run Behavior\ContentReplaceBehavior [ RunTime:0.000000s ]
INFO: [ template_filter ] --END-- [ RunTime:0.000000s ]
INFO: Run Behavior\ParseTemplateBehavior [ RunTime:0.005001s ]
INFO: [ view_parse ] --END-- [ RunTime:0.005001s ]
INFO: [ view_filter ] --START--
INFO: Run Behavior\WriteHtmlCacheBehavior [ RunTime:0.000000s ]
INFO: [ view_filter ] --END-- [ RunTime:0.000000s ]
INFO: [ app_end ] --START--
INFO: Run Behavior\ShowPageTraceBehavior [ RunTime:0.001000s ]
INFO: [ app_end ] --END-- [ RunTime:0.001000s ]

[ 2017-03-07T11:42:55+08:00 ] 127.0.0.1 /index.php/Goods/index.html
INFO: [ app_init ] --START--
INFO: Run Behavior\BuildLiteBehavior [ RunTime:0.000000s ]
INFO: [ app_init ] --END-- [ RunTime:0.003000s ]
INFO: [ app_begin ] --START--
INFO: Run Behavior\ReadHtmlCacheBehavior [ RunTime:0.001000s ]
INFO: [ app_begin ] --END-- [ RunTime:0.001000s ]
SQL: SHOW COLUMNS FROM `luu_goods` [ RunTime:0.0710s ]
SQL: SELECT COUNT(*) AS tp_count FROM `luu_goods` LIMIT 1   [ RunTime:0.0400s ]
SQL: SELECT `id`,`name`,`pic`,`price`,`desc`,`status`,`category_id` FROM `luu_goods` ORDER BY id DESC LIMIT 0,10   [ RunTime:0.0180s ]
SQL: SHOW COLUMNS FROM `luu_goods_category` [ RunTime:0.0420s ]
SQL: SELECT `name` FROM `luu_goods_category` WHERE ( id=6 ) LIMIT 1   [ RunTime:0.0140s ]
SQL: SHOW COLUMNS FROM `luu_takeout_ext` [ RunTime:0.0460s ]
SQL: SELECT `week` FROM `luu_takeout_ext` WHERE ( good_id=102 ) LIMIT 1   [ RunTime:0.0000s ]
SQL: SELECT `name` FROM `luu_goods_category` WHERE ( id=6 ) LIMIT 1   [ RunTime:0.0010s ]
SQL: SELECT `week` FROM `luu_takeout_ext` WHERE ( good_id=101 ) LIMIT 1   [ RunTime:0.0000s ]
SQL: SELECT `name` FROM `luu_goods_category` WHERE ( id=6 ) LIMIT 1   [ RunTime:0.0000s ]
SQL: SELECT `week` FROM `luu_takeout_ext` WHERE ( good_id=100 ) LIMIT 1   [ RunTime:0.0010s ]
SQL: SELECT `name` FROM `luu_goods_category` WHERE ( id=6 ) LIMIT 1   [ RunTime:0.0000s ]
SQL: SELECT `week` FROM `luu_takeout_ext` WHERE ( good_id=99 ) LIMIT 1   [ RunTime:0.0010s ]
SQL: SELECT `name` FROM `luu_goods_category` WHERE ( id=6 ) LIMIT 1   [ RunTime:0.0010s ]
SQL: SELECT `week` FROM `luu_takeout_ext` WHERE ( good_id=98 ) LIMIT 1   [ RunTime:0.0000s ]
SQL: SELECT `name` FROM `luu_goods_category` WHERE ( id=6 ) LIMIT 1   [ RunTime:0.0010s ]
SQL: SELECT `week` FROM `luu_takeout_ext` WHERE ( good_id=97 ) LIMIT 1   [ RunTime:0.0000s ]
SQL: SELECT `name` FROM `luu_goods_category` WHERE ( id=6 ) LIMIT 1   [ RunTime:0.0000s ]
SQL: SELECT `week` FROM `luu_takeout_ext` WHERE ( good_id=96 ) LIMIT 1   [ RunTime:0.0010s ]
SQL: SELECT `name` FROM `luu_goods_category` WHERE ( id=6 ) LIMIT 1   [ RunTime:0.0000s ]
SQL: SELECT `week` FROM `luu_takeout_ext` WHERE ( good_id=95 ) LIMIT 1   [ RunTime:0.0000s ]
SQL: SELECT `name` FROM `luu_goods_category` WHERE ( id=6 ) LIMIT 1   [ RunTime:0.0010s ]
SQL: SELECT `week` FROM `luu_takeout_ext` WHERE ( good_id=94 ) LIMIT 1   [ RunTime:0.0000s ]
SQL: SELECT `name` FROM `luu_goods_category` WHERE ( id=6 ) LIMIT 1   [ RunTime:0.0000s ]
SQL: SELECT `week` FROM `luu_takeout_ext` WHERE ( good_id=93 ) LIMIT 1   [ RunTime:0.0010s ]
SQL: SELECT `id`,`name` FROM `luu_goods_category`  [ RunTime:0.0000s ]
INFO: [ view_parse ] --START--
INFO: [ template_filter ] --START--
INFO: Run Behavior\ContentReplaceBehavior [ RunTime:0.001000s ]
INFO: [ template_filter ] --END-- [ RunTime:0.001000s ]
NOTIC: [8] Undefined variable: shop_id D:\phpStudy\WWW\lyfuuudemo\Application\Runtime\Cache\Home\63839bc489ada1b251c78e0251f28b7d.php 第 45 行.
NOTIC: [8] Undefined index: name D:\phpStudy\WWW\lyfuuudemo\Application\Runtime\Cache\Home\63839bc489ada1b251c78e0251f28b7d.php 第 59 行.
NOTIC: [8] Undefined index: status D:\phpStudy\WWW\lyfuuudemo\Application\Runtime\Cache\Home\63839bc489ada1b251c78e0251f28b7d.php 第 64 行.
NOTIC: [8] Undefined index: status D:\phpStudy\WWW\lyfuuudemo\Application\Runtime\Cache\Home\63839bc489ada1b251c78e0251f28b7d.php 第 65 行.
NOTIC: [8] Undefined index: status D:\phpStudy\WWW\lyfuuudemo\Application\Runtime\Cache\Home\63839bc489ada1b251c78e0251f28b7d.php 第 65 行.
NOTIC: [8] Undefined index: category_id D:\phpStudy\WWW\lyfuuudemo\Application\Runtime\Cache\Home\63839bc489ada1b251c78e0251f28b7d.php 第 71 行.
NOTIC: [8] Undefined index: category_id D:\phpStudy\WWW\lyfuuudemo\Application\Runtime\Cache\Home\63839bc489ada1b251c78e0251f28b7d.php 第 71 行.
NOTIC: [8] Undefined index: category_id D:\phpStudy\WWW\lyfuuudemo\Application\Runtime\Cache\Home\63839bc489ada1b251c78e0251f28b7d.php 第 71 行.
NOTIC: [8] Undefined index: category_id D:\phpStudy\WWW\lyfuuudemo\Application\Runtime\Cache\Home\63839bc489ada1b251c78e0251f28b7d.php 第 71 行.
NOTIC: [8] Undefined index: category_id D:\phpStudy\WWW\lyfuuudemo\Application\Runtime\Cache\Home\63839bc489ada1b251c78e0251f28b7d.php 第 71 行.
NOTIC: [8] Undefined index: category_id D:\phpStudy\WWW\lyfuuudemo\Application\Runtime\Cache\Home\63839bc489ada1b251c78e0251f28b7d.php 第 71 行.
NOTIC: [8] Undefined index: category_id D:\phpStudy\WWW\lyfuuudemo\Application\Runtime\Cache\Home\63839bc489ada1b251c78e0251f28b7d.php 第 71 行.
INFO: Run Behavior\ParseTemplateBehavior [ RunTime:0.062004s ]
INFO: [ view_parse ] --END-- [ RunTime:0.062004s ]
INFO: [ view_filter ] --START--
INFO: Run Behavior\WriteHtmlCacheBehavior [ RunTime:0.007000s ]
INFO: [ view_filter ] --END-- [ RunTime:0.007000s ]
INFO: [ app_end ] --START--
INFO: Run Behavior\ShowPageTraceBehavior [ RunTime:0.004001s ]
INFO: [ app_end ] --END-- [ RunTime:0.004001s ]

[ 2017-03-07T13:27:26+08:00 ] 127.0.0.1 /index.php/Category/index.html
INFO: [ app_init ] --START--
INFO: Run Behavior\BuildLiteBehavior [ RunTime:0.000000s ]
INFO: [ app_init ] --END-- [ RunTime:0.005001s ]
INFO: [ app_begin ] --START--
INFO: Run Behavior\ReadHtmlCacheBehavior [ RunTime:0.002000s ]
INFO: [ app_begin ] --END-- [ RunTime:0.002000s ]
SQL: SHOW COLUMNS FROM `luu_goods_category` [ RunTime:0.0950s ]
SQL: SELECT COUNT(*) AS tp_count FROM `luu_goods_category` LIMIT 1   [ RunTime:0.0300s ]
SQL: SELECT `id`,`name`,`pid`,`status`,`sort` FROM `luu_goods_category` ORDER BY sort DESC LIMIT 0,10   [ RunTime:0.0210s ]
INFO: [ view_parse ] --START--
INFO: [ template_filter ] --START--
INFO: Run Behavior\ContentReplaceBehavior [ RunTime:0.000000s ]
INFO: [ template_filter ] --END-- [ RunTime:0.000000s ]
INFO: Run Behavior\ParseTemplateBehavior [ RunTime:0.047002s ]
INFO: [ view_parse ] --END-- [ RunTime:0.047002s ]
INFO: [ view_filter ] --START--
INFO: Run Behavior\WriteHtmlCacheBehavior [ RunTime:0.027002s ]
INFO: [ view_filter ] --END-- [ RunTime:0.027002s ]
INFO: [ app_end ] --START--
INFO: Run Behavior\ShowPageTraceBehavior [ RunTime:0.003000s ]
INFO: [ app_end ] --END-- [ RunTime:0.003000s ]

[ 2017-03-07T13:36:33+08:00 ] 127.0.0.1 /index.php/Index/index.html
INFO: [ app_init ] --START--
INFO: Run Behavior\BuildLiteBehavior [ RunTime:0.000000s ]
INFO: [ app_init ] --END-- [ RunTime:0.000000s ]
INFO: [ app_begin ] --START--
INFO: Run Behavior\ReadHtmlCacheBehavior [ RunTime:0.001000s ]
INFO: [ app_begin ] --END-- [ RunTime:0.001000s ]
INFO: [ view_parse ] --START--
INFO: [ template_filter ] --START--
INFO: Run Behavior\ContentReplaceBehavior [ RunTime:0.000000s ]
INFO: [ template_filter ] --END-- [ RunTime:0.000000s ]
INFO: Run Behavior\ParseTemplateBehavior [ RunTime:0.071004s ]
INFO: [ view_parse ] --END-- [ RunTime:0.071004s ]
INFO: [ view_filter ] --START--
INFO: Run Behavior\WriteHtmlCacheBehavior [ RunTime:0.001000s ]
INFO: [ view_filter ] --END-- [ RunTime:0.001000s ]
INFO: [ app_end ] --START--
INFO: Run Behavior\ShowPageTraceBehavior [ RunTime:0.001000s ]
INFO: [ app_end ] --END-- [ RunTime:0.001000s ]

[ 2017-03-07T13:36:34+08:00 ] 127.0.0.1 /index.php/Index/vie.html
INFO: [ app_init ] --START--
INFO: Run Behavior\BuildLiteBehavior [ RunTime:0.000000s ]
INFO: [ app_init ] --END-- [ RunTime:0.000000s ]
INFO: [ app_begin ] --START--
INFO: Run Behavior\ReadHtmlCacheBehavior [ RunTime:0.000000s ]
INFO: [ app_begin ] --END-- [ RunTime:0.001000s ]
INFO: [ view_parse ] --START--
INFO: [ template_filter ] --START--
INFO: Run Behavior\ContentReplaceBehavior [ RunTime:0.000000s ]
INFO: [ template_filter ] --END-- [ RunTime:0.000000s ]
INFO: Run Behavior\ParseTemplateBehavior [ RunTime:0.007000s ]
INFO: [ view_parse ] --END-- [ RunTime:0.007000s ]
INFO: [ view_filter ] --START--
INFO: Run Behavior\WriteHtmlCacheBehavior [ RunTime:0.000000s ]
INFO: [ view_filter ] --END-- [ RunTime:0.000000s ]
INFO: [ app_end ] --START--
INFO: Run Behavior\ShowPageTraceBehavior [ RunTime:0.001000s ]
INFO: [ app_end ] --END-- [ RunTime:0.001000s ]

[ 2017-03-07T13:36:36+08:00 ] 127.0.0.1 /index.php/Goods/index.html
INFO: [ app_init ] --START--
INFO: Run Behavior\BuildLiteBehavior [ RunTime:0.000000s ]
INFO: [ app_init ] --END-- [ RunTime:0.000000s ]
INFO: [ app_begin ] --START--
INFO: Run Behavior\ReadHtmlCacheBehavior [ RunTime:0.001000s ]
INFO: [ app_begin ] --END-- [ RunTime:0.001000s ]
SQL: SHOW COLUMNS FROM `luu_goods` [ RunTime:0.1020s ]
SQL: SELECT COUNT(*) AS tp_count FROM `luu_goods` LIMIT 1   [ RunTime:0.0000s ]
SQL: SELECT `id`,`name`,`pic`,`price`,`desc`,`status`,`category_id` FROM `luu_goods` ORDER BY id DESC LIMIT 0,10   [ RunTime:0.0080s ]
SQL: SHOW COLUMNS FROM `luu_goods_category` [ RunTime:0.0070s ]
SQL: SELECT `name` FROM `luu_goods_category` WHERE ( id=6 ) LIMIT 1   [ RunTime:0.0330s ]
SQL: SHOW COLUMNS FROM `luu_takeout_ext` [ RunTime:0.0890s ]
SQL: SELECT `week` FROM `luu_takeout_ext` WHERE ( good_id=102 ) LIMIT 1   [ RunTime:0.0290s ]
SQL: SELECT `name` FROM `luu_goods_category` WHERE ( id=6 ) LIMIT 1   [ RunTime:0.0000s ]
SQL: SELECT `week` FROM `luu_takeout_ext` WHERE ( good_id=101 ) LIMIT 1   [ RunTime:0.0000s ]
SQL: SELECT `name` FROM `luu_goods_category` WHERE ( id=6 ) LIMIT 1   [ RunTime:0.0000s ]
SQL: SELECT `week` FROM `luu_takeout_ext` WHERE ( good_id=100 ) LIMIT 1   [ RunTime:0.0000s ]
SQL: SELECT `name` FROM `luu_goods_category` WHERE ( id=6 ) LIMIT 1   [ RunTime:0.0000s ]
SQL: SELECT `week` FROM `luu_takeout_ext` WHERE ( good_id=99 ) LIMIT 1   [ RunTime:0.0000s ]
SQL: SELECT `name` FROM `luu_goods_category` WHERE ( id=6 ) LIMIT 1   [ RunTime:0.0000s ]
SQL: SELECT `week` FROM `luu_takeout_ext` WHERE ( good_id=98 ) LIMIT 1   [ RunTime:0.0000s ]
SQL: SELECT `name` FROM `luu_goods_category` WHERE ( id=6 ) LIMIT 1   [ RunTime:0.0010s ]
SQL: SELECT `week` FROM `luu_takeout_ext` WHERE ( good_id=97 ) LIMIT 1   [ RunTime:0.0000s ]
SQL: SELECT `name` FROM `luu_goods_category` WHERE ( id=6 ) LIMIT 1   [ RunTime:0.0000s ]
SQL: SELECT `week` FROM `luu_takeout_ext` WHERE ( good_id=96 ) LIMIT 1   [ RunTime:0.0010s ]
SQL: SELECT `name` FROM `luu_goods_category` WHERE ( id=6 ) LIMIT 1   [ RunTime:0.0000s ]
SQL: SELECT `week` FROM `luu_takeout_ext` WHERE ( good_id=95 ) LIMIT 1   [ RunTime:0.0000s ]
SQL: SELECT `name` FROM `luu_goods_category` WHERE ( id=6 ) LIMIT 1   [ RunTime:0.0010s ]
SQL: SELECT `week` FROM `luu_takeout_ext` WHERE ( good_id=94 ) LIMIT 1   [ RunTime:0.0000s ]
SQL: SELECT `name` FROM `luu_goods_category` WHERE ( id=6 ) LIMIT 1   [ RunTime:0.0000s ]
SQL: SELECT `week` FROM `luu_takeout_ext` WHERE ( good_id=93 ) LIMIT 1   [ RunTime:0.0000s ]
SQL: SELECT `id`,`name` FROM `luu_goods_category`  [ RunTime:0.0010s ]
INFO: [ view_parse ] --START--
INFO: [ template_filter ] --START--
INFO: Run Behavior\ContentReplaceBehavior [ RunTime:0.000000s ]
INFO: [ template_filter ] --END-- [ RunTime:0.001000s ]
NOTIC: [8] Undefined variable: shop_id D:\phpStudy\WWW\lyfuuudemo\Application\Runtime\Cache\Home\63839bc489ada1b251c78e0251f28b7d.php 第 45 行.
NOTIC: [8] Undefined index: name D:\phpStudy\WWW\lyfuuudemo\Application\Runtime\Cache\Home\63839bc489ada1b251c78e0251f28b7d.php 第 59 行.
NOTIC: [8] Undefined index: status D:\phpStudy\WWW\lyfuuudemo\Application\Runtime\Cache\Home\63839bc489ada1b251c78e0251f28b7d.php 第 64 行.
NOTIC: [8] Undefined index: status D:\phpStudy\WWW\lyfuuudemo\Application\Runtime\Cache\Home\63839bc489ada1b251c78e0251f28b7d.php 第 65 行.
NOTIC: [8] Undefined index: status D:\phpStudy\WWW\lyfuuudemo\Application\Runtime\Cache\Home\63839bc489ada1b251c78e0251f28b7d.php 第 65 行.
NOTIC: [8] Undefined index: category_id D:\phpStudy\WWW\lyfuuudemo\Application\Runtime\Cache\Home\63839bc489ada1b251c78e0251f28b7d.php 第 71 行.
NOTIC: [8] Undefined index: category_id D:\phpStudy\WWW\lyfuuudemo\Application\Runtime\Cache\Home\63839bc489ada1b251c78e0251f28b7d.php 第 71 行.
NOTIC: [8] Undefined index: category_id D:\phpStudy\WWW\lyfuuudemo\Application\Runtime\Cache\Home\63839bc489ada1b251c78e0251f28b7d.php 第 71 行.
NOTIC: [8] Undefined index: category_id D:\phpStudy\WWW\lyfuuudemo\Application\Runtime\Cache\Home\63839bc489ada1b251c78e0251f28b7d.php 第 71 行.
NOTIC: [8] Undefined index: category_id D:\phpStudy\WWW\lyfuuudemo\Application\Runtime\Cache\Home\63839bc489ada1b251c78e0251f28b7d.php 第 71 行.
NOTIC: [8] Undefined index: category_id D:\phpStudy\WWW\lyfuuudemo\Application\Runtime\Cache\Home\63839bc489ada1b251c78e0251f28b7d.php 第 71 行.
NOTIC: [8] Undefined index: category_id D:\phpStudy\WWW\lyfuuudemo\Application\Runtime\Cache\Home\63839bc489ada1b251c78e0251f28b7d.php 第 71 行.
INFO: Run Behavior\ParseTemplateBehavior [ RunTime:0.149008s ]
INFO: [ view_parse ] --END-- [ RunTime:0.149008s ]
INFO: [ view_filter ] --START--
INFO: Run Behavior\WriteHtmlCacheBehavior [ RunTime:0.001000s ]
INFO: [ view_filter ] --END-- [ RunTime:0.001000s ]
INFO: [ app_end ] --START--
INFO: Run Behavior\ShowPageTraceBehavior [ RunTime:0.001000s ]
INFO: [ app_end ] --END-- [ RunTime:0.001000s ]

[ 2017-03-07T13:36:45+08:00 ] 127.0.0.1 /index.php/Goods/index.html
INFO: [ app_init ] --START--
INFO: Run Behavior\BuildLiteBehavior [ RunTime:0.000000s ]
INFO: [ app_init ] --END-- [ RunTime:0.001000s ]
INFO: [ app_begin ] --START--
INFO: Run Behavior\ReadHtmlCacheBehavior [ RunTime:0.001000s ]
INFO: [ app_begin ] --END-- [ RunTime:0.001000s ]
SQL: SHOW COLUMNS FROM `luu_goods` [ RunTime:0.0110s ]
SQL: SELECT COUNT(*) AS tp_count FROM `luu_goods` LIMIT 1   [ RunTime:0.0010s ]
SQL: SELECT `id`,`name`,`pic`,`price`,`desc`,`status`,`category_id` FROM `luu_goods` ORDER BY id DESC LIMIT 0,10   [ RunTime:0.0010s ]
SQL: SHOW COLUMNS FROM `luu_goods_category` [ RunTime:0.0110s ]
SQL: SELECT `name` FROM `luu_goods_category` WHERE ( id=6 ) LIMIT 1   [ RunTime:0.0010s ]
SQL: SHOW COLUMNS FROM `luu_takeout_ext` [ RunTime:0.0070s ]
SQL: SELECT `week` FROM `luu_takeout_ext` WHERE ( good_id=102 ) LIMIT 1   [ RunTime:0.0000s ]
SQL: SELECT `name` FROM `luu_goods_category` WHERE ( id=6 ) LIMIT 1   [ RunTime:0.0010s ]
SQL: SELECT `week` FROM `luu_takeout_ext` WHERE ( good_id=101 ) LIMIT 1   [ RunTime:0.0000s ]
SQL: SELECT `name` FROM `luu_goods_category` WHERE ( id=6 ) LIMIT 1   [ RunTime:0.0000s ]
SQL: SELECT `week` FROM `luu_takeout_ext` WHERE ( good_id=100 ) LIMIT 1   [ RunTime:0.0010s ]
SQL: SELECT `name` FROM `luu_goods_category` WHERE ( id=6 ) LIMIT 1   [ RunTime:0.0000s ]
SQL: SELECT `week` FROM `luu_takeout_ext` WHERE ( good_id=99 ) LIMIT 1   [ RunTime:0.0010s ]
SQL: SELECT `name` FROM `luu_goods_category` WHERE ( id=6 ) LIMIT 1   [ RunTime:0.0000s ]
SQL: SELECT `week` FROM `luu_takeout_ext` WHERE ( good_id=98 ) LIMIT 1   [ RunTime:0.0010s ]
SQL: SELECT `name` FROM `luu_goods_category` WHERE ( id=6 ) LIMIT 1   [ RunTime:0.0000s ]
SQL: SELECT `week` FROM `luu_takeout_ext` WHERE ( good_id=97 ) LIMIT 1   [ RunTime:0.0000s ]
SQL: SELECT `name` FROM `luu_goods_category` WHERE ( id=6 ) LIMIT 1   [ RunTime:0.0010s ]
SQL: SELECT `week` FROM `luu_takeout_ext` WHERE ( good_id=96 ) LIMIT 1   [ RunTime:0.0000s ]
SQL: SELECT `name` FROM `luu_goods_category` WHERE ( id=6 ) LIMIT 1   [ RunTime:0.0000s ]
SQL: SELECT `week` FROM `luu_takeout_ext` WHERE ( good_id=95 ) LIMIT 1   [ RunTime:0.0000s ]
SQL: SELECT `name` FROM `luu_goods_category` WHERE ( id=6 ) LIMIT 1   [ RunTime:0.0000s ]
SQL: SELECT `week` FROM `luu_takeout_ext` WHERE ( good_id=94 ) LIMIT 1   [ RunTime:0.0000s ]
SQL: SELECT `name` FROM `luu_goods_category` WHERE ( id=6 ) LIMIT 1   [ RunTime:0.0000s ]
SQL: SELECT `week` FROM `luu_takeout_ext` WHERE ( good_id=93 ) LIMIT 1   [ RunTime:0.0010s ]
SQL: SELECT `id`,`name` FROM `luu_goods_category`  [ RunTime:0.0000s ]
INFO: [ view_parse ] --START--
INFO: [ template_filter ] --START--
INFO: Run Behavior\ContentReplaceBehavior [ RunTime:0.000000s ]
INFO: [ template_filter ] --END-- [ RunTime:0.000000s ]
NOTIC: [8] Undefined variable: shop_id D:\phpStudy\WWW\lyfuuudemo\Application\Runtime\Cache\Home\63839bc489ada1b251c78e0251f28b7d.php 第 45 行.
NOTIC: [8] Undefined index: name D:\phpStudy\WWW\lyfuuudemo\Application\Runtime\Cache\Home\63839bc489ada1b251c78e0251f28b7d.php 第 59 行.
NOTIC: [8] Undefined index: status D:\phpStudy\WWW\lyfuuudemo\Application\Runtime\Cache\Home\63839bc489ada1b251c78e0251f28b7d.php 第 64 行.
NOTIC: [8] Undefined index: status D:\phpStudy\WWW\lyfuuudemo\Application\Runtime\Cache\Home\63839bc489ada1b251c78e0251f28b7d.php 第 65 行.
NOTIC: [8] Undefined index: status D:\phpStudy\WWW\lyfuuudemo\Application\Runtime\Cache\Home\63839bc489ada1b251c78e0251f28b7d.php 第 65 行.
NOTIC: [8] Undefined index: category_id D:\phpStudy\WWW\lyfuuudemo\Application\Runtime\Cache\Home\63839bc489ada1b251c78e0251f28b7d.php 第 71 行.
NOTIC: [8] Undefined index: category_id D:\phpStudy\WWW\lyfuuudemo\Application\Runtime\Cache\Home\63839bc489ada1b251c78e0251f28b7d.php 第 71 行.
NOTIC: [8] Undefined index: category_id D:\phpStudy\WWW\lyfuuudemo\Application\Runtime\Cache\Home\63839bc489ada1b251c78e0251f28b7d.php 第 71 行.
NOTIC: [8] Undefined index: category_id D:\phpStudy\WWW\lyfuuudemo\Application\Runtime\Cache\Home\63839bc489ada1b251c78e0251f28b7d.php 第 71 行.
NOTIC: [8] Undefined index: category_id D:\phpStudy\WWW\lyfuuudemo\Application\Runtime\Cache\Home\63839bc489ada1b251c78e0251f28b7d.php 第 71 行.
NOTIC: [8] Undefined index: category_id D:\phpStudy\WWW\lyfuuudemo\Application\Runtime\Cache\Home\63839bc489ada1b251c78e0251f28b7d.php 第 71 行.
NOTIC: [8] Undefined index: category_id D:\phpStudy\WWW\lyfuuudemo\Application\Runtime\Cache\Home\63839bc489ada1b251c78e0251f28b7d.php 第 71 行.
INFO: Run Behavior\ParseTemplateBehavior [ RunTime:0.016001s ]
INFO: [ view_parse ] --END-- [ RunTime:0.016001s ]
INFO: [ view_filter ] --START--
INFO: Run Behavior\WriteHtmlCacheBehavior [ RunTime:0.001000s ]
INFO: [ view_filter ] --END-- [ RunTime:0.001000s ]
INFO: [ app_end ] --START--
INFO: Run Behavior\ShowPageTraceBehavior [ RunTime:0.002000s ]
INFO: [ app_end ] --END-- [ RunTime:0.002000s ]

[ 2017-03-07T13:41:00+08:00 ] 127.0.0.1 /index.php/Goods/pics/id/102.html
INFO: [ app_init ] --START--
INFO: Run Behavior\BuildLiteBehavior [ RunTime:0.000000s ]
INFO: [ app_init ] --END-- [ RunTime:0.000000s ]
INFO: [ app_begin ] --START--
INFO: Run Behavior\ReadHtmlCacheBehavior [ RunTime:0.000000s ]
INFO: [ app_begin ] --END-- [ RunTime:0.000000s ]
SQL: SHOW COLUMNS FROM `luu_goods` [ RunTime:0.0120s ]
SQL: SHOW COLUMNS FROM `luu_goods_pics` [ RunTime:0.1320s ]
SQL: SELECT * FROM `luu_goods_pics` WHERE ( good_id=102 )  [ RunTime:0.0390s ]
INFO: [ view_parse ] --START--
INFO: [ template_filter ] --START--
INFO: Run Behavior\ContentReplaceBehavior [ RunTime:0.000000s ]
INFO: [ template_filter ] --END-- [ RunTime:0.001000s ]
INFO: Run Behavior\ParseTemplateBehavior [ RunTime:0.041003s ]
INFO: [ view_parse ] --END-- [ RunTime:0.041003s ]
INFO: [ view_filter ] --START--
INFO: Run Behavior\WriteHtmlCacheBehavior [ RunTime:0.001000s ]
INFO: [ view_filter ] --END-- [ RunTime:0.001000s ]
INFO: [ app_end ] --START--
INFO: Run Behavior\ShowPageTraceBehavior [ RunTime:0.001000s ]
INFO: [ app_end ] --END-- [ RunTime:0.001000s ]

[ 2017-03-07T13:45:30+08:00 ] 127.0.0.1 /index.php/Goods/index.html
INFO: [ app_init ] --START--
INFO: Run Behavior\BuildLiteBehavior [ RunTime:0.000000s ]
INFO: [ app_init ] --END-- [ RunTime:0.001000s ]
INFO: [ app_begin ] --START--
INFO: Run Behavior\ReadHtmlCacheBehavior [ RunTime:0.001000s ]
INFO: [ app_begin ] --END-- [ RunTime:0.001000s ]
SQL: SHOW COLUMNS FROM `luu_goods` [ RunTime:0.0080s ]
SQL: SELECT COUNT(*) AS tp_count FROM `luu_goods` LIMIT 1   [ RunTime:0.0000s ]
SQL: SELECT `id`,`name`,`pic`,`price`,`desc`,`status`,`category_id` FROM `luu_goods` ORDER BY id DESC LIMIT 0,10   [ RunTime:0.0010s ]
SQL: SHOW COLUMNS FROM `luu_goods_category` [ RunTime:0.0070s ]
SQL: SELECT `name` FROM `luu_goods_category` WHERE ( id=6 ) LIMIT 1   [ RunTime:0.0000s ]
SQL: SHOW COLUMNS FROM `luu_takeout_ext` [ RunTime:0.0070s ]
SQL: SELECT `week` FROM `luu_takeout_ext` WHERE ( good_id=102 ) LIMIT 1   [ RunTime:0.0010s ]
SQL: SELECT `name` FROM `luu_goods_category` WHERE ( id=6 ) LIMIT 1   [ RunTime:0.0000s ]
SQL: SELECT `week` FROM `luu_takeout_ext` WHERE ( good_id=101 ) LIMIT 1   [ RunTime:0.0000s ]
SQL: SELECT `name` FROM `luu_goods_category` WHERE ( id=6 ) LIMIT 1   [ RunTime:0.0010s ]
SQL: SELECT `week` FROM `luu_takeout_ext` WHERE ( good_id=100 ) LIMIT 1   [ RunTime:0.0000s ]
SQL: SELECT `name` FROM `luu_goods_category` WHERE ( id=6 ) LIMIT 1   [ RunTime:0.0010s ]
SQL: SELECT `week` FROM `luu_takeout_ext` WHERE ( good_id=99 ) LIMIT 1   [ RunTime:0.0000s ]
SQL: SELECT `name` FROM `luu_goods_category` WHERE ( id=6 ) LIMIT 1   [ RunTime:0.0010s ]
SQL: SELECT `week` FROM `luu_takeout_ext` WHERE ( good_id=98 ) LIMIT 1   [ RunTime:0.0000s ]
SQL: SELECT `name` FROM `luu_goods_category` WHERE ( id=6 ) LIMIT 1   [ RunTime:0.0000s ]
SQL: SELECT `week` FROM `luu_takeout_ext` WHERE ( good_id=97 ) LIMIT 1   [ RunTime:0.0000s ]
SQL: SELECT `name` FROM `luu_goods_category` WHERE ( id=6 ) LIMIT 1   [ RunTime:0.0000s ]
SQL: SELECT `week` FROM `luu_takeout_ext` WHERE ( good_id=96 ) LIMIT 1   [ RunTime:0.0000s ]
SQL: SELECT `name` FROM `luu_goods_category` WHERE ( id=6 ) LIMIT 1   [ RunTime:0.0000s ]
SQL: SELECT `week` FROM `luu_takeout_ext` WHERE ( good_id=95 ) LIMIT 1   [ RunTime:0.0010s ]
SQL: SELECT `name` FROM `luu_goods_category` WHERE ( id=6 ) LIMIT 1   [ RunTime:0.0000s ]
SQL: SELECT `week` FROM `luu_takeout_ext` WHERE ( good_id=94 ) LIMIT 1   [ RunTime:0.0000s ]
SQL: SELECT `name` FROM `luu_goods_category` WHERE ( id=6 ) LIMIT 1   [ RunTime:0.0010s ]
SQL: SELECT `week` FROM `luu_takeout_ext` WHERE ( good_id=93 ) LIMIT 1   [ RunTime:0.0000s ]
SQL: SELECT `id`,`name` FROM `luu_goods_category`  [ RunTime:0.0000s ]
INFO: [ view_parse ] --START--
INFO: [ template_filter ] --START--
INFO: Run Behavior\ContentReplaceBehavior [ RunTime:0.000000s ]
INFO: [ template_filter ] --END-- [ RunTime:0.000000s ]
NOTIC: [8] Undefined variable: shop_id D:\phpStudy\WWW\lyfuuudemo\Application\Runtime\Cache\Home\63839bc489ada1b251c78e0251f28b7d.php 第 45 行.
NOTIC: [8] Undefined index: name D:\phpStudy\WWW\lyfuuudemo\Application\Runtime\Cache\Home\63839bc489ada1b251c78e0251f28b7d.php 第 59 行.
NOTIC: [8] Undefined index: status D:\phpStudy\WWW\lyfuuudemo\Application\Runtime\Cache\Home\63839bc489ada1b251c78e0251f28b7d.php 第 64 行.
NOTIC: [8] Undefined index: status D:\phpStudy\WWW\lyfuuudemo\Application\Runtime\Cache\Home\63839bc489ada1b251c78e0251f28b7d.php 第 65 行.
NOTIC: [8] Undefined index: status D:\phpStudy\WWW\lyfuuudemo\Application\Runtime\Cache\Home\63839bc489ada1b251c78e0251f28b7d.php 第 65 行.
NOTIC: [8] Undefined index: category_id D:\phpStudy\WWW\lyfuuudemo\Application\Runtime\Cache\Home\63839bc489ada1b251c78e0251f28b7d.php 第 71 行.
NOTIC: [8] Undefined index: category_id D:\phpStudy\WWW\lyfuuudemo\Application\Runtime\Cache\Home\63839bc489ada1b251c78e0251f28b7d.php 第 71 行.
NOTIC: [8] Undefined index: category_id D:\phpStudy\WWW\lyfuuudemo\Application\Runtime\Cache\Home\63839bc489ada1b251c78e0251f28b7d.php 第 71 行.
NOTIC: [8] Undefined index: category_id D:\phpStudy\WWW\lyfuuudemo\Application\Runtime\Cache\Home\63839bc489ada1b251c78e0251f28b7d.php 第 71 行.
NOTIC: [8] Undefined index: category_id D:\phpStudy\WWW\lyfuuudemo\Application\Runtime\Cache\Home\63839bc489ada1b251c78e0251f28b7d.php 第 71 行.
NOTIC: [8] Undefined index: category_id D:\phpStudy\WWW\lyfuuudemo\Application\Runtime\Cache\Home\63839bc489ada1b251c78e0251f28b7d.php 第 71 行.
NOTIC: [8] Undefined index: category_id D:\phpStudy\WWW\lyfuuudemo\Application\Runtime\Cache\Home\63839bc489ada1b251c78e0251f28b7d.php 第 71 行.
INFO: Run Behavior\ParseTemplateBehavior [ RunTime:0.010001s ]
INFO: [ view_parse ] --END-- [ RunTime:0.010001s ]
INFO: [ view_filter ] --START--
INFO: Run Behavior\WriteHtmlCacheBehavior [ RunTime:0.001000s ]
INFO: [ view_filter ] --END-- [ RunTime:0.001000s ]
INFO: [ app_end ] --START--
INFO: Run Behavior\ShowPageTraceBehavior [ RunTime:0.001000s ]
INFO: [ app_end ] --END-- [ RunTime:0.001000s ]

[ 2017-03-07T13:45:31+08:00 ] 127.0.0.1 /index.php/Category/index.html
INFO: [ app_init ] --START--
INFO: Run Behavior\BuildLiteBehavior [ RunTime:0.000000s ]
INFO: [ app_init ] --END-- [ RunTime:0.001001s ]
INFO: [ app_begin ] --START--
INFO: Run Behavior\ReadHtmlCacheBehavior [ RunTime:0.000000s ]
INFO: [ app_begin ] --END-- [ RunTime:0.000000s ]
SQL: SHOW COLUMNS FROM `luu_goods_category` [ RunTime:0.0070s ]
SQL: SELECT COUNT(*) AS tp_count FROM `luu_goods_category` LIMIT 1   [ RunTime:0.0010s ]
SQL: SELECT `id`,`name`,`pid`,`status`,`sort` FROM `luu_goods_category` ORDER BY sort DESC LIMIT 0,10   [ RunTime:0.0010s ]
INFO: [ view_parse ] --START--
INFO: [ template_filter ] --START--
INFO: Run Behavior\ContentReplaceBehavior [ RunTime:0.000000s ]
INFO: [ template_filter ] --END-- [ RunTime:0.000000s ]
INFO: Run Behavior\ParseTemplateBehavior [ RunTime:0.007001s ]
INFO: [ view_parse ] --END-- [ RunTime:0.007001s ]
INFO: [ view_filter ] --START--
INFO: Run Behavior\WriteHtmlCacheBehavior [ RunTime:0.000000s ]
INFO: [ view_filter ] --END-- [ RunTime:0.001000s ]
INFO: [ app_end ] --START--
INFO: Run Behavior\ShowPageTraceBehavior [ RunTime:0.000000s ]
INFO: [ app_end ] --END-- [ RunTime:0.000000s ]

[ 2017-03-07T15:49:30+08:00 ] 127.0.0.1 /index.php/Index/vie.html
INFO: [ app_init ] --START--
INFO: Run Behavior\BuildLiteBehavior [ RunTime:0.000000s ]
INFO: [ app_init ] --END-- [ RunTime:0.047003s ]
INFO: [ app_begin ] --START--
INFO: Run Behavior\ReadHtmlCacheBehavior [ RunTime:0.000000s ]
INFO: [ app_begin ] --END-- [ RunTime:0.001000s ]
INFO: [ view_parse ] --START--
INFO: [ template_filter ] --START--
INFO: Run Behavior\ContentReplaceBehavior [ RunTime:0.000000s ]
INFO: [ template_filter ] --END-- [ RunTime:0.000000s ]
INFO: Run Behavior\ParseTemplateBehavior [ RunTime:0.019001s ]
INFO: [ view_parse ] --END-- [ RunTime:0.019001s ]
INFO: [ view_filter ] --START--
INFO: Run Behavior\WriteHtmlCacheBehavior [ RunTime:0.036002s ]
INFO: [ view_filter ] --END-- [ RunTime:0.036002s ]
INFO: [ app_end ] --START--
INFO: Run Behavior\ShowPageTraceBehavior [ RunTime:0.001000s ]
INFO: [ app_end ] --END-- [ RunTime:0.001000s ]

[ 2017-03-07T15:50:15+08:00 ] 127.0.0.1 /index.php/Login/doLoginout.html
INFO: [ app_init ] --START--
INFO: Run Behavior\BuildLiteBehavior [ RunTime:0.000000s ]
INFO: [ app_init ] --END-- [ RunTime:0.001000s ]
INFO: [ app_begin ] --START--
INFO: Run Behavior\ReadHtmlCacheBehavior [ RunTime:0.000000s ]
INFO: [ app_begin ] --END-- [ RunTime:0.000000s ]

[ 2017-03-07T15:50:16+08:00 ] 127.0.0.1 /index.php/Login/index.html
INFO: [ app_init ] --START--
INFO: Run Behavior\BuildLiteBehavior [ RunTime:0.000000s ]
INFO: [ app_init ] --END-- [ RunTime:0.000000s ]
INFO: [ app_begin ] --START--
INFO: Run Behavior\ReadHtmlCacheBehavior [ RunTime:0.000000s ]
INFO: [ app_begin ] --END-- [ RunTime:0.000000s ]
INFO: [ view_parse ] --START--
INFO: [ template_filter ] --START--
INFO: Run Behavior\ContentReplaceBehavior [ RunTime:0.000000s ]
INFO: [ template_filter ] --END-- [ RunTime:0.000000s ]
INFO: Run Behavior\ParseTemplateBehavior [ RunTime:0.046003s ]
INFO: [ view_parse ] --END-- [ RunTime:0.046003s ]
INFO: [ view_filter ] --START--
INFO: Run Behavior\WriteHtmlCacheBehavior [ RunTime:0.001000s ]
INFO: [ view_filter ] --END-- [ RunTime:0.001000s ]
INFO: [ app_end ] --START--
INFO: Run Behavior\ShowPageTraceBehavior [ RunTime:0.000000s ]
INFO: [ app_end ] --END-- [ RunTime:0.000000s ]

[ 2017-03-07T15:50:28+08:00 ] 127.0.0.1 /index.php/Goods/index.html
INFO: [ app_init ] --START--
INFO: Run Behavior\BuildLiteBehavior [ RunTime:0.000000s ]
INFO: [ app_init ] --END-- [ RunTime:0.000000s ]
INFO: [ app_begin ] --START--
INFO: Run Behavior\ReadHtmlCacheBehavior [ RunTime:0.000000s ]
INFO: [ app_begin ] --END-- [ RunTime:0.000000s ]

[ 2017-03-07T15:50:28+08:00 ] 127.0.0.1 /index.php/Login/index
INFO: [ app_init ] --START--
INFO: Run Behavior\BuildLiteBehavior [ RunTime:0.000000s ]
INFO: [ app_init ] --END-- [ RunTime:0.001000s ]
INFO: [ app_begin ] --START--
INFO: Run Behavior\ReadHtmlCacheBehavior [ RunTime:0.000000s ]
INFO: [ app_begin ] --END-- [ RunTime:0.000000s ]
INFO: [ view_parse ] --START--
INFO: [ template_filter ] --START--
INFO: Run Behavior\ContentReplaceBehavior [ RunTime:0.000000s ]
INFO: [ template_filter ] --END-- [ RunTime:0.000000s ]
INFO: Run Behavior\ParseTemplateBehavior [ RunTime:0.005001s ]
INFO: [ view_parse ] --END-- [ RunTime:0.006001s ]
INFO: [ view_filter ] --START--
INFO: Run Behavior\WriteHtmlCacheBehavior [ RunTime:0.000000s ]
INFO: [ view_filter ] --END-- [ RunTime:0.000000s ]
INFO: [ app_end ] --START--
INFO: Run Behavior\ShowPageTraceBehavior [ RunTime:0.000000s ]
INFO: [ app_end ] --END-- [ RunTime:0.000000s ]

[ 2017-03-07T15:50:28+08:00 ] 127.0.0.1 /index.php/Login/index
INFO: [ app_init ] --START--
INFO: Run Behavior\BuildLiteBehavior [ RunTime:0.000000s ]
INFO: [ app_init ] --END-- [ RunTime:0.000000s ]
INFO: [ app_begin ] --START--
INFO: Run Behavior\ReadHtmlCacheBehavior [ RunTime:0.001000s ]
INFO: [ app_begin ] --END-- [ RunTime:0.001000s ]
INFO: [ view_parse ] --START--
INFO: [ template_filter ] --START--
INFO: Run Behavior\ContentReplaceBehavior [ RunTime:0.000000s ]
INFO: [ template_filter ] --END-- [ RunTime:0.000000s ]
INFO: Run Behavior\ParseTemplateBehavior [ RunTime:0.004000s ]
INFO: [ view_parse ] --END-- [ RunTime:0.004000s ]
INFO: [ view_filter ] --START--
INFO: Run Behavior\WriteHtmlCacheBehavior [ RunTime:0.001000s ]
INFO: [ view_filter ] --END-- [ RunTime:0.001000s ]
INFO: [ app_end ] --START--
INFO: Run Behavior\ShowPageTraceBehavior [ RunTime:0.000000s ]
INFO: [ app_end ] --END-- [ RunTime:0.000000s ]

[ 2017-03-07T15:50:32+08:00 ] 127.0.0.1 /index.php/Goods/index.html
INFO: [ app_init ] --START--
INFO: Run Behavior\BuildLiteBehavior [ RunTime:0.000000s ]
INFO: [ app_init ] --END-- [ RunTime:0.000000s ]
INFO: [ app_begin ] --START--
INFO: Run Behavior\ReadHtmlCacheBehavior [ RunTime:0.001000s ]
INFO: [ app_begin ] --END-- [ RunTime:0.001000s ]

[ 2017-03-07T15:50:32+08:00 ] 127.0.0.1 /index.php/Login/index
INFO: [ app_init ] --START--
INFO: Run Behavior\BuildLiteBehavior [ RunTime:0.000000s ]
INFO: [ app_init ] --END-- [ RunTime:0.000000s ]
INFO: [ app_begin ] --START--
INFO: Run Behavior\ReadHtmlCacheBehavior [ RunTime:0.001000s ]
INFO: [ app_begin ] --END-- [ RunTime:0.001000s ]
INFO: [ view_parse ] --START--
INFO: [ template_filter ] --START--
INFO: Run Behavior\ContentReplaceBehavior [ RunTime:0.000000s ]
INFO: [ template_filter ] --END-- [ RunTime:0.000000s ]
INFO: Run Behavior\ParseTemplateBehavior [ RunTime:0.004000s ]
INFO: [ view_parse ] --END-- [ RunTime:0.004000s ]
INFO: [ view_filter ] --START--
INFO: Run Behavior\WriteHtmlCacheBehavior [ RunTime:0.000000s ]
INFO: [ view_filter ] --END-- [ RunTime:0.000000s ]
INFO: [ app_end ] --START--
INFO: Run Behavior\ShowPageTraceBehavior [ RunTime:0.001000s ]
INFO: [ app_end ] --END-- [ RunTime:0.001000s ]

[ 2017-03-07T15:50:32+08:00 ] 127.0.0.1 /index.php/Login/index
INFO: [ app_init ] --START--
INFO: Run Behavior\BuildLiteBehavior [ RunTime:0.000000s ]
INFO: [ app_init ] --END-- [ RunTime:0.000000s ]
INFO: [ app_begin ] --START--
INFO: Run Behavior\ReadHtmlCacheBehavior [ RunTime:0.001000s ]
INFO: [ app_begin ] --END-- [ RunTime:0.001000s ]
INFO: [ view_parse ] --START--
INFO: [ template_filter ] --START--
INFO: Run Behavior\ContentReplaceBehavior [ RunTime:0.000000s ]
INFO: [ template_filter ] --END-- [ RunTime:0.000000s ]
INFO: Run Behavior\ParseTemplateBehavior [ RunTime:0.004001s ]
INFO: [ view_parse ] --END-- [ RunTime:0.004001s ]
INFO: [ view_filter ] --START--
INFO: Run Behavior\WriteHtmlCacheBehavior [ RunTime:0.000000s ]
INFO: [ view_filter ] --END-- [ RunTime:0.000000s ]
INFO: [ app_end ] --START--
INFO: Run Behavior\ShowPageTraceBehavior [ RunTime:0.001000s ]
INFO: [ app_end ] --END-- [ RunTime:0.001000s ]

[ 2017-03-07T15:50:40+08:00 ] 127.0.0.1 /index.php/Goods/index.html
INFO: [ app_init ] --START--
INFO: Run Behavior\BuildLiteBehavior [ RunTime:0.000000s ]
INFO: [ app_init ] --END-- [ RunTime:0.001000s ]
INFO: [ app_begin ] --START--
INFO: Run Behavior\ReadHtmlCacheBehavior [ RunTime:0.000000s ]
INFO: [ app_begin ] --END-- [ RunTime:0.000000s ]

[ 2017-03-07T15:50:40+08:00 ] 127.0.0.1 /index.php/Login/index
INFO: [ app_init ] --START--
INFO: Run Behavior\BuildLiteBehavior [ RunTime:0.000000s ]
INFO: [ app_init ] --END-- [ RunTime:0.000000s ]
INFO: [ app_begin ] --START--
INFO: Run Behavior\ReadHtmlCacheBehavior [ RunTime:0.001001s ]
INFO: [ app_begin ] --END-- [ RunTime:0.001001s ]
INFO: [ view_parse ] --START--
INFO: [ template_filter ] --START--
INFO: Run Behavior\ContentReplaceBehavior [ RunTime:0.000000s ]
INFO: [ template_filter ] --END-- [ RunTime:0.000000s ]
INFO: Run Behavior\ParseTemplateBehavior [ RunTime:0.004000s ]
INFO: [ view_parse ] --END-- [ RunTime:0.004000s ]
INFO: [ view_filter ] --START--
INFO: Run Behavior\WriteHtmlCacheBehavior [ RunTime:0.000000s ]
INFO: [ view_filter ] --END-- [ RunTime:0.000000s ]
INFO: [ app_end ] --START--
INFO: Run Behavior\ShowPageTraceBehavior [ RunTime:0.001000s ]
INFO: [ app_end ] --END-- [ RunTime:0.001000s ]

[ 2017-03-07T15:50:40+08:00 ] 127.0.0.1 /index.php/Login/index
INFO: [ app_init ] --START--
INFO: Run Behavior\BuildLiteBehavior [ RunTime:0.000000s ]
INFO: [ app_init ] --END-- [ RunTime:0.000000s ]
INFO: [ app_begin ] --START--
INFO: Run Behavior\ReadHtmlCacheBehavior [ RunTime:0.000000s ]
INFO: [ app_begin ] --END-- [ RunTime:0.000000s ]
INFO: [ view_parse ] --START--
INFO: [ template_filter ] --START--
INFO: Run Behavior\ContentReplaceBehavior [ RunTime:0.000000s ]
INFO: [ template_filter ] --END-- [ RunTime:0.000000s ]
INFO: Run Behavior\ParseTemplateBehavior [ RunTime:0.005001s ]
INFO: [ view_parse ] --END-- [ RunTime:0.005001s ]
INFO: [ view_filter ] --START--
INFO: Run Behavior\WriteHtmlCacheBehavior [ RunTime:0.001000s ]
INFO: [ view_filter ] --END-- [ RunTime:0.001000s ]
INFO: [ app_end ] --START--
INFO: Run Behavior\ShowPageTraceBehavior [ RunTime:0.000000s ]
INFO: [ app_end ] --END-- [ RunTime:0.000000s ]

[ 2017-03-07T15:50:46+08:00 ] 127.0.0.1 /index.php/Login/doLogin.html
INFO: [ app_init ] --START--
INFO: Run Behavior\BuildLiteBehavior [ RunTime:0.000000s ]
INFO: [ app_init ] --END-- [ RunTime:0.001000s ]
INFO: [ app_begin ] --START--
INFO: Run Behavior\ReadHtmlCacheBehavior [ RunTime:0.001000s ]
INFO: [ app_begin ] --END-- [ RunTime:0.001000s ]
SQL: SHOW COLUMNS FROM `luu_admin_user` [ RunTime:0.7480s ]
SQL: SELECT * FROM `luu_admin_user` WHERE `username` = 'admin' LIMIT 1   [ RunTime:1.0091s ]

[ 2017-03-07T15:50:46+08:00 ] 127.0.0.1 /index.php/Index/index.html
INFO: [ app_init ] --START--
INFO: Run Behavior\BuildLiteBehavior [ RunTime:0.000000s ]
INFO: [ app_init ] --END-- [ RunTime:0.000000s ]
INFO: [ app_begin ] --START--
INFO: Run Behavior\ReadHtmlCacheBehavior [ RunTime:0.001000s ]
INFO: [ app_begin ] --END-- [ RunTime:0.001000s ]
INFO: [ view_parse ] --START--
INFO: [ template_filter ] --START--
INFO: Run Behavior\ContentReplaceBehavior [ RunTime:0.000000s ]
INFO: [ template_filter ] --END-- [ RunTime:0.000000s ]
INFO: Run Behavior\ParseTemplateBehavior [ RunTime:0.052003s ]
INFO: [ view_parse ] --END-- [ RunTime:0.052003s ]
INFO: [ view_filter ] --START--
INFO: Run Behavior\WriteHtmlCacheBehavior [ RunTime:0.000000s ]
INFO: [ view_filter ] --END-- [ RunTime:0.000000s ]
INFO: [ app_end ] --START--
INFO: Run Behavior\ShowPageTraceBehavior [ RunTime:0.001000s ]
INFO: [ app_end ] --END-- [ RunTime:0.001000s ]

[ 2017-03-07T15:50:46+08:00 ] 127.0.0.1 /index.php/Index/vie.html
INFO: [ app_init ] --START--
INFO: Run Behavior\BuildLiteBehavior [ RunTime:0.000000s ]
INFO: [ app_init ] --END-- [ RunTime:0.000000s ]
INFO: [ app_begin ] --START--
INFO: Run Behavior\ReadHtmlCacheBehavior [ RunTime:0.001000s ]
INFO: [ app_begin ] --END-- [ RunTime:0.001000s ]
INFO: [ view_parse ] --START--
INFO: [ template_filter ] --START--
INFO: Run Behavior\ContentReplaceBehavior [ RunTime:0.000000s ]
INFO: [ template_filter ] --END-- [ RunTime:0.000000s ]
INFO: Run Behavior\ParseTemplateBehavior [ RunTime:0.004000s ]
INFO: [ view_parse ] --END-- [ RunTime:0.004000s ]
INFO: [ view_filter ] --START--
INFO: Run Behavior\WriteHtmlCacheBehavior [ RunTime:0.000000s ]
INFO: [ view_filter ] --END-- [ RunTime:0.000000s ]
INFO: [ app_end ] --START--
INFO: Run Behavior\ShowPageTraceBehavior [ RunTime:0.001000s ]
INFO: [ app_end ] --END-- [ RunTime:0.001000s ]

[ 2017-03-07T15:50:50+08:00 ] 127.0.0.1 /index.php/Goods/index.html
INFO: [ app_init ] --START--
INFO: Run Behavior\BuildLiteBehavior [ RunTime:0.000000s ]
INFO: [ app_init ] --END-- [ RunTime:0.001000s ]
INFO: [ app_begin ] --START--
INFO: Run Behavior\ReadHtmlCacheBehavior [ RunTime:0.001000s ]
INFO: [ app_begin ] --END-- [ RunTime:0.001000s ]
SQL: SHOW COLUMNS FROM `luu_goods` [ RunTime:0.1300s ]
SQL: SELECT COUNT(*) AS tp_count FROM `luu_goods` LIMIT 1   [ RunTime:0.1510s ]
SQL: SELECT `id`,`name`,`pic`,`price`,`desc`,`status`,`category_id` FROM `luu_goods` ORDER BY id DESC LIMIT 0,10   [ RunTime:0.1250s ]
SQL: SHOW COLUMNS FROM `luu_goods_category` [ RunTime:0.0930s ]
SQL: SELECT `name` FROM `luu_goods_category` WHERE ( id=6 ) LIMIT 1   [ RunTime:0.0580s ]
SQL: SHOW COLUMNS FROM `luu_takeout_ext` [ RunTime:0.0290s ]
SQL: SELECT `week` FROM `luu_takeout_ext` WHERE ( good_id=102 ) LIMIT 1   [ RunTime:0.0920s ]
SQL: SELECT `name` FROM `luu_goods_category` WHERE ( id=6 ) LIMIT 1   [ RunTime:0.0000s ]
SQL: SELECT `week` FROM `luu_takeout_ext` WHERE ( good_id=101 ) LIMIT 1   [ RunTime:0.0010s ]
SQL: SELECT `name` FROM `luu_goods_category` WHERE ( id=6 ) LIMIT 1   [ RunTime:0.0000s ]
SQL: SELECT `week` FROM `luu_takeout_ext` WHERE ( good_id=100 ) LIMIT 1   [ RunTime:0.0010s ]
SQL: SELECT `name` FROM `luu_goods_category` WHERE ( id=6 ) LIMIT 1   [ RunTime:0.0000s ]
SQL: SELECT `week` FROM `luu_takeout_ext` WHERE ( good_id=99 ) LIMIT 1   [ RunTime:0.0000s ]
SQL: SELECT `name` FROM `luu_goods_category` WHERE ( id=6 ) LIMIT 1   [ RunTime:0.0010s ]
SQL: SELECT `week` FROM `luu_takeout_ext` WHERE ( good_id=98 ) LIMIT 1   [ RunTime:0.0000s ]
SQL: SELECT `name` FROM `luu_goods_category` WHERE ( id=6 ) LIMIT 1   [ RunTime:0.0000s ]
SQL: SELECT `week` FROM `luu_takeout_ext` WHERE ( good_id=97 ) LIMIT 1   [ RunTime:0.0010s ]
SQL: SELECT `name` FROM `luu_goods_category` WHERE ( id=6 ) LIMIT 1   [ RunTime:0.0000s ]
SQL: SELECT `week` FROM `luu_takeout_ext` WHERE ( good_id=96 ) LIMIT 1   [ RunTime:0.0000s ]
SQL: SELECT `name` FROM `luu_goods_category` WHERE ( id=6 ) LIMIT 1   [ RunTime:0.0000s ]
SQL: SELECT `week` FROM `luu_takeout_ext` WHERE ( good_id=95 ) LIMIT 1   [ RunTime:0.0000s ]
SQL: SELECT `name` FROM `luu_goods_category` WHERE ( id=6 ) LIMIT 1   [ RunTime:0.0000s ]
SQL: SELECT `week` FROM `luu_takeout_ext` WHERE ( good_id=94 ) LIMIT 1   [ RunTime:0.0000s ]
SQL: SELECT `name` FROM `luu_goods_category` WHERE ( id=6 ) LIMIT 1   [ RunTime:0.0010s ]
SQL: SELECT `week` FROM `luu_takeout_ext` WHERE ( good_id=93 ) LIMIT 1   [ RunTime:0.0000s ]
SQL: SELECT `id`,`name` FROM `luu_goods_category`  [ RunTime:0.0000s ]
INFO: [ view_parse ] --START--
INFO: [ template_filter ] --START--
INFO: Run Behavior\ContentReplaceBehavior [ RunTime:0.000000s ]
INFO: [ template_filter ] --END-- [ RunTime:0.000000s ]
NOTIC: [8] Undefined variable: shop_id D:\phpStudy\WWW\lyfuuudemo\Application\Runtime\Cache\Home\63839bc489ada1b251c78e0251f28b7d.php 第 45 行.
NOTIC: [8] Undefined index: name D:\phpStudy\WWW\lyfuuudemo\Application\Runtime\Cache\Home\63839bc489ada1b251c78e0251f28b7d.php 第 59 行.
NOTIC: [8] Undefined index: status D:\phpStudy\WWW\lyfuuudemo\Application\Runtime\Cache\Home\63839bc489ada1b251c78e0251f28b7d.php 第 64 行.
NOTIC: [8] Undefined index: status D:\phpStudy\WWW\lyfuuudemo\Application\Runtime\Cache\Home\63839bc489ada1b251c78e0251f28b7d.php 第 65 行.
NOTIC: [8] Undefined index: status D:\phpStudy\WWW\lyfuuudemo\Application\Runtime\Cache\Home\63839bc489ada1b251c78e0251f28b7d.php 第 65 行.
NOTIC: [8] Undefined index: category_id D:\phpStudy\WWW\lyfuuudemo\Application\Runtime\Cache\Home\63839bc489ada1b251c78e0251f28b7d.php 第 71 行.
NOTIC: [8] Undefined index: category_id D:\phpStudy\WWW\lyfuuudemo\Application\Runtime\Cache\Home\63839bc489ada1b251c78e0251f28b7d.php 第 71 行.
NOTIC: [8] Undefined index: category_id D:\phpStudy\WWW\lyfuuudemo\Application\Runtime\Cache\Home\63839bc489ada1b251c78e0251f28b7d.php 第 71 行.
NOTIC: [8] Undefined index: category_id D:\phpStudy\WWW\lyfuuudemo\Application\Runtime\Cache\Home\63839bc489ada1b251c78e0251f28b7d.php 第 71 行.
NOTIC: [8] Undefined index: category_id D:\phpStudy\WWW\lyfuuudemo\Application\Runtime\Cache\Home\63839bc489ada1b251c78e0251f28b7d.php 第 71 行.
NOTIC: [8] Undefined index: category_id D:\phpStudy\WWW\lyfuuudemo\Application\Runtime\Cache\Home\63839bc489ada1b251c78e0251f28b7d.php 第 71 行.
NOTIC: [8] Undefined index: category_id D:\phpStudy\WWW\lyfuuudemo\Application\Runtime\Cache\Home\63839bc489ada1b251c78e0251f28b7d.php 第 71 行.
INFO: Run Behavior\ParseTemplateBehavior [ RunTime:0.081004s ]
INFO: [ view_parse ] --END-- [ RunTime:0.081004s ]
INFO: [ view_filter ] --START--
INFO: Run Behavior\WriteHtmlCacheBehavior [ RunTime:0.000000s ]
INFO: [ view_filter ] --END-- [ RunTime:0.001000s ]
INFO: [ app_end ] --START--
INFO: Run Behavior\ShowPageTraceBehavior [ RunTime:0.001000s ]
INFO: [ app_end ] --END-- [ RunTime:0.001000s ]

[ 2017-03-07T15:50:56+08:00 ] 127.0.0.1 /index.php/Goods/index.html
INFO: [ app_init ] --START--
INFO: Run Behavior\BuildLiteBehavior [ RunTime:0.000000s ]
INFO: [ app_init ] --END-- [ RunTime:0.001000s ]
INFO: [ app_begin ] --START--
INFO: Run Behavior\ReadHtmlCacheBehavior [ RunTime:0.000000s ]
INFO: [ app_begin ] --END-- [ RunTime:0.000000s ]
SQL: SHOW COLUMNS FROM `luu_goods` [ RunTime:0.0090s ]
SQL: SELECT COUNT(*) AS tp_count FROM `luu_goods` LIMIT 1   [ RunTime:0.0000s ]
SQL: SELECT `id`,`name`,`pic`,`price`,`desc`,`status`,`category_id` FROM `luu_goods` ORDER BY id DESC LIMIT 0,10   [ RunTime:0.0010s ]
SQL: SHOW COLUMNS FROM `luu_goods_category` [ RunTime:0.0080s ]
SQL: SELECT `name` FROM `luu_goods_category` WHERE ( id=6 ) LIMIT 1   [ RunTime:0.0000s ]
SQL: SHOW COLUMNS FROM `luu_takeout_ext` [ RunTime:0.0080s ]
SQL: SELECT `week` FROM `luu_takeout_ext` WHERE ( good_id=102 ) LIMIT 1   [ RunTime:0.0130s ]
SQL: SELECT `name` FROM `luu_goods_category` WHERE ( id=6 ) LIMIT 1   [ RunTime:0.0010s ]
SQL: SELECT `week` FROM `luu_takeout_ext` WHERE ( good_id=101 ) LIMIT 1   [ RunTime:0.0000s ]
SQL: SELECT `name` FROM `luu_goods_category` WHERE ( id=6 ) LIMIT 1   [ RunTime:0.0000s ]
SQL: SELECT `week` FROM `luu_takeout_ext` WHERE ( good_id=100 ) LIMIT 1   [ RunTime:0.0010s ]
SQL: SELECT `name` FROM `luu_goods_category` WHERE ( id=6 ) LIMIT 1   [ RunTime:0.0000s ]
SQL: SELECT `week` FROM `luu_takeout_ext` WHERE ( good_id=99 ) LIMIT 1   [ RunTime:0.0000s ]
SQL: SELECT `name` FROM `luu_goods_category` WHERE ( id=6 ) LIMIT 1   [ RunTime:0.0010s ]
SQL: SELECT `week` FROM `luu_takeout_ext` WHERE ( good_id=98 ) LIMIT 1   [ RunTime:0.0000s ]
SQL: SELECT `name` FROM `luu_goods_category` WHERE ( id=6 ) LIMIT 1   [ RunTime:0.0000s ]
SQL: SELECT `week` FROM `luu_takeout_ext` WHERE ( good_id=97 ) LIMIT 1   [ RunTime:0.0010s ]
SQL: SELECT `name` FROM `luu_goods_category` WHERE ( id=6 ) LIMIT 1   [ RunTime:0.0000s ]
SQL: SELECT `week` FROM `luu_takeout_ext` WHERE ( good_id=96 ) LIMIT 1   [ RunTime:0.0000s ]
SQL: SELECT `name` FROM `luu_goods_category` WHERE ( id=6 ) LIMIT 1   [ RunTime:0.0000s ]
SQL: SELECT `week` FROM `luu_takeout_ext` WHERE ( good_id=95 ) LIMIT 1   [ RunTime:0.0000s ]
SQL: SELECT `name` FROM `luu_goods_category` WHERE ( id=6 ) LIMIT 1   [ RunTime:0.0010s ]
SQL: SELECT `week` FROM `luu_takeout_ext` WHERE ( good_id=94 ) LIMIT 1   [ RunTime:0.0000s ]
SQL: SELECT `name` FROM `luu_goods_category` WHERE ( id=6 ) LIMIT 1   [ RunTime:0.0000s ]
SQL: SELECT `week` FROM `luu_takeout_ext` WHERE ( good_id=93 ) LIMIT 1   [ RunTime:0.0010s ]
SQL: SELECT `id`,`name` FROM `luu_goods_category`  [ RunTime:0.0000s ]
INFO: [ view_parse ] --START--
INFO: [ template_filter ] --START--
INFO: Run Behavior\ContentReplaceBehavior [ RunTime:0.000000s ]
INFO: [ template_filter ] --END-- [ RunTime:0.000000s ]
NOTIC: [8] Undefined variable: shop_id D:\phpStudy\WWW\lyfuuudemo\Application\Runtime\Cache\Home\63839bc489ada1b251c78e0251f28b7d.php 第 45 行.
NOTIC: [8] Undefined index: name D:\phpStudy\WWW\lyfuuudemo\Application\Runtime\Cache\Home\63839bc489ada1b251c78e0251f28b7d.php 第 59 行.
NOTIC: [8] Undefined index: status D:\phpStudy\WWW\lyfuuudemo\Application\Runtime\Cache\Home\63839bc489ada1b251c78e0251f28b7d.php 第 64 行.
NOTIC: [8] Undefined index: status D:\phpStudy\WWW\lyfuuudemo\Application\Runtime\Cache\Home\63839bc489ada1b251c78e0251f28b7d.php 第 65 行.
NOTIC: [8] Undefined index: status D:\phpStudy\WWW\lyfuuudemo\Application\Runtime\Cache\Home\63839bc489ada1b251c78e0251f28b7d.php 第 65 行.
NOTIC: [8] Undefined index: category_id D:\phpStudy\WWW\lyfuuudemo\Application\Runtime\Cache\Home\63839bc489ada1b251c78e0251f28b7d.php 第 71 行.
NOTIC: [8] Undefined index: category_id D:\phpStudy\WWW\lyfuuudemo\Application\Runtime\Cache\Home\63839bc489ada1b251c78e0251f28b7d.php 第 71 行.
NOTIC: [8] Undefined index: category_id D:\phpStudy\WWW\lyfuuudemo\Application\Runtime\Cache\Home\63839bc489ada1b251c78e0251f28b7d.php 第 71 行.
NOTIC: [8] Undefined index: category_id D:\phpStudy\WWW\lyfuuudemo\Application\Runtime\Cache\Home\63839bc489ada1b251c78e0251f28b7d.php 第 71 行.
NOTIC: [8] Undefined index: category_id D:\phpStudy\WWW\lyfuuudemo\Application\Runtime\Cache\Home\63839bc489ada1b251c78e0251f28b7d.php 第 71 行.
NOTIC: [8] Undefined index: category_id D:\phpStudy\WWW\lyfuuudemo\Application\Runtime\Cache\Home\63839bc489ada1b251c78e0251f28b7d.php 第 71 行.
NOTIC: [8] Undefined index: category_id D:\phpStudy\WWW\lyfuuudemo\Application\Runtime\Cache\Home\63839bc489ada1b251c78e0251f28b7d.php 第 71 行.
INFO: Run Behavior\ParseTemplateBehavior [ RunTime:0.011001s ]
INFO: [ view_parse ] --END-- [ RunTime:0.011001s ]
INFO: [ view_filter ] --START--
INFO: Run Behavior\WriteHtmlCacheBehavior [ RunTime:0.000000s ]
INFO: [ view_filter ] --END-- [ RunTime:0.000000s ]
INFO: [ app_end ] --START--
INFO: Run Behavior\ShowPageTraceBehavior [ RunTime:0.001000s ]
INFO: [ app_end ] --END-- [ RunTime:0.001000s ]

[ 2017-03-07T15:50:59+08:00 ] 127.0.0.1 /index.php/Login/doLoginout.html
INFO: [ app_init ] --START--
INFO: Run Behavior\BuildLiteBehavior [ RunTime:0.000000s ]
INFO: [ app_init ] --END-- [ RunTime:0.000000s ]
INFO: [ app_begin ] --START--
INFO: Run Behavior\ReadHtmlCacheBehavior [ RunTime:0.000000s ]
INFO: [ app_begin ] --END-- [ RunTime:0.000000s ]

[ 2017-03-07T15:51:00+08:00 ] 127.0.0.1 /index.php/Login/index.html
INFO: [ app_init ] --START--
INFO: Run Behavior\BuildLiteBehavior [ RunTime:0.000000s ]
INFO: [ app_init ] --END-- [ RunTime:0.001000s ]
INFO: [ app_begin ] --START--
INFO: Run Behavior\ReadHtmlCacheBehavior [ RunTime:0.000000s ]
INFO: [ app_begin ] --END-- [ RunTime:0.000000s ]
INFO: [ view_parse ] --START--
INFO: [ template_filter ] --START--
INFO: Run Behavior\ContentReplaceBehavior [ RunTime:0.000000s ]
INFO: [ template_filter ] --END-- [ RunTime:0.000000s ]
INFO: Run Behavior\ParseTemplateBehavior [ RunTime:0.006000s ]
INFO: [ view_parse ] --END-- [ RunTime:0.006000s ]
INFO: [ view_filter ] --START--
INFO: Run Behavior\WriteHtmlCacheBehavior [ RunTime:0.000000s ]
INFO: [ view_filter ] --END-- [ RunTime:0.000000s ]
INFO: [ app_end ] --START--
INFO: Run Behavior\ShowPageTraceBehavior [ RunTime:0.001001s ]
INFO: [ app_end ] --END-- [ RunTime:0.001001s ]

[ 2017-03-07T15:51:02+08:00 ] 127.0.0.1 /index.php/Goods/index.html
INFO: [ app_init ] --START--
INFO: Run Behavior\BuildLiteBehavior [ RunTime:0.000000s ]
INFO: [ app_init ] --END-- [ RunTime:0.000000s ]
INFO: [ app_begin ] --START--
INFO: Run Behavior\ReadHtmlCacheBehavior [ RunTime:0.000000s ]
INFO: [ app_begin ] --END-- [ RunTime:0.000000s ]

[ 2017-03-07T15:51:02+08:00 ] 127.0.0.1 /index.php/Login/index
INFO: [ app_init ] --START--
INFO: Run Behavior\BuildLiteBehavior [ RunTime:0.000000s ]
INFO: [ app_init ] --END-- [ RunTime:0.000000s ]
INFO: [ app_begin ] --START--
INFO: Run Behavior\ReadHtmlCacheBehavior [ RunTime:0.000000s ]
INFO: [ app_begin ] --END-- [ RunTime:0.000000s ]
INFO: [ view_parse ] --START--
INFO: [ template_filter ] --START--
INFO: Run Behavior\ContentReplaceBehavior [ RunTime:0.000000s ]
INFO: [ template_filter ] --END-- [ RunTime:0.000000s ]
INFO: Run Behavior\ParseTemplateBehavior [ RunTime:0.005001s ]
INFO: [ view_parse ] --END-- [ RunTime:0.005001s ]
INFO: [ view_filter ] --START--
INFO: Run Behavior\WriteHtmlCacheBehavior [ RunTime:0.000000s ]
INFO: [ view_filter ] --END-- [ RunTime:0.000000s ]
INFO: [ app_end ] --START--
INFO: Run Behavior\ShowPageTraceBehavior [ RunTime:0.000000s ]
INFO: [ app_end ] --END-- [ RunTime:0.000000s ]

[ 2017-03-07T15:53:03+08:00 ] 127.0.0.1 /index.php/Login/doLogin.html
INFO: [ app_init ] --START--
INFO: Run Behavior\BuildLiteBehavior [ RunTime:0.000000s ]
INFO: [ app_init ] --END-- [ RunTime:0.000000s ]
INFO: [ app_begin ] --START--
INFO: Run Behavior\ReadHtmlCacheBehavior [ RunTime:0.000000s ]
INFO: [ app_begin ] --END-- [ RunTime:0.000000s ]
SQL: SHOW COLUMNS FROM `luu_admin_user` [ RunTime:0.0100s ]
SQL: SELECT * FROM `luu_admin_user` WHERE `username` = 'admin' LIMIT 1   [ RunTime:0.0000s ]

[ 2017-03-07T15:53:03+08:00 ] 127.0.0.1 /index.php/Index/index.html
INFO: [ app_init ] --START--
INFO: Run Behavior\BuildLiteBehavior [ RunTime:0.000000s ]
INFO: [ app_init ] --END-- [ RunTime:0.000000s ]
INFO: [ app_begin ] --START--
INFO: Run Behavior\ReadHtmlCacheBehavior [ RunTime:0.000000s ]
INFO: [ app_begin ] --END-- [ RunTime:0.000000s ]
INFO: [ view_parse ] --START--
INFO: [ template_filter ] --START--
INFO: Run Behavior\ContentReplaceBehavior [ RunTime:0.000000s ]
INFO: [ template_filter ] --END-- [ RunTime:0.000000s ]
INFO: Run Behavior\ParseTemplateBehavior [ RunTime:0.010000s ]
INFO: [ view_parse ] --END-- [ RunTime:0.010000s ]
INFO: [ view_filter ] --START--
INFO: Run Behavior\WriteHtmlCacheBehavior [ RunTime:0.000000s ]
INFO: [ view_filter ] --END-- [ RunTime:0.000000s ]
INFO: [ app_end ] --START--
INFO: Run Behavior\ShowPageTraceBehavior [ RunTime:0.000000s ]
INFO: [ app_end ] --END-- [ RunTime:0.000000s ]

[ 2017-03-07T15:53:03+08:00 ] 127.0.0.1 /index.php/Index/vie.html
INFO: [ app_init ] --START--
INFO: Run Behavior\BuildLiteBehavior [ RunTime:0.000000s ]
INFO: [ app_init ] --END-- [ RunTime:0.000000s ]
INFO: [ app_begin ] --START--
INFO: Run Behavior\ReadHtmlCacheBehavior [ RunTime:0.000000s ]
INFO: [ app_begin ] --END-- [ RunTime:0.000000s ]
INFO: [ view_parse ] --START--
INFO: [ template_filter ] --START--
INFO: Run Behavior\ContentReplaceBehavior [ RunTime:0.000000s ]
INFO: [ template_filter ] --END-- [ RunTime:0.000000s ]
INFO: Run Behavior\ParseTemplateBehavior [ RunTime:0.000000s ]
INFO: [ view_parse ] --END-- [ RunTime:0.000000s ]
INFO: [ view_filter ] --START--
INFO: Run Behavior\WriteHtmlCacheBehavior [ RunTime:0.000000s ]
INFO: [ view_filter ] --END-- [ RunTime:0.000000s ]
INFO: [ app_end ] --START--
INFO: Run Behavior\ShowPageTraceBehavior [ RunTime:0.000000s ]
INFO: [ app_end ] --END-- [ RunTime:0.000000s ]

