[ 2016-12-08T09:43:22+08:00 ] 115.60.20.122 /api.php/File/upfile.html
INFO: [ app_init ] --START--
INFO: Run Behavior\BuildLiteBehavior [ RunTime:0.000012s ]
INFO: [ app_init ] --END-- [ RunTime:0.000326s ]
INFO: [ app_begin ] --START--
INFO: Run Behavior\ReadHtmlCacheBehavior [ RunTime:0.000371s ]
INFO: [ app_begin ] --END-- [ RunTime:0.000434s ]
NOTIC: [8] Undefined index: rootPath /data/web/lysf/public_html/Application/Api/Controller/FileController.class.php 第 22 行.
NOTIC: [2] call_user_func() expects parameter 1 to be a valid callback, no array or string given /data/web/lysf/public_html/ThinkPHP/Library/Think/Upload.class.php 第 170 行.
INFO: [ app_end ] --START--
INFO: Run Behavior\ShowPageTraceBehavior [ RunTime:0.000409s ]
INFO: [ app_end ] --END-- [ RunTime:0.000467s ]

[ 2016-12-08T09:49:10+08:00 ] 115.60.20.122 /api.php/File/upfile.html
INFO: [ app_init ] --START--
INFO: Run Behavior\BuildLiteBehavior [ RunTime:0.000012s ]
INFO: [ app_init ] --END-- [ RunTime:0.000290s ]
INFO: [ app_begin ] --START--
INFO: Run Behavior\ReadHtmlCacheBehavior [ RunTime:0.000415s ]
INFO: [ app_begin ] --END-- [ RunTime:0.000458s ]
NOTIC: [8] Undefined index: rootPath /data/web/lysf/public_html/Application/Api/Controller/FileController.class.php 第 22 行.
NOTIC: [2] call_user_func() expects parameter 1 to be a valid callback, no array or string given /data/web/lysf/public_html/ThinkPHP/Library/Think/Upload.class.php 第 170 行.
INFO: [ app_end ] --START--
INFO: Run Behavior\ShowPageTraceBehavior [ RunTime:0.000368s ]
INFO: [ app_end ] --END-- [ RunTime:0.000411s ]

[ 2016-12-08T09:49:59+08:00 ] 115.60.20.122 /api.php/File/upfile.html
INFO: [ app_init ] --START--
INFO: Run Behavior\BuildLiteBehavior [ RunTime:0.000013s ]
INFO: [ app_init ] --END-- [ RunTime:0.000290s ]
INFO: [ app_begin ] --START--
INFO: Run Behavior\ReadHtmlCacheBehavior [ RunTime:0.000409s ]
INFO: [ app_begin ] --END-- [ RunTime:0.000450s ]
NOTIC: [8] Undefined index: rootPath /data/web/lysf/public_html/Application/Api/Controller/FileController.class.php 第 22 行.
NOTIC: [2] call_user_func() expects parameter 1 to be a valid callback, no array or string given /data/web/lysf/public_html/ThinkPHP/Library/Think/Upload.class.php 第 170 行.
INFO: [ app_end ] --START--
INFO: Run Behavior\ShowPageTraceBehavior [ RunTime:0.000401s ]
INFO: [ app_end ] --END-- [ RunTime:0.000448s ]

[ 2016-12-08T10:11:31+08:00 ] 115.60.20.122 /api.php/File/upfile.html
INFO: [ app_init ] --START--
INFO: Run Behavior\BuildLiteBehavior [ RunTime:0.000013s ]
INFO: [ app_init ] --END-- [ RunTime:0.000290s ]
INFO: [ app_begin ] --START--
INFO: Run Behavior\ReadHtmlCacheBehavior [ RunTime:0.000357s ]
INFO: [ app_begin ] --END-- [ RunTime:0.000399s ]
NOTIC: [8] Undefined index: rootPath /data/web/lysf/public_html/Application/Api/Controller/FileController.class.php 第 22 行.
NOTIC: [2] call_user_func() expects parameter 1 to be a valid callback, no array or string given /data/web/lysf/public_html/ThinkPHP/Library/Think/Upload.class.php 第 170 行.
INFO: [ app_end ] --START--
INFO: Run Behavior\ShowPageTraceBehavior [ RunTime:0.000401s ]
INFO: [ app_end ] --END-- [ RunTime:0.000450s ]

[ 2016-12-08T10:22:56+08:00 ] 115.60.20.122 /api.php/File/upfile.html
INFO: [ app_init ] --START--
INFO: Run Behavior\BuildLiteBehavior [ RunTime:0.000013s ]
INFO: [ app_init ] --END-- [ RunTime:0.000317s ]
INFO: [ app_begin ] --START--
INFO: Run Behavior\ReadHtmlCacheBehavior [ RunTime:0.000359s ]
INFO: [ app_begin ] --END-- [ RunTime:0.000400s ]
NOTIC: [8] Undefined index: path /data/web/lysf/public_html/Application/Api/Controller/FileController.class.php 第 20 行.
NOTIC: [8] Undefined index: rootPath /data/web/lysf/public_html/Application/Api/Controller/FileController.class.php 第 22 行.
NOTIC: [2] call_user_func() expects parameter 1 to be a valid callback, no array or string given /data/web/lysf/public_html/ThinkPHP/Library/Think/Upload.class.php 第 170 行.
INFO: [ app_end ] --START--
INFO: Run Behavior\ShowPageTraceBehavior [ RunTime:0.000369s ]
INFO: [ app_end ] --END-- [ RunTime:0.000422s ]

[ 2016-12-08T10:23:59+08:00 ] 115.60.20.122 /api.php/File/upfile.html
INFO: [ app_init ] --START--
INFO: Run Behavior\BuildLiteBehavior [ RunTime:0.000017s ]
INFO: [ app_init ] --END-- [ RunTime:0.000341s ]
INFO: [ app_begin ] --START--
INFO: Run Behavior\ReadHtmlCacheBehavior [ RunTime:0.000588s ]
INFO: [ app_begin ] --END-- [ RunTime:0.000655s ]
NOTIC: [8] Undefined index: path /data/web/lysf/public_html/Application/Api/Controller/FileController.class.php 第 20 行.
NOTIC: [8] Undefined index: rootPath /data/web/lysf/public_html/Application/Api/Controller/FileController.class.php 第 22 行.
NOTIC: [2] call_user_func() expects parameter 1 to be a valid callback, no array or string given /data/web/lysf/public_html/ThinkPHP/Library/Think/Upload.class.php 第 170 行.
INFO: [ app_end ] --START--
INFO: Run Behavior\ShowPageTraceBehavior [ RunTime:0.000430s ]
INFO: [ app_end ] --END-- [ RunTime:0.000474s ]

[ 2016-12-08T10:26:49+08:00 ] 115.60.20.122 /api.php/File/upfile.html
INFO: [ app_init ] --START--
INFO: Run Behavior\BuildLiteBehavior [ RunTime:0.000037s ]
INFO: [ app_init ] --END-- [ RunTime:0.000309s ]
INFO: [ app_begin ] --START--
INFO: Run Behavior\ReadHtmlCacheBehavior [ RunTime:0.000463s ]
INFO: [ app_begin ] --END-- [ RunTime:0.000525s ]
NOTIC: [8] Undefined index: path /data/web/lysf/public_html/Application/Api/Controller/FileController.class.php 第 20 行.
NOTIC: [8] Undefined index: rootPath /data/web/lysf/public_html/Application/Api/Controller/FileController.class.php 第 22 行.
NOTIC: [2] call_user_func() expects parameter 1 to be a valid callback, no array or string given /data/web/lysf/public_html/ThinkPHP/Library/Think/Upload.class.php 第 170 行.

[ 2016-12-08T10:32:06+08:00 ] 115.60.20.122 /api.php/File/upfile.html
INFO: [ app_init ] --START--
INFO: Run Behavior\BuildLiteBehavior [ RunTime:0.000012s ]
INFO: [ app_init ] --END-- [ RunTime:0.000319s ]
INFO: [ app_begin ] --START--
INFO: Run Behavior\ReadHtmlCacheBehavior [ RunTime:0.000391s ]
INFO: [ app_begin ] --END-- [ RunTime:0.000434s ]
NOTIC: [8] Undefined index: path /data/web/lysf/public_html/Application/Api/Controller/FileController.class.php 第 20 行.
NOTIC: [8] Undefined index: rootPath /data/web/lysf/public_html/Application/Api/Controller/FileController.class.php 第 22 行.
NOTIC: [2] call_user_func() expects parameter 1 to be a valid callback, no array or string given /data/web/lysf/public_html/ThinkPHP/Library/Think/Upload.class.php 第 170 行.

[ 2016-12-08T10:33:45+08:00 ] 115.60.20.122 /api.php/File/upfile.html
INFO: [ app_init ] --START--
INFO: Run Behavior\BuildLiteBehavior [ RunTime:0.000012s ]
INFO: [ app_init ] --END-- [ RunTime:0.000281s ]
INFO: [ app_begin ] --START--
INFO: Run Behavior\ReadHtmlCacheBehavior [ RunTime:0.000366s ]
INFO: [ app_begin ] --END-- [ RunTime:0.000407s ]
NOTIC: [8] Undefined index: path /data/web/lysf/public_html/Application/Api/Controller/FileController.class.php 第 20 行.
NOTIC: [8] Undefined index: rootPath /data/web/lysf/public_html/Application/Api/Controller/FileController.class.php 第 22 行.
NOTIC: [2] call_user_func() expects parameter 1 to be a valid callback, no array or string given /data/web/lysf/public_html/ThinkPHP/Library/Think/Upload.class.php 第 170 行.

[ 2016-12-08T10:34:03+08:00 ] 115.60.20.122 /api.php/File/upfile.html
INFO: [ app_init ] --START--
INFO: Run Behavior\BuildLiteBehavior [ RunTime:0.000012s ]
INFO: [ app_init ] --END-- [ RunTime:0.000289s ]
INFO: [ app_begin ] --START--
INFO: Run Behavior\ReadHtmlCacheBehavior [ RunTime:0.000483s ]
INFO: [ app_begin ] --END-- [ RunTime:0.000543s ]
NOTIC: [8] Undefined index: path /data/web/lysf/public_html/Application/Api/Controller/FileController.class.php 第 20 行.
NOTIC: [8] Undefined index: rootPath /data/web/lysf/public_html/Application/Api/Controller/FileController.class.php 第 22 行.
NOTIC: [2] call_user_func() expects parameter 1 to be a valid callback, no array or string given /data/web/lysf/public_html/ThinkPHP/Library/Think/Upload.class.php 第 170 行.

[ 2016-12-08T10:36:53+08:00 ] 115.60.20.122 /api.php/File/upfile.html
INFO: [ app_init ] --START--
INFO: Run Behavior\BuildLiteBehavior [ RunTime:0.000013s ]
INFO: [ app_init ] --END-- [ RunTime:0.000292s ]
INFO: [ app_begin ] --START--
INFO: Run Behavior\ReadHtmlCacheBehavior [ RunTime:0.000401s ]
INFO: [ app_begin ] --END-- [ RunTime:0.000444s ]
NOTIC: [8] Undefined index: path /data/web/lysf/public_html/Application/Api/Controller/FileController.class.php 第 20 行.
NOTIC: [8] Undefined index: rootPath /data/web/lysf/public_html/Application/Api/Controller/FileController.class.php 第 22 行.
NOTIC: [2] call_user_func() expects parameter 1 to be a valid callback, no array or string given /data/web/lysf/public_html/ThinkPHP/Library/Think/Upload.class.php 第 170 行.

[ 2016-12-08T10:37:58+08:00 ] 115.60.20.122 /api.php/File/upfile.html
INFO: [ app_init ] --START--
INFO: Run Behavior\BuildLiteBehavior [ RunTime:0.000013s ]
INFO: [ app_init ] --END-- [ RunTime:0.000300s ]
INFO: [ app_begin ] --START--
INFO: Run Behavior\ReadHtmlCacheBehavior [ RunTime:0.000379s ]
INFO: [ app_begin ] --END-- [ RunTime:0.000422s ]
NOTIC: [8] Undefined index: path /data/web/lysf/public_html/Application/Api/Controller/FileController.class.php 第 20 行.
NOTIC: [8] Undefined index: rootPath /data/web/lysf/public_html/Application/Api/Controller/FileController.class.php 第 22 行.
NOTIC: [2] call_user_func() expects parameter 1 to be a valid callback, no array or string given /data/web/lysf/public_html/ThinkPHP/Library/Think/Upload.class.php 第 170 行.

[ 2016-12-08T11:58:25+08:00 ] 115.60.20.122 /api.php/File/upfile.html
INFO: [ app_init ] --START--
INFO: Run Behavior\BuildLiteBehavior [ RunTime:0.000013s ]
INFO: [ app_init ] --END-- [ RunTime:0.000322s ]
INFO: [ app_begin ] --START--
INFO: Run Behavior\ReadHtmlCacheBehavior [ RunTime:0.000355s ]
INFO: [ app_begin ] --END-- [ RunTime:0.000394s ]
NOTIC: [8] Undefined index: rootPath /data/web/lysf/public_html/Application/Api/Controller/FileController.class.php 第 22 行.

[ 2016-12-08T11:59:10+08:00 ] 115.60.20.122 /api.php/File/upfile.html
INFO: [ app_init ] --START--
INFO: Run Behavior\BuildLiteBehavior [ RunTime:0.000013s ]
INFO: [ app_init ] --END-- [ RunTime:0.000406s ]
INFO: [ app_begin ] --START--
INFO: Run Behavior\ReadHtmlCacheBehavior [ RunTime:0.000425s ]
INFO: [ app_begin ] --END-- [ RunTime:0.000467s ]
NOTIC: [8] Undefined index: rootPath /data/web/lysf/public_html/Application/Api/Controller/FileController.class.php 第 22 行.

[ 2016-12-08T12:45:52+08:00 ] 115.60.20.122 /api.php/File/upfile.html
INFO: [ app_init ] --START--
INFO: Run Behavior\BuildLiteBehavior [ RunTime:0.000012s ]
INFO: [ app_init ] --END-- [ RunTime:0.000331s ]
INFO: [ app_begin ] --START--
INFO: Run Behavior\ReadHtmlCacheBehavior [ RunTime:0.000389s ]
INFO: [ app_begin ] --END-- [ RunTime:0.000427s ]
NOTIC: [8] Undefined index: rootPath /data/web/lysf/public_html/Application/Api/Controller/FileController.class.php 第 22 行.

[ 2016-12-08T13:35:01+08:00 ] 123.149.210.55 /api.php/File/upfile.html
INFO: [ app_init ] --START--
INFO: Run Behavior\BuildLiteBehavior [ RunTime:0.000012s ]
INFO: [ app_init ] --END-- [ RunTime:0.000289s ]
INFO: [ app_begin ] --START--
INFO: Run Behavior\ReadHtmlCacheBehavior [ RunTime:0.000376s ]
INFO: [ app_begin ] --END-- [ RunTime:0.000429s ]
NOTIC: [8] Undefined index: rootPath /data/web/lysf/public_html/Application/Api/Controller/FileController.class.php 第 22 行.
NOTIC: [2] call_user_func() expects parameter 1 to be a valid callback, no array or string given /data/web/lysf/public_html/ThinkPHP/Library/Think/Upload.class.php 第 170 行.

[ 2016-12-08T13:35:22+08:00 ] 123.149.210.55 /api.php/File/upfile.html
INFO: [ app_init ] --START--
INFO: Run Behavior\BuildLiteBehavior [ RunTime:0.000011s ]
INFO: [ app_init ] --END-- [ RunTime:0.000279s ]
INFO: [ app_begin ] --START--
INFO: Run Behavior\ReadHtmlCacheBehavior [ RunTime:0.000366s ]
INFO: [ app_begin ] --END-- [ RunTime:0.000404s ]
NOTIC: [8] Undefined index: rootPath /data/web/lysf/public_html/Application/Api/Controller/FileController.class.php 第 22 行.
NOTIC: [2] call_user_func() expects parameter 1 to be a valid callback, no array or string given /data/web/lysf/public_html/ThinkPHP/Library/Think/Upload.class.php 第 170 行.

[ 2016-12-08T13:35:54+08:00 ] 123.149.210.55 /api.php/File/upfile.html
INFO: [ app_init ] --START--
INFO: Run Behavior\BuildLiteBehavior [ RunTime:0.000018s ]
INFO: [ app_init ] --END-- [ RunTime:0.000316s ]
INFO: [ app_begin ] --START--
INFO: Run Behavior\ReadHtmlCacheBehavior [ RunTime:0.000487s ]
INFO: [ app_begin ] --END-- [ RunTime:0.000531s ]
NOTIC: [8] Undefined index: rootPath /data/web/lysf/public_html/Application/Api/Controller/FileController.class.php 第 22 行.
NOTIC: [2] call_user_func() expects parameter 1 to be a valid callback, no array or string given /data/web/lysf/public_html/ThinkPHP/Library/Think/Upload.class.php 第 170 行.

[ 2016-12-08T13:36:10+08:00 ] 123.149.210.55 /api.php/File/upfile.html
INFO: [ app_init ] --START--
INFO: Run Behavior\BuildLiteBehavior [ RunTime:0.000018s ]
INFO: [ app_init ] --END-- [ RunTime:0.000312s ]
INFO: [ app_begin ] --START--
INFO: Run Behavior\ReadHtmlCacheBehavior [ RunTime:0.000363s ]
INFO: [ app_begin ] --END-- [ RunTime:0.000404s ]
NOTIC: [8] Undefined index: rootPath /data/web/lysf/public_html/Application/Api/Controller/FileController.class.php 第 22 行.
NOTIC: [2] call_user_func() expects parameter 1 to be a valid callback, no array or string given /data/web/lysf/public_html/ThinkPHP/Library/Think/Upload.class.php 第 170 行.

[ 2016-12-08T13:36:41+08:00 ] 123.149.210.55 /api.php/File/upfile.html
INFO: [ app_init ] --START--
INFO: Run Behavior\BuildLiteBehavior [ RunTime:0.000012s ]
INFO: [ app_init ] --END-- [ RunTime:0.000281s ]
INFO: [ app_begin ] --START--
INFO: Run Behavior\ReadHtmlCacheBehavior [ RunTime:0.000363s ]
INFO: [ app_begin ] --END-- [ RunTime:0.000403s ]
NOTIC: [8] Undefined index: rootPath /data/web/lysf/public_html/Application/Api/Controller/FileController.class.php 第 22 行.

[ 2016-12-08T13:39:15+08:00 ] 115.60.20.122 /api.php/File/upfile.html
INFO: [ app_init ] --START--
INFO: Run Behavior\BuildLiteBehavior [ RunTime:0.000012s ]
INFO: [ app_init ] --END-- [ RunTime:0.000308s ]
INFO: [ app_begin ] --START--
INFO: Run Behavior\ReadHtmlCacheBehavior [ RunTime:0.000373s ]
INFO: [ app_begin ] --END-- [ RunTime:0.000413s ]
NOTIC: [8] Undefined index: rootPath /data/web/lysf/public_html/Application/Api/Controller/FileController.class.php 第 22 行.

[ 2016-12-08T13:40:31+08:00 ] 115.60.20.122 /api.php/File/upfile.html
INFO: [ app_init ] --START--
INFO: Run Behavior\BuildLiteBehavior [ RunTime:0.000012s ]
INFO: [ app_init ] --END-- [ RunTime:0.000287s ]
INFO: [ app_begin ] --START--
INFO: Run Behavior\ReadHtmlCacheBehavior [ RunTime:0.000360s ]
INFO: [ app_begin ] --END-- [ RunTime:0.000400s ]
NOTIC: [8] Undefined index: rootPath /data/web/lysf/public_html/Application/Api/Controller/FileController.class.php 第 22 行.
NOTIC: [2] call_user_func() expects parameter 1 to be a valid callback, no array or string given /data/web/lysf/public_html/ThinkPHP/Library/Think/Upload.class.php 第 170 行.

[ 2016-12-08T13:41:09+08:00 ] 123.149.210.55 /api.php/File/upfile.html
INFO: [ app_init ] --START--
INFO: Run Behavior\BuildLiteBehavior [ RunTime:0.000013s ]
INFO: [ app_init ] --END-- [ RunTime:0.000281s ]
INFO: [ app_begin ] --START--
INFO: Run Behavior\ReadHtmlCacheBehavior [ RunTime:0.000363s ]
INFO: [ app_begin ] --END-- [ RunTime:0.000403s ]
NOTIC: [8] Undefined index: rootPath /data/web/lysf/public_html/Application/Api/Controller/FileController.class.php 第 22 行.
NOTIC: [2] call_user_func() expects parameter 1 to be a valid callback, no array or string given /data/web/lysf/public_html/ThinkPHP/Library/Think/Upload.class.php 第 170 行.

[ 2016-12-08T13:41:29+08:00 ] 123.149.210.55 /api.php/File/upfile.html
INFO: [ app_init ] --START--
INFO: Run Behavior\BuildLiteBehavior [ RunTime:0.000012s ]
INFO: [ app_init ] --END-- [ RunTime:0.000289s ]
INFO: [ app_begin ] --START--
INFO: Run Behavior\ReadHtmlCacheBehavior [ RunTime:0.000371s ]
INFO: [ app_begin ] --END-- [ RunTime:0.000411s ]
NOTIC: [8] Undefined index: rootPath /data/web/lysf/public_html/Application/Api/Controller/FileController.class.php 第 22 行.
NOTIC: [2] call_user_func() expects parameter 1 to be a valid callback, no array or string given /data/web/lysf/public_html/ThinkPHP/Library/Think/Upload.class.php 第 170 行.

[ 2016-12-08T13:41:46+08:00 ] 123.149.210.55 /api.php/File/upfile.html
INFO: [ app_init ] --START--
INFO: Run Behavior\BuildLiteBehavior [ RunTime:0.000013s ]
INFO: [ app_init ] --END-- [ RunTime:0.000284s ]
INFO: [ app_begin ] --START--
INFO: Run Behavior\ReadHtmlCacheBehavior [ RunTime:0.000362s ]
INFO: [ app_begin ] --END-- [ RunTime:0.000401s ]
NOTIC: [8] Undefined index: rootPath /data/web/lysf/public_html/Application/Api/Controller/FileController.class.php 第 22 行.
NOTIC: [2] call_user_func() expects parameter 1 to be a valid callback, no array or string given /data/web/lysf/public_html/ThinkPHP/Library/Think/Upload.class.php 第 170 行.

[ 2016-12-08T13:42:08+08:00 ] 123.149.210.55 /api.php/File/upfile.html
INFO: [ app_init ] --START--
INFO: Run Behavior\BuildLiteBehavior [ RunTime:0.000012s ]
INFO: [ app_init ] --END-- [ RunTime:0.000277s ]
INFO: [ app_begin ] --START--
INFO: Run Behavior\ReadHtmlCacheBehavior [ RunTime:0.000351s ]
INFO: [ app_begin ] --END-- [ RunTime:0.000390s ]
NOTIC: [8] Undefined index: rootPath /data/web/lysf/public_html/Application/Api/Controller/FileController.class.php 第 22 行.
NOTIC: [2] call_user_func() expects parameter 1 to be a valid callback, no array or string given /data/web/lysf/public_html/ThinkPHP/Library/Think/Upload.class.php 第 170 行.

[ 2016-12-08T13:44:45+08:00 ] 115.60.20.122 /api.php/File/upfile.html
INFO: [ app_init ] --START--
INFO: Run Behavior\BuildLiteBehavior [ RunTime:0.000012s ]
INFO: [ app_init ] --END-- [ RunTime:0.000278s ]
INFO: [ app_begin ] --START--
INFO: Run Behavior\ReadHtmlCacheBehavior [ RunTime:0.000362s ]
INFO: [ app_begin ] --END-- [ RunTime:0.000402s ]
NOTIC: [8] Undefined index: rootPath /data/web/lysf/public_html/Application/Api/Controller/FileController.class.php 第 22 行.
NOTIC: [2] call_user_func() expects parameter 1 to be a valid callback, no array or string given /data/web/lysf/public_html/ThinkPHP/Library/Think/Upload.class.php 第 170 行.

[ 2016-12-08T13:45:19+08:00 ] 123.149.210.55 /api.php/File/upfile.html
INFO: [ app_init ] --START--
INFO: Run Behavior\BuildLiteBehavior [ RunTime:0.000012s ]
INFO: [ app_init ] --END-- [ RunTime:0.000289s ]
INFO: [ app_begin ] --START--
INFO: Run Behavior\ReadHtmlCacheBehavior [ RunTime:0.000398s ]
INFO: [ app_begin ] --END-- [ RunTime:0.000449s ]
NOTIC: [8] Undefined index: rootPath /data/web/lysf/public_html/Application/Api/Controller/FileController.class.php 第 22 行.
NOTIC: [2] call_user_func() expects parameter 1 to be a valid callback, no array or string given /data/web/lysf/public_html/ThinkPHP/Library/Think/Upload.class.php 第 170 行.

[ 2016-12-08T13:45:22+08:00 ] 115.60.20.122 /api.php/File/upfile.html
INFO: [ app_init ] --START--
INFO: Run Behavior\BuildLiteBehavior [ RunTime:0.000013s ]
INFO: [ app_init ] --END-- [ RunTime:0.000334s ]
INFO: [ app_begin ] --START--
INFO: Run Behavior\ReadHtmlCacheBehavior [ RunTime:0.000353s ]
INFO: [ app_begin ] --END-- [ RunTime:0.000408s ]
NOTIC: [8] Undefined index: rootPath /data/web/lysf/public_html/Application/Api/Controller/FileController.class.php 第 22 行.
NOTIC: [2] call_user_func() expects parameter 1 to be a valid callback, no array or string given /data/web/lysf/public_html/ThinkPHP/Library/Think/Upload.class.php 第 170 行.

[ 2016-12-08T13:45:53+08:00 ] 123.149.210.55 /api.php/File/upfile.html
INFO: [ app_init ] --START--
INFO: Run Behavior\BuildLiteBehavior [ RunTime:0.000013s ]
INFO: [ app_init ] --END-- [ RunTime:0.000303s ]
INFO: [ app_begin ] --START--
INFO: Run Behavior\ReadHtmlCacheBehavior [ RunTime:0.000391s ]
INFO: [ app_begin ] --END-- [ RunTime:0.000435s ]
NOTIC: [8] Undefined index: rootPath /data/web/lysf/public_html/Application/Api/Controller/FileController.class.php 第 22 行.
NOTIC: [2] call_user_func() expects parameter 1 to be a valid callback, no array or string given /data/web/lysf/public_html/ThinkPHP/Library/Think/Upload.class.php 第 170 行.

[ 2016-12-08T13:46:06+08:00 ] 115.60.20.122 /api.php/File/upfile.html
INFO: [ app_init ] --START--
INFO: Run Behavior\BuildLiteBehavior [ RunTime:0.000012s ]
INFO: [ app_init ] --END-- [ RunTime:0.000316s ]
INFO: [ app_begin ] --START--
INFO: Run Behavior\ReadHtmlCacheBehavior [ RunTime:0.000397s ]
INFO: [ app_begin ] --END-- [ RunTime:0.000435s ]
NOTIC: [8] Undefined index: rootPath /data/web/lysf/public_html/Application/Api/Controller/FileController.class.php 第 22 行.
NOTIC: [2] call_user_func() expects parameter 1 to be a valid callback, no array or string given /data/web/lysf/public_html/ThinkPHP/Library/Think/Upload.class.php 第 170 行.

[ 2016-12-08T13:46:20+08:00 ] 123.149.210.55 /api.php/File/upfile.html
INFO: [ app_init ] --START--
INFO: Run Behavior\BuildLiteBehavior [ RunTime:0.000013s ]
INFO: [ app_init ] --END-- [ RunTime:0.000301s ]
INFO: [ app_begin ] --START--
INFO: Run Behavior\ReadHtmlCacheBehavior [ RunTime:0.000390s ]
INFO: [ app_begin ] --END-- [ RunTime:0.000437s ]
NOTIC: [8] Undefined index: rootPath /data/web/lysf/public_html/Application/Api/Controller/FileController.class.php 第 22 行.
NOTIC: [2] call_user_func() expects parameter 1 to be a valid callback, no array or string given /data/web/lysf/public_html/ThinkPHP/Library/Think/Upload.class.php 第 170 行.

[ 2016-12-08T13:46:39+08:00 ] 115.60.20.122 /api.php/File/upfile.html
INFO: [ app_init ] --START--
INFO: Run Behavior\BuildLiteBehavior [ RunTime:0.000017s ]
INFO: [ app_init ] --END-- [ RunTime:0.000357s ]
INFO: [ app_begin ] --START--
INFO: Run Behavior\ReadHtmlCacheBehavior [ RunTime:0.000375s ]
INFO: [ app_begin ] --END-- [ RunTime:0.000416s ]
NOTIC: [8] Undefined index: rootPath /data/web/lysf/public_html/Application/Api/Controller/FileController.class.php 第 22 行.
NOTIC: [2] call_user_func() expects parameter 1 to be a valid callback, no array or string given /data/web/lysf/public_html/ThinkPHP/Library/Think/Upload.class.php 第 170 行.

[ 2016-12-08T13:46:47+08:00 ] 123.149.210.55 /api.php/File/upfile.html
INFO: [ app_init ] --START--
INFO: Run Behavior\BuildLiteBehavior [ RunTime:0.000012s ]
INFO: [ app_init ] --END-- [ RunTime:0.000323s ]
INFO: [ app_begin ] --START--
INFO: Run Behavior\ReadHtmlCacheBehavior [ RunTime:0.000396s ]
INFO: [ app_begin ] --END-- [ RunTime:0.000438s ]
NOTIC: [8] Undefined index: rootPath /data/web/lysf/public_html/Application/Api/Controller/FileController.class.php 第 22 行.
NOTIC: [2] call_user_func() expects parameter 1 to be a valid callback, no array or string given /data/web/lysf/public_html/ThinkPHP/Library/Think/Upload.class.php 第 170 行.

[ 2016-12-08T13:47:05+08:00 ] 115.60.20.122 /api.php/File/upfile.html
INFO: [ app_init ] --START--
INFO: Run Behavior\BuildLiteBehavior [ RunTime:0.000012s ]
INFO: [ app_init ] --END-- [ RunTime:0.000306s ]
INFO: [ app_begin ] --START--
INFO: Run Behavior\ReadHtmlCacheBehavior [ RunTime:0.000432s ]
INFO: [ app_begin ] --END-- [ RunTime:0.000479s ]
NOTIC: [8] Undefined index: rootPath /data/web/lysf/public_html/Application/Api/Controller/FileController.class.php 第 22 行.
NOTIC: [2] call_user_func() expects parameter 1 to be a valid callback, no array or string given /data/web/lysf/public_html/ThinkPHP/Library/Think/Upload.class.php 第 170 行.

[ 2016-12-08T13:47:38+08:00 ] 115.60.20.122 /api.php/File/upfile.html
INFO: [ app_init ] --START--
INFO: Run Behavior\BuildLiteBehavior [ RunTime:0.000013s ]
INFO: [ app_init ] --END-- [ RunTime:0.000298s ]
INFO: [ app_begin ] --START--
INFO: Run Behavior\ReadHtmlCacheBehavior [ RunTime:0.000383s ]
INFO: [ app_begin ] --END-- [ RunTime:0.000423s ]
NOTIC: [8] Undefined index: rootPath /data/web/lysf/public_html/Application/Api/Controller/FileController.class.php 第 22 行.
NOTIC: [2] call_user_func() expects parameter 1 to be a valid callback, no array or string given /data/web/lysf/public_html/ThinkPHP/Library/Think/Upload.class.php 第 170 行.

[ 2016-12-08T13:48:06+08:00 ] 123.149.210.55 /api.php/File/upfile.html
INFO: [ app_init ] --START--
INFO: Run Behavior\BuildLiteBehavior [ RunTime:0.000013s ]
INFO: [ app_init ] --END-- [ RunTime:0.000296s ]
INFO: [ app_begin ] --START--
INFO: Run Behavior\ReadHtmlCacheBehavior [ RunTime:0.000376s ]
INFO: [ app_begin ] --END-- [ RunTime:0.000415s ]
NOTIC: [8] Undefined index: rootPath /data/web/lysf/public_html/Application/Api/Controller/FileController.class.php 第 22 行.
NOTIC: [2] call_user_func() expects parameter 1 to be a valid callback, no array or string given /data/web/lysf/public_html/ThinkPHP/Library/Think/Upload.class.php 第 170 行.

[ 2016-12-08T13:48:17+08:00 ] 115.60.20.122 /api.php/File/upfile.html
INFO: [ app_init ] --START--
INFO: Run Behavior\BuildLiteBehavior [ RunTime:0.000013s ]
INFO: [ app_init ] --END-- [ RunTime:0.000305s ]
INFO: [ app_begin ] --START--
INFO: Run Behavior\ReadHtmlCacheBehavior [ RunTime:0.000371s ]
INFO: [ app_begin ] --END-- [ RunTime:0.000410s ]
NOTIC: [8] Undefined index: rootPath /data/web/lysf/public_html/Application/Api/Controller/FileController.class.php 第 22 行.
NOTIC: [2] call_user_func() expects parameter 1 to be a valid callback, no array or string given /data/web/lysf/public_html/ThinkPHP/Library/Think/Upload.class.php 第 170 行.

[ 2016-12-08T13:48:30+08:00 ] 123.149.210.55 /api.php/File/upfile.html
INFO: [ app_init ] --START--
INFO: Run Behavior\BuildLiteBehavior [ RunTime:0.000012s ]
INFO: [ app_init ] --END-- [ RunTime:0.000307s ]
INFO: [ app_begin ] --START--
INFO: Run Behavior\ReadHtmlCacheBehavior [ RunTime:0.000357s ]
INFO: [ app_begin ] --END-- [ RunTime:0.000403s ]
NOTIC: [8] Undefined index: rootPath /data/web/lysf/public_html/Application/Api/Controller/FileController.class.php 第 22 行.
NOTIC: [2] call_user_func() expects parameter 1 to be a valid callback, no array or string given /data/web/lysf/public_html/ThinkPHP/Library/Think/Upload.class.php 第 170 行.

[ 2016-12-08T13:48:34+08:00 ] 115.60.20.122 /api.php/File/upfile.html
INFO: [ app_init ] --START--
INFO: Run Behavior\BuildLiteBehavior [ RunTime:0.000012s ]
INFO: [ app_init ] --END-- [ RunTime:0.000285s ]
INFO: [ app_begin ] --START--
INFO: Run Behavior\ReadHtmlCacheBehavior [ RunTime:0.000373s ]
INFO: [ app_begin ] --END-- [ RunTime:0.000413s ]
NOTIC: [8] Undefined index: rootPath /data/web/lysf/public_html/Application/Api/Controller/FileController.class.php 第 22 行.
NOTIC: [2] call_user_func() expects parameter 1 to be a valid callback, no array or string given /data/web/lysf/public_html/ThinkPHP/Library/Think/Upload.class.php 第 170 行.

[ 2016-12-08T13:49:39+08:00 ] 123.149.210.55 /api.php/File/upfile.html
INFO: [ app_init ] --START--
INFO: Run Behavior\BuildLiteBehavior [ RunTime:0.000018s ]
INFO: [ app_init ] --END-- [ RunTime:0.000349s ]
INFO: [ app_begin ] --START--
INFO: Run Behavior\ReadHtmlCacheBehavior [ RunTime:0.000364s ]
INFO: [ app_begin ] --END-- [ RunTime:0.000404s ]
NOTIC: [8] Undefined index: rootPath /data/web/lysf/public_html/Application/Api/Controller/FileController.class.php 第 22 行.
NOTIC: [2] call_user_func() expects parameter 1 to be a valid callback, no array or string given /data/web/lysf/public_html/ThinkPHP/Library/Think/Upload.class.php 第 170 行.

[ 2016-12-08T13:52:02+08:00 ] 115.60.20.122 /api.php/File/upfile.html
INFO: [ app_init ] --START--
INFO: Run Behavior\BuildLiteBehavior [ RunTime:0.000030s ]
INFO: [ app_init ] --END-- [ RunTime:0.000301s ]
INFO: [ app_begin ] --START--
INFO: Run Behavior\ReadHtmlCacheBehavior [ RunTime:0.000355s ]
INFO: [ app_begin ] --END-- [ RunTime:0.000397s ]
NOTIC: [8] Undefined index: rootPath /data/web/lysf/public_html/Application/Api/Controller/FileController.class.php 第 22 行.
NOTIC: [2] call_user_func() expects parameter 1 to be a valid callback, no array or string given /data/web/lysf/public_html/ThinkPHP/Library/Think/Upload.class.php 第 170 行.

[ 2016-12-08T13:52:03+08:00 ] 123.149.210.55 /api.php/File/upfile.html
INFO: [ app_init ] --START--
INFO: Run Behavior\BuildLiteBehavior [ RunTime:0.000012s ]
INFO: [ app_init ] --END-- [ RunTime:0.000351s ]
INFO: [ app_begin ] --START--
INFO: Run Behavior\ReadHtmlCacheBehavior [ RunTime:0.000403s ]
INFO: [ app_begin ] --END-- [ RunTime:0.000442s ]
NOTIC: [8] Undefined index: rootPath /data/web/lysf/public_html/Application/Api/Controller/FileController.class.php 第 22 行.
NOTIC: [2] call_user_func() expects parameter 1 to be a valid callback, no array or string given /data/web/lysf/public_html/ThinkPHP/Library/Think/Upload.class.php 第 170 行.

[ 2016-12-08T13:52:37+08:00 ] 123.149.210.55 /api.php/File/upfile.html
INFO: [ app_init ] --START--
INFO: Run Behavior\BuildLiteBehavior [ RunTime:0.000015s ]
INFO: [ app_init ] --END-- [ RunTime:0.000352s ]
INFO: [ app_begin ] --START--
INFO: Run Behavior\ReadHtmlCacheBehavior [ RunTime:0.000392s ]
INFO: [ app_begin ] --END-- [ RunTime:0.000431s ]
NOTIC: [8] Undefined index: rootPath /data/web/lysf/public_html/Application/Api/Controller/FileController.class.php 第 22 行.
NOTIC: [2] call_user_func() expects parameter 1 to be a valid callback, no array or string given /data/web/lysf/public_html/ThinkPHP/Library/Think/Upload.class.php 第 170 行.

[ 2016-12-08T13:53:04+08:00 ] 123.149.210.55 /api.php/File/upfile.html
INFO: [ app_init ] --START--
INFO: Run Behavior\BuildLiteBehavior [ RunTime:0.000018s ]
INFO: [ app_init ] --END-- [ RunTime:0.000344s ]
INFO: [ app_begin ] --START--
INFO: Run Behavior\ReadHtmlCacheBehavior [ RunTime:0.000358s ]
INFO: [ app_begin ] --END-- [ RunTime:0.000399s ]
NOTIC: [8] Undefined index: rootPath /data/web/lysf/public_html/Application/Api/Controller/FileController.class.php 第 22 行.
NOTIC: [2] call_user_func() expects parameter 1 to be a valid callback, no array or string given /data/web/lysf/public_html/ThinkPHP/Library/Think/Upload.class.php 第 170 行.

[ 2016-12-08T13:53:13+08:00 ] 115.60.20.122 /api.php/File/upfile.html
INFO: [ app_init ] --START--
INFO: Run Behavior\BuildLiteBehavior [ RunTime:0.000012s ]
INFO: [ app_init ] --END-- [ RunTime:0.000288s ]
INFO: [ app_begin ] --START--
INFO: Run Behavior\ReadHtmlCacheBehavior [ RunTime:0.000368s ]
INFO: [ app_begin ] --END-- [ RunTime:0.000424s ]
NOTIC: [8] Undefined index: rootPath /data/web/lysf/public_html/Application/Api/Controller/FileController.class.php 第 22 行.
NOTIC: [2] call_user_func() expects parameter 1 to be a valid callback, no array or string given /data/web/lysf/public_html/ThinkPHP/Library/Think/Upload.class.php 第 170 行.

[ 2016-12-08T13:53:35+08:00 ] 123.149.210.55 /api.php/File/upfile.html
INFO: [ app_init ] --START--
INFO: Run Behavior\BuildLiteBehavior [ RunTime:0.000012s ]
INFO: [ app_init ] --END-- [ RunTime:0.000289s ]
INFO: [ app_begin ] --START--
INFO: Run Behavior\ReadHtmlCacheBehavior [ RunTime:0.000368s ]
INFO: [ app_begin ] --END-- [ RunTime:0.000407s ]
NOTIC: [8] Undefined index: rootPath /data/web/lysf/public_html/Application/Api/Controller/FileController.class.php 第 22 行.
NOTIC: [2] call_user_func() expects parameter 1 to be a valid callback, no array or string given /data/web/lysf/public_html/ThinkPHP/Library/Think/Upload.class.php 第 170 行.

[ 2016-12-08T13:53:49+08:00 ] 115.60.20.122 /api.php/File/upfile.html
INFO: [ app_init ] --START--
INFO: Run Behavior\BuildLiteBehavior [ RunTime:0.000012s ]
INFO: [ app_init ] --END-- [ RunTime:0.000287s ]
INFO: [ app_begin ] --START--
INFO: Run Behavior\ReadHtmlCacheBehavior [ RunTime:0.000364s ]
INFO: [ app_begin ] --END-- [ RunTime:0.000405s ]
NOTIC: [8] Undefined index: rootPath /data/web/lysf/public_html/Application/Api/Controller/FileController.class.php 第 22 行.
NOTIC: [2] call_user_func() expects parameter 1 to be a valid callback, no array or string given /data/web/lysf/public_html/ThinkPHP/Library/Think/Upload.class.php 第 170 行.

[ 2016-12-08T13:54:04+08:00 ] 123.149.210.55 /api.php/File/upfile.html
INFO: [ app_init ] --START--
INFO: Run Behavior\BuildLiteBehavior [ RunTime:0.000013s ]
INFO: [ app_init ] --END-- [ RunTime:0.000367s ]
INFO: [ app_begin ] --START--
INFO: Run Behavior\ReadHtmlCacheBehavior [ RunTime:0.000396s ]
INFO: [ app_begin ] --END-- [ RunTime:0.000439s ]
NOTIC: [8] Undefined index: rootPath /data/web/lysf/public_html/Application/Api/Controller/FileController.class.php 第 22 行.
NOTIC: [2] call_user_func() expects parameter 1 to be a valid callback, no array or string given /data/web/lysf/public_html/ThinkPHP/Library/Think/Upload.class.php 第 170 行.

[ 2016-12-08T13:54:13+08:00 ] 115.60.20.122 /api.php/File/upfile.html
INFO: [ app_init ] --START--
INFO: Run Behavior\BuildLiteBehavior [ RunTime:0.000013s ]
INFO: [ app_init ] --END-- [ RunTime:0.000348s ]
INFO: [ app_begin ] --START--
INFO: Run Behavior\ReadHtmlCacheBehavior [ RunTime:0.000391s ]
INFO: [ app_begin ] --END-- [ RunTime:0.000436s ]
NOTIC: [8] Undefined index: rootPath /data/web/lysf/public_html/Application/Api/Controller/FileController.class.php 第 22 行.
NOTIC: [2] call_user_func() expects parameter 1 to be a valid callback, no array or string given /data/web/lysf/public_html/ThinkPHP/Library/Think/Upload.class.php 第 170 行.

[ 2016-12-08T13:54:26+08:00 ] 115.60.20.122 /api.php/File/upfile.html
INFO: [ app_init ] --START--
INFO: Run Behavior\BuildLiteBehavior [ RunTime:0.000013s ]
INFO: [ app_init ] --END-- [ RunTime:0.000283s ]
INFO: [ app_begin ] --START--
INFO: Run Behavior\ReadHtmlCacheBehavior [ RunTime:0.000396s ]
INFO: [ app_begin ] --END-- [ RunTime:0.000435s ]
NOTIC: [8] Undefined index: rootPath /data/web/lysf/public_html/Application/Api/Controller/FileController.class.php 第 22 行.
NOTIC: [2] call_user_func() expects parameter 1 to be a valid callback, no array or string given /data/web/lysf/public_html/ThinkPHP/Library/Think/Upload.class.php 第 170 行.

[ 2016-12-08T13:54:37+08:00 ] 123.149.210.55 /api.php/File/upfile.html
INFO: [ app_init ] --START--
INFO: Run Behavior\BuildLiteBehavior [ RunTime:0.000013s ]
INFO: [ app_init ] --END-- [ RunTime:0.000291s ]
INFO: [ app_begin ] --START--
INFO: Run Behavior\ReadHtmlCacheBehavior [ RunTime:0.000375s ]
INFO: [ app_begin ] --END-- [ RunTime:0.000414s ]
NOTIC: [8] Undefined index: rootPath /data/web/lysf/public_html/Application/Api/Controller/FileController.class.php 第 22 行.
NOTIC: [2] call_user_func() expects parameter 1 to be a valid callback, no array or string given /data/web/lysf/public_html/ThinkPHP/Library/Think/Upload.class.php 第 170 行.

[ 2016-12-08T13:54:55+08:00 ] 115.60.20.122 /api.php/File/upfile.html
INFO: [ app_init ] --START--
INFO: Run Behavior\BuildLiteBehavior [ RunTime:0.000012s ]
INFO: [ app_init ] --END-- [ RunTime:0.000287s ]
INFO: [ app_begin ] --START--
INFO: Run Behavior\ReadHtmlCacheBehavior [ RunTime:0.000364s ]
INFO: [ app_begin ] --END-- [ RunTime:0.000404s ]
NOTIC: [8] Undefined index: rootPath /data/web/lysf/public_html/Application/Api/Controller/FileController.class.php 第 22 行.
NOTIC: [2] call_user_func() expects parameter 1 to be a valid callback, no array or string given /data/web/lysf/public_html/ThinkPHP/Library/Think/Upload.class.php 第 170 行.

[ 2016-12-08T13:55:02+08:00 ] 123.149.210.55 /api.php/File/upfile.html
INFO: [ app_init ] --START--
INFO: Run Behavior\BuildLiteBehavior [ RunTime:0.000012s ]
INFO: [ app_init ] --END-- [ RunTime:0.000316s ]
INFO: [ app_begin ] --START--
INFO: Run Behavior\ReadHtmlCacheBehavior [ RunTime:0.000401s ]
INFO: [ app_begin ] --END-- [ RunTime:0.000464s ]
NOTIC: [8] Undefined index: rootPath /data/web/lysf/public_html/Application/Api/Controller/FileController.class.php 第 22 行.
NOTIC: [2] call_user_func() expects parameter 1 to be a valid callback, no array or string given /data/web/lysf/public_html/ThinkPHP/Library/Think/Upload.class.php 第 170 行.

[ 2016-12-08T13:55:28+08:00 ] 123.149.210.55 /api.php/File/upfile.html
INFO: [ app_init ] --START--
INFO: Run Behavior\BuildLiteBehavior [ RunTime:0.000012s ]
INFO: [ app_init ] --END-- [ RunTime:0.000296s ]
INFO: [ app_begin ] --START--
INFO: Run Behavior\ReadHtmlCacheBehavior [ RunTime:0.000405s ]
INFO: [ app_begin ] --END-- [ RunTime:0.000470s ]
NOTIC: [8] Undefined index: rootPath /data/web/lysf/public_html/Application/Api/Controller/FileController.class.php 第 22 行.
NOTIC: [2] call_user_func() expects parameter 1 to be a valid callback, no array or string given /data/web/lysf/public_html/ThinkPHP/Library/Think/Upload.class.php 第 170 行.

[ 2016-12-08T13:55:49+08:00 ] 123.149.210.55 /api.php/File/upfile.html
INFO: [ app_init ] --START--
INFO: Run Behavior\BuildLiteBehavior [ RunTime:0.000012s ]
INFO: [ app_init ] --END-- [ RunTime:0.000286s ]
INFO: [ app_begin ] --START--
INFO: Run Behavior\ReadHtmlCacheBehavior [ RunTime:0.000366s ]
INFO: [ app_begin ] --END-- [ RunTime:0.000405s ]
NOTIC: [8] Undefined index: rootPath /data/web/lysf/public_html/Application/Api/Controller/FileController.class.php 第 22 行.
NOTIC: [2] call_user_func() expects parameter 1 to be a valid callback, no array or string given /data/web/lysf/public_html/ThinkPHP/Library/Think/Upload.class.php 第 170 行.

[ 2016-12-08T13:56:12+08:00 ] 123.149.210.55 /api.php/File/upfile.html
INFO: [ app_init ] --START--
INFO: Run Behavior\BuildLiteBehavior [ RunTime:0.000013s ]
INFO: [ app_init ] --END-- [ RunTime:0.000291s ]
INFO: [ app_begin ] --START--
INFO: Run Behavior\ReadHtmlCacheBehavior [ RunTime:0.000371s ]
INFO: [ app_begin ] --END-- [ RunTime:0.000412s ]
NOTIC: [8] Undefined index: rootPath /data/web/lysf/public_html/Application/Api/Controller/FileController.class.php 第 22 行.
NOTIC: [2] call_user_func() expects parameter 1 to be a valid callback, no array or string given /data/web/lysf/public_html/ThinkPHP/Library/Think/Upload.class.php 第 170 行.

[ 2016-12-08T13:56:19+08:00 ] 115.60.20.122 /api.php/File/upfile.html
INFO: [ app_init ] --START--
INFO: Run Behavior\BuildLiteBehavior [ RunTime:0.000017s ]
INFO: [ app_init ] --END-- [ RunTime:0.000329s ]
INFO: [ app_begin ] --START--
INFO: Run Behavior\ReadHtmlCacheBehavior [ RunTime:0.000353s ]
INFO: [ app_begin ] --END-- [ RunTime:0.000391s ]
NOTIC: [8] Undefined index: rootPath /data/web/lysf/public_html/Application/Api/Controller/FileController.class.php 第 22 行.
NOTIC: [2] call_user_func() expects parameter 1 to be a valid callback, no array or string given /data/web/lysf/public_html/ThinkPHP/Library/Think/Upload.class.php 第 170 行.

[ 2016-12-08T13:56:42+08:00 ] 123.149.210.55 /api.php/File/upfile.html
INFO: [ app_init ] --START--
INFO: Run Behavior\BuildLiteBehavior [ RunTime:0.000012s ]
INFO: [ app_init ] --END-- [ RunTime:0.000307s ]
INFO: [ app_begin ] --START--
INFO: Run Behavior\ReadHtmlCacheBehavior [ RunTime:0.000398s ]
INFO: [ app_begin ] --END-- [ RunTime:0.000437s ]
NOTIC: [8] Undefined index: rootPath /data/web/lysf/public_html/Application/Api/Controller/FileController.class.php 第 22 行.
NOTIC: [2] call_user_func() expects parameter 1 to be a valid callback, no array or string given /data/web/lysf/public_html/ThinkPHP/Library/Think/Upload.class.php 第 170 行.

[ 2016-12-08T13:57:06+08:00 ] 123.149.210.55 /api.php/File/upfile.html
INFO: [ app_init ] --START--
INFO: Run Behavior\BuildLiteBehavior [ RunTime:0.000025s ]
INFO: [ app_init ] --END-- [ RunTime:0.000338s ]
INFO: [ app_begin ] --START--
INFO: Run Behavior\ReadHtmlCacheBehavior [ RunTime:0.000415s ]
INFO: [ app_begin ] --END-- [ RunTime:0.000474s ]
NOTIC: [8] Undefined index: rootPath /data/web/lysf/public_html/Application/Api/Controller/FileController.class.php 第 22 行.
NOTIC: [2] call_user_func() expects parameter 1 to be a valid callback, no array or string given /data/web/lysf/public_html/ThinkPHP/Library/Think/Upload.class.php 第 170 行.

[ 2016-12-08T13:57:38+08:00 ] 123.149.210.55 /api.php/File/upfile.html
INFO: [ app_init ] --START--
INFO: Run Behavior\BuildLiteBehavior [ RunTime:0.000013s ]
INFO: [ app_init ] --END-- [ RunTime:0.000310s ]
INFO: [ app_begin ] --START--
INFO: Run Behavior\ReadHtmlCacheBehavior [ RunTime:0.000389s ]
INFO: [ app_begin ] --END-- [ RunTime:0.000428s ]
NOTIC: [8] Undefined index: rootPath /data/web/lysf/public_html/Application/Api/Controller/FileController.class.php 第 22 行.
NOTIC: [2] call_user_func() expects parameter 1 to be a valid callback, no array or string given /data/web/lysf/public_html/ThinkPHP/Library/Think/Upload.class.php 第 170 行.

[ 2016-12-08T13:57:40+08:00 ] 115.60.20.122 /api.php/File/upfile.html
INFO: [ app_init ] --START--
INFO: Run Behavior\BuildLiteBehavior [ RunTime:0.000019s ]
INFO: [ app_init ] --END-- [ RunTime:0.000308s ]
INFO: [ app_begin ] --START--
INFO: Run Behavior\ReadHtmlCacheBehavior [ RunTime:0.000351s ]
INFO: [ app_begin ] --END-- [ RunTime:0.000419s ]
NOTIC: [8] Undefined index: rootPath /data/web/lysf/public_html/Application/Api/Controller/FileController.class.php 第 22 行.
NOTIC: [2] call_user_func() expects parameter 1 to be a valid callback, no array or string given /data/web/lysf/public_html/ThinkPHP/Library/Think/Upload.class.php 第 170 行.

[ 2016-12-08T13:58:28+08:00 ] 123.149.210.55 /api.php/File/upfile.html
INFO: [ app_init ] --START--
INFO: Run Behavior\BuildLiteBehavior [ RunTime:0.000012s ]
INFO: [ app_init ] --END-- [ RunTime:0.000287s ]
INFO: [ app_begin ] --START--
INFO: Run Behavior\ReadHtmlCacheBehavior [ RunTime:0.000375s ]
INFO: [ app_begin ] --END-- [ RunTime:0.000414s ]
NOTIC: [8] Undefined index: rootPath /data/web/lysf/public_html/Application/Api/Controller/FileController.class.php 第 22 行.
NOTIC: [2] call_user_func() expects parameter 1 to be a valid callback, no array or string given /data/web/lysf/public_html/ThinkPHP/Library/Think/Upload.class.php 第 170 行.

[ 2016-12-08T13:58:29+08:00 ] 115.60.20.122 /api.php/File/upfile.html
INFO: [ app_init ] --START--
INFO: Run Behavior\BuildLiteBehavior [ RunTime:0.000012s ]
INFO: [ app_init ] --END-- [ RunTime:0.000311s ]
INFO: [ app_begin ] --START--
INFO: Run Behavior\ReadHtmlCacheBehavior [ RunTime:0.000443s ]
INFO: [ app_begin ] --END-- [ RunTime:0.000483s ]
NOTIC: [8] Undefined index: rootPath /data/web/lysf/public_html/Application/Api/Controller/FileController.class.php 第 22 行.
NOTIC: [2] call_user_func() expects parameter 1 to be a valid callback, no array or string given /data/web/lysf/public_html/ThinkPHP/Library/Think/Upload.class.php 第 170 行.

[ 2016-12-08T13:58:44+08:00 ] 115.60.20.122 /api.php/File/upfile.html
INFO: [ app_init ] --START--
INFO: Run Behavior\BuildLiteBehavior [ RunTime:0.000012s ]
INFO: [ app_init ] --END-- [ RunTime:0.000284s ]
INFO: [ app_begin ] --START--
INFO: Run Behavior\ReadHtmlCacheBehavior [ RunTime:0.000370s ]
INFO: [ app_begin ] --END-- [ RunTime:0.000408s ]
NOTIC: [8] Undefined index: rootPath /data/web/lysf/public_html/Application/Api/Controller/FileController.class.php 第 22 行.
NOTIC: [2] call_user_func() expects parameter 1 to be a valid callback, no array or string given /data/web/lysf/public_html/ThinkPHP/Library/Think/Upload.class.php 第 170 行.

[ 2016-12-08T13:59:05+08:00 ] 123.149.210.55 /api.php/File/upfile.html
INFO: [ app_init ] --START--
INFO: Run Behavior\BuildLiteBehavior [ RunTime:0.000012s ]
INFO: [ app_init ] --END-- [ RunTime:0.000284s ]
INFO: [ app_begin ] --START--
INFO: Run Behavior\ReadHtmlCacheBehavior [ RunTime:0.000373s ]
INFO: [ app_begin ] --END-- [ RunTime:0.000410s ]
NOTIC: [8] Undefined index: rootPath /data/web/lysf/public_html/Application/Api/Controller/FileController.class.php 第 22 行.
NOTIC: [2] call_user_func() expects parameter 1 to be a valid callback, no array or string given /data/web/lysf/public_html/ThinkPHP/Library/Think/Upload.class.php 第 170 行.

[ 2016-12-08T14:00:07+08:00 ] 123.149.210.55 /api.php/File/upfile.html
INFO: [ app_init ] --START--
INFO: Run Behavior\BuildLiteBehavior [ RunTime:0.000012s ]
INFO: [ app_init ] --END-- [ RunTime:0.000289s ]
INFO: [ app_begin ] --START--
INFO: Run Behavior\ReadHtmlCacheBehavior [ RunTime:0.000372s ]
INFO: [ app_begin ] --END-- [ RunTime:0.000410s ]
NOTIC: [8] Undefined index: rootPath /data/web/lysf/public_html/Application/Api/Controller/FileController.class.php 第 22 行.
NOTIC: [2] call_user_func() expects parameter 1 to be a valid callback, no array or string given /data/web/lysf/public_html/ThinkPHP/Library/Think/Upload.class.php 第 170 行.

[ 2016-12-08T15:26:15+08:00 ] 123.149.210.55 /api.php/File/upfile
INFO: [ app_init ] --START--
INFO: Run Behavior\BuildLiteBehavior [ RunTime:0.000011s ]
INFO: [ app_init ] --END-- [ RunTime:0.000273s ]
INFO: [ app_begin ] --START--
INFO: Run Behavior\ReadHtmlCacheBehavior [ RunTime:0.000364s ]
INFO: [ app_begin ] --END-- [ RunTime:0.000402s ]
NOTIC: [8] Undefined index: rootPath /data/web/lysf/public_html/Application/Api/Controller/FileController.class.php 第 22 行.
NOTIC: [2] call_user_func() expects parameter 1 to be a valid callback, no array or string given /data/web/lysf/public_html/ThinkPHP/Library/Think/Upload.class.php 第 170 行.

[ 2016-12-08T15:55:06+08:00 ] 115.60.20.122 /api.php/File/test
INFO: [ app_init ] --START--
INFO: Run Behavior\BuildLiteBehavior [ RunTime:0.000014s ]
INFO: [ app_init ] --END-- [ RunTime:0.000312s ]
INFO: [ app_begin ] --START--
INFO: Run Behavior\ReadHtmlCacheBehavior [ RunTime:0.000367s ]
INFO: [ app_begin ] --END-- [ RunTime:0.000408s ]
INFO: [ app_end ] --START--
INFO: Run Behavior\ShowPageTraceBehavior [ RunTime:0.000556s ]
INFO: [ app_end ] --END-- [ RunTime:0.000646s ]

[ 2016-12-08T15:55:22+08:00 ] 101.226.102.97 /api.php/File/test
INFO: [ app_init ] --START--
INFO: Run Behavior\BuildLiteBehavior [ RunTime:0.000013s ]
INFO: [ app_init ] --END-- [ RunTime:0.000283s ]
INFO: [ app_begin ] --START--
INFO: Run Behavior\ReadHtmlCacheBehavior [ RunTime:0.000353s ]
INFO: [ app_begin ] --END-- [ RunTime:0.000392s ]
INFO: [ app_end ] --START--
INFO: Run Behavior\ShowPageTraceBehavior [ RunTime:0.000524s ]
INFO: [ app_end ] --END-- [ RunTime:0.000605s ]

[ 2016-12-08T15:55:23+08:00 ] 180.153.206.21 /api.php/File/test
INFO: [ app_init ] --START--
INFO: Run Behavior\BuildLiteBehavior [ RunTime:0.000013s ]
INFO: [ app_init ] --END-- [ RunTime:0.000291s ]
INFO: [ app_begin ] --START--
INFO: Run Behavior\ReadHtmlCacheBehavior [ RunTime:0.000405s ]
INFO: [ app_begin ] --END-- [ RunTime:0.000446s ]
INFO: [ app_end ] --START--
INFO: Run Behavior\ShowPageTraceBehavior [ RunTime:0.000519s ]
INFO: [ app_end ] --END-- [ RunTime:0.000595s ]

[ 2016-12-08T15:55:23+08:00 ] 180.153.214.176 /api.php/File/test
INFO: [ app_init ] --START--
INFO: Run Behavior\BuildLiteBehavior [ RunTime:0.000013s ]
INFO: [ app_init ] --END-- [ RunTime:0.000377s ]
INFO: [ app_begin ] --START--
INFO: Run Behavior\ReadHtmlCacheBehavior [ RunTime:0.000425s ]
INFO: [ app_begin ] --END-- [ RunTime:0.000468s ]
INFO: [ app_end ] --START--
INFO: Run Behavior\ShowPageTraceBehavior [ RunTime:0.000571s ]
INFO: [ app_end ] --END-- [ RunTime:0.000668s ]

[ 2016-12-08T15:55:23+08:00 ] 101.226.89.116 /api.php/File/test
INFO: [ app_init ] --START--
INFO: Run Behavior\BuildLiteBehavior [ RunTime:0.000012s ]
INFO: [ app_init ] --END-- [ RunTime:0.000292s ]
INFO: [ app_begin ] --START--
INFO: Run Behavior\ReadHtmlCacheBehavior [ RunTime:0.000443s ]
INFO: [ app_begin ] --END-- [ RunTime:0.000484s ]
INFO: [ app_end ] --START--
INFO: Run Behavior\ShowPageTraceBehavior [ RunTime:0.000520s ]
INFO: [ app_end ] --END-- [ RunTime:0.000597s ]

[ 2016-12-08T15:55:27+08:00 ] 180.153.214.178 /api.php/file/test
INFO: [ app_init ] --START--
INFO: Run Behavior\BuildLiteBehavior [ RunTime:0.000012s ]
INFO: [ app_init ] --END-- [ RunTime:0.000293s ]
INFO: [ app_begin ] --START--
INFO: Run Behavior\ReadHtmlCacheBehavior [ RunTime:0.000407s ]
INFO: [ app_begin ] --END-- [ RunTime:0.000455s ]
INFO: [ app_end ] --START--
INFO: Run Behavior\ShowPageTraceBehavior [ RunTime:0.000516s ]
INFO: [ app_end ] --END-- [ RunTime:0.000592s ]

[ 2016-12-08T15:58:18+08:00 ] 115.60.20.122 /api.php/File/test
INFO: [ app_init ] --START--
INFO: Run Behavior\BuildLiteBehavior [ RunTime:0.000012s ]
INFO: [ app_init ] --END-- [ RunTime:0.000279s ]
INFO: [ app_begin ] --START--
INFO: Run Behavior\ReadHtmlCacheBehavior [ RunTime:0.000367s ]
INFO: [ app_begin ] --END-- [ RunTime:0.000406s ]
SQL: SHOW COLUMNS FROM `luu_goods` [ RunTime:0.0006s ]
SQL: SELECT `pic` FROM `luu_goods`  [ RunTime:0.0002s ]
ERR: 不存在的图像文件

[ 2016-12-08T15:58:53+08:00 ] 115.60.20.122 /api.php/File/test
INFO: [ app_init ] --START--
INFO: Run Behavior\BuildLiteBehavior [ RunTime:0.000012s ]
INFO: [ app_init ] --END-- [ RunTime:0.000305s ]
INFO: [ app_begin ] --START--
INFO: Run Behavior\ReadHtmlCacheBehavior [ RunTime:0.000404s ]
INFO: [ app_begin ] --END-- [ RunTime:0.000444s ]
SQL: SHOW COLUMNS FROM `luu_goods` [ RunTime:0.0008s ]
SQL: SELECT `pic` FROM `luu_goods`  [ RunTime:0.0002s ]
INFO: [ app_end ] --START--
INFO: Run Behavior\ShowPageTraceBehavior [ RunTime:0.000456s ]
INFO: [ app_end ] --END-- [ RunTime:0.000526s ]

[ 2016-12-08T15:59:21+08:00 ] 115.60.20.122 /api.php/File/test
INFO: [ app_init ] --START--
INFO: Run Behavior\BuildLiteBehavior [ RunTime:0.000013s ]
INFO: [ app_init ] --END-- [ RunTime:0.000291s ]
INFO: [ app_begin ] --START--
INFO: Run Behavior\ReadHtmlCacheBehavior [ RunTime:0.000444s ]
INFO: [ app_begin ] --END-- [ RunTime:0.000484s ]
SQL: SHOW COLUMNS FROM `luu_goods` [ RunTime:0.0006s ]
SQL: SELECT `pic` FROM `luu_goods`  [ RunTime:0.0001s ]
NOTIC: [2] imagejpeg(./l_/Public/Upload/Goods/5848f29aea310.jpg): failed to open stream: No such file or directory /data/web/lysf/public_html/ThinkPHP/Library/Think/Image/Driver/Gd.class.php 第 94 行.
NOTIC: [2] imagejpeg(./m_/Public/Upload/Goods/5848f29aea310.jpg): failed to open stream: No such file or directory /data/web/lysf/public_html/ThinkPHP/Library/Think/Image/Driver/Gd.class.php 第 94 行.
NOTIC: [2] imagejpeg(./s_/Public/Upload/Goods/5848f29aea310.jpg): failed to open stream: No such file or directory /data/web/lysf/public_html/ThinkPHP/Library/Think/Image/Driver/Gd.class.php 第 94 行.
NOTIC: [2] imagejpeg(./l_/Public/Upload/Goods/5848f27571c05.jpg): failed to open stream: No such file or directory /data/web/lysf/public_html/ThinkPHP/Library/Think/Image/Driver/Gd.class.php 第 94 行.
NOTIC: [2] imagejpeg(./m_/Public/Upload/Goods/5848f27571c05.jpg): failed to open stream: No such file or directory /data/web/lysf/public_html/ThinkPHP/Library/Think/Image/Driver/Gd.class.php 第 94 行.
NOTIC: [2] imagejpeg(./s_/Public/Upload/Goods/5848f27571c05.jpg): failed to open stream: No such file or directory /data/web/lysf/public_html/ThinkPHP/Library/Think/Image/Driver/Gd.class.php 第 94 行.
NOTIC: [2] imagejpeg(./l_/Public/Upload/Goods/5848f14adcf4e.jpg): failed to open stream: No such file or directory /data/web/lysf/public_html/ThinkPHP/Library/Think/Image/Driver/Gd.class.php 第 94 行.
NOTIC: [2] imagejpeg(./m_/Public/Upload/Goods/5848f14adcf4e.jpg): failed to open stream: No such file or directory /data/web/lysf/public_html/ThinkPHP/Library/Think/Image/Driver/Gd.class.php 第 94 行.
NOTIC: [2] imagejpeg(./s_/Public/Upload/Goods/5848f14adcf4e.jpg): failed to open stream: No such file or directory /data/web/lysf/public_html/ThinkPHP/Library/Think/Image/Driver/Gd.class.php 第 94 行.
NOTIC: [2] imagejpeg(./l_/Public/Upload/Goods/5848f2896e8fd.jpg): failed to open stream: No such file or directory /data/web/lysf/public_html/ThinkPHP/Library/Think/Image/Driver/Gd.class.php 第 94 行.
NOTIC: [2] imagejpeg(./m_/Public/Upload/Goods/5848f2896e8fd.jpg): failed to open stream: No such file or directory /data/web/lysf/public_html/ThinkPHP/Library/Think/Image/Driver/Gd.class.php 第 94 行.
NOTIC: [2] imagejpeg(./s_/Public/Upload/Goods/5848f2896e8fd.jpg): failed to open stream: No such file or directory /data/web/lysf/public_html/ThinkPHP/Library/Think/Image/Driver/Gd.class.php 第 94 行.
NOTIC: [2] imagejpeg(./l_/Public/Upload/Goods/5848f13a819b9.jpg): failed to open stream: No such file or directory /data/web/lysf/public_html/ThinkPHP/Library/Think/Image/Driver/Gd.class.php 第 94 行.
NOTIC: [2] imagejpeg(./m_/Public/Upload/Goods/5848f13a819b9.jpg): failed to open stream: No such file or directory /data/web/lysf/public_html/ThinkPHP/Library/Think/Image/Driver/Gd.class.php 第 94 行.
NOTIC: [2] imagejpeg(./s_/Public/Upload/Goods/5848f13a819b9.jpg): failed to open stream: No such file or directory /data/web/lysf/public_html/ThinkPHP/Library/Think/Image/Driver/Gd.class.php 第 94 行.
NOTIC: [2] imagejpeg(./l_/Public/Upload/Goods/5848f11ab1e18.jpg): failed to open stream: No such file or directory /data/web/lysf/public_html/ThinkPHP/Library/Think/Image/Driver/Gd.class.php 第 94 行.
NOTIC: [2] imagejpeg(./m_/Public/Upload/Goods/5848f11ab1e18.jpg): failed to open stream: No such file or directory /data/web/lysf/public_html/ThinkPHP/Library/Think/Image/Driver/Gd.class.php 第 94 行.
NOTIC: [2] imagejpeg(./s_/Public/Upload/Goods/5848f11ab1e18.jpg): failed to open stream: No such file or directory /data/web/lysf/public_html/ThinkPHP/Library/Think/Image/Driver/Gd.class.php 第 94 行.
NOTIC: [2] imagejpeg(./l_/Public/Upload/Goods/5848f10595d7d.jpg): failed to open stream: No such file or directory /data/web/lysf/public_html/ThinkPHP/Library/Think/Image/Driver/Gd.class.php 第 94 行.
NOTIC: [2] imagejpeg(./m_/Public/Upload/Goods/5848f10595d7d.jpg): failed to open stream: No such file or directory /data/web/lysf/public_html/ThinkPHP/Library/Think/Image/Driver/Gd.class.php 第 94 行.
NOTIC: [2] imagejpeg(./s_/Public/Upload/Goods/5848f10595d7d.jpg): failed to open stream: No such file or directory /data/web/lysf/public_html/ThinkPHP/Library/Think/Image/Driver/Gd.class.php 第 94 行.
NOTIC: [2] imagejpeg(./l_/Public/Upload/Goods/5848f2b001bbc.jpg): failed to open stream: No such file or directory /data/web/lysf/public_html/ThinkPHP/Library/Think/Image/Driver/Gd.class.php 第 94 行.
NOTIC: [2] imagejpeg(./m_/Public/Upload/Goods/5848f2b001bbc.jpg): failed to open stream: No such file or directory /data/web/lysf/public_html/ThinkPHP/Library/Think/Image/Driver/Gd.class.php 第 94 行.
NOTIC: [2] imagejpeg(./s_/Public/Upload/Goods/5848f2b001bbc.jpg): failed to open stream: No such file or directory /data/web/lysf/public_html/ThinkPHP/Library/Think/Image/Driver/Gd.class.php 第 94 行.
NOTIC: [2] imagejpeg(./l_/Public/Upload/Goods/5848f24fb9543.jpg): failed to open stream: No such file or directory /data/web/lysf/public_html/ThinkPHP/Library/Think/Image/Driver/Gd.class.php 第 94 行.
NOTIC: [2] imagejpeg(./m_/Public/Upload/Goods/5848f24fb9543.jpg): failed to open stream: No such file or directory /data/web/lysf/public_html/ThinkPHP/Library/Think/Image/Driver/Gd.class.php 第 94 行.
NOTIC: [2] imagejpeg(./s_/Public/Upload/Goods/5848f24fb9543.jpg): failed to open stream: No such file or directory /data/web/lysf/public_html/ThinkPHP/Library/Think/Image/Driver/Gd.class.php 第 94 行.
NOTIC: [2] imagejpeg(./l_/Public/Upload/Goods/5848f34dd0022.jpg): failed to open stream: No such file or directory /data/web/lysf/public_html/ThinkPHP/Library/Think/Image/Driver/Gd.class.php 第 94 行.
NOTIC: [2] imagejpeg(./m_/Public/Upload/Goods/5848f34dd0022.jpg): failed to open stream: No such file or directory /data/web/lysf/public_html/ThinkPHP/Library/Think/Image/Driver/Gd.class.php 第 94 行.
NOTIC: [2] imagejpeg(./s_/Public/Upload/Goods/5848f34dd0022.jpg): failed to open stream: No such file or directory /data/web/lysf/public_html/ThinkPHP/Library/Think/Image/Driver/Gd.class.php 第 94 行.
NOTIC: [2] imagejpeg(./l_/Public/Upload/Goods/5848f36fc1be9.jpg): failed to open stream: No such file or directory /data/web/lysf/public_html/ThinkPHP/Library/Think/Image/Driver/Gd.class.php 第 94 行.
NOTIC: [2] imagejpeg(./m_/Public/Upload/Goods/5848f36fc1be9.jpg): failed to open stream: No such file or directory /data/web/lysf/public_html/ThinkPHP/Library/Think/Image/Driver/Gd.class.php 第 94 行.
NOTIC: [2] imagejpeg(./s_/Public/Upload/Goods/5848f36fc1be9.jpg): failed to open stream: No such file or directory /data/web/lysf/public_html/ThinkPHP/Library/Think/Image/Driver/Gd.class.php 第 94 行.
NOTIC: [2] imagejpeg(./l_/Public/Upload/Goods/5848f3720aca9.jpg): failed to open stream: No such file or directory /data/web/lysf/public_html/ThinkPHP/Library/Think/Image/Driver/Gd.class.php 第 94 行.
NOTIC: [2] imagejpeg(./m_/Public/Upload/Goods/5848f3720aca9.jpg): failed to open stream: No such file or directory /data/web/lysf/public_html/ThinkPHP/Library/Think/Image/Driver/Gd.class.php 第 94 行.
NOTIC: [2] imagejpeg(./s_/Public/Upload/Goods/5848f3720aca9.jpg): failed to open stream: No such file or directory /data/web/lysf/public_html/ThinkPHP/Library/Think/Image/Driver/Gd.class.php 第 94 行.
NOTIC: [2] imagejpeg(./l_/Public/Upload/Goods/5848f39166f06.jpg): failed to open stream: No such file or directory /data/web/lysf/public_html/ThinkPHP/Library/Think/Image/Driver/Gd.class.php 第 94 行.
NOTIC: [2] imagejpeg(./m_/Public/Upload/Goods/5848f39166f06.jpg): failed to open stream: No such file or directory /data/web/lysf/public_html/ThinkPHP/Library/Think/Image/Driver/Gd.class.php 第 94 行.
NOTIC: [2] imagejpeg(./s_/Public/Upload/Goods/5848f39166f06.jpg): failed to open stream: No such file or directory /data/web/lysf/public_html/ThinkPHP/Library/Think/Image/Driver/Gd.class.php 第 94 行.
NOTIC: [2] imagejpeg(./l_/Public/Upload/Goods/5848f39ec61ad.jpg): failed to open stream: No such file or directory /data/web/lysf/public_html/ThinkPHP/Library/Think/Image/Driver/Gd.class.php 第 94 行.
NOTIC: [2] imagejpeg(./m_/Public/Upload/Goods/5848f39ec61ad.jpg): failed to open stream: No such file or directory /data/web/lysf/public_html/ThinkPHP/Library/Think/Image/Driver/Gd.class.php 第 94 行.
NOTIC: [2] imagejpeg(./s_/Public/Upload/Goods/5848f39ec61ad.jpg): failed to open stream: No such file or directory /data/web/lysf/public_html/ThinkPHP/Library/Think/Image/Driver/Gd.class.php 第 94 行.
NOTIC: [2] imagejpeg(./l_/Public/Upload/Goods/5848f3ac491b4.jpg): failed to open stream: No such file or directory /data/web/lysf/public_html/ThinkPHP/Library/Think/Image/Driver/Gd.class.php 第 94 行.
NOTIC: [2] imagejpeg(./m_/Public/Upload/Goods/5848f3ac491b4.jpg): failed to open stream: No such file or directory /data/web/lysf/public_html/ThinkPHP/Library/Think/Image/Driver/Gd.class.php 第 94 行.
NOTIC: [2] imagejpeg(./s_/Public/Upload/Goods/5848f3ac491b4.jpg): failed to open stream: No such file or directory /data/web/lysf/public_html/ThinkPHP/Library/Think/Image/Driver/Gd.class.php 第 94 行.
NOTIC: [2] imagejpeg(./l_/Public/Upload/Goods/5848f3bfe83a9.jpg): failed to open stream: No such file or directory /data/web/lysf/public_html/ThinkPHP/Library/Think/Image/Driver/Gd.class.php 第 94 行.
NOTIC: [2] imagejpeg(./m_/Public/Upload/Goods/5848f3bfe83a9.jpg): failed to open stream: No such file or directory /data/web/lysf/public_html/ThinkPHP/Library/Think/Image/Driver/Gd.class.php 第 94 行.
NOTIC: [2] imagejpeg(./s_/Public/Upload/Goods/5848f3bfe83a9.jpg): failed to open stream: No such file or directory /data/web/lysf/public_html/ThinkPHP/Library/Think/Image/Driver/Gd.class.php 第 94 行.
NOTIC: [2] imagejpeg(./l_/Public/Upload/Goods/5848f3c79f3d3.jpg): failed to open stream: No such file or directory /data/web/lysf/public_html/ThinkPHP/Library/Think/Image/Driver/Gd.class.php 第 94 行.
NOTIC: [2] imagejpeg(./m_/Public/Upload/Goods/5848f3c79f3d3.jpg): failed to open stream: No such file or directory /data/web/lysf/public_html/ThinkPHP/Library/Think/Image/Driver/Gd.class.php 第 94 行.
NOTIC: [2] imagejpeg(./s_/Public/Upload/Goods/5848f3c79f3d3.jpg): failed to open stream: No such file or directory /data/web/lysf/public_html/ThinkPHP/Library/Think/Image/Driver/Gd.class.php 第 94 行.
NOTIC: [2] imagejpeg(./l_/Public/Upload/Goods/5848f3d993a06.jpg): failed to open stream: No such file or directory /data/web/lysf/public_html/ThinkPHP/Library/Think/Image/Driver/Gd.class.php 第 94 行.
NOTIC: [2] imagejpeg(./m_/Public/Upload/Goods/5848f3d993a06.jpg): failed to open stream: No such file or directory /data/web/lysf/public_html/ThinkPHP/Library/Think/Image/Driver/Gd.class.php 第 94 行.
NOTIC: [2] imagejpeg(./s_/Public/Upload/Goods/5848f3d993a06.jpg): failed to open stream: No such file or directory /data/web/lysf/public_html/ThinkPHP/Library/Think/Image/Driver/Gd.class.php 第 94 行.
NOTIC: [2] imagejpeg(./l_/Public/Upload/Goods/5848f3fa2249b.jpg): failed to open stream: No such file or directory /data/web/lysf/public_html/ThinkPHP/Library/Think/Image/Driver/Gd.class.php 第 94 行.
NOTIC: [2] imagejpeg(./m_/Public/Upload/Goods/5848f3fa2249b.jpg): failed to open stream: No such file or directory /data/web/lysf/public_html/ThinkPHP/Library/Think/Image/Driver/Gd.class.php 第 94 行.
NOTIC: [2] imagejpeg(./s_/Public/Upload/Goods/5848f3fa2249b.jpg): failed to open stream: No such file or directory /data/web/lysf/public_html/ThinkPHP/Library/Think/Image/Driver/Gd.class.php 第 94 行.
NOTIC: [2] imagejpeg(./l_/Public/Upload/Goods/5848f416beb6f.jpg): failed to open stream: No such file or directory /data/web/lysf/public_html/ThinkPHP/Library/Think/Image/Driver/Gd.class.php 第 94 行.
NOTIC: [2] imagejpeg(./m_/Public/Upload/Goods/5848f416beb6f.jpg): failed to open stream: No such file or directory /data/web/lysf/public_html/ThinkPHP/Library/Think/Image/Driver/Gd.class.php 第 94 行.
NOTIC: [2] imagejpeg(./s_/Public/Upload/Goods/5848f416beb6f.jpg): failed to open stream: No such file or directory /data/web/lysf/public_html/ThinkPHP/Library/Think/Image/Driver/Gd.class.php 第 94 行.
NOTIC: [2] imagejpeg(./l_/Public/Upload/Goods/5848f421cda7a.jpg): failed to open stream: No such file or directory /data/web/lysf/public_html/ThinkPHP/Library/Think/Image/Driver/Gd.class.php 第 94 行.
NOTIC: [2] imagejpeg(./m_/Public/Upload/Goods/5848f421cda7a.jpg): failed to open stream: No such file or directory /data/web/lysf/public_html/ThinkPHP/Library/Think/Image/Driver/Gd.class.php 第 94 行.
NOTIC: [2] imagejpeg(./s_/Public/Upload/Goods/5848f421cda7a.jpg): failed to open stream: No such file or directory /data/web/lysf/public_html/ThinkPHP/Library/Think/Image/Driver/Gd.class.php 第 94 行.
NOTIC: [2] imagejpeg(./l_/Public/Upload/Goods/5848f42ecacdb.jpg): failed to open stream: No such file or directory /data/web/lysf/public_html/ThinkPHP/Library/Think/Image/Driver/Gd.class.php 第 94 行.
NOTIC: [2] imagejpeg(./m_/Public/Upload/Goods/5848f42ecacdb.jpg): failed to open stream: No such file or directory /data/web/lysf/public_html/ThinkPHP/Library/Think/Image/Driver/Gd.class.php 第 94 行.
NOTIC: [2] imagejpeg(./s_/Public/Upload/Goods/5848f42ecacdb.jpg): failed to open stream: No such file or directory /data/web/lysf/public_html/ThinkPHP/Library/Think/Image/Driver/Gd.class.php 第 94 行.
NOTIC: [2] imagejpeg(./l_/Public/Upload/Goods/5848f5029a2f6.jpg): failed to open stream: No such file or directory /data/web/lysf/public_html/ThinkPHP/Library/Think/Image/Driver/Gd.class.php 第 94 行.
NOTIC: [2] imagejpeg(./m_/Public/Upload/Goods/5848f5029a2f6.jpg): failed to open stream: No such file or directory /data/web/lysf/public_html/ThinkPHP/Library/Think/Image/Driver/Gd.class.php 第 94 行.
NOTIC: [2] imagejpeg(./s_/Public/Upload/Goods/5848f5029a2f6.jpg): failed to open stream: No such file or directory /data/web/lysf/public_html/ThinkPHP/Library/Think/Image/Driver/Gd.class.php 第 94 行.
NOTIC: [2] imagejpeg(./l_/Public/Upload/Goods/5848f50311454.jpg): failed to open stream: No such file or directory /data/web/lysf/public_html/ThinkPHP/Library/Think/Image/Driver/Gd.class.php 第 94 行.
NOTIC: [2] imagejpeg(./m_/Public/Upload/Goods/5848f50311454.jpg): failed to open stream: No such file or directory /data/web/lysf/public_html/ThinkPHP/Library/Think/Image/Driver/Gd.class.php 第 94 行.
NOTIC: [2] imagejpeg(./s_/Public/Upload/Goods/5848f50311454.jpg): failed to open stream: No such file or directory /data/web/lysf/public_html/ThinkPHP/Library/Think/Image/Driver/Gd.class.php 第 94 行.
NOTIC: [2] imagejpeg(./l_/Public/Upload/Goods/5848f5258b811.jpg): failed to open stream: No such file or directory /data/web/lysf/public_html/ThinkPHP/Library/Think/Image/Driver/Gd.class.php 第 94 行.
NOTIC: [2] imagejpeg(./m_/Public/Upload/Goods/5848f5258b811.jpg): failed to open stream: No such file or directory /data/web/lysf/public_html/ThinkPHP/Library/Think/Image/Driver/Gd.class.php 第 94 行.
NOTIC: [2] imagejpeg(./s_/Public/Upload/Goods/5848f5258b811.jpg): failed to open stream: No such file or directory /data/web/lysf/public_html/ThinkPHP/Library/Think/Image/Driver/Gd.class.php 第 94 行.
NOTIC: [2] imagejpeg(./l_/Public/Upload/Goods/5848f54017ba4.jpg): failed to open stream: No such file or directory /data/web/lysf/public_html/ThinkPHP/Library/Think/Image/Driver/Gd.class.php 第 94 行.
NOTIC: [2] imagejpeg(./m_/Public/Upload/Goods/5848f54017ba4.jpg): failed to open stream: No such file or directory /data/web/lysf/public_html/ThinkPHP/Library/Think/Image/Driver/Gd.class.php 第 94 行.
NOTIC: [2] imagejpeg(./s_/Public/Upload/Goods/5848f54017ba4.jpg): failed to open stream: No such file or directory /data/web/lysf/public_html/ThinkPHP/Library/Think/Image/Driver/Gd.class.php 第 94 行.
NOTIC: [2] imagejpeg(./l_/Public/Upload/Goods/5848f549b504f.jpg): failed to open stream: No such file or directory /data/web/lysf/public_html/ThinkPHP/Library/Think/Image/Driver/Gd.class.php 第 94 行.
NOTIC: [2] imagejpeg(./m_/Public/Upload/Goods/5848f549b504f.jpg): failed to open stream: No such file or directory /data/web/lysf/public_html/ThinkPHP/Library/Think/Image/Driver/Gd.class.php 第 94 行.
NOTIC: [2] imagejpeg(./s_/Public/Upload/Goods/5848f549b504f.jpg): failed to open stream: No such file or directory /data/web/lysf/public_html/ThinkPHP/Library/Think/Image/Driver/Gd.class.php 第 94 行.
NOTIC: [2] imagejpeg(./l_/Public/Upload/Goods/5848f55f57626.jpg): failed to open stream: No such file or directory /data/web/lysf/public_html/ThinkPHP/Library/Think/Image/Driver/Gd.class.php 第 94 行.
NOTIC: [2] imagejpeg(./m_/Public/Upload/Goods/5848f55f57626.jpg): failed to open stream: No such file or directory /data/web/lysf/public_html/ThinkPHP/Library/Think/Image/Driver/Gd.class.php 第 94 行.
NOTIC: [2] imagejpeg(./s_/Public/Upload/Goods/5848f55f57626.jpg): failed to open stream: No such file or directory /data/web/lysf/public_html/ThinkPHP/Library/Think/Image/Driver/Gd.class.php 第 94 行.
NOTIC: [2] imagejpeg(./l_/Public/Upload/Goods/5848f56dc3afc.jpg): failed to open stream: No such file or directory /data/web/lysf/public_html/ThinkPHP/Library/Think/Image/Driver/Gd.class.php 第 94 行.
NOTIC: [2] imagejpeg(./m_/Public/Upload/Goods/5848f56dc3afc.jpg): failed to open stream: No such file or directory /data/web/lysf/public_html/ThinkPHP/Library/Think/Image/Driver/Gd.class.php 第 94 行.
NOTIC: [2] imagejpeg(./s_/Public/Upload/Goods/5848f56dc3afc.jpg): failed to open stream: No such file or directory /data/web/lysf/public_html/ThinkPHP/Library/Think/Image/Driver/Gd.class.php 第 94 行.
NOTIC: [2] imagejpeg(./l_/Public/Upload/Goods/5848f57c3c784.jpg): failed to open stream: No such file or directory /data/web/lysf/public_html/ThinkPHP/Library/Think/Image/Driver/Gd.class.php 第 94 行.
NOTIC: [2] imagejpeg(./m_/Public/Upload/Goods/5848f57c3c784.jpg): failed to open stream: No such file or directory /data/web/lysf/public_html/ThinkPHP/Library/Think/Image/Driver/Gd.class.php 第 94 行.
NOTIC: [2] imagejpeg(./s_/Public/Upload/Goods/5848f57c3c784.jpg): failed to open stream: No such file or directory /data/web/lysf/public_html/ThinkPHP/Library/Think/Image/Driver/Gd.class.php 第 94 行.
NOTIC: [2] imagejpeg(./l_/Public/Upload/Goods/5848f58557058.jpg): failed to open stream: No such file or directory /data/web/lysf/public_html/ThinkPHP/Library/Think/Image/Driver/Gd.class.php 第 94 行.
NOTIC: [2] imagejpeg(./m_/Public/Upload/Goods/5848f58557058.jpg): failed to open stream: No such file or directory /data/web/lysf/public_html/ThinkPHP/Library/Think/Image/Driver/Gd.class.php 第 94 行.
NOTIC: [2] imagejpeg(./s_/Public/Upload/Goods/5848f58557058.jpg): failed to open stream: No such file or directory /data/web/lysf/public_html/ThinkPHP/Library/Think/Image/Driver/Gd.class.php 第 94 行.
NOTIC: [2] imagejpeg(./l_/Public/Upload/Goods/5848f592a161f.jpg): failed to open stream: No such file or directory /data/web/lysf/public_html/ThinkPHP/Library/Think/Image/Driver/Gd.class.php 第 94 行.
NOTIC: [2] imagejpeg(./m_/Public/Upload/Goods/5848f592a161f.jpg): failed to open stream: No such file or directory /data/web/lysf/public_html/ThinkPHP/Library/Think/Image/Driver/Gd.class.php 第 94 行.
NOTIC: [2] imagejpeg(./s_/Public/Upload/Goods/5848f592a161f.jpg): failed to open stream: No such file or directory /data/web/lysf/public_html/ThinkPHP/Library/Think/Image/Driver/Gd.class.php 第 94 行.
NOTIC: [2] imagejpeg(./l_/Public/Upload/Goods/5848f59dd2e45.jpg): failed to open stream: No such file or directory /data/web/lysf/public_html/ThinkPHP/Library/Think/Image/Driver/Gd.class.php 第 94 行.
NOTIC: [2] imagejpeg(./m_/Public/Upload/Goods/5848f59dd2e45.jpg): failed to open stream: No such file or directory /data/web/lysf/public_html/ThinkPHP/Library/Think/Image/Driver/Gd.class.php 第 94 行.
NOTIC: [2] imagejpeg(./s_/Public/Upload/Goods/5848f59dd2e45.jpg): failed to open stream: No such file or directory /data/web/lysf/public_html/ThinkPHP/Library/Think/Image/Driver/Gd.class.php 第 94 行.
NOTIC: [2] imagejpeg(./l_/Public/Upload/Goods/5848f5af09d6c.jpg): failed to open stream: No such file or directory /data/web/lysf/public_html/ThinkPHP/Library/Think/Image/Driver/Gd.class.php 第 94 行.
NOTIC: [2] imagejpeg(./m_/Public/Upload/Goods/5848f5af09d6c.jpg): failed to open stream: No such file or directory /data/web/lysf/public_html/ThinkPHP/Library/Think/Image/Driver/Gd.class.php 第 94 行.
NOTIC: [2] imagejpeg(./s_/Public/Upload/Goods/5848f5af09d6c.jpg): failed to open stream: No such file or directory /data/web/lysf/public_html/ThinkPHP/Library/Think/Image/Driver/Gd.class.php 第 94 行.
NOTIC: [2] imagejpeg(./l_/Public/Upload/Goods/5848f5b6d2589.jpg): failed to open stream: No such file or directory /data/web/lysf/public_html/ThinkPHP/Library/Think/Image/Driver/Gd.class.php 第 94 行.
NOTIC: [2] imagejpeg(./m_/Public/Upload/Goods/5848f5b6d2589.jpg): failed to open stream: No such file or directory /data/web/lysf/public_html/ThinkPHP/Library/Think/Image/Driver/Gd.class.php 第 94 行.
NOTIC: [2] imagejpeg(./s_/Public/Upload/Goods/5848f5b6d2589.jpg): failed to open stream: No such file or directory /data/web/lysf/public_html/ThinkPHP/Library/Think/Image/Driver/Gd.class.php 第 94 行.
NOTIC: [2] imagejpeg(./l_/Public/Upload/Goods/5848f5d0353c5.jpg): failed to open stream: No such file or directory /data/web/lysf/public_html/ThinkPHP/Library/Think/Image/Driver/Gd.class.php 第 94 行.
NOTIC: [2] imagejpeg(./m_/Public/Upload/Goods/5848f5d0353c5.jpg): failed to open stream: No such file or directory /data/web/lysf/public_html/ThinkPHP/Library/Think/Image/Driver/Gd.class.php 第 94 行.
NOTIC: [2] imagejpeg(./s_/Public/Upload/Goods/5848f5d0353c5.jpg): failed to open stream: No such file or directory /data/web/lysf/public_html/ThinkPHP/Library/Think/Image/Driver/Gd.class.php 第 94 行.
NOTIC: [2] imagejpeg(./l_/Public/Upload/Goods/5848f5e5a2591.jpg): failed to open stream: No such file or directory /data/web/lysf/public_html/ThinkPHP/Library/Think/Image/Driver/Gd.class.php 第 94 行.
NOTIC: [2] imagejpeg(./m_/Public/Upload/Goods/5848f5e5a2591.jpg): failed to open stream: No such file or directory /data/web/lysf/public_html/ThinkPHP/Library/Think/Image/Driver/Gd.class.php 第 94 行.
NOTIC: [2] imagejpeg(./s_/Public/Upload/Goods/5848f5e5a2591.jpg): failed to open stream: No such file or directory /data/web/lysf/public_html/ThinkPHP/Library/Think/Image/Driver/Gd.class.php 第 94 行.
NOTIC: [2] imagejpeg(./l_/Public/Upload/Goods/5848f5fcc4c02.jpg): failed to open stream: No such file or directory /data/web/lysf/public_html/ThinkPHP/Library/Think/Image/Driver/Gd.class.php 第 94 行.
NOTIC: [2] imagejpeg(./m_/Public/Upload/Goods/5848f5fcc4c02.jpg): failed to open stream: No such file or directory /data/web/lysf/public_html/ThinkPHP/Library/Think/Image/Driver/Gd.class.php 第 94 行.
NOTIC: [2] imagejpeg(./s_/Public/Upload/Goods/5848f5fcc4c02.jpg): failed to open stream: No such file or directory /data/web/lysf/public_html/ThinkPHP/Library/Think/Image/Driver/Gd.class.php 第 94 行.
NOTIC: [2] imagejpeg(./l_/Public/Upload/Goods/5848f6039c7ad.jpg): failed to open stream: No such file or directory /data/web/lysf/public_html/ThinkPHP/Library/Think/Image/Driver/Gd.class.php 第 94 行.
NOTIC: [2] imagejpeg(./m_/Public/Upload/Goods/5848f6039c7ad.jpg): failed to open stream: No such file or directory /data/web/lysf/public_html/ThinkPHP/Library/Think/Image/Driver/Gd.class.php 第 94 行.
NOTIC: [2] imagejpeg(./s_/Public/Upload/Goods/5848f6039c7ad.jpg): failed to open stream: No such file or directory /data/web/lysf/public_html/ThinkPHP/Library/Think/Image/Driver/Gd.class.php 第 94 行.
NOTIC: [2] imagejpeg(./l_/Public/Upload/Goods/5848f61adf074.jpg): failed to open stream: No such file or directory /data/web/lysf/public_html/ThinkPHP/Library/Think/Image/Driver/Gd.class.php 第 94 行.
NOTIC: [2] imagejpeg(./m_/Public/Upload/Goods/5848f61adf074.jpg): failed to open stream: No such file or directory /data/web/lysf/public_html/ThinkPHP/Library/Think/Image/Driver/Gd.class.php 第 94 行.
NOTIC: [2] imagejpeg(./s_/Public/Upload/Goods/5848f61adf074.jpg): failed to open stream: No such file or directory /data/web/lysf/public_html/ThinkPHP/Library/Think/Image/Driver/Gd.class.php 第 94 行.
NOTIC: [2] imagejpeg(./l_/Public/Upload/Goods/5848f63266fff.jpg): failed to open stream: No such file or directory /data/web/lysf/public_html/ThinkPHP/Library/Think/Image/Driver/Gd.class.php 第 94 行.
NOTIC: [2] imagejpeg(./m_/Public/Upload/Goods/5848f63266fff.jpg): failed to open stream: No such file or directory /data/web/lysf/public_html/ThinkPHP/Library/Think/Image/Driver/Gd.class.php 第 94 行.
NOTIC: [2] imagejpeg(./s_/Public/Upload/Goods/5848f63266fff.jpg): failed to open stream: No such file or directory /data/web/lysf/public_html/ThinkPHP/Library/Think/Image/Driver/Gd.class.php 第 94 行.
NOTIC: [2] imagejpeg(./l_/Public/Upload/Goods/5848f6527f657.jpg): failed to open stream: No such file or directory /data/web/lysf/public_html/ThinkPHP/Library/Think/Image/Driver/Gd.class.php 第 94 行.
NOTIC: [2] imagejpeg(./m_/Public/Upload/Goods/5848f6527f657.jpg): failed to open stream: No such file or directory /data/web/lysf/public_html/ThinkPHP/Library/Think/Image/Driver/Gd.class.php 第 94 行.
NOTIC: [2] imagejpeg(./s_/Public/Upload/Goods/5848f6527f657.jpg): failed to open stream: No such file or directory /data/web/lysf/public_html/ThinkPHP/Library/Think/Image/Driver/Gd.class.php 第 94 行.
NOTIC: [2] imagejpeg(./l_/Public/Upload/Goods/5848f654e6542.jpg): failed to open stream: No such file or directory /data/web/lysf/public_html/ThinkPHP/Library/Think/Image/Driver/Gd.class.php 第 94 行.
NOTIC: [2] imagejpeg(./m_/Public/Upload/Goods/5848f654e6542.jpg): failed to open stream: No such file or directory /data/web/lysf/public_html/ThinkPHP/Library/Think/Image/Driver/Gd.class.php 第 94 行.
NOTIC: [2] imagejpeg(./s_/Public/Upload/Goods/5848f654e6542.jpg): failed to open stream: No such file or directory /data/web/lysf/public_html/ThinkPHP/Library/Think/Image/Driver/Gd.class.php 第 94 行.
NOTIC: [2] imagejpeg(./l_/Public/Upload/Goods/5848f68447eed.jpg): failed to open stream: No such file or directory /data/web/lysf/public_html/ThinkPHP/Library/Think/Image/Driver/Gd.class.php 第 94 行.
NOTIC: [2] imagejpeg(./m_/Public/Upload/Goods/5848f68447eed.jpg): failed to open stream: No such file or directory /data/web/lysf/public_html/ThinkPHP/Library/Think/Image/Driver/Gd.class.php 第 94 行.
NOTIC: [2] imagejpeg(./s_/Public/Upload/Goods/5848f68447eed.jpg): failed to open stream: No such file or directory /data/web/lysf/public_html/ThinkPHP/Library/Think/Image/Driver/Gd.class.php 第 94 行.
NOTIC: [2] imagejpeg(./l_/Public/Upload/Goods/5848f685dc5ff.jpg): failed to open stream: No such file or directory /data/web/lysf/public_html/ThinkPHP/Library/Think/Image/Driver/Gd.class.php 第 94 行.
NOTIC: [2] imagejpeg(./m_/Public/Upload/Goods/5848f685dc5ff.jpg): failed to open stream: No such file or directory /data/web/lysf/public_html/ThinkPHP/Library/Think/Image/Driver/Gd.class.php 第 94 行.
NOTIC: [2] imagejpeg(./s_/Public/Upload/Goods/5848f685dc5ff.jpg): failed to open stream: No such file or directory /data/web/lysf/public_html/ThinkPHP/Library/Think/Image/Driver/Gd.class.php 第 94 行.
NOTIC: [2] imagejpeg(./l_/Public/Upload/Goods/5848f6942e2f4.jpg): failed to open stream: No such file or directory /data/web/lysf/public_html/ThinkPHP/Library/Think/Image/Driver/Gd.class.php 第 94 行.
NOTIC: [2] imagejpeg(./m_/Public/Upload/Goods/5848f6942e2f4.jpg): failed to open stream: No such file or directory /data/web/lysf/public_html/ThinkPHP/Library/Think/Image/Driver/Gd.class.php 第 94 行.
NOTIC: [2] imagejpeg(./s_/Public/Upload/Goods/5848f6942e2f4.jpg): failed to open stream: No such file or directory /data/web/lysf/public_html/ThinkPHP/Library/Think/Image/Driver/Gd.class.php 第 94 行.
NOTIC: [2] imagejpeg(./l_/Public/Upload/Goods/5848f6a92e87f.jpg): failed to open stream: No such file or directory /data/web/lysf/public_html/ThinkPHP/Library/Think/Image/Driver/Gd.class.php 第 94 行.
NOTIC: [2] imagejpeg(./m_/Public/Upload/Goods/5848f6a92e87f.jpg): failed to open stream: No such file or directory /data/web/lysf/public_html/ThinkPHP/Library/Think/Image/Driver/Gd.class.php 第 94 行.
NOTIC: [2] imagejpeg(./s_/Public/Upload/Goods/5848f6a92e87f.jpg): failed to open stream: No such file or directory /data/web/lysf/public_html/ThinkPHP/Library/Think/Image/Driver/Gd.class.php 第 94 行.
NOTIC: [2] imagejpeg(./l_/Public/Upload/Goods/5848f6e786526.jpg): failed to open stream: No such file or directory /data/web/lysf/public_html/ThinkPHP/Library/Think/Image/Driver/Gd.class.php 第 94 行.
NOTIC: [2] imagejpeg(./m_/Public/Upload/Goods/5848f6e786526.jpg): failed to open stream: No such file or directory /data/web/lysf/public_html/ThinkPHP/Library/Think/Image/Driver/Gd.class.php 第 94 行.
NOTIC: [2] imagejpeg(./s_/Public/Upload/Goods/5848f6e786526.jpg): failed to open stream: No such file or directory /data/web/lysf/public_html/ThinkPHP/Library/Think/Image/Driver/Gd.class.php 第 94 行.
INFO: [ app_end ] --START--
INFO: Run Behavior\ShowPageTraceBehavior [ RunTime:0.000545s ]
INFO: [ app_end ] --END-- [ RunTime:0.000595s ]

[ 2016-12-08T16:13:05+08:00 ] 115.60.20.122 /api.php/File/test
INFO: [ app_init ] --START--
INFO: Run Behavior\BuildLiteBehavior [ RunTime:0.000013s ]
INFO: [ app_init ] --END-- [ RunTime:0.000308s ]
INFO: [ app_begin ] --START--
INFO: Run Behavior\ReadHtmlCacheBehavior [ RunTime:0.000379s ]
INFO: [ app_begin ] --END-- [ RunTime:0.000419s ]
SQL: SHOW COLUMNS FROM `luu_goods` [ RunTime:0.0008s ]
SQL: SELECT `pic` FROM `luu_goods`  [ RunTime:0.0001s ]
NOTIC: [8] Undefined variable: str /data/web/lysf/public_html/Application/Api/Controller/FileController.class.php 第 88 行.
ERR: 不存在的图像文件

[ 2016-12-08T16:14:05+08:00 ] 115.60.20.122 /api.php/File/test
INFO: [ app_init ] --START--
INFO: Run Behavior\BuildLiteBehavior [ RunTime:0.000013s ]
INFO: [ app_init ] --END-- [ RunTime:0.000296s ]
INFO: [ app_begin ] --START--
INFO: Run Behavior\ReadHtmlCacheBehavior [ RunTime:0.000375s ]
INFO: [ app_begin ] --END-- [ RunTime:0.000416s ]
SQL: SHOW COLUMNS FROM `luu_goods` [ RunTime:0.0006s ]
SQL: SELECT `pic` FROM `luu_goods`  [ RunTime:0.0001s ]
NOTIC: [8] Undefined variable: str /data/web/lysf/public_html/Application/Api/Controller/FileController.class.php 第 88 行.
NOTIC: [8] Undefined variable: str /data/web/lysf/public_html/Application/Api/Controller/FileController.class.php 第 88 行.
NOTIC: [8] Undefined variable: str /data/web/lysf/public_html/Application/Api/Controller/FileController.class.php 第 88 行.
NOTIC: [8] Undefined variable: str /data/web/lysf/public_html/Application/Api/Controller/FileController.class.php 第 88 行.
NOTIC: [8] Undefined variable: str /data/web/lysf/public_html/Application/Api/Controller/FileController.class.php 第 88 行.
NOTIC: [8] Undefined variable: str /data/web/lysf/public_html/Application/Api/Controller/FileController.class.php 第 88 行.
NOTIC: [8] Undefined variable: str /data/web/lysf/public_html/Application/Api/Controller/FileController.class.php 第 88 行.
NOTIC: [8] Undefined variable: str /data/web/lysf/public_html/Application/Api/Controller/FileController.class.php 第 88 行.
NOTIC: [8] Undefined variable: str /data/web/lysf/public_html/Application/Api/Controller/FileController.class.php 第 88 行.
NOTIC: [8] Undefined variable: str /data/web/lysf/public_html/Application/Api/Controller/FileController.class.php 第 88 行.
NOTIC: [8] Undefined variable: str /data/web/lysf/public_html/Application/Api/Controller/FileController.class.php 第 88 行.
NOTIC: [8] Undefined variable: str /data/web/lysf/public_html/Application/Api/Controller/FileController.class.php 第 88 行.
NOTIC: [8] Undefined variable: str /data/web/lysf/public_html/Application/Api/Controller/FileController.class.php 第 88 行.
NOTIC: [8] Undefined variable: str /data/web/lysf/public_html/Application/Api/Controller/FileController.class.php 第 88 行.
NOTIC: [8] Undefined variable: str /data/web/lysf/public_html/Application/Api/Controller/FileController.class.php 第 88 行.
NOTIC: [8] Undefined variable: str /data/web/lysf/public_html/Application/Api/Controller/FileController.class.php 第 88 行.
NOTIC: [8] Undefined variable: str /data/web/lysf/public_html/Application/Api/Controller/FileController.class.php 第 88 行.
NOTIC: [8] Undefined variable: str /data/web/lysf/public_html/Application/Api/Controller/FileController.class.php 第 88 行.
NOTIC: [8] Undefined variable: str /data/web/lysf/public_html/Application/Api/Controller/FileController.class.php 第 88 行.
NOTIC: [8] Undefined variable: str /data/web/lysf/public_html/Application/Api/Controller/FileController.class.php 第 88 行.
NOTIC: [8] Undefined variable: str /data/web/lysf/public_html/Application/Api/Controller/FileController.class.php 第 88 行.
NOTIC: [8] Undefined variable: str /data/web/lysf/public_html/Application/Api/Controller/FileController.class.php 第 88 行.
NOTIC: [8] Undefined variable: str /data/web/lysf/public_html/Application/Api/Controller/FileController.class.php 第 88 行.
NOTIC: [8] Undefined variable: str /data/web/lysf/public_html/Application/Api/Controller/FileController.class.php 第 88 行.
NOTIC: [8] Undefined variable: str /data/web/lysf/public_html/Application/Api/Controller/FileController.class.php 第 88 行.
NOTIC: [8] Undefined variable: str /data/web/lysf/public_html/Application/Api/Controller/FileController.class.php 第 88 行.
NOTIC: [8] Undefined variable: str /data/web/lysf/public_html/Application/Api/Controller/FileController.class.php 第 88 行.
NOTIC: [8] Undefined variable: str /data/web/lysf/public_html/Application/Api/Controller/FileController.class.php 第 88 行.
NOTIC: [8] Undefined variable: str /data/web/lysf/public_html/Application/Api/Controller/FileController.class.php 第 88 行.
NOTIC: [8] Undefined variable: str /data/web/lysf/public_html/Application/Api/Controller/FileController.class.php 第 88 行.
NOTIC: [8] Undefined variable: str /data/web/lysf/public_html/Application/Api/Controller/FileController.class.php 第 88 行.
NOTIC: [8] Undefined variable: str /data/web/lysf/public_html/Application/Api/Controller/FileController.class.php 第 88 行.
NOTIC: [8] Undefined variable: str /data/web/lysf/public_html/Application/Api/Controller/FileController.class.php 第 88 行.
NOTIC: [8] Undefined variable: str /data/web/lysf/public_html/Application/Api/Controller/FileController.class.php 第 88 行.
NOTIC: [8] Undefined variable: str /data/web/lysf/public_html/Application/Api/Controller/FileController.class.php 第 88 行.
NOTIC: [8] Undefined variable: str /data/web/lysf/public_html/Application/Api/Controller/FileController.class.php 第 88 行.
NOTIC: [8] Undefined variable: str /data/web/lysf/public_html/Application/Api/Controller/FileController.class.php 第 88 行.
NOTIC: [8] Undefined variable: str /data/web/lysf/public_html/Application/Api/Controller/FileController.class.php 第 88 行.
NOTIC: [8] Undefined variable: str /data/web/lysf/public_html/Application/Api/Controller/FileController.class.php 第 88 行.
NOTIC: [8] Undefined variable: str /data/web/lysf/public_html/Application/Api/Controller/FileController.class.php 第 88 行.
NOTIC: [8] Undefined variable: str /data/web/lysf/public_html/Application/Api/Controller/FileController.class.php 第 88 行.
NOTIC: [8] Undefined variable: str /data/web/lysf/public_html/Application/Api/Controller/FileController.class.php 第 88 行.
NOTIC: [8] Undefined variable: str /data/web/lysf/public_html/Application/Api/Controller/FileController.class.php 第 88 行.
NOTIC: [8] Undefined variable: str /data/web/lysf/public_html/Application/Api/Controller/FileController.class.php 第 88 行.
NOTIC: [8] Undefined variable: str /data/web/lysf/public_html/Application/Api/Controller/FileController.class.php 第 88 行.
NOTIC: [8] Undefined variable: str /data/web/lysf/public_html/Application/Api/Controller/FileController.class.php 第 88 行.
NOTIC: [8] Undefined variable: str /data/web/lysf/public_html/Application/Api/Controller/FileController.class.php 第 88 行.
NOTIC: [8] Undefined variable: str /data/web/lysf/public_html/Application/Api/Controller/FileController.class.php 第 88 行.
INFO: [ app_end ] --START--
INFO: Run Behavior\ShowPageTraceBehavior [ RunTime:0.000425s ]
INFO: [ app_end ] --END-- [ RunTime:0.000461s ]

[ 2016-12-08T16:14:19+08:00 ] 115.60.20.122 /api.php/File/test
INFO: [ app_init ] --START--
INFO: Run Behavior\BuildLiteBehavior [ RunTime:0.000012s ]
INFO: [ app_init ] --END-- [ RunTime:0.000289s ]
INFO: [ app_begin ] --START--
INFO: Run Behavior\ReadHtmlCacheBehavior [ RunTime:0.000389s ]
INFO: [ app_begin ] --END-- [ RunTime:0.000429s ]
SQL: SHOW COLUMNS FROM `luu_goods` [ RunTime:0.0006s ]
SQL: SELECT `pic` FROM `luu_goods`  [ RunTime:0.0002s ]
INFO: [ app_end ] --START--
INFO: Run Behavior\ShowPageTraceBehavior [ RunTime:0.000435s ]
INFO: [ app_end ] --END-- [ RunTime:0.000489s ]

[ 2016-12-08T16:15:20+08:00 ] 115.60.20.122 /api.php/File/test
INFO: [ app_init ] --START--
INFO: Run Behavior\BuildLiteBehavior [ RunTime:0.000013s ]
INFO: [ app_init ] --END-- [ RunTime:0.000302s ]
INFO: [ app_begin ] --START--
INFO: Run Behavior\ReadHtmlCacheBehavior [ RunTime:0.000373s ]
INFO: [ app_begin ] --END-- [ RunTime:0.000414s ]
SQL: SHOW COLUMNS FROM `luu_goods` [ RunTime:0.0006s ]
SQL: SELECT `pic` FROM `luu_goods`  [ RunTime:0.0002s ]
INFO: [ app_end ] --START--
INFO: Run Behavior\ShowPageTraceBehavior [ RunTime:0.000586s ]
INFO: [ app_end ] --END-- [ RunTime:0.000668s ]

[ 2016-12-08T17:00:28+08:00 ] 123.149.210.55 /api.php/File/upfile
INFO: [ app_init ] --START--
INFO: Run Behavior\BuildLiteBehavior [ RunTime:0.000012s ]
INFO: [ app_init ] --END-- [ RunTime:0.000303s ]
INFO: [ app_begin ] --START--
INFO: Run Behavior\ReadHtmlCacheBehavior [ RunTime:0.000370s ]
INFO: [ app_begin ] --END-- [ RunTime:0.000412s ]
NOTIC: [8] Undefined index: thumbsize /data/web/lysf/public_html/Application/Api/Controller/FileController.class.php 第 19 行.
NOTIC: [8] Undefined index: path /data/web/lysf/public_html/Application/Api/Controller/FileController.class.php 第 28 行.
NOTIC: [8] Undefined index: rootPath /data/web/lysf/public_html/Application/Api/Controller/FileController.class.php 第 30 行.
NOTIC: [2] call_user_func() expects parameter 1 to be a valid callback, no array or string given /data/web/lysf/public_html/ThinkPHP/Library/Think/Upload.class.php 第 170 行.

[ 2016-12-08T17:01:40+08:00 ] 123.149.210.55 /api.php/File/upfile
INFO: [ app_init ] --START--
INFO: Run Behavior\BuildLiteBehavior [ RunTime:0.000012s ]
INFO: [ app_init ] --END-- [ RunTime:0.000292s ]
INFO: [ app_begin ] --START--
INFO: Run Behavior\ReadHtmlCacheBehavior [ RunTime:0.000354s ]
INFO: [ app_begin ] --END-- [ RunTime:0.000393s ]
NOTIC: [8] Undefined index: thumbsize /data/web/lysf/public_html/Application/Api/Controller/FileController.class.php 第 19 行.
NOTIC: [8] Undefined index: rootPath /data/web/lysf/public_html/Application/Api/Controller/FileController.class.php 第 30 行.
NOTIC: [2] call_user_func() expects parameter 1 to be a valid callback, no array or string given /data/web/lysf/public_html/ThinkPHP/Library/Think/Upload.class.php 第 170 行.

[ 2016-12-08T17:01:54+08:00 ] 123.149.210.55 /api.php/File/upfile
INFO: [ app_init ] --START--
INFO: Run Behavior\BuildLiteBehavior [ RunTime:0.000012s ]
INFO: [ app_init ] --END-- [ RunTime:0.000309s ]
INFO: [ app_begin ] --START--
INFO: Run Behavior\ReadHtmlCacheBehavior [ RunTime:0.000394s ]
INFO: [ app_begin ] --END-- [ RunTime:0.000436s ]
NOTIC: [8] Undefined index: thumbsize /data/web/lysf/public_html/Application/Api/Controller/FileController.class.php 第 19 行.
NOTIC: [8] Undefined index: path /data/web/lysf/public_html/Application/Api/Controller/FileController.class.php 第 28 行.
NOTIC: [8] Undefined index: rootPath /data/web/lysf/public_html/Application/Api/Controller/FileController.class.php 第 30 行.
NOTIC: [2] call_user_func() expects parameter 1 to be a valid callback, no array or string given /data/web/lysf/public_html/ThinkPHP/Library/Think/Upload.class.php 第 170 行.

[ 2016-12-08T17:01:57+08:00 ] 123.149.210.55 /api.php/File/upfile
INFO: [ app_init ] --START--
INFO: Run Behavior\BuildLiteBehavior [ RunTime:0.000012s ]
INFO: [ app_init ] --END-- [ RunTime:0.000291s ]
INFO: [ app_begin ] --START--
INFO: Run Behavior\ReadHtmlCacheBehavior [ RunTime:0.000359s ]
INFO: [ app_begin ] --END-- [ RunTime:0.000415s ]
NOTIC: [8] Undefined index: thumbsize /data/web/lysf/public_html/Application/Api/Controller/FileController.class.php 第 19 行.
NOTIC: [8] Undefined index: rootPath /data/web/lysf/public_html/Application/Api/Controller/FileController.class.php 第 30 行.

[ 2016-12-08T17:02:03+08:00 ] 123.149.210.55 /api.php/File/upfile
INFO: [ app_init ] --START--
INFO: Run Behavior\BuildLiteBehavior [ RunTime:0.000013s ]
INFO: [ app_init ] --END-- [ RunTime:0.000294s ]
INFO: [ app_begin ] --START--
INFO: Run Behavior\ReadHtmlCacheBehavior [ RunTime:0.000371s ]
INFO: [ app_begin ] --END-- [ RunTime:0.000413s ]
NOTIC: [8] Undefined index: thumbsize /data/web/lysf/public_html/Application/Api/Controller/FileController.class.php 第 19 行.
NOTIC: [8] Undefined index: path /data/web/lysf/public_html/Application/Api/Controller/FileController.class.php 第 28 行.
NOTIC: [8] Undefined index: rootPath /data/web/lysf/public_html/Application/Api/Controller/FileController.class.php 第 30 行.
NOTIC: [2] call_user_func() expects parameter 1 to be a valid callback, no array or string given /data/web/lysf/public_html/ThinkPHP/Library/Think/Upload.class.php 第 170 行.

[ 2016-12-08T18:44:31+08:00 ] 123.149.210.55 /api.php/File/upfile
INFO: [ app_init ] --START--
INFO: Run Behavior\BuildLiteBehavior [ RunTime:0.000012s ]
INFO: [ app_init ] --END-- [ RunTime:0.000288s ]
INFO: [ app_begin ] --START--
INFO: Run Behavior\ReadHtmlCacheBehavior [ RunTime:0.000379s ]
INFO: [ app_begin ] --END-- [ RunTime:0.000418s ]
NOTIC: [8] Undefined index: thumbsize /data/web/lysf/public_html/Application/Api/Controller/FileController.class.php 第 19 行.
NOTIC: [8] Undefined index: rootPath /data/web/lysf/public_html/Application/Api/Controller/FileController.class.php 第 30 行.
NOTIC: [2] call_user_func() expects parameter 1 to be a valid callback, no array or string given /data/web/lysf/public_html/ThinkPHP/Library/Think/Upload.class.php 第 170 行.

[ 2016-12-08T19:28:36+08:00 ] 123.149.210.55 /api.php/File/upfile
INFO: [ app_init ] --START--
INFO: Run Behavior\BuildLiteBehavior [ RunTime:0.000021s ]
INFO: [ app_init ] --END-- [ RunTime:0.000579s ]
INFO: [ app_begin ] --START--
INFO: Run Behavior\ReadHtmlCacheBehavior [ RunTime:0.000647s ]
INFO: [ app_begin ] --END-- [ RunTime:0.000709s ]
NOTIC: [8] Undefined index: thumbsize /data/web/lysf/public_html/Application/Api/Controller/FileController.class.php 第 19 行.
NOTIC: [8] Undefined index: rootPath /data/web/lysf/public_html/Application/Api/Controller/FileController.class.php 第 30 行.
NOTIC: [2] call_user_func() expects parameter 1 to be a valid callback, no array or string given /data/web/lysf/public_html/ThinkPHP/Library/Think/Upload.class.php 第 170 行.

[ 2016-12-08T19:29:18+08:00 ] 123.149.210.55 /api.php/File/upfile
INFO: [ app_init ] --START--
INFO: Run Behavior\BuildLiteBehavior [ RunTime:0.000014s ]
INFO: [ app_init ] --END-- [ RunTime:0.000397s ]
INFO: [ app_begin ] --START--
INFO: Run Behavior\ReadHtmlCacheBehavior [ RunTime:0.000379s ]
INFO: [ app_begin ] --END-- [ RunTime:0.000423s ]
NOTIC: [8] Undefined index: thumbsize /data/web/lysf/public_html/Application/Api/Controller/FileController.class.php 第 19 行.
NOTIC: [8] Undefined index: rootPath /data/web/lysf/public_html/Application/Api/Controller/FileController.class.php 第 30 行.
NOTIC: [2] call_user_func() expects parameter 1 to be a valid callback, no array or string given /data/web/lysf/public_html/ThinkPHP/Library/Think/Upload.class.php 第 170 行.

[ 2016-12-08T19:38:00+08:00 ] 123.149.210.55 /api.php/File/upfile
INFO: [ app_init ] --START--
INFO: Run Behavior\BuildLiteBehavior [ RunTime:0.000011s ]
INFO: [ app_init ] --END-- [ RunTime:0.000296s ]
INFO: [ app_begin ] --START--
INFO: Run Behavior\ReadHtmlCacheBehavior [ RunTime:0.000357s ]
INFO: [ app_begin ] --END-- [ RunTime:0.000396s ]
NOTIC: [8] Undefined index: thumbsize /data/web/lysf/public_html/Application/Api/Controller/FileController.class.php 第 19 行.
NOTIC: [8] Undefined index: rootPath /data/web/lysf/public_html/Application/Api/Controller/FileController.class.php 第 30 行.
NOTIC: [2] call_user_func() expects parameter 1 to be a valid callback, no array or string given /data/web/lysf/public_html/ThinkPHP/Library/Think/Upload.class.php 第 170 行.

[ 2016-12-08T19:40:02+08:00 ] 123.149.210.55 /api.php/File/upfile
INFO: [ app_init ] --START--
INFO: Run Behavior\BuildLiteBehavior [ RunTime:0.000011s ]
INFO: [ app_init ] --END-- [ RunTime:0.000294s ]
INFO: [ app_begin ] --START--
INFO: Run Behavior\ReadHtmlCacheBehavior [ RunTime:0.000422s ]
INFO: [ app_begin ] --END-- [ RunTime:0.000466s ]
NOTIC: [8] Undefined index: thumbsize /data/web/lysf/public_html/Application/Api/Controller/FileController.class.php 第 19 行.
NOTIC: [8] Undefined index: rootPath /data/web/lysf/public_html/Application/Api/Controller/FileController.class.php 第 30 行.
NOTIC: [2] call_user_func() expects parameter 1 to be a valid callback, no array or string given /data/web/lysf/public_html/ThinkPHP/Library/Think/Upload.class.php 第 170 行.

[ 2016-12-08T19:42:55+08:00 ] 123.149.210.55 /api.php/File/upfile
INFO: [ app_init ] --START--
INFO: Run Behavior\BuildLiteBehavior [ RunTime:0.000012s ]
INFO: [ app_init ] --END-- [ RunTime:0.000281s ]
INFO: [ app_begin ] --START--
INFO: Run Behavior\ReadHtmlCacheBehavior [ RunTime:0.000384s ]
INFO: [ app_begin ] --END-- [ RunTime:0.000423s ]
NOTIC: [8] Undefined index: thumbsize /data/web/lysf/public_html/Application/Api/Controller/FileController.class.php 第 19 行.
NOTIC: [8] Undefined index: rootPath /data/web/lysf/public_html/Application/Api/Controller/FileController.class.php 第 30 行.
NOTIC: [2] call_user_func() expects parameter 1 to be a valid callback, no array or string given /data/web/lysf/public_html/ThinkPHP/Library/Think/Upload.class.php 第 170 行.

