[ 2016-12-13T11:08:39+08:00 ] 115.60.19.24 /api.php/File/upfile.html
INFO: [ app_init ] --START--
INFO: Run Behavior\BuildLiteBehavior [ RunTime:0.000013s ]
INFO: [ app_init ] --END-- [ RunTime:0.000335s ]
INFO: [ app_begin ] --START--
INFO: Run Behavior\ReadHtmlCacheBehavior [ RunTime:0.000364s ]
INFO: [ app_begin ] --END-- [ RunTime:0.000436s ]
NOTIC: [8] Undefined index: rootPath /data/web/lysf/public_html/Application/Api/Controller/FileController.class.php 第 30 行.
NOTIC: [2] call_user_func() expects parameter 1 to be a valid callback, no array or string given /data/web/lysf/public_html/ThinkPHP/Library/Think/Upload.class.php 第 170 行.

[ 2016-12-13T11:08:56+08:00 ] 115.60.19.24 /api.php/File/upfile.html
INFO: [ app_init ] --START--
INFO: Run Behavior\BuildLiteBehavior [ RunTime:0.000012s ]
INFO: [ app_init ] --END-- [ RunTime:0.000291s ]
INFO: [ app_begin ] --START--
INFO: Run Behavior\ReadHtmlCacheBehavior [ RunTime:0.000526s ]
INFO: [ app_begin ] --END-- [ RunTime:0.000589s ]
NOTIC: [8] Undefined index: rootPath /data/web/lysf/public_html/Application/Api/Controller/FileController.class.php 第 30 行.
NOTIC: [2] call_user_func() expects parameter 1 to be a valid callback, no array or string given /data/web/lysf/public_html/ThinkPHP/Library/Think/Upload.class.php 第 170 行.

[ 2016-12-13T11:09:08+08:00 ] 115.60.19.24 /api.php/File/upfile.html
INFO: [ app_init ] --START--
INFO: Run Behavior\BuildLiteBehavior [ RunTime:0.000012s ]
INFO: [ app_init ] --END-- [ RunTime:0.000318s ]
INFO: [ app_begin ] --START--
INFO: Run Behavior\ReadHtmlCacheBehavior [ RunTime:0.000413s ]
INFO: [ app_begin ] --END-- [ RunTime:0.000452s ]
NOTIC: [8] Undefined index: rootPath /data/web/lysf/public_html/Application/Api/Controller/FileController.class.php 第 30 行.
NOTIC: [2] call_user_func() expects parameter 1 to be a valid callback, no array or string given /data/web/lysf/public_html/ThinkPHP/Library/Think/Upload.class.php 第 170 行.

[ 2016-12-13T11:17:24+08:00 ] 115.60.19.24 /api.php/File/upfile.html
INFO: [ app_init ] --START--
INFO: Run Behavior\BuildLiteBehavior [ RunTime:0.000013s ]
INFO: [ app_init ] --END-- [ RunTime:0.000306s ]
INFO: [ app_begin ] --START--
INFO: Run Behavior\ReadHtmlCacheBehavior [ RunTime:0.000385s ]
INFO: [ app_begin ] --END-- [ RunTime:0.000425s ]
NOTIC: [8] Undefined index: rootPath /data/web/lysf/public_html/Application/Api/Controller/FileController.class.php 第 30 行.
NOTIC: [2] call_user_func() expects parameter 1 to be a valid callback, no array or string given /data/web/lysf/public_html/ThinkPHP/Library/Think/Upload.class.php 第 170 行.

[ 2016-12-13T11:17:41+08:00 ] 115.60.19.24 /api.php/File/upfile.html
INFO: [ app_init ] --START--
INFO: Run Behavior\BuildLiteBehavior [ RunTime:0.000012s ]
INFO: [ app_init ] --END-- [ RunTime:0.000330s ]
INFO: [ app_begin ] --START--
INFO: Run Behavior\ReadHtmlCacheBehavior [ RunTime:0.000413s ]
INFO: [ app_begin ] --END-- [ RunTime:0.000459s ]
NOTIC: [8] Undefined index: rootPath /data/web/lysf/public_html/Application/Api/Controller/FileController.class.php 第 30 行.
NOTIC: [2] call_user_func() expects parameter 1 to be a valid callback, no array or string given /data/web/lysf/public_html/ThinkPHP/Library/Think/Upload.class.php 第 170 行.

