[ 2016-12-18T08:58:51+08:00 ] 58.247.206.144 /wx.php/Weixin?signature=e0c5a0e433826d1ef83130c32d1bf4a4670bc824&timestamp=1482022731&nonce=989518348&openid=o15iTwU2wiskIBvdtPI4MAayzSZ4
INFO: [ app_init ] --START--
INFO: Run Behavior\BuildLiteBehavior [ RunTime:0.000011s ]
INFO: [ app_init ] --END-- [ RunTime:0.000323s ]
INFO: [ app_begin ] --START--
INFO: Run Behavior\ReadHtmlCacheBehavior [ RunTime:0.000387s ]
INFO: [ app_begin ] --END-- [ RunTime:0.000430s ]
NOTIC: [2048] Declaration of Wx\Controller\WeixinController::_initialize() should be compatible with Wx\Controller\BaseController::_initialize($type = false) /data/web/lysf/public_html/Application/Wx/Controller/WeixinController.class.php 第 10 行.
INFO: [ app_end ] --START--
INFO: Run Behavior\ShowPageTraceBehavior [ RunTime:0.000417s ]
INFO: [ app_end ] --END-- [ RunTime:0.000477s ]

[ 2016-12-18T08:58:55+08:00 ] 58.247.206.139 /wx.php/Weixin?signature=be880d062b898eba31507e9e030494598ca89332&timestamp=1482022735&nonce=1678062952&openid=o15iTwU2wiskIBvdtPI4MAayzSZ4
INFO: [ app_init ] --START--
INFO: Run Behavior\BuildLiteBehavior [ RunTime:0.000011s ]
INFO: [ app_init ] --END-- [ RunTime:0.000324s ]
INFO: [ app_begin ] --START--
INFO: Run Behavior\ReadHtmlCacheBehavior [ RunTime:0.000407s ]
INFO: [ app_begin ] --END-- [ RunTime:0.000449s ]
NOTIC: [2048] Declaration of Wx\Controller\WeixinController::_initialize() should be compatible with Wx\Controller\BaseController::_initialize($type = false) /data/web/lysf/public_html/Application/Wx/Controller/WeixinController.class.php 第 10 行.
INFO: [ app_end ] --START--
INFO: Run Behavior\ShowPageTraceBehavior [ RunTime:0.000459s ]
INFO: [ app_end ] --END-- [ RunTime:0.000514s ]

[ 2016-12-18T08:58:56+08:00 ] 58.247.206.144 /wx.php/Weixin?signature=b819cf60cbd3b8983d711587bcec72c1e714bf25&timestamp=1482022736&nonce=2095237925&openid=o15iTwU2wiskIBvdtPI4MAayzSZ4
INFO: [ app_init ] --START--
INFO: Run Behavior\BuildLiteBehavior [ RunTime:0.000011s ]
INFO: [ app_init ] --END-- [ RunTime:0.000290s ]
INFO: [ app_begin ] --START--
INFO: Run Behavior\ReadHtmlCacheBehavior [ RunTime:0.000359s ]
INFO: [ app_begin ] --END-- [ RunTime:0.000401s ]
NOTIC: [2048] Declaration of Wx\Controller\WeixinController::_initialize() should be compatible with Wx\Controller\BaseController::_initialize($type = false) /data/web/lysf/public_html/Application/Wx/Controller/WeixinController.class.php 第 10 行.
INFO: [ app_end ] --START--
INFO: Run Behavior\ShowPageTraceBehavior [ RunTime:0.000444s ]
INFO: [ app_end ] --END-- [ RunTime:0.000493s ]

[ 2016-12-18T08:58:56+08:00 ] 123.151.139.155 /wx.php/Dish/recommend.html
INFO: [ app_init ] --START--
INFO: Run Behavior\BuildLiteBehavior [ RunTime:0.000012s ]
INFO: [ app_init ] --END-- [ RunTime:0.000322s ]
INFO: [ app_begin ] --START--
INFO: Run Behavior\ReadHtmlCacheBehavior [ RunTime:0.000467s ]
INFO: [ app_begin ] --END-- [ RunTime:0.000517s ]
NOTIC: [8] Undefined index: code /data/web/lysf/public_html/Application/Wx/Common/function.php 第 147 行.
ERR: The key "access_token" could not be empty.
NOTIC: [2] Cannot modify header information - headers already sent by (output started at /data/web/lysf/public_html/vendor/symfony/http-foundation/Response.php:1206) /data/web/lysf/public_html/ThinkPHP/Library/Think/Think.class.php 第 229 行.
NOTIC: [2] Cannot modify header information - headers already sent by (output started at /data/web/lysf/public_html/vendor/symfony/http-foundation/Response.php:1206) /data/web/lysf/public_html/ThinkPHP/Library/Think/Think.class.php 第 230 行.

[ 2016-12-18T08:58:57+08:00 ] 123.151.139.155 /wx.php/Dish/recommend.html?&code=031DiQe00tZelC1Cbog001MGe00DiQeQ&state=dff9a10232e6055a6fefa534fc462946
INFO: [ app_init ] --START--
INFO: Run Behavior\BuildLiteBehavior [ RunTime:0.000012s ]
INFO: [ app_init ] --END-- [ RunTime:0.000329s ]
INFO: [ app_begin ] --START--
INFO: Run Behavior\ReadHtmlCacheBehavior [ RunTime:0.000426s ]
INFO: [ app_begin ] --END-- [ RunTime:0.000468s ]
SQL: SHOW COLUMNS FROM `luu_user` [ RunTime:0.0006s ]
SQL: SELECT `openid`,`nickname`,`mobile`,`avatar`,`integral` FROM `luu_user` WHERE ( openid="o15iTwU2wiskIBvdtPI4MAayzSZ4" ) LIMIT 1   [ RunTime:0.0002s ]
INFO: [ view_parse ] --START--
INFO: [ template_filter ] --START--
INFO: Run Behavior\ContentReplaceBehavior [ RunTime:0.000042s ]
INFO: [ template_filter ] --END-- [ RunTime:0.000081s ]
INFO: Run Behavior\ParseTemplateBehavior [ RunTime:0.004583s ]
INFO: [ view_parse ] --END-- [ RunTime:0.004635s ]
INFO: [ view_filter ] --START--
INFO: Run Behavior\WriteHtmlCacheBehavior [ RunTime:0.000187s ]
INFO: [ view_filter ] --END-- [ RunTime:0.000238s ]
INFO: [ app_end ] --START--
INFO: Run Behavior\ShowPageTraceBehavior [ RunTime:0.000445s ]
INFO: [ app_end ] --END-- [ RunTime:0.000485s ]

[ 2016-12-18T08:59:12+08:00 ] 101.226.99.195 /wx.php/Dish/recommend.html?
INFO: [ app_init ] --START--
INFO: Run Behavior\BuildLiteBehavior [ RunTime:0.000011s ]
INFO: [ app_init ] --END-- [ RunTime:0.000317s ]
INFO: [ app_begin ] --START--
INFO: Run Behavior\ReadHtmlCacheBehavior [ RunTime:0.000416s ]
INFO: [ app_begin ] --END-- [ RunTime:0.000462s ]
NOTIC: [8] Undefined index: code /data/web/lysf/public_html/Application/Wx/Common/function.php 第 147 行.
ERR: The key "access_token" could not be empty.
NOTIC: [2] Cannot modify header information - headers already sent by (output started at /data/web/lysf/public_html/vendor/symfony/http-foundation/Response.php:1206) /data/web/lysf/public_html/ThinkPHP/Library/Think/Think.class.php 第 229 行.
NOTIC: [2] Cannot modify header information - headers already sent by (output started at /data/web/lysf/public_html/vendor/symfony/http-foundation/Response.php:1206) /data/web/lysf/public_html/ThinkPHP/Library/Think/Think.class.php 第 230 行.

[ 2016-12-18T08:59:18+08:00 ] 58.247.206.149 /wx.php/Weixin?signature=4affe338bb4e26020d2f577881e1c7dc5d884131&timestamp=1482022758&nonce=2086040476&openid=o15iTwU2wiskIBvdtPI4MAayzSZ4
INFO: [ app_init ] --START--
INFO: Run Behavior\BuildLiteBehavior [ RunTime:0.000012s ]
INFO: [ app_init ] --END-- [ RunTime:0.000327s ]
INFO: [ app_begin ] --START--
INFO: Run Behavior\ReadHtmlCacheBehavior [ RunTime:0.000396s ]
INFO: [ app_begin ] --END-- [ RunTime:0.000443s ]
NOTIC: [2048] Declaration of Wx\Controller\WeixinController::_initialize() should be compatible with Wx\Controller\BaseController::_initialize($type = false) /data/web/lysf/public_html/Application/Wx/Controller/WeixinController.class.php 第 10 行.
INFO: [ app_end ] --START--
INFO: Run Behavior\ShowPageTraceBehavior [ RunTime:0.000441s ]
INFO: [ app_end ] --END-- [ RunTime:0.000488s ]

[ 2016-12-18T08:59:21+08:00 ] 58.247.206.154 /wx.php/Weixin?signature=8983ff0d58e3faf48dc105f4106b6b8089884a71&timestamp=1482022761&nonce=1014599873&openid=o15iTwU2wiskIBvdtPI4MAayzSZ4
INFO: [ app_init ] --START--
INFO: Run Behavior\BuildLiteBehavior [ RunTime:0.000012s ]
INFO: [ app_init ] --END-- [ RunTime:0.000338s ]
INFO: [ app_begin ] --START--
INFO: Run Behavior\ReadHtmlCacheBehavior [ RunTime:0.000394s ]
INFO: [ app_begin ] --END-- [ RunTime:0.000454s ]
NOTIC: [2048] Declaration of Wx\Controller\WeixinController::_initialize() should be compatible with Wx\Controller\BaseController::_initialize($type = false) /data/web/lysf/public_html/Application/Wx/Controller/WeixinController.class.php 第 10 行.
INFO: [ app_end ] --START--
INFO: Run Behavior\ShowPageTraceBehavior [ RunTime:0.000397s ]
INFO: [ app_end ] --END-- [ RunTime:0.000442s ]

[ 2016-12-18T08:59:21+08:00 ] 123.151.139.155 /wx.php/Dish/index.html
INFO: [ app_init ] --START--
INFO: Run Behavior\BuildLiteBehavior [ RunTime:0.000011s ]
INFO: [ app_init ] --END-- [ RunTime:0.000295s ]
INFO: [ app_begin ] --START--
INFO: Run Behavior\ReadHtmlCacheBehavior [ RunTime:0.000364s ]
INFO: [ app_begin ] --END-- [ RunTime:0.000404s ]
SQL: SHOW COLUMNS FROM `luu_goods_category` [ RunTime:0.0006s ]
SQL: SELECT `id`,`name` FROM `luu_goods_category` WHERE `status` = 1 AND `is_show` = 1 ORDER BY sort ASC  [ RunTime:0.0001s ]
SQL: SHOW COLUMNS FROM `luu_goods` [ RunTime:0.0004s ]
SQL: SELECT `id`,`name`,`pic` FROM `luu_goods` WHERE `status` = 1 AND `category_id` = 4  [ RunTime:0.0001s ]
INFO: [ view_parse ] --START--
INFO: [ template_filter ] --START--
INFO: Run Behavior\ContentReplaceBehavior [ RunTime:0.000033s ]
INFO: [ template_filter ] --END-- [ RunTime:0.000066s ]
INFO: Run Behavior\ParseTemplateBehavior [ RunTime:0.005915s ]
INFO: [ view_parse ] --END-- [ RunTime:0.005961s ]
INFO: [ view_filter ] --START--
INFO: Run Behavior\WriteHtmlCacheBehavior [ RunTime:0.000199s ]
INFO: [ view_filter ] --END-- [ RunTime:0.000231s ]
INFO: [ app_end ] --START--
INFO: Run Behavior\ShowPageTraceBehavior [ RunTime:0.000389s ]
INFO: [ app_end ] --END-- [ RunTime:0.000436s ]

[ 2016-12-18T08:59:32+08:00 ] 58.247.206.154 /wx.php/Weixin?signature=51de56ed22a5402bb42c4c6002688301868d608c&timestamp=1482022772&nonce=1561040340&openid=o15iTwU2wiskIBvdtPI4MAayzSZ4
INFO: [ app_init ] --START--
INFO: Run Behavior\BuildLiteBehavior [ RunTime:0.000011s ]
INFO: [ app_init ] --END-- [ RunTime:0.000297s ]
INFO: [ app_begin ] --START--
INFO: Run Behavior\ReadHtmlCacheBehavior [ RunTime:0.000369s ]
INFO: [ app_begin ] --END-- [ RunTime:0.000411s ]
NOTIC: [2048] Declaration of Wx\Controller\WeixinController::_initialize() should be compatible with Wx\Controller\BaseController::_initialize($type = false) /data/web/lysf/public_html/Application/Wx/Controller/WeixinController.class.php 第 10 行.
INFO: [ app_end ] --START--
INFO: Run Behavior\ShowPageTraceBehavior [ RunTime:0.000410s ]
INFO: [ app_end ] --END-- [ RunTime:0.000468s ]

[ 2016-12-18T08:59:38+08:00 ] 180.153.214.180 /wx.php/Dish/index.html
INFO: [ app_init ] --START--
INFO: Run Behavior\BuildLiteBehavior [ RunTime:0.000012s ]
INFO: [ app_init ] --END-- [ RunTime:0.000355s ]
INFO: [ app_begin ] --START--
INFO: Run Behavior\ReadHtmlCacheBehavior [ RunTime:0.000415s ]
INFO: [ app_begin ] --END-- [ RunTime:0.000456s ]
NOTIC: [8] Undefined index: code /data/web/lysf/public_html/Application/Wx/Common/function.php 第 147 行.
ERR: The key "access_token" could not be empty.
NOTIC: [2] Cannot modify header information - headers already sent by (output started at /data/web/lysf/public_html/vendor/symfony/http-foundation/Response.php:1206) /data/web/lysf/public_html/ThinkPHP/Library/Think/Think.class.php 第 229 行.
NOTIC: [2] Cannot modify header information - headers already sent by (output started at /data/web/lysf/public_html/vendor/symfony/http-foundation/Response.php:1206) /data/web/lysf/public_html/ThinkPHP/Library/Think/Think.class.php 第 230 行.

[ 2016-12-18T11:18:29+08:00 ] 140.207.54.74 /wx.php/Weixin?signature=b7a81318e2ee5841bc9420f957134a55d8932ccf&timestamp=1482031109&nonce=1330843318&openid=o15iTwV0KK0TFSrPdjgoF9ffnn6w
INFO: [ app_init ] --START--
INFO: Run Behavior\BuildLiteBehavior [ RunTime:0.000011s ]
INFO: [ app_init ] --END-- [ RunTime:0.000321s ]
INFO: [ app_begin ] --START--
INFO: Run Behavior\ReadHtmlCacheBehavior [ RunTime:0.000411s ]
INFO: [ app_begin ] --END-- [ RunTime:0.000454s ]
NOTIC: [2048] Declaration of Wx\Controller\WeixinController::_initialize() should be compatible with Wx\Controller\BaseController::_initialize($type = false) /data/web/lysf/public_html/Application/Wx/Controller/WeixinController.class.php 第 10 行.
INFO: [ app_end ] --START--
INFO: Run Behavior\ShowPageTraceBehavior [ RunTime:0.000409s ]
INFO: [ app_end ] --END-- [ RunTime:0.000456s ]

[ 2016-12-18T11:18:31+08:00 ] 140.207.54.73 /wx.php/Weixin?signature=8e5044a162f46e18fdde51c68eb74a61c0c83f74&timestamp=1482031111&nonce=183294735&openid=o15iTwV0KK0TFSrPdjgoF9ffnn6w
INFO: [ app_init ] --START--
INFO: Run Behavior\BuildLiteBehavior [ RunTime:0.000012s ]
INFO: [ app_init ] --END-- [ RunTime:0.000336s ]
INFO: [ app_begin ] --START--
INFO: Run Behavior\ReadHtmlCacheBehavior [ RunTime:0.000420s ]
INFO: [ app_begin ] --END-- [ RunTime:0.000470s ]
NOTIC: [2048] Declaration of Wx\Controller\WeixinController::_initialize() should be compatible with Wx\Controller\BaseController::_initialize($type = false) /data/web/lysf/public_html/Application/Wx/Controller/WeixinController.class.php 第 10 行.
INFO: [ app_end ] --START--
INFO: Run Behavior\ShowPageTraceBehavior [ RunTime:0.000426s ]
INFO: [ app_end ] --END-- [ RunTime:0.000495s ]

[ 2016-12-18T11:18:32+08:00 ] 171.11.2.191 /wx.php/Dish/index.html
INFO: [ app_init ] --START--
INFO: Run Behavior\BuildLiteBehavior [ RunTime:0.000012s ]
INFO: [ app_init ] --END-- [ RunTime:0.000368s ]
INFO: [ app_begin ] --START--
INFO: Run Behavior\ReadHtmlCacheBehavior [ RunTime:0.000477s ]
INFO: [ app_begin ] --END-- [ RunTime:0.000519s ]
NOTIC: [8] Undefined index: code /data/web/lysf/public_html/Application/Wx/Common/function.php 第 147 行.
ERR: The key "access_token" could not be empty.
NOTIC: [2] Cannot modify header information - headers already sent by (output started at /data/web/lysf/public_html/vendor/symfony/http-foundation/Response.php:1206) /data/web/lysf/public_html/ThinkPHP/Library/Think/Think.class.php 第 229 行.
NOTIC: [2] Cannot modify header information - headers already sent by (output started at /data/web/lysf/public_html/vendor/symfony/http-foundation/Response.php:1206) /data/web/lysf/public_html/ThinkPHP/Library/Think/Think.class.php 第 230 行.

[ 2016-12-18T11:18:33+08:00 ] 171.11.2.191 /wx.php/Dish/index.html?&code=011g7dyz0YhbJi1XqNvz0PGcyz0g7dyf&state=bd6a2091b8aa43476cdca371e8bcbf15
INFO: [ app_init ] --START--
INFO: Run Behavior\BuildLiteBehavior [ RunTime:0.000011s ]
INFO: [ app_init ] --END-- [ RunTime:0.000313s ]
INFO: [ app_begin ] --START--
INFO: Run Behavior\ReadHtmlCacheBehavior [ RunTime:0.000386s ]
INFO: [ app_begin ] --END-- [ RunTime:0.000427s ]
SQL: SHOW COLUMNS FROM `luu_user` [ RunTime:0.0007s ]
SQL: SELECT `openid`,`nickname`,`mobile`,`avatar`,`integral` FROM `luu_user` WHERE ( openid="o15iTwV0KK0TFSrPdjgoF9ffnn6w" ) LIMIT 1   [ RunTime:0.0003s ]
SQL: SHOW COLUMNS FROM `luu_goods_category` [ RunTime:0.0004s ]
SQL: SELECT `id`,`name` FROM `luu_goods_category` WHERE `status` = 1 AND `is_show` = 1 ORDER BY sort ASC  [ RunTime:0.0001s ]
SQL: SHOW COLUMNS FROM `luu_goods` [ RunTime:0.0004s ]
SQL: SELECT `id`,`name`,`pic` FROM `luu_goods` WHERE `status` = 1 AND `category_id` = 4  [ RunTime:0.0001s ]
INFO: [ view_parse ] --START--
INFO: [ template_filter ] --START--
INFO: Run Behavior\ContentReplaceBehavior [ RunTime:0.000039s ]
INFO: [ template_filter ] --END-- [ RunTime:0.000074s ]
INFO: Run Behavior\ParseTemplateBehavior [ RunTime:0.005984s ]
INFO: [ view_parse ] --END-- [ RunTime:0.006024s ]
INFO: [ view_filter ] --START--
INFO: Run Behavior\WriteHtmlCacheBehavior [ RunTime:0.000197s ]
INFO: [ view_filter ] --END-- [ RunTime:0.000227s ]
INFO: [ app_end ] --START--
INFO: Run Behavior\ShowPageTraceBehavior [ RunTime:0.000427s ]
INFO: [ app_end ] --END-- [ RunTime:0.000461s ]

[ 2016-12-18T11:18:35+08:00 ] 140.207.54.74 /wx.php/Weixin?signature=2a3249e27d74cacf769bf42f8612f0bf786a7af3&timestamp=1482031115&nonce=1946741798&openid=o15iTwV0KK0TFSrPdjgoF9ffnn6w
INFO: [ app_init ] --START--
INFO: Run Behavior\BuildLiteBehavior [ RunTime:0.000011s ]
INFO: [ app_init ] --END-- [ RunTime:0.000313s ]
INFO: [ app_begin ] --START--
INFO: Run Behavior\ReadHtmlCacheBehavior [ RunTime:0.000378s ]
INFO: [ app_begin ] --END-- [ RunTime:0.000420s ]
NOTIC: [2048] Declaration of Wx\Controller\WeixinController::_initialize() should be compatible with Wx\Controller\BaseController::_initialize($type = false) /data/web/lysf/public_html/Application/Wx/Controller/WeixinController.class.php 第 10 行.
INFO: [ app_end ] --START--
INFO: Run Behavior\ShowPageTraceBehavior [ RunTime:0.000407s ]
INFO: [ app_end ] --END-- [ RunTime:0.000455s ]

[ 2016-12-18T11:18:36+08:00 ] 140.207.54.73 /wx.php/Weixin?signature=3d6ea5f95430e45b4fa9dbb574d613b15d869820&timestamp=1482031116&nonce=762384498&openid=o15iTwV0KK0TFSrPdjgoF9ffnn6w
INFO: [ app_init ] --START--
INFO: Run Behavior\BuildLiteBehavior [ RunTime:0.000011s ]
INFO: [ app_init ] --END-- [ RunTime:0.000318s ]
INFO: [ app_begin ] --START--
INFO: Run Behavior\ReadHtmlCacheBehavior [ RunTime:0.000379s ]
INFO: [ app_begin ] --END-- [ RunTime:0.000422s ]
NOTIC: [2048] Declaration of Wx\Controller\WeixinController::_initialize() should be compatible with Wx\Controller\BaseController::_initialize($type = false) /data/web/lysf/public_html/Application/Wx/Controller/WeixinController.class.php 第 10 行.
INFO: [ app_end ] --START--
INFO: Run Behavior\ShowPageTraceBehavior [ RunTime:0.000395s ]
INFO: [ app_end ] --END-- [ RunTime:0.000440s ]

[ 2016-12-18T11:18:37+08:00 ] 171.11.2.191 /wx.php/Dish/recommend.html
INFO: [ app_init ] --START--
INFO: Run Behavior\BuildLiteBehavior [ RunTime:0.000011s ]
INFO: [ app_init ] --END-- [ RunTime:0.000294s ]
INFO: [ app_begin ] --START--
INFO: Run Behavior\ReadHtmlCacheBehavior [ RunTime:0.000381s ]
INFO: [ app_begin ] --END-- [ RunTime:0.000423s ]
INFO: [ view_parse ] --START--
INFO: [ template_filter ] --START--
INFO: Run Behavior\ContentReplaceBehavior [ RunTime:0.000030s ]
INFO: [ template_filter ] --END-- [ RunTime:0.000064s ]
INFO: Run Behavior\ParseTemplateBehavior [ RunTime:0.004095s ]
INFO: [ view_parse ] --END-- [ RunTime:0.004151s ]
INFO: [ view_filter ] --START--
INFO: Run Behavior\WriteHtmlCacheBehavior [ RunTime:0.000182s ]
INFO: [ view_filter ] --END-- [ RunTime:0.000212s ]
INFO: [ app_end ] --START--
INFO: Run Behavior\ShowPageTraceBehavior [ RunTime:0.000391s ]
INFO: [ app_end ] --END-- [ RunTime:0.000425s ]

[ 2016-12-18T11:18:48+08:00 ] 140.207.54.73 /wx.php/Weixin?signature=d453a0aaeb8aaee349ff5a39986eb30e13c86bf3&timestamp=1482031128&nonce=1704951328&openid=o15iTwV0KK0TFSrPdjgoF9ffnn6w
INFO: [ app_init ] --START--
INFO: Run Behavior\BuildLiteBehavior [ RunTime:0.000011s ]
INFO: [ app_init ] --END-- [ RunTime:0.000296s ]
INFO: [ app_begin ] --START--
INFO: Run Behavior\ReadHtmlCacheBehavior [ RunTime:0.000396s ]
INFO: [ app_begin ] --END-- [ RunTime:0.000438s ]
NOTIC: [2048] Declaration of Wx\Controller\WeixinController::_initialize() should be compatible with Wx\Controller\BaseController::_initialize($type = false) /data/web/lysf/public_html/Application/Wx/Controller/WeixinController.class.php 第 10 行.
INFO: [ app_end ] --START--
INFO: Run Behavior\ShowPageTraceBehavior [ RunTime:0.000567s ]
INFO: [ app_end ] --END-- [ RunTime:0.000620s ]

[ 2016-12-18T11:18:50+08:00 ] 140.207.54.73 /wx.php/Weixin?signature=c861f7f87b2277e2ea5e0c338a7dbc26235954ba&timestamp=1482031130&nonce=1653905991&openid=o15iTwV0KK0TFSrPdjgoF9ffnn6w
INFO: [ app_init ] --START--
INFO: Run Behavior\BuildLiteBehavior [ RunTime:0.000011s ]
INFO: [ app_init ] --END-- [ RunTime:0.000305s ]
INFO: [ app_begin ] --START--
INFO: Run Behavior\ReadHtmlCacheBehavior [ RunTime:0.000384s ]
INFO: [ app_begin ] --END-- [ RunTime:0.000434s ]
NOTIC: [2048] Declaration of Wx\Controller\WeixinController::_initialize() should be compatible with Wx\Controller\BaseController::_initialize($type = false) /data/web/lysf/public_html/Application/Wx/Controller/WeixinController.class.php 第 10 行.
INFO: [ app_end ] --START--
INFO: Run Behavior\ShowPageTraceBehavior [ RunTime:0.000396s ]
INFO: [ app_end ] --END-- [ RunTime:0.000442s ]

[ 2016-12-18T11:18:55+08:00 ] 180.153.214.180 /wx.php/Dish/recommend.html
INFO: [ app_init ] --START--
INFO: Run Behavior\BuildLiteBehavior [ RunTime:0.000011s ]
INFO: [ app_init ] --END-- [ RunTime:0.000305s ]
INFO: [ app_begin ] --START--
INFO: Run Behavior\ReadHtmlCacheBehavior [ RunTime:0.000386s ]
INFO: [ app_begin ] --END-- [ RunTime:0.000428s ]
NOTIC: [8] Undefined index: code /data/web/lysf/public_html/Application/Wx/Common/function.php 第 147 行.
ERR: The key "access_token" could not be empty.
NOTIC: [2] Cannot modify header information - headers already sent by (output started at /data/web/lysf/public_html/vendor/symfony/http-foundation/Response.php:1206) /data/web/lysf/public_html/ThinkPHP/Library/Think/Think.class.php 第 229 行.
NOTIC: [2] Cannot modify header information - headers already sent by (output started at /data/web/lysf/public_html/vendor/symfony/http-foundation/Response.php:1206) /data/web/lysf/public_html/ThinkPHP/Library/Think/Think.class.php 第 230 行.

[ 2016-12-18T11:18:58+08:00 ] 140.207.54.73 /wx.php/Weixin?signature=85b277c1020b956fc40505c3a1914665d255ebc2&timestamp=1482031138&nonce=449741691&openid=o15iTwV0KK0TFSrPdjgoF9ffnn6w
INFO: [ app_init ] --START--
INFO: Run Behavior\BuildLiteBehavior [ RunTime:0.000011s ]
INFO: [ app_init ] --END-- [ RunTime:0.000310s ]
INFO: [ app_begin ] --START--
INFO: Run Behavior\ReadHtmlCacheBehavior [ RunTime:0.000370s ]
INFO: [ app_begin ] --END-- [ RunTime:0.000415s ]
NOTIC: [2048] Declaration of Wx\Controller\WeixinController::_initialize() should be compatible with Wx\Controller\BaseController::_initialize($type = false) /data/web/lysf/public_html/Application/Wx/Controller/WeixinController.class.php 第 10 行.
INFO: [ app_end ] --START--
INFO: Run Behavior\ShowPageTraceBehavior [ RunTime:0.000432s ]
INFO: [ app_end ] --END-- [ RunTime:0.000502s ]

[ 2016-12-18T11:18:58+08:00 ] 140.207.54.74 /wx.php/Weixin?signature=902f6b1bc898c4192cf5bcf2b8271969b3959bea&timestamp=1482031138&nonce=982008921&openid=o15iTwV0KK0TFSrPdjgoF9ffnn6w
INFO: [ app_init ] --START--
INFO: Run Behavior\BuildLiteBehavior [ RunTime:0.000011s ]
INFO: [ app_init ] --END-- [ RunTime:0.000337s ]
INFO: [ app_begin ] --START--
INFO: Run Behavior\ReadHtmlCacheBehavior [ RunTime:0.000379s ]
INFO: [ app_begin ] --END-- [ RunTime:0.000421s ]
NOTIC: [2048] Declaration of Wx\Controller\WeixinController::_initialize() should be compatible with Wx\Controller\BaseController::_initialize($type = false) /data/web/lysf/public_html/Application/Wx/Controller/WeixinController.class.php 第 10 行.
INFO: [ app_end ] --START--
INFO: Run Behavior\ShowPageTraceBehavior [ RunTime:0.000462s ]
INFO: [ app_end ] --END-- [ RunTime:0.000507s ]

[ 2016-12-18T11:19:09+08:00 ] 140.207.54.73 /wx.php/Weixin?signature=0f36fb2318cf8537f39527bc743e943512bb7af6&timestamp=1482031149&nonce=116140924&openid=o15iTwV0KK0TFSrPdjgoF9ffnn6w
INFO: [ app_init ] --START--
INFO: Run Behavior\BuildLiteBehavior [ RunTime:0.000012s ]
INFO: [ app_init ] --END-- [ RunTime:0.000337s ]
INFO: [ app_begin ] --START--
INFO: Run Behavior\ReadHtmlCacheBehavior [ RunTime:0.000420s ]
INFO: [ app_begin ] --END-- [ RunTime:0.000464s ]
NOTIC: [2048] Declaration of Wx\Controller\WeixinController::_initialize() should be compatible with Wx\Controller\BaseController::_initialize($type = false) /data/web/lysf/public_html/Application/Wx/Controller/WeixinController.class.php 第 10 行.
INFO: [ app_end ] --START--
INFO: Run Behavior\ShowPageTraceBehavior [ RunTime:0.000432s ]
INFO: [ app_end ] --END-- [ RunTime:0.000488s ]

[ 2016-12-18T11:19:11+08:00 ] 140.207.54.74 /wx.php/Weixin?signature=408e0307203d2699f656f578456204e674388d13&timestamp=1482031151&nonce=290364531&openid=o15iTwV0KK0TFSrPdjgoF9ffnn6w
INFO: [ app_init ] --START--
INFO: Run Behavior\BuildLiteBehavior [ RunTime:0.000012s ]
INFO: [ app_init ] --END-- [ RunTime:0.000320s ]
INFO: [ app_begin ] --START--
INFO: Run Behavior\ReadHtmlCacheBehavior [ RunTime:0.000436s ]
INFO: [ app_begin ] --END-- [ RunTime:0.000482s ]
NOTIC: [2048] Declaration of Wx\Controller\WeixinController::_initialize() should be compatible with Wx\Controller\BaseController::_initialize($type = false) /data/web/lysf/public_html/Application/Wx/Controller/WeixinController.class.php 第 10 行.
INFO: [ app_end ] --START--
INFO: Run Behavior\ShowPageTraceBehavior [ RunTime:0.000395s ]
INFO: [ app_end ] --END-- [ RunTime:0.000444s ]

[ 2016-12-18T11:19:15+08:00 ] 140.207.54.74 /wx.php/Weixin?signature=ce636dab3ddb47c5609e16e3ccdcd4a51bac26f4&timestamp=1482031155&nonce=1072922289&openid=o15iTwV0KK0TFSrPdjgoF9ffnn6w
INFO: [ app_init ] --START--
INFO: Run Behavior\BuildLiteBehavior [ RunTime:0.000012s ]
INFO: [ app_init ] --END-- [ RunTime:0.000320s ]
INFO: [ app_begin ] --START--
INFO: Run Behavior\ReadHtmlCacheBehavior [ RunTime:0.000382s ]
INFO: [ app_begin ] --END-- [ RunTime:0.000438s ]
NOTIC: [2048] Declaration of Wx\Controller\WeixinController::_initialize() should be compatible with Wx\Controller\BaseController::_initialize($type = false) /data/web/lysf/public_html/Application/Wx/Controller/WeixinController.class.php 第 10 行.
INFO: [ app_end ] --START--
INFO: Run Behavior\ShowPageTraceBehavior [ RunTime:0.000412s ]
INFO: [ app_end ] --END-- [ RunTime:0.000486s ]

[ 2016-12-18T11:19:16+08:00 ] 140.207.54.73 /wx.php/Weixin?signature=451f5639920e6761587a8205bdd9261fbf12e5e2&timestamp=1482031156&nonce=294902292&openid=o15iTwV0KK0TFSrPdjgoF9ffnn6w
INFO: [ app_init ] --START--
INFO: Run Behavior\BuildLiteBehavior [ RunTime:0.000014s ]
INFO: [ app_init ] --END-- [ RunTime:0.000369s ]
INFO: [ app_begin ] --START--
INFO: Run Behavior\ReadHtmlCacheBehavior [ RunTime:0.000380s ]
INFO: [ app_begin ] --END-- [ RunTime:0.000442s ]
NOTIC: [2048] Declaration of Wx\Controller\WeixinController::_initialize() should be compatible with Wx\Controller\BaseController::_initialize($type = false) /data/web/lysf/public_html/Application/Wx/Controller/WeixinController.class.php 第 10 行.
INFO: [ app_end ] --START--
INFO: Run Behavior\ShowPageTraceBehavior [ RunTime:0.000414s ]
INFO: [ app_end ] --END-- [ RunTime:0.000462s ]

[ 2016-12-18T11:19:16+08:00 ] 171.11.2.191 /wx.php/Takeout/index.html
INFO: [ app_init ] --START--
INFO: Run Behavior\BuildLiteBehavior [ RunTime:0.000011s ]
INFO: [ app_init ] --END-- [ RunTime:0.000308s ]
INFO: [ app_begin ] --START--
INFO: Run Behavior\ReadHtmlCacheBehavior [ RunTime:0.000395s ]
INFO: [ app_begin ] --END-- [ RunTime:0.000438s ]
SQL: SHOW COLUMNS FROM `luu_takeout_conf` [ RunTime:0.0007s ]
SQL: SELECT * FROM `luu_takeout_conf` WHERE `id` = 1 LIMIT 1   [ RunTime:0.0001s ]
SQL: SHOW COLUMNS FROM `luu_goods` [ RunTime:0.0004s ]
SQL: SELECT `id`,`desc`,`name`,`price`,`pic` FROM `luu_goods` WHERE `status` = 1 AND `is_takeout` = 1 AND `category_id` = 5 ORDER BY id DESC LIMIT 1   [ RunTime:0.0001s ]
SQL: SELECT `id`,`desc`,`name`,`price`,`pic` FROM `luu_goods` WHERE `status` = 1 AND `is_takeout` = 1 AND `category_id` <> 5 ORDER BY price ASC  [ RunTime:0.0001s ]
INFO: [ view_parse ] --START--
INFO: [ template_filter ] --START--
INFO: Run Behavior\ContentReplaceBehavior [ RunTime:0.000050s ]
INFO: [ template_filter ] --END-- [ RunTime:0.000091s ]
INFO: Run Behavior\ParseTemplateBehavior [ RunTime:0.007763s ]
INFO: [ view_parse ] --END-- [ RunTime:0.007802s ]
INFO: [ view_filter ] --START--
INFO: Run Behavior\WriteHtmlCacheBehavior [ RunTime:0.000191s ]
INFO: [ view_filter ] --END-- [ RunTime:0.000224s ]
INFO: [ app_end ] --START--
INFO: Run Behavior\ShowPageTraceBehavior [ RunTime:0.000430s ]
INFO: [ app_end ] --END-- [ RunTime:0.000471s ]

[ 2016-12-18T11:19:22+08:00 ] 140.207.54.73 /wx.php/Weixin?signature=b2c07dbff52eb010622c8b7a9d61ab8c77571645&timestamp=1482031162&nonce=1273478174&openid=o15iTwV0KK0TFSrPdjgoF9ffnn6w
INFO: [ app_init ] --START--
INFO: Run Behavior\BuildLiteBehavior [ RunTime:0.000012s ]
INFO: [ app_init ] --END-- [ RunTime:0.000343s ]
INFO: [ app_begin ] --START--
INFO: Run Behavior\ReadHtmlCacheBehavior [ RunTime:0.000391s ]
INFO: [ app_begin ] --END-- [ RunTime:0.000435s ]
NOTIC: [2048] Declaration of Wx\Controller\WeixinController::_initialize() should be compatible with Wx\Controller\BaseController::_initialize($type = false) /data/web/lysf/public_html/Application/Wx/Controller/WeixinController.class.php 第 10 行.
INFO: [ app_end ] --START--
INFO: Run Behavior\ShowPageTraceBehavior [ RunTime:0.000437s ]
INFO: [ app_end ] --END-- [ RunTime:0.000483s ]

[ 2016-12-18T11:19:24+08:00 ] 140.207.54.73 /wx.php/Weixin?signature=8c69f1b76ba2f96cb833d14b91684a8a23a2777a&timestamp=1482031164&nonce=899431861&openid=o15iTwV0KK0TFSrPdjgoF9ffnn6w
INFO: [ app_init ] --START--
INFO: Run Behavior\BuildLiteBehavior [ RunTime:0.000013s ]
INFO: [ app_init ] --END-- [ RunTime:0.000316s ]
INFO: [ app_begin ] --START--
INFO: Run Behavior\ReadHtmlCacheBehavior [ RunTime:0.000380s ]
INFO: [ app_begin ] --END-- [ RunTime:0.000425s ]
NOTIC: [2048] Declaration of Wx\Controller\WeixinController::_initialize() should be compatible with Wx\Controller\BaseController::_initialize($type = false) /data/web/lysf/public_html/Application/Wx/Controller/WeixinController.class.php 第 10 行.
INFO: [ app_end ] --START--
INFO: Run Behavior\ShowPageTraceBehavior [ RunTime:0.000466s ]
INFO: [ app_end ] --END-- [ RunTime:0.000512s ]

[ 2016-12-18T11:19:24+08:00 ] 171.11.2.191 /wx.php/Order/index.html
INFO: [ app_init ] --START--
INFO: Run Behavior\BuildLiteBehavior [ RunTime:0.000011s ]
INFO: [ app_init ] --END-- [ RunTime:0.000316s ]
INFO: [ app_begin ] --START--
INFO: Run Behavior\ReadHtmlCacheBehavior [ RunTime:0.000387s ]
INFO: [ app_begin ] --END-- [ RunTime:0.000429s ]
SQL: SHOW COLUMNS FROM `luu_order` [ RunTime:0.0007s ]
SQL: SHOW COLUMNS FROM `luu_user` [ RunTime:0.0005s ]
SQL: SELECT `id` FROM `luu_user` WHERE ( openid="o15iTwV0KK0TFSrPdjgoF9ffnn6w" ) LIMIT 1   [ RunTime:0.0002s ]
SQL: SELECT COUNT(*) AS tp_count FROM `luu_order` WHERE `user_id` = 8 LIMIT 1   [ RunTime:0.0002s ]
SQL: SELECT `id`,`trade_no`,`total`,`pay_total`,`discount_total`,`coupon_total`,`addtime`,`pay_time`,`pay_status`,`status`,`meno` FROM `luu_order` WHERE `user_id` = 8 ORDER BY id DESC LIMIT 0,6   [ RunTime:0.0002s ]
INFO: [ view_parse ] --START--
INFO: [ template_filter ] --START--
INFO: Run Behavior\ContentReplaceBehavior [ RunTime:0.000038s ]
INFO: [ template_filter ] --END-- [ RunTime:0.000076s ]
INFO: Run Behavior\ParseTemplateBehavior [ RunTime:0.005900s ]
INFO: [ view_parse ] --END-- [ RunTime:0.005938s ]
INFO: [ view_filter ] --START--
INFO: Run Behavior\WriteHtmlCacheBehavior [ RunTime:0.000200s ]
INFO: [ view_filter ] --END-- [ RunTime:0.000230s ]
INFO: [ app_end ] --START--
INFO: Run Behavior\ShowPageTraceBehavior [ RunTime:0.000394s ]
INFO: [ app_end ] --END-- [ RunTime:0.000429s ]

[ 2016-12-18T11:19:31+08:00 ] 171.11.2.191 /wx.php/Order/detail/id/3.html
INFO: [ app_init ] --START--
INFO: Run Behavior\BuildLiteBehavior [ RunTime:0.000011s ]
INFO: [ app_init ] --END-- [ RunTime:0.000305s ]
INFO: [ app_begin ] --START--
INFO: Run Behavior\ReadHtmlCacheBehavior [ RunTime:0.000381s ]
INFO: [ app_begin ] --END-- [ RunTime:0.000421s ]
SQL: SHOW COLUMNS FROM `luu_order` [ RunTime:0.0007s ]
SQL: SELECT * FROM `luu_order` WHERE `id` = 3 LIMIT 1   [ RunTime:0.0003s ]
SQL: SHOW COLUMNS FROM `luu_order_goods` [ RunTime:0.0004s ]
SQL: SELECT * FROM `luu_order_goods` WHERE ( order_id=3 )  [ RunTime:0.0002s ]
INFO: [ view_parse ] --START--
INFO: [ template_filter ] --START--
INFO: Run Behavior\ContentReplaceBehavior [ RunTime:0.000036s ]
INFO: [ template_filter ] --END-- [ RunTime:0.000082s ]
INFO: Run Behavior\ParseTemplateBehavior [ RunTime:0.007164s ]
INFO: [ view_parse ] --END-- [ RunTime:0.007205s ]
INFO: [ view_filter ] --START--
INFO: Run Behavior\WriteHtmlCacheBehavior [ RunTime:0.000216s ]
INFO: [ view_filter ] --END-- [ RunTime:0.000257s ]
INFO: [ app_end ] --START--
INFO: Run Behavior\ShowPageTraceBehavior [ RunTime:0.000413s ]
INFO: [ app_end ] --END-- [ RunTime:0.000448s ]

[ 2016-12-18T11:19:31+08:00 ] 180.163.1.46 /wx.php/Takeout/index.html
INFO: [ app_init ] --START--
INFO: Run Behavior\BuildLiteBehavior [ RunTime:0.000012s ]
INFO: [ app_init ] --END-- [ RunTime:0.000309s ]
INFO: [ app_begin ] --START--
INFO: Run Behavior\ReadHtmlCacheBehavior [ RunTime:0.000376s ]
INFO: [ app_begin ] --END-- [ RunTime:0.000418s ]
NOTIC: [8] Undefined index: code /data/web/lysf/public_html/Application/Wx/Common/function.php 第 147 行.
ERR: The key "access_token" could not be empty.
NOTIC: [2] Cannot modify header information - headers already sent by (output started at /data/web/lysf/public_html/vendor/symfony/http-foundation/Response.php:1206) /data/web/lysf/public_html/ThinkPHP/Library/Think/Think.class.php 第 229 行.
NOTIC: [2] Cannot modify header information - headers already sent by (output started at /data/web/lysf/public_html/vendor/symfony/http-foundation/Response.php:1206) /data/web/lysf/public_html/ThinkPHP/Library/Think/Think.class.php 第 230 行.

[ 2016-12-18T11:19:35+08:00 ] 171.11.2.191 /wx.php/Order/detail/id/8.html
INFO: [ app_init ] --START--
INFO: Run Behavior\BuildLiteBehavior [ RunTime:0.000012s ]
INFO: [ app_init ] --END-- [ RunTime:0.000303s ]
INFO: [ app_begin ] --START--
INFO: Run Behavior\ReadHtmlCacheBehavior [ RunTime:0.000379s ]
INFO: [ app_begin ] --END-- [ RunTime:0.000420s ]
SQL: SHOW COLUMNS FROM `luu_order` [ RunTime:0.0007s ]
SQL: SELECT * FROM `luu_order` WHERE `id` = 8 LIMIT 1   [ RunTime:0.0002s ]
SQL: SHOW COLUMNS FROM `luu_order_goods` [ RunTime:0.0004s ]
SQL: SELECT * FROM `luu_order_goods` WHERE ( order_id=8 )  [ RunTime:0.0002s ]
INFO: [ view_parse ] --START--
INFO: [ template_filter ] --START--
INFO: Run Behavior\ContentReplaceBehavior [ RunTime:0.000036s ]
INFO: [ template_filter ] --END-- [ RunTime:0.000070s ]
INFO: Run Behavior\ParseTemplateBehavior [ RunTime:0.007543s ]
INFO: [ view_parse ] --END-- [ RunTime:0.007582s ]
INFO: [ view_filter ] --START--
INFO: Run Behavior\WriteHtmlCacheBehavior [ RunTime:0.000202s ]
INFO: [ view_filter ] --END-- [ RunTime:0.000233s ]
INFO: [ app_end ] --START--
INFO: Run Behavior\ShowPageTraceBehavior [ RunTime:0.000428s ]
INFO: [ app_end ] --END-- [ RunTime:0.000464s ]

[ 2016-12-18T11:19:41+08:00 ] 171.11.2.191 /wx.php/Order/detail/id/5.html
INFO: [ app_init ] --START--
INFO: Run Behavior\BuildLiteBehavior [ RunTime:0.000011s ]
INFO: [ app_init ] --END-- [ RunTime:0.000295s ]
INFO: [ app_begin ] --START--
INFO: Run Behavior\ReadHtmlCacheBehavior [ RunTime:0.000460s ]
INFO: [ app_begin ] --END-- [ RunTime:0.000501s ]
SQL: SHOW COLUMNS FROM `luu_order` [ RunTime:0.0007s ]
SQL: SELECT * FROM `luu_order` WHERE `id` = 5 LIMIT 1   [ RunTime:0.0002s ]
SQL: SHOW COLUMNS FROM `luu_order_goods` [ RunTime:0.0004s ]
SQL: SELECT * FROM `luu_order_goods` WHERE ( order_id=5 )  [ RunTime:0.0002s ]
INFO: [ view_parse ] --START--
INFO: [ template_filter ] --START--
INFO: Run Behavior\ContentReplaceBehavior [ RunTime:0.000036s ]
INFO: [ template_filter ] --END-- [ RunTime:0.000069s ]
INFO: Run Behavior\ParseTemplateBehavior [ RunTime:0.006165s ]
INFO: [ view_parse ] --END-- [ RunTime:0.006205s ]
INFO: [ view_filter ] --START--
INFO: Run Behavior\WriteHtmlCacheBehavior [ RunTime:0.000189s ]
INFO: [ view_filter ] --END-- [ RunTime:0.000222s ]
INFO: [ app_end ] --START--
INFO: Run Behavior\ShowPageTraceBehavior [ RunTime:0.000496s ]
INFO: [ app_end ] --END-- [ RunTime:0.000532s ]

[ 2016-12-18T11:19:45+08:00 ] 101.226.66.172 /wx.php/Order/detail/id/8.html
INFO: [ app_init ] --START--
INFO: Run Behavior\BuildLiteBehavior [ RunTime:0.000012s ]
INFO: [ app_init ] --END-- [ RunTime:0.000372s ]
INFO: [ app_begin ] --START--
INFO: Run Behavior\ReadHtmlCacheBehavior [ RunTime:0.000388s ]
INFO: [ app_begin ] --END-- [ RunTime:0.000435s ]
NOTIC: [8] Undefined index: code /data/web/lysf/public_html/Application/Wx/Common/function.php 第 147 行.
ERR: The key "access_token" could not be empty.
NOTIC: [2] Cannot modify header information - headers already sent by (output started at /data/web/lysf/public_html/vendor/symfony/http-foundation/Response.php:1206) /data/web/lysf/public_html/ThinkPHP/Library/Think/Think.class.php 第 229 行.
NOTIC: [2] Cannot modify header information - headers already sent by (output started at /data/web/lysf/public_html/vendor/symfony/http-foundation/Response.php:1206) /data/web/lysf/public_html/ThinkPHP/Library/Think/Think.class.php 第 230 行.

[ 2016-12-18T11:19:48+08:00 ] 180.153.206.21 /wx.php/Order/detail/id/3.html
INFO: [ app_init ] --START--
INFO: Run Behavior\BuildLiteBehavior [ RunTime:0.000012s ]
INFO: [ app_init ] --END-- [ RunTime:0.000366s ]
INFO: [ app_begin ] --START--
INFO: Run Behavior\ReadHtmlCacheBehavior [ RunTime:0.000409s ]
INFO: [ app_begin ] --END-- [ RunTime:0.000458s ]
NOTIC: [8] Undefined index: code /data/web/lysf/public_html/Application/Wx/Common/function.php 第 147 行.
ERR: The key "access_token" could not be empty.
NOTIC: [2] Cannot modify header information - headers already sent by (output started at /data/web/lysf/public_html/vendor/symfony/http-foundation/Response.php:1206) /data/web/lysf/public_html/ThinkPHP/Library/Think/Think.class.php 第 229 行.
NOTIC: [2] Cannot modify header information - headers already sent by (output started at /data/web/lysf/public_html/vendor/symfony/http-foundation/Response.php:1206) /data/web/lysf/public_html/ThinkPHP/Library/Think/Think.class.php 第 230 行.

[ 2016-12-18T11:19:52+08:00 ] 101.226.66.187 /wx.php/Order/detail/id/5.html
INFO: [ app_init ] --START--
INFO: Run Behavior\BuildLiteBehavior [ RunTime:0.000011s ]
INFO: [ app_init ] --END-- [ RunTime:0.000301s ]
INFO: [ app_begin ] --START--
INFO: Run Behavior\ReadHtmlCacheBehavior [ RunTime:0.000374s ]
INFO: [ app_begin ] --END-- [ RunTime:0.000414s ]
NOTIC: [8] Undefined index: code /data/web/lysf/public_html/Application/Wx/Common/function.php 第 147 行.
ERR: The key "access_token" could not be empty.
NOTIC: [2] Cannot modify header information - headers already sent by (output started at /data/web/lysf/public_html/vendor/symfony/http-foundation/Response.php:1206) /data/web/lysf/public_html/ThinkPHP/Library/Think/Think.class.php 第 229 行.
NOTIC: [2] Cannot modify header information - headers already sent by (output started at /data/web/lysf/public_html/vendor/symfony/http-foundation/Response.php:1206) /data/web/lysf/public_html/ThinkPHP/Library/Think/Think.class.php 第 230 行.

[ 2016-12-18T11:19:57+08:00 ] 101.226.125.111 /wx.php/Order/detail/id/5.html
INFO: [ app_init ] --START--
INFO: Run Behavior\BuildLiteBehavior [ RunTime:0.000011s ]
INFO: [ app_init ] --END-- [ RunTime:0.000297s ]
INFO: [ app_begin ] --START--
INFO: Run Behavior\ReadHtmlCacheBehavior [ RunTime:0.000383s ]
INFO: [ app_begin ] --END-- [ RunTime:0.000425s ]
NOTIC: [8] Undefined index: code /data/web/lysf/public_html/Application/Wx/Common/function.php 第 147 行.
ERR: The key "access_token" could not be empty.
NOTIC: [2] Cannot modify header information - headers already sent by (output started at /data/web/lysf/public_html/vendor/symfony/http-foundation/Response.php:1206) /data/web/lysf/public_html/ThinkPHP/Library/Think/Think.class.php 第 229 行.
NOTIC: [2] Cannot modify header information - headers already sent by (output started at /data/web/lysf/public_html/vendor/symfony/http-foundation/Response.php:1206) /data/web/lysf/public_html/ThinkPHP/Library/Think/Think.class.php 第 230 行.

[ 2016-12-18T11:20:21+08:00 ] 171.11.2.191 /wx.php/Order/detail/id/3.html
INFO: [ app_init ] --START--
INFO: Run Behavior\BuildLiteBehavior [ RunTime:0.000012s ]
INFO: [ app_init ] --END-- [ RunTime:0.000316s ]
INFO: [ app_begin ] --START--
INFO: Run Behavior\ReadHtmlCacheBehavior [ RunTime:0.000393s ]
INFO: [ app_begin ] --END-- [ RunTime:0.000434s ]
SQL: SHOW COLUMNS FROM `luu_order` [ RunTime:0.0007s ]
SQL: SELECT * FROM `luu_order` WHERE `id` = 3 LIMIT 1   [ RunTime:0.0002s ]
SQL: SHOW COLUMNS FROM `luu_order_goods` [ RunTime:0.0004s ]
SQL: SELECT * FROM `luu_order_goods` WHERE ( order_id=3 )  [ RunTime:0.0001s ]
INFO: [ view_parse ] --START--
INFO: [ template_filter ] --START--
INFO: Run Behavior\ContentReplaceBehavior [ RunTime:0.000041s ]
INFO: [ template_filter ] --END-- [ RunTime:0.000074s ]
INFO: Run Behavior\ParseTemplateBehavior [ RunTime:0.005938s ]
INFO: [ view_parse ] --END-- [ RunTime:0.005977s ]
INFO: [ view_filter ] --START--
INFO: Run Behavior\WriteHtmlCacheBehavior [ RunTime:0.000179s ]
INFO: [ view_filter ] --END-- [ RunTime:0.000219s ]
INFO: [ app_end ] --START--
INFO: Run Behavior\ShowPageTraceBehavior [ RunTime:0.000394s ]
INFO: [ app_end ] --END-- [ RunTime:0.000429s ]

[ 2016-12-18T11:20:35+08:00 ] 140.207.54.74 /wx.php/Weixin?signature=8e8bbc3c5bcd37650b103133992b3988599c16e7&timestamp=1482031235&nonce=638002364&openid=o15iTwV0KK0TFSrPdjgoF9ffnn6w
INFO: [ app_init ] --START--
INFO: Run Behavior\BuildLiteBehavior [ RunTime:0.000013s ]
INFO: [ app_init ] --END-- [ RunTime:0.000474s ]
INFO: [ app_begin ] --START--
INFO: Run Behavior\ReadHtmlCacheBehavior [ RunTime:0.000436s ]
INFO: [ app_begin ] --END-- [ RunTime:0.000482s ]
NOTIC: [2048] Declaration of Wx\Controller\WeixinController::_initialize() should be compatible with Wx\Controller\BaseController::_initialize($type = false) /data/web/lysf/public_html/Application/Wx/Controller/WeixinController.class.php 第 10 行.
INFO: [ app_end ] --START--
INFO: Run Behavior\ShowPageTraceBehavior [ RunTime:0.000467s ]
INFO: [ app_end ] --END-- [ RunTime:0.000514s ]

[ 2016-12-18T19:38:01+08:00 ] 58.247.206.154 /wx.php/Weixin?signature=023685aaa596b1c8b2c0a21fae76bd52bd3db8eb&timestamp=1482061081&nonce=1858574160&openid=o15iTwcg1dNGMg_XydGUU05Gbjsw
INFO: [ app_init ] --START--
INFO: Run Behavior\BuildLiteBehavior [ RunTime:0.000011s ]
INFO: [ app_init ] --END-- [ RunTime:0.000312s ]
INFO: [ app_begin ] --START--
INFO: Run Behavior\ReadHtmlCacheBehavior [ RunTime:0.000381s ]
INFO: [ app_begin ] --END-- [ RunTime:0.000424s ]
NOTIC: [2048] Declaration of Wx\Controller\WeixinController::_initialize() should be compatible with Wx\Controller\BaseController::_initialize($type = false) /data/web/lysf/public_html/Application/Wx/Controller/WeixinController.class.php 第 10 行.
SQL: SHOW COLUMNS FROM `luu_user` [ RunTime:0.0007s ]
SQL: SELECT `openid`,`nickname`,`mobile`,`avatar`,`integral` FROM `luu_user` WHERE ( openid="o15iTwcg1dNGMg_XydGUU05Gbjsw" ) LIMIT 1   [ RunTime:0.0002s ]
NOTIC: [8] Undefined index: validate /data/web/lysf/public_html/ThinkPHP/Library/Think/Model.class.php 第 1185 行.
NOTIC: [8] Undefined index: auto /data/web/lysf/public_html/ThinkPHP/Library/Think/Model.class.php 第 1128 行.
NOTIC: [8] Undefined offset: 0 /data/web/lysf/public_html/ThinkPHP/Library/Think/Db/Driver.class.php 第 803 行.
SQL: INSERT INTO `luu_user` (`subscribe`,`openid`,`nickname`,`sex`,`city`,`province`,`avatar`,`subscribe_time`,`remark`,`groupid`,`reg_type`,`addtime`,`reg_ip`) VALUES ('1','o15iTwcg1dNGMg_XydGUU05Gbjsw','潘建强','1','郑州','河南','http://wx.qlogo.cn/mmopen/Q3auHgzwzM7Oxc0Gve7tBghh5R9gj0bjJS2D0ph8aq7uA9PErIyUlEibGnaLxpsyDib0p1Vlibesj6S7YUuOHicEYg/0','2016-12-18 19:38:01','','0','subscribe','2016-12-18 19:38:01','58.247.206.154') [ RunTime:0.0002s ]
SQL: SHOW COLUMNS FROM `luu_coupon` [ RunTime:0.0005s ]
SQL: SELECT * FROM `luu_coupon` WHERE `id` = 1 LIMIT 1   [ RunTime:0.0001s ]
SQL: SHOW COLUMNS FROM `luu_user_coupon` [ RunTime:0.0004s ]
SQL: SELECT * FROM `luu_user_coupon` WHERE ( coupon_id=1 AND user_id=17 ) LIMIT 1   [ RunTime:0.0002s ]
NOTIC: [8] Undefined index: validate /data/web/lysf/public_html/ThinkPHP/Library/Think/Model.class.php 第 1185 行.
NOTIC: [8] Undefined index: auto /data/web/lysf/public_html/ThinkPHP/Library/Think/Model.class.php 第 1128 行.
SQL: INSERT INTO `luu_user_coupon` (`coupon_id`,`user_id`,`name`,`total`,`begintime`,`endtime`,`num`,`available_num`,`status`) VALUES ('1','17','3元代金券','3.00','2016-12-10 00:00:00','2017-01-31 00:00:00','10','0','1') [ RunTime:0.0002s ]
INFO: [ app_end ] --START--
INFO: Run Behavior\ShowPageTraceBehavior [ RunTime:0.000476s ]
INFO: [ app_end ] --END-- [ RunTime:0.000528s ]

[ 2016-12-18T19:38:07+08:00 ] 58.247.206.149 /wx.php/Weixin?signature=ae75846b9bb6c2e2787452caa5073d4002a8c3d5&timestamp=1482061087&nonce=491564592&openid=o15iTwcg1dNGMg_XydGUU05Gbjsw
INFO: [ app_init ] --START--
INFO: Run Behavior\BuildLiteBehavior [ RunTime:0.000011s ]
INFO: [ app_init ] --END-- [ RunTime:0.000309s ]
INFO: [ app_begin ] --START--
INFO: Run Behavior\ReadHtmlCacheBehavior [ RunTime:0.000401s ]
INFO: [ app_begin ] --END-- [ RunTime:0.000446s ]
NOTIC: [2048] Declaration of Wx\Controller\WeixinController::_initialize() should be compatible with Wx\Controller\BaseController::_initialize($type = false) /data/web/lysf/public_html/Application/Wx/Controller/WeixinController.class.php 第 10 行.
INFO: [ app_end ] --START--
INFO: Run Behavior\ShowPageTraceBehavior [ RunTime:0.000425s ]
INFO: [ app_end ] --END-- [ RunTime:0.000487s ]

[ 2016-12-18T19:38:11+08:00 ] 140.207.124.105 /wx.php/Weixin
INFO: [ app_init ] --START--
INFO: Run Behavior\BuildLiteBehavior [ RunTime:0.000012s ]
INFO: [ app_init ] --END-- [ RunTime:0.000319s ]
INFO: [ app_begin ] --START--
INFO: Run Behavior\ReadHtmlCacheBehavior [ RunTime:0.000415s ]
INFO: [ app_begin ] --END-- [ RunTime:0.000459s ]
NOTIC: [2048] Declaration of Wx\Controller\WeixinController::_initialize() should be compatible with Wx\Controller\BaseController::_initialize($type = false) /data/web/lysf/public_html/Application/Wx/Controller/WeixinController.class.php 第 10 行.
ERR: Invalid request.

[ 2016-12-18T19:38:16+08:00 ] 58.247.206.144 /wx.php/Weixin?signature=4393128d21a20d49088840be448aee0d5cd830bd&timestamp=1482061095&nonce=1001117221&openid=o15iTwcg1dNGMg_XydGUU05Gbjsw
INFO: [ app_init ] --START--
INFO: Run Behavior\BuildLiteBehavior [ RunTime:0.000012s ]
INFO: [ app_init ] --END-- [ RunTime:0.000355s ]
INFO: [ app_begin ] --START--
INFO: Run Behavior\ReadHtmlCacheBehavior [ RunTime:0.000399s ]
INFO: [ app_begin ] --END-- [ RunTime:0.000452s ]
NOTIC: [2048] Declaration of Wx\Controller\WeixinController::_initialize() should be compatible with Wx\Controller\BaseController::_initialize($type = false) /data/web/lysf/public_html/Application/Wx/Controller/WeixinController.class.php 第 10 行.
INFO: [ app_end ] --START--
INFO: Run Behavior\ShowPageTraceBehavior [ RunTime:0.000415s ]
INFO: [ app_end ] --END-- [ RunTime:0.000477s ]

[ 2016-12-18T19:38:20+08:00 ] 58.247.206.142 /wx.php/Weixin?signature=cfeffea2eadc8c283dd8eaf3b8913b727458bee6&timestamp=1482061100&nonce=479853480&openid=o15iTwcg1dNGMg_XydGUU05Gbjsw
INFO: [ app_init ] --START--
INFO: Run Behavior\BuildLiteBehavior [ RunTime:0.000012s ]
INFO: [ app_init ] --END-- [ RunTime:0.000337s ]
INFO: [ app_begin ] --START--
INFO: Run Behavior\ReadHtmlCacheBehavior [ RunTime:0.000391s ]
INFO: [ app_begin ] --END-- [ RunTime:0.000446s ]
NOTIC: [2048] Declaration of Wx\Controller\WeixinController::_initialize() should be compatible with Wx\Controller\BaseController::_initialize($type = false) /data/web/lysf/public_html/Application/Wx/Controller/WeixinController.class.php 第 10 行.
INFO: [ app_end ] --START--
INFO: Run Behavior\ShowPageTraceBehavior [ RunTime:0.000463s ]
INFO: [ app_end ] --END-- [ RunTime:0.000535s ]

[ 2016-12-18T19:38:24+08:00 ] 140.207.54.74 /wx.php/Weixin?signature=c2d5284ea756aa29f26e20c39e3ce8de0f3ab64d&timestamp=1482061104&nonce=1658666305&openid=o15iTwQOWsXP5YskRwUaiuY9jAws
INFO: [ app_init ] --START--
INFO: Run Behavior\BuildLiteBehavior [ RunTime:0.000013s ]
INFO: [ app_init ] --END-- [ RunTime:0.000331s ]
INFO: [ app_begin ] --START--
INFO: Run Behavior\ReadHtmlCacheBehavior [ RunTime:0.000399s ]
INFO: [ app_begin ] --END-- [ RunTime:0.000453s ]
NOTIC: [2048] Declaration of Wx\Controller\WeixinController::_initialize() should be compatible with Wx\Controller\BaseController::_initialize($type = false) /data/web/lysf/public_html/Application/Wx/Controller/WeixinController.class.php 第 10 行.
SQL: SHOW COLUMNS FROM `luu_user` [ RunTime:0.0007s ]
SQL: SELECT `openid`,`nickname`,`mobile`,`avatar`,`integral` FROM `luu_user` WHERE ( openid="o15iTwQOWsXP5YskRwUaiuY9jAws" ) LIMIT 1   [ RunTime:0.0002s ]
NOTIC: [8] Undefined index: validate /data/web/lysf/public_html/ThinkPHP/Library/Think/Model.class.php 第 1185 行.
NOTIC: [8] Undefined index: auto /data/web/lysf/public_html/ThinkPHP/Library/Think/Model.class.php 第 1128 行.
NOTIC: [8] Undefined offset: 0 /data/web/lysf/public_html/ThinkPHP/Library/Think/Db/Driver.class.php 第 803 行.
SQL: INSERT INTO `luu_user` (`subscribe`,`openid`,`nickname`,`sex`,`city`,`province`,`avatar`,`subscribe_time`,`remark`,`groupid`,`reg_type`,`addtime`,`reg_ip`) VALUES ('1','o15iTwQOWsXP5YskRwUaiuY9jAws','崔新建','1','郑州','河南','http://wx.qlogo.cn/mmopen/WCKs66kWXAaZgiayyBMiaPAIgukBrsJyv9Zrtv58NpATLREH1nGCVsXzichllguqyMSQBIibDEDnLKZa7cibEe5ZCSfH1cjwoWq0t/0','2016-12-18 19:38:24','','0','subscribe','2016-12-18 19:38:24','140.207.54.74') [ RunTime:0.0002s ]
SQL: SHOW COLUMNS FROM `luu_coupon` [ RunTime:0.0004s ]
SQL: SELECT * FROM `luu_coupon` WHERE `id` = 1 LIMIT 1   [ RunTime:0.0001s ]
SQL: SHOW COLUMNS FROM `luu_user_coupon` [ RunTime:0.0004s ]
SQL: SELECT * FROM `luu_user_coupon` WHERE ( coupon_id=1 AND user_id=18 ) LIMIT 1   [ RunTime:0.0002s ]
NOTIC: [8] Undefined index: validate /data/web/lysf/public_html/ThinkPHP/Library/Think/Model.class.php 第 1185 行.
NOTIC: [8] Undefined index: auto /data/web/lysf/public_html/ThinkPHP/Library/Think/Model.class.php 第 1128 行.
SQL: INSERT INTO `luu_user_coupon` (`coupon_id`,`user_id`,`name`,`total`,`begintime`,`endtime`,`num`,`available_num`,`status`) VALUES ('1','18','3元代金券','3.00','2016-12-10 00:00:00','2017-01-31 00:00:00','10','0','1') [ RunTime:0.0002s ]
INFO: [ app_end ] --START--
INFO: Run Behavior\ShowPageTraceBehavior [ RunTime:0.000439s ]
INFO: [ app_end ] --END-- [ RunTime:0.000484s ]

[ 2016-12-18T19:38:27+08:00 ] 58.247.206.141 /wx.php/Weixin?signature=4e64384be6f95014e81094b10a3f71ea58fe2249&timestamp=1482061107&nonce=1142278454&openid=o15iTwcg1dNGMg_XydGUU05Gbjsw
INFO: [ app_init ] --START--
INFO: Run Behavior\BuildLiteBehavior [ RunTime:0.000011s ]
INFO: [ app_init ] --END-- [ RunTime:0.000307s ]
INFO: [ app_begin ] --START--
INFO: Run Behavior\ReadHtmlCacheBehavior [ RunTime:0.000397s ]
INFO: [ app_begin ] --END-- [ RunTime:0.000440s ]
NOTIC: [2048] Declaration of Wx\Controller\WeixinController::_initialize() should be compatible with Wx\Controller\BaseController::_initialize($type = false) /data/web/lysf/public_html/Application/Wx/Controller/WeixinController.class.php 第 10 行.
INFO: [ app_end ] --START--
INFO: Run Behavior\ShowPageTraceBehavior [ RunTime:0.000426s ]
INFO: [ app_end ] --END-- [ RunTime:0.000472s ]

[ 2016-12-18T19:38:36+08:00 ] 58.247.206.154 /wx.php/Weixin?signature=a35514c127c88113954a2e66024f875ded29ce4c&timestamp=1482061116&nonce=1971094969&openid=o15iTwcg1dNGMg_XydGUU05Gbjsw
INFO: [ app_init ] --START--
INFO: Run Behavior\BuildLiteBehavior [ RunTime:0.000011s ]
INFO: [ app_init ] --END-- [ RunTime:0.000328s ]
INFO: [ app_begin ] --START--
INFO: Run Behavior\ReadHtmlCacheBehavior [ RunTime:0.000391s ]
INFO: [ app_begin ] --END-- [ RunTime:0.000435s ]
NOTIC: [2048] Declaration of Wx\Controller\WeixinController::_initialize() should be compatible with Wx\Controller\BaseController::_initialize($type = false) /data/web/lysf/public_html/Application/Wx/Controller/WeixinController.class.php 第 10 行.
INFO: [ app_end ] --START--
INFO: Run Behavior\ShowPageTraceBehavior [ RunTime:0.000484s ]
INFO: [ app_end ] --END-- [ RunTime:0.000549s ]

[ 2016-12-18T19:38:37+08:00 ] 140.207.54.73 /wx.php/Weixin?signature=fcdf0fde1b4df72e0c67108ce262e2e83ae117be&timestamp=1482061116&nonce=1927191143&openid=o15iTwQOWsXP5YskRwUaiuY9jAws
INFO: [ app_init ] --START--
INFO: Run Behavior\BuildLiteBehavior [ RunTime:0.000012s ]
INFO: [ app_init ] --END-- [ RunTime:0.000326s ]
INFO: [ app_begin ] --START--
INFO: Run Behavior\ReadHtmlCacheBehavior [ RunTime:0.000426s ]
INFO: [ app_begin ] --END-- [ RunTime:0.000478s ]
NOTIC: [2048] Declaration of Wx\Controller\WeixinController::_initialize() should be compatible with Wx\Controller\BaseController::_initialize($type = false) /data/web/lysf/public_html/Application/Wx/Controller/WeixinController.class.php 第 10 行.
INFO: [ app_end ] --START--
INFO: Run Behavior\ShowPageTraceBehavior [ RunTime:0.000408s ]
INFO: [ app_end ] --END-- [ RunTime:0.000460s ]

[ 2016-12-18T19:38:43+08:00 ] 101.226.65.108 /wx.php/Weixin
INFO: [ app_init ] --START--
INFO: Run Behavior\BuildLiteBehavior [ RunTime:0.000011s ]
INFO: [ app_init ] --END-- [ RunTime:0.000297s ]
INFO: [ app_begin ] --START--
INFO: Run Behavior\ReadHtmlCacheBehavior [ RunTime:0.000372s ]
INFO: [ app_begin ] --END-- [ RunTime:0.000446s ]
NOTIC: [2048] Declaration of Wx\Controller\WeixinController::_initialize() should be compatible with Wx\Controller\BaseController::_initialize($type = false) /data/web/lysf/public_html/Application/Wx/Controller/WeixinController.class.php 第 10 行.
ERR: Invalid request.

[ 2016-12-18T19:38:51+08:00 ] 140.207.54.73 /wx.php/Weixin?signature=97a4705fdf7b23d4ab4b031d0c174a3375e3d53a&timestamp=1482061131&nonce=1421976553&openid=o15iTwQOWsXP5YskRwUaiuY9jAws
INFO: [ app_init ] --START--
INFO: Run Behavior\BuildLiteBehavior [ RunTime:0.000012s ]
INFO: [ app_init ] --END-- [ RunTime:0.000337s ]
INFO: [ app_begin ] --START--
INFO: Run Behavior\ReadHtmlCacheBehavior [ RunTime:0.000424s ]
INFO: [ app_begin ] --END-- [ RunTime:0.000482s ]
NOTIC: [2048] Declaration of Wx\Controller\WeixinController::_initialize() should be compatible with Wx\Controller\BaseController::_initialize($type = false) /data/web/lysf/public_html/Application/Wx/Controller/WeixinController.class.php 第 10 行.
INFO: [ app_end ] --START--
INFO: Run Behavior\ShowPageTraceBehavior [ RunTime:0.000415s ]
INFO: [ app_end ] --END-- [ RunTime:0.000464s ]

[ 2016-12-18T19:38:51+08:00 ] 171.15.63.252 /wx.php/Dish/index.html
INFO: [ app_init ] --START--
INFO: Run Behavior\BuildLiteBehavior [ RunTime:0.000012s ]
INFO: [ app_init ] --END-- [ RunTime:0.000300s ]
INFO: [ app_begin ] --START--
INFO: Run Behavior\ReadHtmlCacheBehavior [ RunTime:0.000382s ]
INFO: [ app_begin ] --END-- [ RunTime:0.000446s ]
NOTIC: [8] Undefined index: code /data/web/lysf/public_html/Application/Wx/Common/function.php 第 147 行.
ERR: The key "access_token" could not be empty.
NOTIC: [2] Cannot modify header information - headers already sent by (output started at /data/web/lysf/public_html/vendor/symfony/http-foundation/Response.php:1206) /data/web/lysf/public_html/ThinkPHP/Library/Think/Think.class.php 第 229 行.
NOTIC: [2] Cannot modify header information - headers already sent by (output started at /data/web/lysf/public_html/vendor/symfony/http-foundation/Response.php:1206) /data/web/lysf/public_html/ThinkPHP/Library/Think/Think.class.php 第 230 行.

[ 2016-12-18T19:38:52+08:00 ] 171.15.63.252 /wx.php/Dish/index.html?&code=011OM63P0ysXp82Dnb3P05q63P0OM63m&state=bed71fdd6fe466179f91f019b32d9c86
INFO: [ app_init ] --START--
INFO: Run Behavior\BuildLiteBehavior [ RunTime:0.000012s ]
INFO: [ app_init ] --END-- [ RunTime:0.000334s ]
INFO: [ app_begin ] --START--
INFO: Run Behavior\ReadHtmlCacheBehavior [ RunTime:0.000383s ]
INFO: [ app_begin ] --END-- [ RunTime:0.000425s ]
SQL: SHOW COLUMNS FROM `luu_user` [ RunTime:0.0007s ]
SQL: SELECT `openid`,`nickname`,`mobile`,`avatar`,`integral` FROM `luu_user` WHERE ( openid="o15iTwQOWsXP5YskRwUaiuY9jAws" ) LIMIT 1   [ RunTime:0.0002s ]
SQL: SHOW COLUMNS FROM `luu_goods_category` [ RunTime:0.0005s ]
SQL: SELECT `id`,`name` FROM `luu_goods_category` WHERE `status` = 1 AND `is_show` = 1 ORDER BY sort ASC  [ RunTime:0.0001s ]
SQL: SHOW COLUMNS FROM `luu_goods` [ RunTime:0.0004s ]
SQL: SELECT `id`,`name`,`pic` FROM `luu_goods` WHERE `status` = 1 AND `category_id` = 4  [ RunTime:0.0001s ]
INFO: [ view_parse ] --START--
INFO: [ template_filter ] --START--
INFO: Run Behavior\ContentReplaceBehavior [ RunTime:0.000040s ]
INFO: [ template_filter ] --END-- [ RunTime:0.000077s ]
INFO: Run Behavior\ParseTemplateBehavior [ RunTime:0.006065s ]
INFO: [ view_parse ] --END-- [ RunTime:0.006112s ]
INFO: [ view_filter ] --START--
INFO: Run Behavior\WriteHtmlCacheBehavior [ RunTime:0.000183s ]
INFO: [ view_filter ] --END-- [ RunTime:0.000235s ]
INFO: [ app_end ] --START--
INFO: Run Behavior\ShowPageTraceBehavior [ RunTime:0.000463s ]
INFO: [ app_end ] --END-- [ RunTime:0.000501s ]

[ 2016-12-18T19:39:02+08:00 ] 171.15.63.252 /wx.php/Dish/recommend.html
INFO: [ app_init ] --START--
INFO: Run Behavior\BuildLiteBehavior [ RunTime:0.000012s ]
INFO: [ app_init ] --END-- [ RunTime:0.000328s ]
INFO: [ app_begin ] --START--
INFO: Run Behavior\ReadHtmlCacheBehavior [ RunTime:0.000388s ]
INFO: [ app_begin ] --END-- [ RunTime:0.000430s ]
INFO: [ view_parse ] --START--
INFO: [ template_filter ] --START--
INFO: Run Behavior\ContentReplaceBehavior [ RunTime:0.000031s ]
INFO: [ template_filter ] --END-- [ RunTime:0.000066s ]
INFO: Run Behavior\ParseTemplateBehavior [ RunTime:0.004183s ]
INFO: [ view_parse ] --END-- [ RunTime:0.004222s ]
INFO: [ view_filter ] --START--
INFO: Run Behavior\WriteHtmlCacheBehavior [ RunTime:0.000198s ]
INFO: [ view_filter ] --END-- [ RunTime:0.000228s ]
INFO: [ app_end ] --START--
INFO: Run Behavior\ShowPageTraceBehavior [ RunTime:0.000425s ]
INFO: [ app_end ] --END-- [ RunTime:0.000459s ]

[ 2016-12-18T19:39:02+08:00 ] 140.207.54.73 /wx.php/Weixin?signature=48480970e16f8c00104b67004decd4e68bd58627&timestamp=1482061142&nonce=2119152394&openid=o15iTwQOWsXP5YskRwUaiuY9jAws
INFO: [ app_init ] --START--
INFO: Run Behavior\BuildLiteBehavior [ RunTime:0.000012s ]
INFO: [ app_init ] --END-- [ RunTime:0.000312s ]
INFO: [ app_begin ] --START--
INFO: Run Behavior\ReadHtmlCacheBehavior [ RunTime:0.000434s ]
INFO: [ app_begin ] --END-- [ RunTime:0.000493s ]
NOTIC: [2048] Declaration of Wx\Controller\WeixinController::_initialize() should be compatible with Wx\Controller\BaseController::_initialize($type = false) /data/web/lysf/public_html/Application/Wx/Controller/WeixinController.class.php 第 10 行.
INFO: [ app_end ] --START--
INFO: Run Behavior\ShowPageTraceBehavior [ RunTime:0.000402s ]
INFO: [ app_end ] --END-- [ RunTime:0.000449s ]

[ 2016-12-18T19:39:21+08:00 ] 140.207.54.74 /wx.php/Weixin?signature=abdf39fa4bffc46c286acc4f46668d0c7a9ec91c&timestamp=1482061161&nonce=1806870422&openid=o15iTwQOWsXP5YskRwUaiuY9jAws
INFO: [ app_init ] --START--
INFO: Run Behavior\BuildLiteBehavior [ RunTime:0.000011s ]
INFO: [ app_init ] --END-- [ RunTime:0.000293s ]
INFO: [ app_begin ] --START--
INFO: Run Behavior\ReadHtmlCacheBehavior [ RunTime:0.000475s ]
INFO: [ app_begin ] --END-- [ RunTime:0.000518s ]
NOTIC: [2048] Declaration of Wx\Controller\WeixinController::_initialize() should be compatible with Wx\Controller\BaseController::_initialize($type = false) /data/web/lysf/public_html/Application/Wx/Controller/WeixinController.class.php 第 10 行.
INFO: [ app_end ] --START--
INFO: Run Behavior\ShowPageTraceBehavior [ RunTime:0.000437s ]
INFO: [ app_end ] --END-- [ RunTime:0.000518s ]

[ 2016-12-18T19:39:23+08:00 ] 58.247.206.156 /wx.php/Weixin?signature=4bb184164c5a355c932c664732d9a0dbcecc414f&timestamp=1482061162&nonce=566340010&openid=o15iTwUkUEbmHISE6ICBVK_28AN8
INFO: [ app_init ] --START--
INFO: Run Behavior\BuildLiteBehavior [ RunTime:0.000016s ]
INFO: [ app_init ] --END-- [ RunTime:0.000356s ]
INFO: [ app_begin ] --START--
INFO: Run Behavior\ReadHtmlCacheBehavior [ RunTime:0.000388s ]
INFO: [ app_begin ] --END-- [ RunTime:0.000437s ]
NOTIC: [2048] Declaration of Wx\Controller\WeixinController::_initialize() should be compatible with Wx\Controller\BaseController::_initialize($type = false) /data/web/lysf/public_html/Application/Wx/Controller/WeixinController.class.php 第 10 行.
INFO: [ app_end ] --START--
INFO: Run Behavior\ShowPageTraceBehavior [ RunTime:0.000470s ]
INFO: [ app_end ] --END-- [ RunTime:0.000544s ]

[ 2016-12-18T19:39:23+08:00 ] 171.10.170.185 /wx.php/Dish/recommend.html
INFO: [ app_init ] --START--
INFO: Run Behavior\BuildLiteBehavior [ RunTime:0.000012s ]
INFO: [ app_init ] --END-- [ RunTime:0.000316s ]
INFO: [ app_begin ] --START--
INFO: Run Behavior\ReadHtmlCacheBehavior [ RunTime:0.000387s ]
INFO: [ app_begin ] --END-- [ RunTime:0.000428s ]
NOTIC: [8] Undefined index: code /data/web/lysf/public_html/Application/Wx/Common/function.php 第 147 行.
ERR: The key "access_token" could not be empty.
NOTIC: [2] Cannot modify header information - headers already sent by (output started at /data/web/lysf/public_html/vendor/symfony/http-foundation/Response.php:1206) /data/web/lysf/public_html/ThinkPHP/Library/Think/Think.class.php 第 229 行.
NOTIC: [2] Cannot modify header information - headers already sent by (output started at /data/web/lysf/public_html/vendor/symfony/http-foundation/Response.php:1206) /data/web/lysf/public_html/ThinkPHP/Library/Think/Think.class.php 第 230 行.

[ 2016-12-18T19:39:24+08:00 ] 171.10.170.185 /wx.php/Dish/recommend.html?&code=031kkKZ42Bf0sL0qSuX42tuIZ42kkKZa&state=ae15bc44c2953221a06184b1332fa7db
INFO: [ app_init ] --START--
INFO: Run Behavior\BuildLiteBehavior [ RunTime:0.000014s ]
INFO: [ app_init ] --END-- [ RunTime:0.000330s ]
INFO: [ app_begin ] --START--
INFO: Run Behavior\ReadHtmlCacheBehavior [ RunTime:0.000429s ]
INFO: [ app_begin ] --END-- [ RunTime:0.000475s ]
SQL: SHOW COLUMNS FROM `luu_user` [ RunTime:0.0007s ]
SQL: SELECT `openid`,`nickname`,`mobile`,`avatar`,`integral` FROM `luu_user` WHERE ( openid="o15iTwUkUEbmHISE6ICBVK_28AN8" ) LIMIT 1   [ RunTime:0.0002s ]
INFO: [ view_parse ] --START--
INFO: [ template_filter ] --START--
INFO: Run Behavior\ContentReplaceBehavior [ RunTime:0.000053s ]
INFO: [ template_filter ] --END-- [ RunTime:0.000100s ]
INFO: Run Behavior\ParseTemplateBehavior [ RunTime:0.004690s ]
INFO: [ view_parse ] --END-- [ RunTime:0.004750s ]
INFO: [ view_filter ] --START--
INFO: Run Behavior\WriteHtmlCacheBehavior [ RunTime:0.000183s ]
INFO: [ view_filter ] --END-- [ RunTime:0.000214s ]
INFO: [ app_end ] --START--
INFO: Run Behavior\ShowPageTraceBehavior [ RunTime:0.000421s ]
INFO: [ app_end ] --END-- [ RunTime:0.000456s ]

