[ 2017-03-14T15:02:33+08:00 ] 127.0.0.1 /admin.php
INFO: [ app_init ] --START--
INFO: Run Behavior\BuildLiteBehavior [ RunTime:0.000000s ]
INFO: [ app_init ] --END-- [ RunTime:0.009000s ]
INFO: [ app_begin ] --START--
INFO: Run Behavior\ReadHtmlCacheBehavior [ RunTime:0.002000s ]
INFO: [ app_begin ] --END-- [ RunTime:0.002000s ]

[ 2017-03-14T15:02:33+08:00 ] 127.0.0.1 /admin.php/Login/index
INFO: [ app_init ] --START--
INFO: Run Behavior\BuildLiteBehavior [ RunTime:0.000000s ]
INFO: [ app_init ] --END-- [ RunTime:0.000000s ]
INFO: [ app_begin ] --START--
INFO: Run Behavior\ReadHtmlCacheBehavior [ RunTime:0.001000s ]
INFO: [ app_begin ] --END-- [ RunTime:0.001000s ]
INFO: [ view_parse ] --START--
INFO: [ template_filter ] --START--
INFO: Run Behavior\ContentReplaceBehavior [ RunTime:0.000000s ]
INFO: [ template_filter ] --END-- [ RunTime:0.000000s ]
INFO: Run Behavior\ParseTemplateBehavior [ RunTime:0.062003s ]
INFO: [ view_parse ] --END-- [ RunTime:0.063003s ]
INFO: [ view_filter ] --START--
INFO: Run Behavior\WriteHtmlCacheBehavior [ RunTime:0.003001s ]
INFO: [ view_filter ] --END-- [ RunTime:0.003001s ]
INFO: [ app_end ] --START--
INFO: Run Behavior\ShowPageTraceBehavior [ RunTime:0.003000s ]
INFO: [ app_end ] --END-- [ RunTime:0.003000s ]

[ 2017-03-14T15:02:44+08:00 ] 127.0.0.1 /admin.php/Login/doLogin.html
INFO: [ app_init ] --START--
INFO: Run Behavior\BuildLiteBehavior [ RunTime:0.000000s ]
INFO: [ app_init ] --END-- [ RunTime:0.001000s ]
INFO: [ app_begin ] --START--
INFO: Run Behavior\ReadHtmlCacheBehavior [ RunTime:0.001000s ]
INFO: [ app_begin ] --END-- [ RunTime:0.001000s ]
SQL: SHOW COLUMNS FROM `luu_admin_user` [ RunTime:0.3070s ]
SQL: SELECT * FROM `luu_admin_user` WHERE `username` = 'admin' LIMIT 1   [ RunTime:0.1210s ]

[ 2017-03-14T15:02:44+08:00 ] 127.0.0.1 /admin.php/Index/index.html
INFO: [ app_init ] --START--
INFO: Run Behavior\BuildLiteBehavior [ RunTime:0.000000s ]
INFO: [ app_init ] --END-- [ RunTime:0.001000s ]
INFO: [ app_begin ] --START--
INFO: Run Behavior\ReadHtmlCacheBehavior [ RunTime:0.001000s ]
INFO: [ app_begin ] --END-- [ RunTime:0.001000s ]
INFO: [ view_parse ] --START--
INFO: [ template_filter ] --START--
INFO: Run Behavior\ContentReplaceBehavior [ RunTime:0.000000s ]
INFO: [ template_filter ] --END-- [ RunTime:0.000000s ]
INFO: Run Behavior\ParseTemplateBehavior [ RunTime:0.032002s ]
INFO: [ view_parse ] --END-- [ RunTime:0.032002s ]
INFO: [ view_filter ] --START--
INFO: Run Behavior\WriteHtmlCacheBehavior [ RunTime:0.001000s ]
INFO: [ view_filter ] --END-- [ RunTime:0.001000s ]
INFO: [ app_end ] --START--
INFO: Run Behavior\ShowPageTraceBehavior [ RunTime:0.001000s ]
INFO: [ app_end ] --END-- [ RunTime:0.001000s ]

[ 2017-03-14T15:02:44+08:00 ] 127.0.0.1 /admin.php/Index/vie.html
INFO: [ app_init ] --START--
INFO: Run Behavior\BuildLiteBehavior [ RunTime:0.000000s ]
INFO: [ app_init ] --END-- [ RunTime:0.000000s ]
INFO: [ app_begin ] --START--
INFO: Run Behavior\ReadHtmlCacheBehavior [ RunTime:0.001000s ]
INFO: [ app_begin ] --END-- [ RunTime:0.001000s ]
INFO: [ view_parse ] --START--
INFO: [ template_filter ] --START--
INFO: Run Behavior\ContentReplaceBehavior [ RunTime:0.000000s ]
INFO: [ template_filter ] --END-- [ RunTime:0.000000s ]
INFO: Run Behavior\ParseTemplateBehavior [ RunTime:0.008001s ]
INFO: [ view_parse ] --END-- [ RunTime:0.008001s ]
INFO: [ view_filter ] --START--
INFO: Run Behavior\WriteHtmlCacheBehavior [ RunTime:0.001000s ]
INFO: [ view_filter ] --END-- [ RunTime:0.001000s ]
INFO: [ app_end ] --START--
INFO: Run Behavior\ShowPageTraceBehavior [ RunTime:0.000000s ]
INFO: [ app_end ] --END-- [ RunTime:0.000000s ]

[ 2017-03-14T15:03:02+08:00 ] 127.0.0.1 /admin.php/Order/index.html
INFO: [ app_init ] --START--
INFO: Run Behavior\BuildLiteBehavior [ RunTime:0.000000s ]
INFO: [ app_init ] --END-- [ RunTime:0.001000s ]
INFO: [ app_begin ] --START--
INFO: Run Behavior\ReadHtmlCacheBehavior [ RunTime:0.001000s ]
INFO: [ app_begin ] --END-- [ RunTime:0.001000s ]
SQL: SHOW COLUMNS FROM `luu_order` [ RunTime:0.1110s ]
SQL: SELECT COUNT(*) AS tp_count FROM `luu_order` LIMIT 1   [ RunTime:0.0000s ]
SQL: SELECT * FROM `luu_order` ORDER BY id DESC LIMIT 0,10   [ RunTime:0.0060s ]
ERR: 模板不存在:./Application/Admin/View/Order/index.html

[ 2017-03-14T15:03:04+08:00 ] 127.0.0.1 /admin.php/Category/index.html
INFO: [ app_init ] --START--
INFO: Run Behavior\BuildLiteBehavior [ RunTime:0.000000s ]
INFO: [ app_init ] --END-- [ RunTime:0.001000s ]
INFO: [ app_begin ] --START--
INFO: Run Behavior\ReadHtmlCacheBehavior [ RunTime:0.001000s ]
INFO: [ app_begin ] --END-- [ RunTime:0.001000s ]
SQL: SHOW COLUMNS FROM `luu_goods_category` [ RunTime:0.0650s ]
SQL: SELECT COUNT(*) AS tp_count FROM `luu_goods_category` LIMIT 1   [ RunTime:0.0010s ]
SQL: SELECT `id`,`name`,`pid`,`status`,`sort` FROM `luu_goods_category` ORDER BY sort DESC LIMIT 0,10   [ RunTime:0.0010s ]
INFO: [ view_parse ] --START--
INFO: [ template_filter ] --START--
INFO: Run Behavior\ContentReplaceBehavior [ RunTime:0.000000s ]
INFO: [ template_filter ] --END-- [ RunTime:0.000000s ]
INFO: Run Behavior\ParseTemplateBehavior [ RunTime:0.039002s ]
INFO: [ view_parse ] --END-- [ RunTime:0.039002s ]
INFO: [ view_filter ] --START--
INFO: Run Behavior\WriteHtmlCacheBehavior [ RunTime:0.001000s ]
INFO: [ view_filter ] --END-- [ RunTime:0.001000s ]
INFO: [ app_end ] --START--
INFO: Run Behavior\ShowPageTraceBehavior [ RunTime:0.001000s ]
INFO: [ app_end ] --END-- [ RunTime:0.001000s ]

[ 2017-03-14T15:03:12+08:00 ] 127.0.0.1 /admin.php/Category/index/p/2.html
INFO: [ app_init ] --START--
INFO: Run Behavior\BuildLiteBehavior [ RunTime:0.000000s ]
INFO: [ app_init ] --END-- [ RunTime:0.001000s ]
INFO: [ app_begin ] --START--
INFO: Run Behavior\ReadHtmlCacheBehavior [ RunTime:0.001000s ]
INFO: [ app_begin ] --END-- [ RunTime:0.001000s ]
SQL: SHOW COLUMNS FROM `luu_goods_category` [ RunTime:0.0150s ]
SQL: SELECT COUNT(*) AS tp_count FROM `luu_goods_category` LIMIT 1   [ RunTime:0.0000s ]
SQL: SELECT `id`,`name`,`pid`,`status`,`sort` FROM `luu_goods_category` ORDER BY sort DESC LIMIT 10,10   [ RunTime:0.0000s ]
INFO: [ view_parse ] --START--
INFO: [ template_filter ] --START--
INFO: Run Behavior\ContentReplaceBehavior [ RunTime:0.001000s ]
INFO: [ template_filter ] --END-- [ RunTime:0.001000s ]
INFO: Run Behavior\ParseTemplateBehavior [ RunTime:0.017001s ]
INFO: [ view_parse ] --END-- [ RunTime:0.017001s ]
INFO: [ view_filter ] --START--
INFO: Run Behavior\WriteHtmlCacheBehavior [ RunTime:0.001000s ]
INFO: [ view_filter ] --END-- [ RunTime:0.001000s ]
INFO: [ app_end ] --START--
INFO: Run Behavior\ShowPageTraceBehavior [ RunTime:0.001000s ]
INFO: [ app_end ] --END-- [ RunTime:0.001000s ]

[ 2017-03-14T15:03:15+08:00 ] 127.0.0.1 /admin.php/Category/index/p/1.html
INFO: [ app_init ] --START--
INFO: Run Behavior\BuildLiteBehavior [ RunTime:0.000000s ]
INFO: [ app_init ] --END-- [ RunTime:0.001001s ]
INFO: [ app_begin ] --START--
INFO: Run Behavior\ReadHtmlCacheBehavior [ RunTime:0.001000s ]
INFO: [ app_begin ] --END-- [ RunTime:0.001000s ]
SQL: SHOW COLUMNS FROM `luu_goods_category` [ RunTime:0.0220s ]
SQL: SELECT COUNT(*) AS tp_count FROM `luu_goods_category` LIMIT 1   [ RunTime:0.0010s ]
SQL: SELECT `id`,`name`,`pid`,`status`,`sort` FROM `luu_goods_category` ORDER BY sort DESC LIMIT 0,10   [ RunTime:0.0010s ]
INFO: [ view_parse ] --START--
INFO: [ template_filter ] --START--
INFO: Run Behavior\ContentReplaceBehavior [ RunTime:0.000000s ]
INFO: [ template_filter ] --END-- [ RunTime:0.000000s ]
INFO: Run Behavior\ParseTemplateBehavior [ RunTime:0.018001s ]
INFO: [ view_parse ] --END-- [ RunTime:0.018001s ]
INFO: [ view_filter ] --START--
INFO: Run Behavior\WriteHtmlCacheBehavior [ RunTime:0.001000s ]
INFO: [ view_filter ] --END-- [ RunTime:0.001000s ]
INFO: [ app_end ] --START--
INFO: Run Behavior\ShowPageTraceBehavior [ RunTime:0.001000s ]
INFO: [ app_end ] --END-- [ RunTime:0.001000s ]

[ 2017-03-14T15:04:30+08:00 ] 127.0.0.1 /admin.php/Replay/index.html
INFO: [ app_init ] --START--
INFO: Run Behavior\BuildLiteBehavior [ RunTime:0.000000s ]
INFO: [ app_init ] --END-- [ RunTime:0.001000s ]
INFO: [ app_begin ] --START--
INFO: Run Behavior\ReadHtmlCacheBehavior [ RunTime:0.001000s ]
INFO: [ app_begin ] --END-- [ RunTime:0.001000s ]
SQL: SHOW COLUMNS FROM `luu_wx_reply` [ RunTime:0.0590s ]
NOTIC: [2] Missing argument 1 for Think\Model::where(), called in D:\phpStudy\WWW\lyfuuudemo\Application\Admin\Controller\ReplayController.class.php on line 14 and defined D:\phpStudy\WWW\lyfuuudemo\ThinkPHP\Library\Think\Model.class.php 第 1797 行.
NOTIC: [8] Undefined variable: where D:\phpStudy\WWW\lyfuuudemo\ThinkPHP\Library\Think\Model.class.php 第 1805 行.
NOTIC: [8] Undefined variable: where D:\phpStudy\WWW\lyfuuudemo\ThinkPHP\Library\Think\Model.class.php 第 1808 行.
NOTIC: [8] Undefined variable: where D:\phpStudy\WWW\lyfuuudemo\ThinkPHP\Library\Think\Model.class.php 第 1816 行.
SQL: SELECT COUNT(*) AS tp_count FROM `luu_wx_reply` LIMIT 1   [ RunTime:0.0000s ]
SQL: SELECT luu_wx_reply.id as rid,`restatus`,`title`,`article_id`,`keyword` FROM `luu_wx_reply` INNER JOIN  luu_article ON luu_wx_reply.article_id = luu_article.id  LIMIT 0,10   [ RunTime:0.0930s ]
INFO: [ view_parse ] --START--
INFO: [ template_filter ] --START--
INFO: Run Behavior\ContentReplaceBehavior [ RunTime:0.001000s ]
INFO: [ template_filter ] --END-- [ RunTime:0.001000s ]
INFO: Run Behavior\ParseTemplateBehavior [ RunTime:0.060003s ]
INFO: [ view_parse ] --END-- [ RunTime:0.060003s ]
INFO: [ view_filter ] --START--
INFO: Run Behavior\WriteHtmlCacheBehavior [ RunTime:0.002000s ]
INFO: [ view_filter ] --END-- [ RunTime:0.002000s ]
INFO: [ app_end ] --START--
INFO: Run Behavior\ShowPageTraceBehavior [ RunTime:0.002001s ]
INFO: [ app_end ] --END-- [ RunTime:0.003001s ]

[ 2017-03-14T15:04:33+08:00 ] 127.0.0.1 /admin.php/Article/index.html
INFO: [ app_init ] --START--
INFO: Run Behavior\BuildLiteBehavior [ RunTime:0.000000s ]
INFO: [ app_init ] --END-- [ RunTime:0.000000s ]
INFO: [ app_begin ] --START--
INFO: Run Behavior\ReadHtmlCacheBehavior [ RunTime:0.001000s ]
INFO: [ app_begin ] --END-- [ RunTime:0.001000s ]
SQL: SHOW COLUMNS FROM `luu_article` [ RunTime:0.0220s ]
NOTIC: [2] Missing argument 1 for Think\Model::where(), called in D:\phpStudy\WWW\lyfuuudemo\Application\Admin\Controller\ArticleController.class.php on line 14 and defined D:\phpStudy\WWW\lyfuuudemo\ThinkPHP\Library\Think\Model.class.php 第 1797 行.
NOTIC: [8] Undefined variable: where D:\phpStudy\WWW\lyfuuudemo\ThinkPHP\Library\Think\Model.class.php 第 1805 行.
NOTIC: [8] Undefined variable: where D:\phpStudy\WWW\lyfuuudemo\ThinkPHP\Library\Think\Model.class.php 第 1808 行.
NOTIC: [8] Undefined variable: where D:\phpStudy\WWW\lyfuuudemo\ThinkPHP\Library\Think\Model.class.php 第 1816 行.
SQL: SELECT COUNT(*) AS tp_count FROM `luu_article` LIMIT 1   [ RunTime:0.0010s ]
NOTIC: [2] Missing argument 1 for Think\Model::where(), called in D:\phpStudy\WWW\lyfuuudemo\Application\Admin\Controller\ArticleController.class.php on line 17 and defined D:\phpStudy\WWW\lyfuuudemo\ThinkPHP\Library\Think\Model.class.php 第 1797 行.
NOTIC: [8] Undefined variable: where D:\phpStudy\WWW\lyfuuudemo\ThinkPHP\Library\Think\Model.class.php 第 1805 行.
NOTIC: [8] Undefined variable: where D:\phpStudy\WWW\lyfuuudemo\ThinkPHP\Library\Think\Model.class.php 第 1808 行.
NOTIC: [8] Undefined variable: where D:\phpStudy\WWW\lyfuuudemo\ThinkPHP\Library\Think\Model.class.php 第 1816 行.
SQL: SELECT * FROM `luu_article` LIMIT 0,10   [ RunTime:0.0610s ]
INFO: [ view_parse ] --START--
INFO: [ template_filter ] --START--
INFO: Run Behavior\ContentReplaceBehavior [ RunTime:0.000000s ]
INFO: [ template_filter ] --END-- [ RunTime:0.000000s ]
INFO: Run Behavior\ParseTemplateBehavior [ RunTime:0.048003s ]
INFO: [ view_parse ] --END-- [ RunTime:0.048003s ]
INFO: [ view_filter ] --START--
INFO: Run Behavior\WriteHtmlCacheBehavior [ RunTime:0.002000s ]
INFO: [ view_filter ] --END-- [ RunTime:0.002000s ]
INFO: [ app_end ] --START--
INFO: Run Behavior\ShowPageTraceBehavior [ RunTime:0.002000s ]
INFO: [ app_end ] --END-- [ RunTime:0.002000s ]

[ 2017-03-14T15:04:41+08:00 ] 127.0.0.1 /admin.php/Article/setStatu.html
INFO: [ app_init ] --START--
INFO: Run Behavior\BuildLiteBehavior [ RunTime:0.000000s ]
INFO: [ app_init ] --END-- [ RunTime:0.001000s ]
INFO: [ app_begin ] --START--
INFO: Run Behavior\ReadHtmlCacheBehavior [ RunTime:0.001000s ]
INFO: [ app_begin ] --END-- [ RunTime:0.001000s ]
SQL: SHOW COLUMNS FROM `luu_article` [ RunTime:0.0100s ]
SQL: SELECT `status` FROM `luu_article` WHERE ( id=18 ) LIMIT 1   [ RunTime:0.0000s ]
SQL: UPDATE `luu_article` SET `status`='0' WHERE ( id=18 ) [ RunTime:0.0100s ]

[ 2017-03-14T15:04:43+08:00 ] 127.0.0.1 /admin.php/Article/shows/id/18.html
INFO: [ app_init ] --START--
INFO: Run Behavior\BuildLiteBehavior [ RunTime:0.000000s ]
INFO: [ app_init ] --END-- [ RunTime:0.001000s ]
INFO: [ app_begin ] --START--
INFO: Run Behavior\ReadHtmlCacheBehavior [ RunTime:0.001000s ]
INFO: [ app_begin ] --END-- [ RunTime:0.002000s ]
SQL: SHOW COLUMNS FROM `luu_article` [ RunTime:0.0100s ]
SQL: SELECT * FROM `luu_article` WHERE ( id=18 ) LIMIT 1   [ RunTime:0.0010s ]
INFO: [ view_parse ] --START--
INFO: [ template_filter ] --START--
INFO: Run Behavior\ContentReplaceBehavior [ RunTime:0.000000s ]
INFO: [ template_filter ] --END-- [ RunTime:0.000000s ]
INFO: Run Behavior\ParseTemplateBehavior [ RunTime:0.024002s ]
INFO: [ view_parse ] --END-- [ RunTime:0.024002s ]
INFO: [ view_filter ] --START--
INFO: Run Behavior\WriteHtmlCacheBehavior [ RunTime:0.001000s ]
INFO: [ view_filter ] --END-- [ RunTime:0.001000s ]
INFO: [ app_end ] --START--
INFO: Run Behavior\ShowPageTraceBehavior [ RunTime:0.001000s ]
INFO: [ app_end ] --END-- [ RunTime:0.001000s ]

[ 2017-03-14T15:04:48+08:00 ] 127.0.0.1 /admin.php/Article/del.html
INFO: [ app_init ] --START--
INFO: Run Behavior\BuildLiteBehavior [ RunTime:0.000000s ]
INFO: [ app_init ] --END-- [ RunTime:0.001000s ]
INFO: [ app_begin ] --START--
INFO: Run Behavior\ReadHtmlCacheBehavior [ RunTime:0.001000s ]
INFO: [ app_begin ] --END-- [ RunTime:0.001000s ]
SQL: SHOW COLUMNS FROM `luu_article` [ RunTime:0.0100s ]
NOTIC: [2] Missing argument 1 for Think\Model::where(), called in D:\phpStudy\WWW\lyfuuudemo\Application\Admin\Controller\ArticleController.class.php on line 76 and defined D:\phpStudy\WWW\lyfuuudemo\ThinkPHP\Library\Think\Model.class.php 第 1797 行.
NOTIC: [8] Undefined variable: where D:\phpStudy\WWW\lyfuuudemo\ThinkPHP\Library\Think\Model.class.php 第 1805 行.
NOTIC: [8] Undefined variable: where D:\phpStudy\WWW\lyfuuudemo\ThinkPHP\Library\Think\Model.class.php 第 1808 行.
NOTIC: [8] Undefined variable: where D:\phpStudy\WWW\lyfuuudemo\ThinkPHP\Library\Think\Model.class.php 第 1816 行.
SQL: DELETE FROM `luu_article` WHERE `id` = 18 [ RunTime:0.0000s ]
SQL: SHOW COLUMNS FROM `luu_wx_reply` [ RunTime:0.0200s ]
SQL: DELETE FROM `luu_wx_reply` WHERE ( article_id ) [ RunTime:0.0000s ]

[ 2017-03-14T15:04:58+08:00 ] 127.0.0.1 /admin.php/Index/index.html
INFO: [ app_init ] --START--
INFO: Run Behavior\BuildLiteBehavior [ RunTime:0.000000s ]
INFO: [ app_init ] --END-- [ RunTime:0.001000s ]
INFO: [ app_begin ] --START--
INFO: Run Behavior\ReadHtmlCacheBehavior [ RunTime:0.000000s ]
INFO: [ app_begin ] --END-- [ RunTime:0.001000s ]
INFO: [ view_parse ] --START--
INFO: [ template_filter ] --START--
INFO: Run Behavior\ContentReplaceBehavior [ RunTime:0.000000s ]
INFO: [ template_filter ] --END-- [ RunTime:0.000000s ]
INFO: Run Behavior\ParseTemplateBehavior [ RunTime:0.019001s ]
INFO: [ view_parse ] --END-- [ RunTime:0.019001s ]
INFO: [ view_filter ] --START--
INFO: Run Behavior\WriteHtmlCacheBehavior [ RunTime:0.000000s ]
INFO: [ view_filter ] --END-- [ RunTime:0.000000s ]
INFO: [ app_end ] --START--
INFO: Run Behavior\ShowPageTraceBehavior [ RunTime:0.001000s ]
INFO: [ app_end ] --END-- [ RunTime:0.001000s ]

[ 2017-03-14T15:04:58+08:00 ] 127.0.0.1 /admin.php/Index/vie.html
INFO: [ app_init ] --START--
INFO: Run Behavior\BuildLiteBehavior [ RunTime:0.000000s ]
INFO: [ app_init ] --END-- [ RunTime:0.000000s ]
INFO: [ app_begin ] --START--
INFO: Run Behavior\ReadHtmlCacheBehavior [ RunTime:0.001000s ]
INFO: [ app_begin ] --END-- [ RunTime:0.001000s ]
INFO: [ view_parse ] --START--
INFO: [ template_filter ] --START--
INFO: Run Behavior\ContentReplaceBehavior [ RunTime:0.000000s ]
INFO: [ template_filter ] --END-- [ RunTime:0.000000s ]
INFO: Run Behavior\ParseTemplateBehavior [ RunTime:0.004000s ]
INFO: [ view_parse ] --END-- [ RunTime:0.004000s ]
INFO: [ view_filter ] --START--
INFO: Run Behavior\WriteHtmlCacheBehavior [ RunTime:0.000000s ]
INFO: [ view_filter ] --END-- [ RunTime:0.000000s ]
INFO: [ app_end ] --START--
INFO: Run Behavior\ShowPageTraceBehavior [ RunTime:0.001000s ]
INFO: [ app_end ] --END-- [ RunTime:0.001000s ]

[ 2017-03-14T15:05:04+08:00 ] 127.0.0.1 /admin.php/Replay/index.html
INFO: [ app_init ] --START--
INFO: Run Behavior\BuildLiteBehavior [ RunTime:0.000000s ]
INFO: [ app_init ] --END-- [ RunTime:0.001000s ]
INFO: [ app_begin ] --START--
INFO: Run Behavior\ReadHtmlCacheBehavior [ RunTime:0.001000s ]
INFO: [ app_begin ] --END-- [ RunTime:0.001000s ]
SQL: SHOW COLUMNS FROM `luu_wx_reply` [ RunTime:0.0220s ]
NOTIC: [2] Missing argument 1 for Think\Model::where(), called in D:\phpStudy\WWW\lyfuuudemo\Application\Admin\Controller\ReplayController.class.php on line 14 and defined D:\phpStudy\WWW\lyfuuudemo\ThinkPHP\Library\Think\Model.class.php 第 1797 行.
NOTIC: [8] Undefined variable: where D:\phpStudy\WWW\lyfuuudemo\ThinkPHP\Library\Think\Model.class.php 第 1805 行.
NOTIC: [8] Undefined variable: where D:\phpStudy\WWW\lyfuuudemo\ThinkPHP\Library\Think\Model.class.php 第 1808 行.
NOTIC: [8] Undefined variable: where D:\phpStudy\WWW\lyfuuudemo\ThinkPHP\Library\Think\Model.class.php 第 1816 行.
SQL: SELECT COUNT(*) AS tp_count FROM `luu_wx_reply` LIMIT 1   [ RunTime:0.0000s ]
SQL: SELECT luu_wx_reply.id as rid,`restatus`,`title`,`article_id`,`keyword` FROM `luu_wx_reply` INNER JOIN  luu_article ON luu_wx_reply.article_id = luu_article.id  LIMIT 0,10   [ RunTime:0.0010s ]
INFO: [ view_parse ] --START--
INFO: [ template_filter ] --START--
INFO: Run Behavior\ContentReplaceBehavior [ RunTime:0.000000s ]
INFO: [ template_filter ] --END-- [ RunTime:0.000000s ]
INFO: Run Behavior\ParseTemplateBehavior [ RunTime:0.013001s ]
INFO: [ view_parse ] --END-- [ RunTime:0.013001s ]
INFO: [ view_filter ] --START--
INFO: Run Behavior\WriteHtmlCacheBehavior [ RunTime:0.000000s ]
INFO: [ view_filter ] --END-- [ RunTime:0.000000s ]
INFO: [ app_end ] --START--
INFO: Run Behavior\ShowPageTraceBehavior [ RunTime:0.000000s ]
INFO: [ app_end ] --END-- [ RunTime:0.000000s ]

[ 2017-03-14T15:05:07+08:00 ] 127.0.0.1 /admin.php/Article/index.html
INFO: [ app_init ] --START--
INFO: Run Behavior\BuildLiteBehavior [ RunTime:0.000000s ]
INFO: [ app_init ] --END-- [ RunTime:0.000000s ]
INFO: [ app_begin ] --START--
INFO: Run Behavior\ReadHtmlCacheBehavior [ RunTime:0.001000s ]
INFO: [ app_begin ] --END-- [ RunTime:0.001000s ]
SQL: SHOW COLUMNS FROM `luu_article` [ RunTime:0.0160s ]
NOTIC: [2] Missing argument 1 for Think\Model::where(), called in D:\phpStudy\WWW\lyfuuudemo\Application\Admin\Controller\ArticleController.class.php on line 14 and defined D:\phpStudy\WWW\lyfuuudemo\ThinkPHP\Library\Think\Model.class.php 第 1797 行.
NOTIC: [8] Undefined variable: where D:\phpStudy\WWW\lyfuuudemo\ThinkPHP\Library\Think\Model.class.php 第 1805 行.
NOTIC: [8] Undefined variable: where D:\phpStudy\WWW\lyfuuudemo\ThinkPHP\Library\Think\Model.class.php 第 1808 行.
NOTIC: [8] Undefined variable: where D:\phpStudy\WWW\lyfuuudemo\ThinkPHP\Library\Think\Model.class.php 第 1816 行.
SQL: SELECT COUNT(*) AS tp_count FROM `luu_article` LIMIT 1   [ RunTime:0.0010s ]
NOTIC: [2] Missing argument 1 for Think\Model::where(), called in D:\phpStudy\WWW\lyfuuudemo\Application\Admin\Controller\ArticleController.class.php on line 17 and defined D:\phpStudy\WWW\lyfuuudemo\ThinkPHP\Library\Think\Model.class.php 第 1797 行.
NOTIC: [8] Undefined variable: where D:\phpStudy\WWW\lyfuuudemo\ThinkPHP\Library\Think\Model.class.php 第 1805 行.
NOTIC: [8] Undefined variable: where D:\phpStudy\WWW\lyfuuudemo\ThinkPHP\Library\Think\Model.class.php 第 1808 行.
NOTIC: [8] Undefined variable: where D:\phpStudy\WWW\lyfuuudemo\ThinkPHP\Library\Think\Model.class.php 第 1816 行.
SQL: SELECT * FROM `luu_article` LIMIT 0,10   [ RunTime:0.0010s ]
INFO: [ view_parse ] --START--
INFO: [ template_filter ] --START--
INFO: Run Behavior\ContentReplaceBehavior [ RunTime:0.000000s ]
INFO: [ template_filter ] --END-- [ RunTime:0.000000s ]
INFO: Run Behavior\ParseTemplateBehavior [ RunTime:0.015001s ]
INFO: [ view_parse ] --END-- [ RunTime:0.015001s ]
INFO: [ view_filter ] --START--
INFO: Run Behavior\WriteHtmlCacheBehavior [ RunTime:0.001000s ]
INFO: [ view_filter ] --END-- [ RunTime:0.001000s ]
INFO: [ app_end ] --START--
INFO: Run Behavior\ShowPageTraceBehavior [ RunTime:0.001000s ]
INFO: [ app_end ] --END-- [ RunTime:0.001000s ]

[ 2017-03-14T15:05:08+08:00 ] 127.0.0.1 /admin.php/User/index.html
INFO: [ app_init ] --START--
INFO: Run Behavior\BuildLiteBehavior [ RunTime:0.001000s ]
INFO: [ app_init ] --END-- [ RunTime:0.001000s ]
INFO: [ app_begin ] --START--
INFO: Run Behavior\ReadHtmlCacheBehavior [ RunTime:0.001001s ]
INFO: [ app_begin ] --END-- [ RunTime:0.001001s ]
SQL: SHOW COLUMNS FROM `luu_user` [ RunTime:0.0530s ]
SQL: SELECT COUNT(*) AS tp_count FROM `luu_user` LIMIT 1   [ RunTime:0.0000s ]
SQL: SELECT `id`,`nickname`,`avatar`,`mobile`,`sex`,`integral`,`remark`,`subscribe`,`addtime`,`subscribe_time`,`status`,`reg_type`,`reg_ip` FROM `luu_user` ORDER BY id DESC LIMIT 0,10   [ RunTime:0.0080s ]
INFO: [ view_parse ] --START--
INFO: [ template_filter ] --START--
INFO: Run Behavior\ContentReplaceBehavior [ RunTime:0.000000s ]
INFO: [ template_filter ] --END-- [ RunTime:0.000000s ]
INFO: Run Behavior\ParseTemplateBehavior [ RunTime:0.021002s ]
INFO: [ view_parse ] --END-- [ RunTime:0.021002s ]
INFO: [ view_filter ] --START--
INFO: Run Behavior\WriteHtmlCacheBehavior [ RunTime:0.001000s ]
INFO: [ view_filter ] --END-- [ RunTime:0.001000s ]
INFO: [ app_end ] --START--
INFO: Run Behavior\ShowPageTraceBehavior [ RunTime:0.001000s ]
INFO: [ app_end ] --END-- [ RunTime:0.001000s ]

[ 2017-03-14T15:05:12+08:00 ] 127.0.0.1 /admin.php/User/index/p/2.html
INFO: [ app_init ] --START--
INFO: Run Behavior\BuildLiteBehavior [ RunTime:0.001000s ]
INFO: [ app_init ] --END-- [ RunTime:0.001000s ]
INFO: [ app_begin ] --START--
INFO: Run Behavior\ReadHtmlCacheBehavior [ RunTime:0.000000s ]
INFO: [ app_begin ] --END-- [ RunTime:0.000000s ]
SQL: SHOW COLUMNS FROM `luu_user` [ RunTime:0.0280s ]
SQL: SELECT COUNT(*) AS tp_count FROM `luu_user` LIMIT 1   [ RunTime:0.0010s ]
SQL: SELECT `id`,`nickname`,`avatar`,`mobile`,`sex`,`integral`,`remark`,`subscribe`,`addtime`,`subscribe_time`,`status`,`reg_type`,`reg_ip` FROM `luu_user` ORDER BY id DESC LIMIT 10,10   [ RunTime:0.0010s ]
INFO: [ view_parse ] --START--
INFO: [ template_filter ] --START--
INFO: Run Behavior\ContentReplaceBehavior [ RunTime:0.000000s ]
INFO: [ template_filter ] --END-- [ RunTime:0.001000s ]
INFO: Run Behavior\ParseTemplateBehavior [ RunTime:0.013001s ]
INFO: [ view_parse ] --END-- [ RunTime:0.013001s ]
INFO: [ view_filter ] --START--
INFO: Run Behavior\WriteHtmlCacheBehavior [ RunTime:0.001000s ]
INFO: [ view_filter ] --END-- [ RunTime:0.001000s ]
INFO: [ app_end ] --START--
INFO: Run Behavior\ShowPageTraceBehavior [ RunTime:0.001000s ]
INFO: [ app_end ] --END-- [ RunTime:0.001000s ]

[ 2017-03-14T15:05:17+08:00 ] 127.0.0.1 /admin.php/User/index/p/12.html
INFO: [ app_init ] --START--
INFO: Run Behavior\BuildLiteBehavior [ RunTime:0.000000s ]
INFO: [ app_init ] --END-- [ RunTime:0.001000s ]
INFO: [ app_begin ] --START--
INFO: Run Behavior\ReadHtmlCacheBehavior [ RunTime:0.000000s ]
INFO: [ app_begin ] --END-- [ RunTime:0.000000s ]
SQL: SHOW COLUMNS FROM `luu_user` [ RunTime:0.0220s ]
SQL: SELECT COUNT(*) AS tp_count FROM `luu_user` LIMIT 1   [ RunTime:0.0000s ]
SQL: SELECT `id`,`nickname`,`avatar`,`mobile`,`sex`,`integral`,`remark`,`subscribe`,`addtime`,`subscribe_time`,`status`,`reg_type`,`reg_ip` FROM `luu_user` ORDER BY id DESC LIMIT 110,10   [ RunTime:0.0030s ]
INFO: [ view_parse ] --START--
INFO: [ template_filter ] --START--
INFO: Run Behavior\ContentReplaceBehavior [ RunTime:0.000000s ]
INFO: [ template_filter ] --END-- [ RunTime:0.000000s ]
INFO: Run Behavior\ParseTemplateBehavior [ RunTime:0.014001s ]
INFO: [ view_parse ] --END-- [ RunTime:0.014001s ]
INFO: [ view_filter ] --START--
INFO: Run Behavior\WriteHtmlCacheBehavior [ RunTime:0.000000s ]
INFO: [ view_filter ] --END-- [ RunTime:0.000000s ]
INFO: [ app_end ] --START--
INFO: Run Behavior\ShowPageTraceBehavior [ RunTime:0.001000s ]
INFO: [ app_end ] --END-- [ RunTime:0.001000s ]

[ 2017-03-14T15:13:18+08:00 ] 127.0.0.1 /admin.php/User/index/p/12.html
INFO: [ app_init ] --START--
INFO: Run Behavior\BuildLiteBehavior [ RunTime:0.000000s ]
INFO: [ app_init ] --END-- [ RunTime:0.001000s ]
INFO: [ app_begin ] --START--
INFO: Run Behavior\ReadHtmlCacheBehavior [ RunTime:0.001000s ]
INFO: [ app_begin ] --END-- [ RunTime:0.001000s ]
SQL: SHOW COLUMNS FROM `luu_user` [ RunTime:0.0130s ]
SQL: SELECT COUNT(*) AS tp_count FROM `luu_user` LIMIT 1   [ RunTime:0.0000s ]
SQL: SELECT `id`,`nickname`,`avatar`,`mobile`,`sex`,`integral`,`remark`,`subscribe`,`addtime`,`subscribe_time`,`status`,`reg_type`,`reg_ip` FROM `luu_user` ORDER BY id DESC LIMIT 110,10   [ RunTime:0.0010s ]
INFO: [ view_parse ] --START--
INFO: [ template_filter ] --START--
INFO: Run Behavior\ContentReplaceBehavior [ RunTime:0.000000s ]
INFO: [ template_filter ] --END-- [ RunTime:0.000000s ]
INFO: Run Behavior\ParseTemplateBehavior [ RunTime:0.020001s ]
INFO: [ view_parse ] --END-- [ RunTime:0.020001s ]
INFO: [ view_filter ] --START--
INFO: Run Behavior\WriteHtmlCacheBehavior [ RunTime:0.001000s ]
INFO: [ view_filter ] --END-- [ RunTime:0.001000s ]
INFO: [ app_end ] --START--
INFO: Run Behavior\ShowPageTraceBehavior [ RunTime:0.001000s ]
INFO: [ app_end ] --END-- [ RunTime:0.001000s ]

[ 2017-03-14T15:13:21+08:00 ] 127.0.0.1 /admin.php/User/index/p/12.html
INFO: [ app_init ] --START--
INFO: Run Behavior\BuildLiteBehavior [ RunTime:0.000000s ]
INFO: [ app_init ] --END-- [ RunTime:0.000000s ]
INFO: [ app_begin ] --START--
INFO: Run Behavior\ReadHtmlCacheBehavior [ RunTime:0.001000s ]
INFO: [ app_begin ] --END-- [ RunTime:0.001000s ]
SQL: SHOW COLUMNS FROM `luu_user` [ RunTime:0.0160s ]
SQL: SELECT COUNT(*) AS tp_count FROM `luu_user` LIMIT 1   [ RunTime:0.0000s ]
SQL: SELECT `id`,`nickname`,`avatar`,`mobile`,`sex`,`integral`,`remark`,`subscribe`,`addtime`,`subscribe_time`,`status`,`reg_type`,`reg_ip` FROM `luu_user` ORDER BY id DESC LIMIT 110,10   [ RunTime:0.0020s ]
INFO: [ view_parse ] --START--
INFO: [ template_filter ] --START--
INFO: Run Behavior\ContentReplaceBehavior [ RunTime:0.000000s ]
INFO: [ template_filter ] --END-- [ RunTime:0.001000s ]
INFO: Run Behavior\ParseTemplateBehavior [ RunTime:0.016001s ]
INFO: [ view_parse ] --END-- [ RunTime:0.016001s ]
INFO: [ view_filter ] --START--
INFO: Run Behavior\WriteHtmlCacheBehavior [ RunTime:0.001000s ]
INFO: [ view_filter ] --END-- [ RunTime:0.001000s ]
INFO: [ app_end ] --START--
INFO: Run Behavior\ShowPageTraceBehavior [ RunTime:0.001000s ]
INFO: [ app_end ] --END-- [ RunTime:0.001000s ]

[ 2017-03-14T15:59:09+08:00 ] 127.0.0.1 /admin.php
INFO: [ app_init ] --START--
INFO: Run Behavior\BuildLiteBehavior [ RunTime:0.000000s ]
INFO: [ app_init ] --END-- [ RunTime:0.006000s ]
INFO: [ app_begin ] --START--
INFO: Run Behavior\ReadHtmlCacheBehavior [ RunTime:0.003000s ]
INFO: [ app_begin ] --END-- [ RunTime:0.003000s ]
INFO: [ view_parse ] --START--
INFO: [ template_filter ] --START--
INFO: Run Behavior\ContentReplaceBehavior [ RunTime:0.000000s ]
INFO: [ template_filter ] --END-- [ RunTime:0.000000s ]
INFO: Run Behavior\ParseTemplateBehavior [ RunTime:0.038002s ]
INFO: [ view_parse ] --END-- [ RunTime:0.038002s ]
INFO: [ view_filter ] --START--
INFO: Run Behavior\WriteHtmlCacheBehavior [ RunTime:0.056003s ]
INFO: [ view_filter ] --END-- [ RunTime:0.057003s ]
INFO: [ app_end ] --START--
INFO: Run Behavior\ShowPageTraceBehavior [ RunTime:0.008000s ]
INFO: [ app_end ] --END-- [ RunTime:0.009001s ]

[ 2017-03-14T15:59:10+08:00 ] 127.0.0.1 /admin.php/Index/vie.html
INFO: [ app_init ] --START--
INFO: Run Behavior\BuildLiteBehavior [ RunTime:0.000000s ]
INFO: [ app_init ] --END-- [ RunTime:0.000000s ]
INFO: [ app_begin ] --START--
INFO: Run Behavior\ReadHtmlCacheBehavior [ RunTime:0.001000s ]
INFO: [ app_begin ] --END-- [ RunTime:0.001000s ]
INFO: [ view_parse ] --START--
INFO: [ template_filter ] --START--
INFO: Run Behavior\ContentReplaceBehavior [ RunTime:0.000000s ]
INFO: [ template_filter ] --END-- [ RunTime:0.000000s ]
INFO: Run Behavior\ParseTemplateBehavior [ RunTime:0.009000s ]
INFO: [ view_parse ] --END-- [ RunTime:0.009000s ]
INFO: [ view_filter ] --START--
INFO: Run Behavior\WriteHtmlCacheBehavior [ RunTime:0.001000s ]
INFO: [ view_filter ] --END-- [ RunTime:0.001000s ]
INFO: [ app_end ] --START--
INFO: Run Behavior\ShowPageTraceBehavior [ RunTime:0.001001s ]
INFO: [ app_end ] --END-- [ RunTime:0.001001s ]

[ 2017-03-14T15:59:14+08:00 ] 127.0.0.1 /admin.php/User/index.html
INFO: [ app_init ] --START--
INFO: Run Behavior\BuildLiteBehavior [ RunTime:0.000000s ]
INFO: [ app_init ] --END-- [ RunTime:0.001000s ]
INFO: [ app_begin ] --START--
INFO: Run Behavior\ReadHtmlCacheBehavior [ RunTime:0.000000s ]
INFO: [ app_begin ] --END-- [ RunTime:0.000000s ]
SQL: SHOW COLUMNS FROM `luu_user` [ RunTime:0.0600s ]
SQL: SELECT COUNT(*) AS tp_count FROM `luu_user` LIMIT 1   [ RunTime:0.0010s ]
SQL: SELECT `id`,`nickname`,`avatar`,`mobile`,`sex`,`integral`,`remark`,`subscribe`,`addtime`,`subscribe_time`,`status`,`reg_type`,`reg_ip` FROM `luu_user` ORDER BY id DESC LIMIT 0,10   [ RunTime:0.0070s ]
INFO: [ view_parse ] --START--
INFO: [ template_filter ] --START--
INFO: Run Behavior\ContentReplaceBehavior [ RunTime:0.000000s ]
INFO: [ template_filter ] --END-- [ RunTime:0.000000s ]
INFO: Run Behavior\ParseTemplateBehavior [ RunTime:0.022001s ]
INFO: [ view_parse ] --END-- [ RunTime:0.022001s ]
INFO: [ view_filter ] --START--
INFO: Run Behavior\WriteHtmlCacheBehavior [ RunTime:0.001000s ]
INFO: [ view_filter ] --END-- [ RunTime:0.001000s ]
INFO: [ app_end ] --START--
INFO: Run Behavior\ShowPageTraceBehavior [ RunTime:0.001000s ]
INFO: [ app_end ] --END-- [ RunTime:0.002000s ]

[ 2017-03-14T15:59:18+08:00 ] 127.0.0.1 /admin.php/Order/index.html
INFO: [ app_init ] --START--
INFO: Run Behavior\BuildLiteBehavior [ RunTime:0.000000s ]
INFO: [ app_init ] --END-- [ RunTime:0.000000s ]
INFO: [ app_begin ] --START--
INFO: Run Behavior\ReadHtmlCacheBehavior [ RunTime:0.001000s ]
INFO: [ app_begin ] --END-- [ RunTime:0.001000s ]
SQL: SHOW COLUMNS FROM `luu_order` [ RunTime:0.0620s ]
SQL: SELECT COUNT(*) AS tp_count FROM `luu_order` LIMIT 1   [ RunTime:0.0010s ]
SQL: SELECT * FROM `luu_order` ORDER BY id DESC LIMIT 0,10   [ RunTime:0.0100s ]
ERR: 模板不存在:./Application/Admin/View/Order/index.html

[ 2017-03-14T15:59:23+08:00 ] 127.0.0.1 /admin.php/Coupon/index.html
INFO: [ app_init ] --START--
INFO: Run Behavior\BuildLiteBehavior [ RunTime:0.000000s ]
INFO: [ app_init ] --END-- [ RunTime:0.000000s ]
INFO: [ app_begin ] --START--
INFO: Run Behavior\ReadHtmlCacheBehavior [ RunTime:0.001001s ]
INFO: [ app_begin ] --END-- [ RunTime:0.001001s ]
SQL: SHOW COLUMNS FROM `luu_coupon` [ RunTime:0.3220s ]
SQL: SELECT COUNT(*) AS tp_count FROM `luu_coupon` LIMIT 1   [ RunTime:0.0010s ]
SQL: SELECT `id`,`name`,`total`,`min_total`,`begintime`,`endtime`,`num`,`grant_num`,`use_num`,`available_num`,`status` FROM `luu_coupon` ORDER BY id DESC LIMIT 0,10   [ RunTime:0.0010s ]
INFO: [ view_parse ] --START--
INFO: [ template_filter ] --START--
INFO: Run Behavior\ContentReplaceBehavior [ RunTime:0.000000s ]
INFO: [ template_filter ] --END-- [ RunTime:0.000000s ]
INFO: Run Behavior\ParseTemplateBehavior [ RunTime:0.043002s ]
INFO: [ view_parse ] --END-- [ RunTime:0.043002s ]
INFO: [ view_filter ] --START--
INFO: Run Behavior\WriteHtmlCacheBehavior [ RunTime:0.002000s ]
INFO: [ view_filter ] --END-- [ RunTime:0.002000s ]
INFO: [ app_end ] --START--
INFO: Run Behavior\ShowPageTraceBehavior [ RunTime:0.002000s ]
INFO: [ app_end ] --END-- [ RunTime:0.002000s ]

[ 2017-03-14T16:15:36+08:00 ] 127.0.0.1 /admin.php
INFO: [ app_init ] --START--
INFO: Run Behavior\BuildLiteBehavior [ RunTime:0.000000s ]
INFO: [ app_init ] --END-- [ RunTime:0.007001s ]
INFO: [ app_begin ] --START--
INFO: Run Behavior\ReadHtmlCacheBehavior [ RunTime:0.003000s ]
INFO: [ app_begin ] --END-- [ RunTime:0.003000s ]
INFO: [ view_parse ] --START--
INFO: [ template_filter ] --START--
INFO: Run Behavior\ContentReplaceBehavior [ RunTime:0.000000s ]
INFO: [ template_filter ] --END-- [ RunTime:0.000000s ]
INFO: Run Behavior\ParseTemplateBehavior [ RunTime:0.056003s ]
INFO: [ view_parse ] --END-- [ RunTime:0.056003s ]
INFO: [ view_filter ] --START--
INFO: Run Behavior\WriteHtmlCacheBehavior [ RunTime:0.003001s ]
INFO: [ view_filter ] --END-- [ RunTime:0.003001s ]
INFO: [ app_end ] --START--
INFO: Run Behavior\ShowPageTraceBehavior [ RunTime:0.003000s ]
INFO: [ app_end ] --END-- [ RunTime:0.003000s ]

[ 2017-03-14T16:15:36+08:00 ] 127.0.0.1 /admin.php/Index/vie.html
INFO: [ app_init ] --START--
INFO: Run Behavior\BuildLiteBehavior [ RunTime:0.000000s ]
INFO: [ app_init ] --END-- [ RunTime:0.000000s ]
INFO: [ app_begin ] --START--
INFO: Run Behavior\ReadHtmlCacheBehavior [ RunTime:0.001000s ]
INFO: [ app_begin ] --END-- [ RunTime:0.001000s ]
INFO: [ view_parse ] --START--
INFO: [ template_filter ] --START--
INFO: Run Behavior\ContentReplaceBehavior [ RunTime:0.000000s ]
INFO: [ template_filter ] --END-- [ RunTime:0.000000s ]
INFO: Run Behavior\ParseTemplateBehavior [ RunTime:0.008001s ]
INFO: [ view_parse ] --END-- [ RunTime:0.008001s ]
INFO: [ view_filter ] --START--
INFO: Run Behavior\WriteHtmlCacheBehavior [ RunTime:0.001000s ]
INFO: [ view_filter ] --END-- [ RunTime:0.002000s ]
INFO: [ app_end ] --START--
INFO: Run Behavior\ShowPageTraceBehavior [ RunTime:0.001000s ]
INFO: [ app_end ] --END-- [ RunTime:0.001000s ]

[ 2017-03-14T16:15:42+08:00 ] 127.0.0.1 /admin.php/Takeout/index.html
INFO: [ app_init ] --START--
INFO: Run Behavior\BuildLiteBehavior [ RunTime:0.000000s ]
INFO: [ app_init ] --END-- [ RunTime:0.001000s ]
INFO: [ app_begin ] --START--
INFO: Run Behavior\ReadHtmlCacheBehavior [ RunTime:0.001000s ]
INFO: [ app_begin ] --END-- [ RunTime:0.001000s ]
SQL: SHOW COLUMNS FROM `luu_goods` [ RunTime:0.2610s ]
SQL: SELECT COUNT(*) AS tp_count FROM `luu_goods` WHERE `is_takeout` = 1 LIMIT 1   [ RunTime:0.0340s ]
SQL: SELECT `id`,`name`,`pic`,`price`,`desc`,`status`,`category_id` FROM `luu_goods` WHERE `is_takeout` = 1 ORDER BY id ASC LIMIT 0,10   [ RunTime:0.0020s ]
SQL: SHOW COLUMNS FROM `luu_goods_category` [ RunTime:0.0350s ]
SQL: SELECT `name` FROM `luu_goods_category` WHERE ( id=5 ) LIMIT 1   [ RunTime:0.0010s ]
SQL: SHOW COLUMNS FROM `luu_takeout_ext` [ RunTime:0.2730s ]
SQL: SELECT `week` FROM `luu_takeout_ext` WHERE ( good_id=58 ) LIMIT 1   [ RunTime:0.0020s ]
SQL: SELECT `name` FROM `luu_goods_category` WHERE ( id=5 ) LIMIT 1   [ RunTime:0.0020s ]
SQL: SELECT `week` FROM `luu_takeout_ext` WHERE ( good_id=59 ) LIMIT 1   [ RunTime:0.0020s ]
SQL: SELECT `name` FROM `luu_goods_category` WHERE ( id=5 ) LIMIT 1   [ RunTime:0.0010s ]
SQL: SELECT `week` FROM `luu_takeout_ext` WHERE ( good_id=60 ) LIMIT 1   [ RunTime:0.0020s ]
SQL: SELECT `name` FROM `luu_goods_category` WHERE ( id=5 ) LIMIT 1   [ RunTime:0.0010s ]
SQL: SELECT `week` FROM `luu_takeout_ext` WHERE ( good_id=61 ) LIMIT 1   [ RunTime:0.0020s ]
SQL: SELECT `name` FROM `luu_goods_category` WHERE ( id=6 ) LIMIT 1   [ RunTime:0.0010s ]
SQL: SELECT `week` FROM `luu_takeout_ext` WHERE ( good_id=63 ) LIMIT 1   [ RunTime:0.0010s ]
SQL: SELECT `name` FROM `luu_goods_category` WHERE ( id=5 ) LIMIT 1   [ RunTime:0.0010s ]
SQL: SELECT `week` FROM `luu_takeout_ext` WHERE ( good_id=64 ) LIMIT 1   [ RunTime:0.0010s ]
SQL: SELECT `name` FROM `luu_goods_category` WHERE ( id=6 ) LIMIT 1   [ RunTime:0.0010s ]
SQL: SELECT `week` FROM `luu_takeout_ext` WHERE ( good_id=65 ) LIMIT 1   [ RunTime:0.0010s ]
SQL: SELECT `name` FROM `luu_goods_category` WHERE ( id=6 ) LIMIT 1   [ RunTime:0.0010s ]
SQL: SELECT `week` FROM `luu_takeout_ext` WHERE ( good_id=66 ) LIMIT 1   [ RunTime:0.0010s ]
SQL: SELECT `name` FROM `luu_goods_category` WHERE ( id=6 ) LIMIT 1   [ RunTime:0.0010s ]
SQL: SELECT `week` FROM `luu_takeout_ext` WHERE ( good_id=68 ) LIMIT 1   [ RunTime:0.0010s ]
SQL: SELECT `name` FROM `luu_goods_category` WHERE ( id=6 ) LIMIT 1   [ RunTime:0.0010s ]
SQL: SELECT `week` FROM `luu_takeout_ext` WHERE ( good_id=69 ) LIMIT 1   [ RunTime:0.0000s ]
INFO: [ view_parse ] --START--
INFO: [ template_filter ] --START--
INFO: Run Behavior\ContentReplaceBehavior [ RunTime:0.000000s ]
INFO: [ template_filter ] --END-- [ RunTime:0.000000s ]
NOTIC: [8] Undefined variable: shop_id D:\phpStudy\WWW\lyfuuudemo\Application\Runtime\Cache\Admin\b8402cc154018840f1cb1094fc9b1a58.php 第 45 行.
NOTIC: [8] Undefined index: name D:\phpStudy\WWW\lyfuuudemo\Application\Runtime\Cache\Admin\b8402cc154018840f1cb1094fc9b1a58.php 第 59 行.
NOTIC: [8] Undefined index: status D:\phpStudy\WWW\lyfuuudemo\Application\Runtime\Cache\Admin\b8402cc154018840f1cb1094fc9b1a58.php 第 64 行.
NOTIC: [8] Undefined index: status D:\phpStudy\WWW\lyfuuudemo\Application\Runtime\Cache\Admin\b8402cc154018840f1cb1094fc9b1a58.php 第 65 行.
NOTIC: [8] Undefined index: status D:\phpStudy\WWW\lyfuuudemo\Application\Runtime\Cache\Admin\b8402cc154018840f1cb1094fc9b1a58.php 第 65 行.
NOTIC: [8] Undefined index:  D:\phpStudy\WWW\lyfuuudemo\Application\Runtime\Cache\Admin\b8402cc154018840f1cb1094fc9b1a58.php 第 89 行.
NOTIC: [8] Undefined index:  D:\phpStudy\WWW\lyfuuudemo\Application\Runtime\Cache\Admin\b8402cc154018840f1cb1094fc9b1a58.php 第 89 行.
NOTIC: [8] Undefined index:  D:\phpStudy\WWW\lyfuuudemo\Application\Runtime\Cache\Admin\b8402cc154018840f1cb1094fc9b1a58.php 第 89 行.
NOTIC: [8] Undefined index:  D:\phpStudy\WWW\lyfuuudemo\Application\Runtime\Cache\Admin\b8402cc154018840f1cb1094fc9b1a58.php 第 89 行.
NOTIC: [8] Undefined index:  D:\phpStudy\WWW\lyfuuudemo\Application\Runtime\Cache\Admin\b8402cc154018840f1cb1094fc9b1a58.php 第 89 行.
INFO: Run Behavior\ParseTemplateBehavior [ RunTime:0.048003s ]
INFO: [ view_parse ] --END-- [ RunTime:0.048003s ]
INFO: [ view_filter ] --START--
INFO: Run Behavior\WriteHtmlCacheBehavior [ RunTime:0.002000s ]
INFO: [ view_filter ] --END-- [ RunTime:0.002000s ]
INFO: [ app_end ] --START--
INFO: Run Behavior\ShowPageTraceBehavior [ RunTime:0.002000s ]
INFO: [ app_end ] --END-- [ RunTime:0.002000s ]

[ 2017-03-14T16:15:46+08:00 ] 127.0.0.1 /admin.php/Takeout/index/p/2.html
INFO: [ app_init ] --START--
INFO: Run Behavior\BuildLiteBehavior [ RunTime:0.000000s ]
INFO: [ app_init ] --END-- [ RunTime:0.001000s ]
INFO: [ app_begin ] --START--
INFO: Run Behavior\ReadHtmlCacheBehavior [ RunTime:0.001001s ]
INFO: [ app_begin ] --END-- [ RunTime:0.001001s ]
SQL: SHOW COLUMNS FROM `luu_goods` [ RunTime:0.0150s ]
SQL: SELECT COUNT(*) AS tp_count FROM `luu_goods` WHERE `is_takeout` = 1 LIMIT 1   [ RunTime:0.0010s ]
SQL: SELECT `id`,`name`,`pic`,`price`,`desc`,`status`,`category_id` FROM `luu_goods` WHERE `is_takeout` = 1 ORDER BY id ASC LIMIT 10,10   [ RunTime:0.0000s ]
SQL: SHOW COLUMNS FROM `luu_goods_category` [ RunTime:0.0080s ]
SQL: SELECT `name` FROM `luu_goods_category` WHERE ( id=6 ) LIMIT 1   [ RunTime:0.0010s ]
SQL: SHOW COLUMNS FROM `luu_takeout_ext` [ RunTime:0.0070s ]
SQL: SELECT `week` FROM `luu_takeout_ext` WHERE ( good_id=99 ) LIMIT 1   [ RunTime:0.0000s ]
SQL: SELECT `name` FROM `luu_goods_category` WHERE ( id=6 ) LIMIT 1   [ RunTime:0.0010s ]
SQL: SELECT `week` FROM `luu_takeout_ext` WHERE ( good_id=100 ) LIMIT 1   [ RunTime:0.0000s ]
SQL: SELECT `name` FROM `luu_goods_category` WHERE ( id=6 ) LIMIT 1   [ RunTime:0.0010s ]
SQL: SELECT `week` FROM `luu_takeout_ext` WHERE ( good_id=101 ) LIMIT 1   [ RunTime:0.0000s ]
SQL: SELECT `name` FROM `luu_goods_category` WHERE ( id=6 ) LIMIT 1   [ RunTime:0.0010s ]
SQL: SELECT `week` FROM `luu_takeout_ext` WHERE ( good_id=102 ) LIMIT 1   [ RunTime:0.0000s ]
INFO: [ view_parse ] --START--
INFO: [ template_filter ] --START--
INFO: Run Behavior\ContentReplaceBehavior [ RunTime:0.000000s ]
INFO: [ template_filter ] --END-- [ RunTime:0.000000s ]
NOTIC: [8] Undefined variable: shop_id D:\phpStudy\WWW\lyfuuudemo\Application\Runtime\Cache\Admin\b8402cc154018840f1cb1094fc9b1a58.php 第 45 行.
NOTIC: [8] Undefined index: name D:\phpStudy\WWW\lyfuuudemo\Application\Runtime\Cache\Admin\b8402cc154018840f1cb1094fc9b1a58.php 第 59 行.
NOTIC: [8] Undefined index: status D:\phpStudy\WWW\lyfuuudemo\Application\Runtime\Cache\Admin\b8402cc154018840f1cb1094fc9b1a58.php 第 64 行.
NOTIC: [8] Undefined index: status D:\phpStudy\WWW\lyfuuudemo\Application\Runtime\Cache\Admin\b8402cc154018840f1cb1094fc9b1a58.php 第 65 行.
NOTIC: [8] Undefined index: status D:\phpStudy\WWW\lyfuuudemo\Application\Runtime\Cache\Admin\b8402cc154018840f1cb1094fc9b1a58.php 第 65 行.
NOTIC: [8] Undefined index:  D:\phpStudy\WWW\lyfuuudemo\Application\Runtime\Cache\Admin\b8402cc154018840f1cb1094fc9b1a58.php 第 89 行.
NOTIC: [8] Undefined index:  D:\phpStudy\WWW\lyfuuudemo\Application\Runtime\Cache\Admin\b8402cc154018840f1cb1094fc9b1a58.php 第 89 行.
NOTIC: [8] Undefined index:  D:\phpStudy\WWW\lyfuuudemo\Application\Runtime\Cache\Admin\b8402cc154018840f1cb1094fc9b1a58.php 第 89 行.
NOTIC: [8] Undefined index:  D:\phpStudy\WWW\lyfuuudemo\Application\Runtime\Cache\Admin\b8402cc154018840f1cb1094fc9b1a58.php 第 89 行.
INFO: Run Behavior\ParseTemplateBehavior [ RunTime:0.014001s ]
INFO: [ view_parse ] --END-- [ RunTime:0.014001s ]
INFO: [ view_filter ] --START--
INFO: Run Behavior\WriteHtmlCacheBehavior [ RunTime:0.001000s ]
INFO: [ view_filter ] --END-- [ RunTime:0.001000s ]
INFO: [ app_end ] --START--
INFO: Run Behavior\ShowPageTraceBehavior [ RunTime:0.001000s ]
INFO: [ app_end ] --END-- [ RunTime:0.001000s ]

[ 2017-03-14T16:17:16+08:00 ] 127.0.0.1 /admin.php/Takeout/index/p/2.html
INFO: [ app_init ] --START--
INFO: Run Behavior\BuildLiteBehavior [ RunTime:0.000000s ]
INFO: [ app_init ] --END-- [ RunTime:0.001000s ]
INFO: [ app_begin ] --START--
INFO: Run Behavior\ReadHtmlCacheBehavior [ RunTime:0.001000s ]
INFO: [ app_begin ] --END-- [ RunTime:0.001000s ]
SQL: SHOW COLUMNS FROM `luu_goods` [ RunTime:0.0100s ]
SQL: SELECT COUNT(*) AS tp_count FROM `luu_goods` WHERE `is_takeout` = 1 LIMIT 1   [ RunTime:0.0000s ]
SQL: SELECT `id`,`name`,`pic`,`price`,`desc`,`status`,`category_id` FROM `luu_goods` WHERE `is_takeout` = 1 ORDER BY id ASC LIMIT 10,10   [ RunTime:0.0010s ]
SQL: SHOW COLUMNS FROM `luu_goods_category` [ RunTime:0.0090s ]
SQL: SELECT `name` FROM `luu_goods_category` WHERE ( id=6 ) LIMIT 1   [ RunTime:0.0010s ]
SQL: SHOW COLUMNS FROM `luu_takeout_ext` [ RunTime:0.0080s ]
SQL: SELECT `week` FROM `luu_takeout_ext` WHERE ( good_id=99 ) LIMIT 1   [ RunTime:0.0010s ]
SQL: SELECT `name` FROM `luu_goods_category` WHERE ( id=6 ) LIMIT 1   [ RunTime:0.0000s ]
SQL: SELECT `week` FROM `luu_takeout_ext` WHERE ( good_id=100 ) LIMIT 1   [ RunTime:0.0010s ]
SQL: SELECT `name` FROM `luu_goods_category` WHERE ( id=6 ) LIMIT 1   [ RunTime:0.0000s ]
SQL: SELECT `week` FROM `luu_takeout_ext` WHERE ( good_id=101 ) LIMIT 1   [ RunTime:0.0010s ]
SQL: SELECT `name` FROM `luu_goods_category` WHERE ( id=6 ) LIMIT 1   [ RunTime:0.0000s ]
SQL: SELECT `week` FROM `luu_takeout_ext` WHERE ( good_id=102 ) LIMIT 1   [ RunTime:0.0000s ]
INFO: [ view_parse ] --START--
INFO: [ template_filter ] --START--
INFO: Run Behavior\ContentReplaceBehavior [ RunTime:0.000000s ]
INFO: [ template_filter ] --END-- [ RunTime:0.000000s ]
NOTIC: [8] Undefined variable: shop_id D:\phpStudy\WWW\lyfuuudemo\Application\Runtime\Cache\Admin\b8402cc154018840f1cb1094fc9b1a58.php 第 45 行.
NOTIC: [8] Undefined index: name D:\phpStudy\WWW\lyfuuudemo\Application\Runtime\Cache\Admin\b8402cc154018840f1cb1094fc9b1a58.php 第 59 行.
NOTIC: [8] Undefined index: status D:\phpStudy\WWW\lyfuuudemo\Application\Runtime\Cache\Admin\b8402cc154018840f1cb1094fc9b1a58.php 第 64 行.
NOTIC: [8] Undefined index: status D:\phpStudy\WWW\lyfuuudemo\Application\Runtime\Cache\Admin\b8402cc154018840f1cb1094fc9b1a58.php 第 65 行.
NOTIC: [8] Undefined index: status D:\phpStudy\WWW\lyfuuudemo\Application\Runtime\Cache\Admin\b8402cc154018840f1cb1094fc9b1a58.php 第 65 行.
NOTIC: [8] Undefined index:  D:\phpStudy\WWW\lyfuuudemo\Application\Runtime\Cache\Admin\b8402cc154018840f1cb1094fc9b1a58.php 第 89 行.
NOTIC: [8] Undefined index:  D:\phpStudy\WWW\lyfuuudemo\Application\Runtime\Cache\Admin\b8402cc154018840f1cb1094fc9b1a58.php 第 89 行.
NOTIC: [8] Undefined index:  D:\phpStudy\WWW\lyfuuudemo\Application\Runtime\Cache\Admin\b8402cc154018840f1cb1094fc9b1a58.php 第 89 行.
NOTIC: [8] Undefined index:  D:\phpStudy\WWW\lyfuuudemo\Application\Runtime\Cache\Admin\b8402cc154018840f1cb1094fc9b1a58.php 第 89 行.
INFO: Run Behavior\ParseTemplateBehavior [ RunTime:0.021002s ]
INFO: [ view_parse ] --END-- [ RunTime:0.021002s ]
INFO: [ view_filter ] --START--
INFO: Run Behavior\WriteHtmlCacheBehavior [ RunTime:0.000000s ]
INFO: [ view_filter ] --END-- [ RunTime:0.000000s ]
INFO: [ app_end ] --START--
INFO: Run Behavior\ShowPageTraceBehavior [ RunTime:0.001000s ]
INFO: [ app_end ] --END-- [ RunTime:0.001000s ]

[ 2017-03-14T16:17:20+08:00 ] 127.0.0.1 /admin.php/Takeout/index/p/1.html
INFO: [ app_init ] --START--
INFO: Run Behavior\BuildLiteBehavior [ RunTime:0.000000s ]
INFO: [ app_init ] --END-- [ RunTime:0.000000s ]
INFO: [ app_begin ] --START--
INFO: Run Behavior\ReadHtmlCacheBehavior [ RunTime:0.001000s ]
INFO: [ app_begin ] --END-- [ RunTime:0.001000s ]
SQL: SHOW COLUMNS FROM `luu_goods` [ RunTime:0.0200s ]
SQL: SELECT COUNT(*) AS tp_count FROM `luu_goods` WHERE `is_takeout` = 1 LIMIT 1   [ RunTime:0.0000s ]
SQL: SELECT `id`,`name`,`pic`,`price`,`desc`,`status`,`category_id` FROM `luu_goods` WHERE `is_takeout` = 1 ORDER BY id ASC LIMIT 0,10   [ RunTime:0.0010s ]
SQL: SHOW COLUMNS FROM `luu_goods_category` [ RunTime:0.0120s ]
SQL: SELECT `name` FROM `luu_goods_category` WHERE ( id=5 ) LIMIT 1   [ RunTime:0.0000s ]
SQL: SHOW COLUMNS FROM `luu_takeout_ext` [ RunTime:0.0130s ]
SQL: SELECT `week` FROM `luu_takeout_ext` WHERE ( good_id=58 ) LIMIT 1   [ RunTime:0.0010s ]
SQL: SELECT `name` FROM `luu_goods_category` WHERE ( id=5 ) LIMIT 1   [ RunTime:0.0000s ]
SQL: SELECT `week` FROM `luu_takeout_ext` WHERE ( good_id=59 ) LIMIT 1   [ RunTime:0.0000s ]
SQL: SELECT `name` FROM `luu_goods_category` WHERE ( id=5 ) LIMIT 1   [ RunTime:0.0010s ]
SQL: SELECT `week` FROM `luu_takeout_ext` WHERE ( good_id=60 ) LIMIT 1   [ RunTime:0.0000s ]
SQL: SELECT `name` FROM `luu_goods_category` WHERE ( id=5 ) LIMIT 1   [ RunTime:0.0010s ]
SQL: SELECT `week` FROM `luu_takeout_ext` WHERE ( good_id=61 ) LIMIT 1   [ RunTime:0.0000s ]
SQL: SELECT `name` FROM `luu_goods_category` WHERE ( id=6 ) LIMIT 1   [ RunTime:0.0010s ]
SQL: SELECT `week` FROM `luu_takeout_ext` WHERE ( good_id=63 ) LIMIT 1   [ RunTime:0.0000s ]
SQL: SELECT `name` FROM `luu_goods_category` WHERE ( id=5 ) LIMIT 1   [ RunTime:0.0000s ]
SQL: SELECT `week` FROM `luu_takeout_ext` WHERE ( good_id=64 ) LIMIT 1   [ RunTime:0.0010s ]
SQL: SELECT `name` FROM `luu_goods_category` WHERE ( id=6 ) LIMIT 1   [ RunTime:0.0000s ]
SQL: SELECT `week` FROM `luu_takeout_ext` WHERE ( good_id=65 ) LIMIT 1   [ RunTime:0.0010s ]
SQL: SELECT `name` FROM `luu_goods_category` WHERE ( id=6 ) LIMIT 1   [ RunTime:0.0000s ]
SQL: SELECT `week` FROM `luu_takeout_ext` WHERE ( good_id=66 ) LIMIT 1   [ RunTime:0.0010s ]
SQL: SELECT `name` FROM `luu_goods_category` WHERE ( id=6 ) LIMIT 1   [ RunTime:0.0000s ]
SQL: SELECT `week` FROM `luu_takeout_ext` WHERE ( good_id=68 ) LIMIT 1   [ RunTime:0.0000s ]
SQL: SELECT `name` FROM `luu_goods_category` WHERE ( id=6 ) LIMIT 1   [ RunTime:0.0010s ]
SQL: SELECT `week` FROM `luu_takeout_ext` WHERE ( good_id=69 ) LIMIT 1   [ RunTime:0.0000s ]
INFO: [ view_parse ] --START--
INFO: [ template_filter ] --START--
INFO: Run Behavior\ContentReplaceBehavior [ RunTime:0.000000s ]
INFO: [ template_filter ] --END-- [ RunTime:0.000000s ]
NOTIC: [8] Undefined variable: shop_id D:\phpStudy\WWW\lyfuuudemo\Application\Runtime\Cache\Admin\b8402cc154018840f1cb1094fc9b1a58.php 第 45 行.
NOTIC: [8] Undefined index: name D:\phpStudy\WWW\lyfuuudemo\Application\Runtime\Cache\Admin\b8402cc154018840f1cb1094fc9b1a58.php 第 59 行.
NOTIC: [8] Undefined index: status D:\phpStudy\WWW\lyfuuudemo\Application\Runtime\Cache\Admin\b8402cc154018840f1cb1094fc9b1a58.php 第 64 行.
NOTIC: [8] Undefined index: status D:\phpStudy\WWW\lyfuuudemo\Application\Runtime\Cache\Admin\b8402cc154018840f1cb1094fc9b1a58.php 第 65 行.
NOTIC: [8] Undefined index: status D:\phpStudy\WWW\lyfuuudemo\Application\Runtime\Cache\Admin\b8402cc154018840f1cb1094fc9b1a58.php 第 65 行.
NOTIC: [8] Undefined index:  D:\phpStudy\WWW\lyfuuudemo\Application\Runtime\Cache\Admin\b8402cc154018840f1cb1094fc9b1a58.php 第 89 行.
NOTIC: [8] Undefined index:  D:\phpStudy\WWW\lyfuuudemo\Application\Runtime\Cache\Admin\b8402cc154018840f1cb1094fc9b1a58.php 第 89 行.
NOTIC: [8] Undefined index:  D:\phpStudy\WWW\lyfuuudemo\Application\Runtime\Cache\Admin\b8402cc154018840f1cb1094fc9b1a58.php 第 89 行.
NOTIC: [8] Undefined index:  D:\phpStudy\WWW\lyfuuudemo\Application\Runtime\Cache\Admin\b8402cc154018840f1cb1094fc9b1a58.php 第 89 行.
NOTIC: [8] Undefined index:  D:\phpStudy\WWW\lyfuuudemo\Application\Runtime\Cache\Admin\b8402cc154018840f1cb1094fc9b1a58.php 第 89 行.
INFO: Run Behavior\ParseTemplateBehavior [ RunTime:0.014001s ]
INFO: [ view_parse ] --END-- [ RunTime:0.014001s ]
INFO: [ view_filter ] --START--
INFO: Run Behavior\WriteHtmlCacheBehavior [ RunTime:0.001000s ]
INFO: [ view_filter ] --END-- [ RunTime:0.001000s ]
INFO: [ app_end ] --START--
INFO: Run Behavior\ShowPageTraceBehavior [ RunTime:0.001000s ]
INFO: [ app_end ] --END-- [ RunTime:0.001000s ]

[ 2017-03-14T16:37:08+08:00 ] 127.0.0.1 /admin.php/Takeout/index/p/2.html
INFO: [ app_init ] --START--
INFO: Run Behavior\BuildLiteBehavior [ RunTime:0.000000s ]
INFO: [ app_init ] --END-- [ RunTime:0.010000s ]
INFO: [ app_begin ] --START--
INFO: Run Behavior\ReadHtmlCacheBehavior [ RunTime:0.002000s ]
INFO: [ app_begin ] --END-- [ RunTime:0.002000s ]
SQL: SHOW COLUMNS FROM `luu_goods` [ RunTime:0.0100s ]
SQL: SELECT COUNT(*) AS tp_count FROM `luu_goods` WHERE `is_takeout` = 1 LIMIT 1   [ RunTime:0.0000s ]
SQL: SELECT `id`,`name`,`pic`,`price`,`desc`,`status`,`category_id` FROM `luu_goods` WHERE `is_takeout` = 1 ORDER BY id ASC LIMIT 10,10   [ RunTime:0.0010s ]
SQL: SHOW COLUMNS FROM `luu_goods_category` [ RunTime:0.0420s ]
SQL: SELECT `name` FROM `luu_goods_category` WHERE ( id=6 ) LIMIT 1   [ RunTime:0.0000s ]
SQL: SHOW COLUMNS FROM `luu_takeout_ext` [ RunTime:0.0240s ]
SQL: SELECT `week` FROM `luu_takeout_ext` WHERE ( good_id=99 ) LIMIT 1   [ RunTime:0.0000s ]
SQL: SELECT `name` FROM `luu_goods_category` WHERE ( id=6 ) LIMIT 1   [ RunTime:0.0000s ]
SQL: SELECT `week` FROM `luu_takeout_ext` WHERE ( good_id=100 ) LIMIT 1   [ RunTime:0.0000s ]
SQL: SELECT `name` FROM `luu_goods_category` WHERE ( id=6 ) LIMIT 1   [ RunTime:0.0010s ]
SQL: SELECT `week` FROM `luu_takeout_ext` WHERE ( good_id=101 ) LIMIT 1   [ RunTime:0.0000s ]
SQL: SELECT `name` FROM `luu_goods_category` WHERE ( id=6 ) LIMIT 1   [ RunTime:0.0010s ]
SQL: SELECT `week` FROM `luu_takeout_ext` WHERE ( good_id=102 ) LIMIT 1   [ RunTime:0.0000s ]
INFO: [ view_parse ] --START--
INFO: [ template_filter ] --START--
INFO: Run Behavior\ContentReplaceBehavior [ RunTime:0.000000s ]
INFO: [ template_filter ] --END-- [ RunTime:0.001000s ]
NOTIC: [8] Undefined variable: shop_id D:\phpStudy\WWW\lyfuuudemo\Application\Runtime\Cache\Admin\b8402cc154018840f1cb1094fc9b1a58.php 第 45 行.
NOTIC: [8] Undefined index: name D:\phpStudy\WWW\lyfuuudemo\Application\Runtime\Cache\Admin\b8402cc154018840f1cb1094fc9b1a58.php 第 59 行.
NOTIC: [8] Undefined index: status D:\phpStudy\WWW\lyfuuudemo\Application\Runtime\Cache\Admin\b8402cc154018840f1cb1094fc9b1a58.php 第 64 行.
NOTIC: [8] Undefined index: status D:\phpStudy\WWW\lyfuuudemo\Application\Runtime\Cache\Admin\b8402cc154018840f1cb1094fc9b1a58.php 第 65 行.
NOTIC: [8] Undefined index: status D:\phpStudy\WWW\lyfuuudemo\Application\Runtime\Cache\Admin\b8402cc154018840f1cb1094fc9b1a58.php 第 65 行.
NOTIC: [8] Undefined index:  D:\phpStudy\WWW\lyfuuudemo\Application\Runtime\Cache\Admin\b8402cc154018840f1cb1094fc9b1a58.php 第 89 行.
NOTIC: [8] Undefined index:  D:\phpStudy\WWW\lyfuuudemo\Application\Runtime\Cache\Admin\b8402cc154018840f1cb1094fc9b1a58.php 第 89 行.
NOTIC: [8] Undefined index:  D:\phpStudy\WWW\lyfuuudemo\Application\Runtime\Cache\Admin\b8402cc154018840f1cb1094fc9b1a58.php 第 89 行.
NOTIC: [8] Undefined index:  D:\phpStudy\WWW\lyfuuudemo\Application\Runtime\Cache\Admin\b8402cc154018840f1cb1094fc9b1a58.php 第 89 行.
INFO: Run Behavior\ParseTemplateBehavior [ RunTime:0.058003s ]
INFO: [ view_parse ] --END-- [ RunTime:0.058003s ]
INFO: [ view_filter ] --START--
INFO: Run Behavior\WriteHtmlCacheBehavior [ RunTime:0.001000s ]
INFO: [ view_filter ] --END-- [ RunTime:0.001000s ]
INFO: [ app_end ] --START--
INFO: Run Behavior\ShowPageTraceBehavior [ RunTime:0.001000s ]
INFO: [ app_end ] --END-- [ RunTime:0.001000s ]

[ 2017-03-14T16:37:11+08:00 ] 127.0.0.1 /admin.php/Takeout/index/p/1.html
INFO: [ app_init ] --START--
INFO: Run Behavior\BuildLiteBehavior [ RunTime:0.000000s ]
INFO: [ app_init ] --END-- [ RunTime:0.001000s ]
INFO: [ app_begin ] --START--
INFO: Run Behavior\ReadHtmlCacheBehavior [ RunTime:0.000000s ]
INFO: [ app_begin ] --END-- [ RunTime:0.001000s ]
SQL: SHOW COLUMNS FROM `luu_goods` [ RunTime:0.0230s ]
SQL: SELECT COUNT(*) AS tp_count FROM `luu_goods` WHERE `is_takeout` = 1 LIMIT 1   [ RunTime:0.0010s ]
SQL: SELECT `id`,`name`,`pic`,`price`,`desc`,`status`,`category_id` FROM `luu_goods` WHERE `is_takeout` = 1 ORDER BY id ASC LIMIT 0,10   [ RunTime:0.0020s ]
SQL: SHOW COLUMNS FROM `luu_goods_category` [ RunTime:0.0210s ]
SQL: SELECT `name` FROM `luu_goods_category` WHERE ( id=5 ) LIMIT 1   [ RunTime:0.0010s ]
SQL: SHOW COLUMNS FROM `luu_takeout_ext` [ RunTime:0.0140s ]
SQL: SELECT `week` FROM `luu_takeout_ext` WHERE ( good_id=58 ) LIMIT 1   [ RunTime:0.0010s ]
SQL: SELECT `name` FROM `luu_goods_category` WHERE ( id=5 ) LIMIT 1   [ RunTime:0.0000s ]
SQL: SELECT `week` FROM `luu_takeout_ext` WHERE ( good_id=59 ) LIMIT 1   [ RunTime:0.0010s ]
SQL: SELECT `name` FROM `luu_goods_category` WHERE ( id=5 ) LIMIT 1   [ RunTime:0.0000s ]
SQL: SELECT `week` FROM `luu_takeout_ext` WHERE ( good_id=60 ) LIMIT 1   [ RunTime:0.0000s ]
SQL: SELECT `name` FROM `luu_goods_category` WHERE ( id=5 ) LIMIT 1   [ RunTime:0.0010s ]
SQL: SELECT `week` FROM `luu_takeout_ext` WHERE ( good_id=61 ) LIMIT 1   [ RunTime:0.0000s ]
SQL: SELECT `name` FROM `luu_goods_category` WHERE ( id=6 ) LIMIT 1   [ RunTime:0.0010s ]
SQL: SELECT `week` FROM `luu_takeout_ext` WHERE ( good_id=63 ) LIMIT 1   [ RunTime:0.0000s ]
SQL: SELECT `name` FROM `luu_goods_category` WHERE ( id=5 ) LIMIT 1   [ RunTime:0.0010s ]
SQL: SELECT `week` FROM `luu_takeout_ext` WHERE ( good_id=64 ) LIMIT 1   [ RunTime:0.0000s ]
SQL: SELECT `name` FROM `luu_goods_category` WHERE ( id=6 ) LIMIT 1   [ RunTime:0.0000s ]
SQL: SELECT `week` FROM `luu_takeout_ext` WHERE ( good_id=65 ) LIMIT 1   [ RunTime:0.0010s ]
SQL: SELECT `name` FROM `luu_goods_category` WHERE ( id=6 ) LIMIT 1   [ RunTime:0.0000s ]
SQL: SELECT `week` FROM `luu_takeout_ext` WHERE ( good_id=66 ) LIMIT 1   [ RunTime:0.0010s ]
SQL: SELECT `name` FROM `luu_goods_category` WHERE ( id=6 ) LIMIT 1   [ RunTime:0.0000s ]
SQL: SELECT `week` FROM `luu_takeout_ext` WHERE ( good_id=68 ) LIMIT 1   [ RunTime:0.0010s ]
SQL: SELECT `name` FROM `luu_goods_category` WHERE ( id=6 ) LIMIT 1   [ RunTime:0.0000s ]
SQL: SELECT `week` FROM `luu_takeout_ext` WHERE ( good_id=69 ) LIMIT 1   [ RunTime:0.0010s ]
INFO: [ view_parse ] --START--
INFO: [ template_filter ] --START--
INFO: Run Behavior\ContentReplaceBehavior [ RunTime:0.000000s ]
INFO: [ template_filter ] --END-- [ RunTime:0.000000s ]
NOTIC: [8] Undefined variable: shop_id D:\phpStudy\WWW\lyfuuudemo\Application\Runtime\Cache\Admin\b8402cc154018840f1cb1094fc9b1a58.php 第 45 行.
NOTIC: [8] Undefined index: name D:\phpStudy\WWW\lyfuuudemo\Application\Runtime\Cache\Admin\b8402cc154018840f1cb1094fc9b1a58.php 第 59 行.
NOTIC: [8] Undefined index: status D:\phpStudy\WWW\lyfuuudemo\Application\Runtime\Cache\Admin\b8402cc154018840f1cb1094fc9b1a58.php 第 64 行.
NOTIC: [8] Undefined index: status D:\phpStudy\WWW\lyfuuudemo\Application\Runtime\Cache\Admin\b8402cc154018840f1cb1094fc9b1a58.php 第 65 行.
NOTIC: [8] Undefined index: status D:\phpStudy\WWW\lyfuuudemo\Application\Runtime\Cache\Admin\b8402cc154018840f1cb1094fc9b1a58.php 第 65 行.
NOTIC: [8] Undefined index:  D:\phpStudy\WWW\lyfuuudemo\Application\Runtime\Cache\Admin\b8402cc154018840f1cb1094fc9b1a58.php 第 89 行.
NOTIC: [8] Undefined index:  D:\phpStudy\WWW\lyfuuudemo\Application\Runtime\Cache\Admin\b8402cc154018840f1cb1094fc9b1a58.php 第 89 行.
NOTIC: [8] Undefined index:  D:\phpStudy\WWW\lyfuuudemo\Application\Runtime\Cache\Admin\b8402cc154018840f1cb1094fc9b1a58.php 第 89 行.
NOTIC: [8] Undefined index:  D:\phpStudy\WWW\lyfuuudemo\Application\Runtime\Cache\Admin\b8402cc154018840f1cb1094fc9b1a58.php 第 89 行.
NOTIC: [8] Undefined index:  D:\phpStudy\WWW\lyfuuudemo\Application\Runtime\Cache\Admin\b8402cc154018840f1cb1094fc9b1a58.php 第 89 行.
INFO: Run Behavior\ParseTemplateBehavior [ RunTime:0.012000s ]
INFO: [ view_parse ] --END-- [ RunTime:0.012000s ]
INFO: [ view_filter ] --START--
INFO: Run Behavior\WriteHtmlCacheBehavior [ RunTime:0.001001s ]
INFO: [ view_filter ] --END-- [ RunTime:0.001001s ]
INFO: [ app_end ] --START--
INFO: Run Behavior\ShowPageTraceBehavior [ RunTime:0.001000s ]
INFO: [ app_end ] --END-- [ RunTime:0.001000s ]

[ 2017-03-14T16:37:15+08:00 ] 127.0.0.1 /admin.php/Takeout/index/p/2.html
INFO: [ app_init ] --START--
INFO: Run Behavior\BuildLiteBehavior [ RunTime:0.000000s ]
INFO: [ app_init ] --END-- [ RunTime:0.001000s ]
INFO: [ app_begin ] --START--
INFO: Run Behavior\ReadHtmlCacheBehavior [ RunTime:0.001000s ]
INFO: [ app_begin ] --END-- [ RunTime:0.001000s ]
SQL: SHOW COLUMNS FROM `luu_goods` [ RunTime:0.0270s ]
SQL: SELECT COUNT(*) AS tp_count FROM `luu_goods` WHERE `is_takeout` = 1 LIMIT 1   [ RunTime:0.0000s ]
SQL: SELECT `id`,`name`,`pic`,`price`,`desc`,`status`,`category_id` FROM `luu_goods` WHERE `is_takeout` = 1 ORDER BY id ASC LIMIT 10,10   [ RunTime:0.0010s ]
SQL: SHOW COLUMNS FROM `luu_goods_category` [ RunTime:0.0120s ]
SQL: SELECT `name` FROM `luu_goods_category` WHERE ( id=6 ) LIMIT 1   [ RunTime:0.0010s ]
SQL: SHOW COLUMNS FROM `luu_takeout_ext` [ RunTime:0.0120s ]
SQL: SELECT `week` FROM `luu_takeout_ext` WHERE ( good_id=99 ) LIMIT 1   [ RunTime:0.0010s ]
SQL: SELECT `name` FROM `luu_goods_category` WHERE ( id=6 ) LIMIT 1   [ RunTime:0.0010s ]
SQL: SELECT `week` FROM `luu_takeout_ext` WHERE ( good_id=100 ) LIMIT 1   [ RunTime:0.0000s ]
SQL: SELECT `name` FROM `luu_goods_category` WHERE ( id=6 ) LIMIT 1   [ RunTime:0.0000s ]
SQL: SELECT `week` FROM `luu_takeout_ext` WHERE ( good_id=101 ) LIMIT 1   [ RunTime:0.0270s ]
SQL: SELECT `name` FROM `luu_goods_category` WHERE ( id=6 ) LIMIT 1   [ RunTime:0.0010s ]
SQL: SELECT `week` FROM `luu_takeout_ext` WHERE ( good_id=102 ) LIMIT 1   [ RunTime:0.0000s ]
INFO: [ view_parse ] --START--
INFO: [ template_filter ] --START--
INFO: Run Behavior\ContentReplaceBehavior [ RunTime:0.000000s ]
INFO: [ template_filter ] --END-- [ RunTime:0.000000s ]
NOTIC: [8] Undefined variable: shop_id D:\phpStudy\WWW\lyfuuudemo\Application\Runtime\Cache\Admin\b8402cc154018840f1cb1094fc9b1a58.php 第 45 行.
NOTIC: [8] Undefined index: name D:\phpStudy\WWW\lyfuuudemo\Application\Runtime\Cache\Admin\b8402cc154018840f1cb1094fc9b1a58.php 第 59 行.
NOTIC: [8] Undefined index: status D:\phpStudy\WWW\lyfuuudemo\Application\Runtime\Cache\Admin\b8402cc154018840f1cb1094fc9b1a58.php 第 64 行.
NOTIC: [8] Undefined index: status D:\phpStudy\WWW\lyfuuudemo\Application\Runtime\Cache\Admin\b8402cc154018840f1cb1094fc9b1a58.php 第 65 行.
NOTIC: [8] Undefined index: status D:\phpStudy\WWW\lyfuuudemo\Application\Runtime\Cache\Admin\b8402cc154018840f1cb1094fc9b1a58.php 第 65 行.
NOTIC: [8] Undefined index:  D:\phpStudy\WWW\lyfuuudemo\Application\Runtime\Cache\Admin\b8402cc154018840f1cb1094fc9b1a58.php 第 89 行.
NOTIC: [8] Undefined index:  D:\phpStudy\WWW\lyfuuudemo\Application\Runtime\Cache\Admin\b8402cc154018840f1cb1094fc9b1a58.php 第 89 行.
NOTIC: [8] Undefined index:  D:\phpStudy\WWW\lyfuuudemo\Application\Runtime\Cache\Admin\b8402cc154018840f1cb1094fc9b1a58.php 第 89 行.
NOTIC: [8] Undefined index:  D:\phpStudy\WWW\lyfuuudemo\Application\Runtime\Cache\Admin\b8402cc154018840f1cb1094fc9b1a58.php 第 89 行.
INFO: Run Behavior\ParseTemplateBehavior [ RunTime:0.029002s ]
INFO: [ view_parse ] --END-- [ RunTime:0.029002s ]
INFO: [ view_filter ] --START--
INFO: Run Behavior\WriteHtmlCacheBehavior [ RunTime:0.001000s ]
INFO: [ view_filter ] --END-- [ RunTime:0.001000s ]
INFO: [ app_end ] --START--
INFO: Run Behavior\ShowPageTraceBehavior [ RunTime:0.001000s ]
INFO: [ app_end ] --END-- [ RunTime:0.001000s ]

