[ 2017-05-17T10:18:03+08:00 ] 127.0.0.1 /admin.php
INFO: [ app_init ] --START--
INFO: Run Behavior\BuildLiteBehavior [ RunTime:0.000000s ]
INFO: [ app_init ] --END-- [ RunTime:0.010001s ]
INFO: [ app_begin ] --START--
INFO: Run Behavior\ReadHtmlCacheBehavior [ RunTime:0.005000s ]
INFO: [ app_begin ] --END-- [ RunTime:0.005000s ]

[ 2017-05-17T10:18:03+08:00 ] 127.0.0.1 /admin.php/Login/index
INFO: [ app_init ] --START--
INFO: Run Behavior\BuildLiteBehavior [ RunTime:0.000000s ]
INFO: [ app_init ] --END-- [ RunTime:0.001000s ]
INFO: [ app_begin ] --START--
INFO: Run Behavior\ReadHtmlCacheBehavior [ RunTime:0.001000s ]
INFO: [ app_begin ] --END-- [ RunTime:0.001000s ]
INFO: [ view_parse ] --START--
INFO: [ template_filter ] --START--
INFO: Run Behavior\ContentReplaceBehavior [ RunTime:0.000000s ]
INFO: [ template_filter ] --END-- [ RunTime:0.000000s ]
INFO: Run Behavior\ParseTemplateBehavior [ RunTime:0.030002s ]
INFO: [ view_parse ] --END-- [ RunTime:0.031002s ]
INFO: [ view_filter ] --START--
INFO: Run Behavior\WriteHtmlCacheBehavior [ RunTime:0.001000s ]
INFO: [ view_filter ] --END-- [ RunTime:0.001000s ]
INFO: [ app_end ] --START--
INFO: Run Behavior\ShowPageTraceBehavior [ RunTime:0.001000s ]
INFO: [ app_end ] --END-- [ RunTime:0.001000s ]

[ 2017-05-17T10:18:10+08:00 ] 127.0.0.1 /admin.php/Login/doLogin.html
INFO: [ app_init ] --START--
INFO: Run Behavior\BuildLiteBehavior [ RunTime:0.000000s ]
INFO: [ app_init ] --END-- [ RunTime:0.001000s ]
INFO: [ app_begin ] --START--
INFO: Run Behavior\ReadHtmlCacheBehavior [ RunTime:0.002000s ]
INFO: [ app_begin ] --END-- [ RunTime:0.002000s ]
SQL: SHOW COLUMNS FROM `luu_admin_user` [ RunTime:0.1960s ]
SQL: SELECT * FROM `luu_admin_user` WHERE `username` = 'admin' LIMIT 1   [ RunTime:0.0200s ]

[ 2017-05-17T10:18:10+08:00 ] 127.0.0.1 /admin.php/Index/index.html
INFO: [ app_init ] --START--
INFO: Run Behavior\BuildLiteBehavior [ RunTime:0.000000s ]
INFO: [ app_init ] --END-- [ RunTime:0.001000s ]
INFO: [ app_begin ] --START--
INFO: Run Behavior\ReadHtmlCacheBehavior [ RunTime:0.001000s ]
INFO: [ app_begin ] --END-- [ RunTime:0.001000s ]
INFO: [ view_parse ] --START--
INFO: [ template_filter ] --START--
INFO: Run Behavior\ContentReplaceBehavior [ RunTime:0.000000s ]
INFO: [ template_filter ] --END-- [ RunTime:0.000000s ]
INFO: Run Behavior\ParseTemplateBehavior [ RunTime:0.033002s ]
INFO: [ view_parse ] --END-- [ RunTime:0.033002s ]
INFO: [ view_filter ] --START--
INFO: Run Behavior\WriteHtmlCacheBehavior [ RunTime:0.001000s ]
INFO: [ view_filter ] --END-- [ RunTime:0.001000s ]
INFO: [ app_end ] --START--
INFO: Run Behavior\ShowPageTraceBehavior [ RunTime:0.001000s ]
INFO: [ app_end ] --END-- [ RunTime:0.001000s ]

[ 2017-05-17T10:18:10+08:00 ] 127.0.0.1 /admin.php/Index/vie.html
INFO: [ app_init ] --START--
INFO: Run Behavior\BuildLiteBehavior [ RunTime:0.000000s ]
INFO: [ app_init ] --END-- [ RunTime:0.001000s ]
INFO: [ app_begin ] --START--
INFO: Run Behavior\ReadHtmlCacheBehavior [ RunTime:0.001000s ]
INFO: [ app_begin ] --END-- [ RunTime:0.001000s ]
INFO: [ view_parse ] --START--
INFO: [ template_filter ] --START--
INFO: Run Behavior\ContentReplaceBehavior [ RunTime:0.000000s ]
INFO: [ template_filter ] --END-- [ RunTime:0.000000s ]
INFO: Run Behavior\ParseTemplateBehavior [ RunTime:0.009000s ]
INFO: [ view_parse ] --END-- [ RunTime:0.009000s ]
INFO: [ view_filter ] --START--
INFO: Run Behavior\WriteHtmlCacheBehavior [ RunTime:0.001000s ]
INFO: [ view_filter ] --END-- [ RunTime:0.001000s ]
INFO: [ app_end ] --START--
INFO: Run Behavior\ShowPageTraceBehavior [ RunTime:0.001000s ]
INFO: [ app_end ] --END-- [ RunTime:0.001000s ]

[ 2017-05-17T10:18:14+08:00 ] 127.0.0.1 /admin.php/Order/index.html
INFO: [ app_init ] --START--
INFO: Run Behavior\BuildLiteBehavior [ RunTime:0.000000s ]
INFO: [ app_init ] --END-- [ RunTime:0.001000s ]
INFO: [ app_begin ] --START--
INFO: Run Behavior\ReadHtmlCacheBehavior [ RunTime:0.001000s ]
INFO: [ app_begin ] --END-- [ RunTime:0.001000s ]
SQL: SHOW COLUMNS FROM `luu_order` [ RunTime:0.6690s ]
SQL: SELECT COUNT(*) AS tp_count FROM `luu_order` LIMIT 1   [ RunTime:0.0020s ]
SQL: SELECT * FROM `luu_order` ORDER BY id DESC LIMIT 0,10   [ RunTime:0.0120s ]
ERR: 模板不存在:./Application/Admin/View/Order/index.html

[ 2017-05-17T10:18:15+08:00 ] 127.0.0.1 /admin.php/Goods/index.html
INFO: [ app_init ] --START--
INFO: Run Behavior\BuildLiteBehavior [ RunTime:0.000000s ]
INFO: [ app_init ] --END-- [ RunTime:0.000000s ]
INFO: [ app_begin ] --START--
INFO: Run Behavior\ReadHtmlCacheBehavior [ RunTime:0.000000s ]
INFO: [ app_begin ] --END-- [ RunTime:0.000000s ]
SQL: SHOW COLUMNS FROM `luu_goods` [ RunTime:0.1640s ]
SQL: SELECT COUNT(*) AS tp_count FROM `luu_goods` LIMIT 1   [ RunTime:0.0000s ]
SQL: SELECT `id`,`name`,`pic`,`price`,`desc`,`status`,`category_id` FROM `luu_goods` ORDER BY id DESC LIMIT 0,10   [ RunTime:0.1060s ]
SQL: SHOW COLUMNS FROM `luu_goods_category` [ RunTime:0.0520s ]
SQL: SELECT `name` FROM `luu_goods_category` WHERE ( id=6 ) LIMIT 1   [ RunTime:0.0010s ]
SQL: SELECT `name` FROM `luu_goods_category` WHERE ( id=6 ) LIMIT 1   [ RunTime:0.0010s ]
SQL: SELECT `name` FROM `luu_goods_category` WHERE ( id=6 ) LIMIT 1   [ RunTime:0.0010s ]
SQL: SELECT `name` FROM `luu_goods_category` WHERE ( id=6 ) LIMIT 1   [ RunTime:0.0010s ]
SQL: SELECT `name` FROM `luu_goods_category` WHERE ( id=6 ) LIMIT 1   [ RunTime:0.0010s ]
SQL: SELECT `name` FROM `luu_goods_category` WHERE ( id=6 ) LIMIT 1   [ RunTime:0.0010s ]
SQL: SELECT `name` FROM `luu_goods_category` WHERE ( id=6 ) LIMIT 1   [ RunTime:0.0010s ]
SQL: SELECT `name` FROM `luu_goods_category` WHERE ( id=6 ) LIMIT 1   [ RunTime:0.0010s ]
SQL: SELECT `name` FROM `luu_goods_category` WHERE ( id=6 ) LIMIT 1   [ RunTime:0.0010s ]
SQL: SELECT `name` FROM `luu_goods_category` WHERE ( id=6 ) LIMIT 1   [ RunTime:0.0000s ]
INFO: [ view_parse ] --START--
INFO: [ template_filter ] --START--
INFO: Run Behavior\ContentReplaceBehavior [ RunTime:0.001000s ]
INFO: [ template_filter ] --END-- [ RunTime:0.001000s ]
NOTIC: [8] Undefined variable: shop_id D:\phpStudy\WWW\lyfuuudemo\Application\Runtime\Cache\Admin\7460c3bd08e8aaf3e719467d6ea19bd3.php 第 45 行.
INFO: Run Behavior\ParseTemplateBehavior [ RunTime:0.040002s ]
INFO: [ view_parse ] --END-- [ RunTime:0.040002s ]
INFO: [ view_filter ] --START--
INFO: Run Behavior\WriteHtmlCacheBehavior [ RunTime:0.000000s ]
INFO: [ view_filter ] --END-- [ RunTime:0.000000s ]
INFO: [ app_end ] --START--
INFO: Run Behavior\ShowPageTraceBehavior [ RunTime:0.001000s ]
INFO: [ app_end ] --END-- [ RunTime:0.001000s ]

[ 2017-05-17T10:18:48+08:00 ] 127.0.0.1 /admin.php/Replay/index.html
INFO: [ app_init ] --START--
INFO: Run Behavior\BuildLiteBehavior [ RunTime:0.000000s ]
INFO: [ app_init ] --END-- [ RunTime:0.001000s ]
INFO: [ app_begin ] --START--
INFO: Run Behavior\ReadHtmlCacheBehavior [ RunTime:0.001000s ]
INFO: [ app_begin ] --END-- [ RunTime:0.001000s ]
SQL: SHOW COLUMNS FROM `luu_wx_reply` [ RunTime:0.4780s ]
NOTIC: [2] Missing argument 1 for Think\Model::where(), called in D:\phpStudy\WWW\lyfuuudemo\Application\Admin\Controller\ReplayController.class.php on line 14 and defined D:\phpStudy\WWW\lyfuuudemo\ThinkPHP\Library\Think\Model.class.php 第 1797 行.
NOTIC: [8] Undefined variable: where D:\phpStudy\WWW\lyfuuudemo\ThinkPHP\Library\Think\Model.class.php 第 1805 行.
NOTIC: [8] Undefined variable: where D:\phpStudy\WWW\lyfuuudemo\ThinkPHP\Library\Think\Model.class.php 第 1808 行.
NOTIC: [8] Undefined variable: where D:\phpStudy\WWW\lyfuuudemo\ThinkPHP\Library\Think\Model.class.php 第 1816 行.
SQL: SELECT COUNT(*) AS tp_count FROM `luu_wx_reply` LIMIT 1   [ RunTime:0.0020s ]
SQL: SELECT luu_wx_reply.id as rid,`restatus`,`title`,`article_id`,`keyword` FROM `luu_wx_reply` INNER JOIN  luu_article ON luu_wx_reply.article_id = luu_article.id  LIMIT 0,10   [ RunTime:0.2980s ]
INFO: [ view_parse ] --START--
INFO: [ template_filter ] --START--
INFO: Run Behavior\ContentReplaceBehavior [ RunTime:0.000000s ]
INFO: [ template_filter ] --END-- [ RunTime:0.000000s ]
INFO: Run Behavior\ParseTemplateBehavior [ RunTime:0.151008s ]
INFO: [ view_parse ] --END-- [ RunTime:0.151008s ]
INFO: [ view_filter ] --START--
INFO: Run Behavior\WriteHtmlCacheBehavior [ RunTime:0.001000s ]
INFO: [ view_filter ] --END-- [ RunTime:0.001000s ]
INFO: [ app_end ] --START--
INFO: Run Behavior\ShowPageTraceBehavior [ RunTime:0.002000s ]
INFO: [ app_end ] --END-- [ RunTime:0.002000s ]

[ 2017-05-17T10:18:52+08:00 ] 127.0.0.1 /admin.php/User/index.html
INFO: [ app_init ] --START--
INFO: Run Behavior\BuildLiteBehavior [ RunTime:0.000000s ]
INFO: [ app_init ] --END-- [ RunTime:0.001000s ]
INFO: [ app_begin ] --START--
INFO: Run Behavior\ReadHtmlCacheBehavior [ RunTime:0.000000s ]
INFO: [ app_begin ] --END-- [ RunTime:0.000000s ]
SQL: SHOW COLUMNS FROM `luu_user` [ RunTime:0.3850s ]
SQL: SELECT COUNT(*) AS tp_count FROM `luu_user` LIMIT 1   [ RunTime:0.0010s ]
SQL: SELECT `id`,`nickname`,`avatar`,`mobile`,`sex`,`integral`,`remark`,`subscribe`,`addtime`,`subscribe_time`,`status`,`reg_type`,`reg_ip` FROM `luu_user` ORDER BY id DESC LIMIT 0,10   [ RunTime:0.0260s ]
INFO: [ view_parse ] --START--
INFO: [ template_filter ] --START--
INFO: Run Behavior\ContentReplaceBehavior [ RunTime:0.000000s ]
INFO: [ template_filter ] --END-- [ RunTime:0.000000s ]
INFO: Run Behavior\ParseTemplateBehavior [ RunTime:0.028002s ]
INFO: [ view_parse ] --END-- [ RunTime:0.028002s ]
INFO: [ view_filter ] --START--
INFO: Run Behavior\WriteHtmlCacheBehavior [ RunTime:0.000000s ]
INFO: [ view_filter ] --END-- [ RunTime:0.000000s ]
INFO: [ app_end ] --START--
INFO: Run Behavior\ShowPageTraceBehavior [ RunTime:0.000000s ]
INFO: [ app_end ] --END-- [ RunTime:0.000000s ]

[ 2017-05-17T12:44:32+08:00 ] 127.0.0.1 /admin.php
INFO: [ app_init ] --START--
INFO: Run Behavior\BuildLiteBehavior [ RunTime:0.000000s ]
INFO: [ app_init ] --END-- [ RunTime:0.012001s ]
INFO: [ app_begin ] --START--
INFO: Run Behavior\ReadHtmlCacheBehavior [ RunTime:0.001000s ]
INFO: [ app_begin ] --END-- [ RunTime:0.001000s ]

[ 2017-05-17T12:44:32+08:00 ] 127.0.0.1 /admin.php/Login/index
INFO: [ app_init ] --START--
INFO: Run Behavior\BuildLiteBehavior [ RunTime:0.000000s ]
INFO: [ app_init ] --END-- [ RunTime:0.000000s ]
INFO: [ app_begin ] --START--
INFO: Run Behavior\ReadHtmlCacheBehavior [ RunTime:0.001000s ]
INFO: [ app_begin ] --END-- [ RunTime:0.001000s ]
INFO: [ view_parse ] --START--
INFO: [ template_filter ] --START--
INFO: Run Behavior\ContentReplaceBehavior [ RunTime:0.000000s ]
INFO: [ template_filter ] --END-- [ RunTime:0.000000s ]
INFO: Run Behavior\ParseTemplateBehavior [ RunTime:0.038002s ]
INFO: [ view_parse ] --END-- [ RunTime:0.038002s ]
INFO: [ view_filter ] --START--
INFO: Run Behavior\WriteHtmlCacheBehavior [ RunTime:0.002000s ]
INFO: [ view_filter ] --END-- [ RunTime:0.002000s ]
INFO: [ app_end ] --START--
INFO: Run Behavior\ShowPageTraceBehavior [ RunTime:0.001000s ]
INFO: [ app_end ] --END-- [ RunTime:0.001000s ]

[ 2017-05-17T12:44:37+08:00 ] 127.0.0.1 /admin.php/Login/doLogin.html
INFO: [ app_init ] --START--
INFO: Run Behavior\BuildLiteBehavior [ RunTime:0.000000s ]
INFO: [ app_init ] --END-- [ RunTime:0.001000s ]
INFO: [ app_begin ] --START--
INFO: Run Behavior\ReadHtmlCacheBehavior [ RunTime:0.001000s ]
INFO: [ app_begin ] --END-- [ RunTime:0.001000s ]
SQL: SHOW COLUMNS FROM `luu_admin_user` [ RunTime:0.0250s ]
SQL: SELECT * FROM `luu_admin_user` WHERE `username` = 'admin' LIMIT 1   [ RunTime:0.0000s ]

[ 2017-05-17T12:44:39+08:00 ] 127.0.0.1 /admin.php/Login/doLogin.html
INFO: [ app_init ] --START--
INFO: Run Behavior\BuildLiteBehavior [ RunTime:0.000000s ]
INFO: [ app_init ] --END-- [ RunTime:0.001000s ]
INFO: [ app_begin ] --START--
INFO: Run Behavior\ReadHtmlCacheBehavior [ RunTime:0.001000s ]
INFO: [ app_begin ] --END-- [ RunTime:0.001000s ]
SQL: SHOW COLUMNS FROM `luu_admin_user` [ RunTime:0.0120s ]
SQL: SELECT * FROM `luu_admin_user` WHERE `username` = 'admin' LIMIT 1   [ RunTime:0.0010s ]

[ 2017-05-17T12:44:39+08:00 ] 127.0.0.1 /admin.php/Index/index.html
INFO: [ app_init ] --START--
INFO: Run Behavior\BuildLiteBehavior [ RunTime:0.000000s ]
INFO: [ app_init ] --END-- [ RunTime:0.000000s ]
INFO: [ app_begin ] --START--
INFO: Run Behavior\ReadHtmlCacheBehavior [ RunTime:0.001000s ]
INFO: [ app_begin ] --END-- [ RunTime:0.001000s ]
INFO: [ view_parse ] --START--
INFO: [ template_filter ] --START--
INFO: Run Behavior\ContentReplaceBehavior [ RunTime:0.000000s ]
INFO: [ template_filter ] --END-- [ RunTime:0.000000s ]
INFO: Run Behavior\ParseTemplateBehavior [ RunTime:0.268016s ]
INFO: [ view_parse ] --END-- [ RunTime:0.268016s ]
INFO: [ view_filter ] --START--
INFO: Run Behavior\WriteHtmlCacheBehavior [ RunTime:0.001000s ]
INFO: [ view_filter ] --END-- [ RunTime:0.001000s ]
INFO: [ app_end ] --START--
INFO: Run Behavior\ShowPageTraceBehavior [ RunTime:0.001000s ]
INFO: [ app_end ] --END-- [ RunTime:0.001000s ]

[ 2017-05-17T12:44:39+08:00 ] 127.0.0.1 /admin.php/Index/vie.html
INFO: [ app_init ] --START--
INFO: Run Behavior\BuildLiteBehavior [ RunTime:0.000000s ]
INFO: [ app_init ] --END-- [ RunTime:0.001000s ]
INFO: [ app_begin ] --START--
INFO: Run Behavior\ReadHtmlCacheBehavior [ RunTime:0.001000s ]
INFO: [ app_begin ] --END-- [ RunTime:0.001000s ]
INFO: [ view_parse ] --START--
INFO: [ template_filter ] --START--
INFO: Run Behavior\ContentReplaceBehavior [ RunTime:0.000000s ]
INFO: [ template_filter ] --END-- [ RunTime:0.000000s ]
INFO: Run Behavior\ParseTemplateBehavior [ RunTime:0.065004s ]
INFO: [ view_parse ] --END-- [ RunTime:0.065004s ]
INFO: [ view_filter ] --START--
INFO: Run Behavior\WriteHtmlCacheBehavior [ RunTime:0.000000s ]
INFO: [ view_filter ] --END-- [ RunTime:0.000000s ]
INFO: [ app_end ] --START--
INFO: Run Behavior\ShowPageTraceBehavior [ RunTime:0.001000s ]
INFO: [ app_end ] --END-- [ RunTime:0.001000s ]

[ 2017-05-17T12:44:43+08:00 ] 127.0.0.1 /admin.php/Goods/index.html
INFO: [ app_init ] --START--
INFO: Run Behavior\BuildLiteBehavior [ RunTime:0.000000s ]
INFO: [ app_init ] --END-- [ RunTime:0.000000s ]
INFO: [ app_begin ] --START--
INFO: Run Behavior\ReadHtmlCacheBehavior [ RunTime:0.000000s ]
INFO: [ app_begin ] --END-- [ RunTime:0.000000s ]
SQL: SHOW COLUMNS FROM `luu_goods` [ RunTime:0.0370s ]
SQL: SELECT COUNT(*) AS tp_count FROM `luu_goods` LIMIT 1   [ RunTime:0.0010s ]
SQL: SELECT `id`,`name`,`pic`,`price`,`desc`,`status`,`category_id` FROM `luu_goods` ORDER BY id DESC LIMIT 0,10   [ RunTime:0.0090s ]
SQL: SHOW COLUMNS FROM `luu_goods_category` [ RunTime:0.0240s ]
SQL: SELECT `name` FROM `luu_goods_category` WHERE ( id=6 ) LIMIT 1   [ RunTime:0.0000s ]
SQL: SELECT `name` FROM `luu_goods_category` WHERE ( id=6 ) LIMIT 1   [ RunTime:0.0000s ]
SQL: SELECT `name` FROM `luu_goods_category` WHERE ( id=6 ) LIMIT 1   [ RunTime:0.0000s ]
SQL: SELECT `name` FROM `luu_goods_category` WHERE ( id=6 ) LIMIT 1   [ RunTime:0.0010s ]
SQL: SELECT `name` FROM `luu_goods_category` WHERE ( id=6 ) LIMIT 1   [ RunTime:0.0000s ]
SQL: SELECT `name` FROM `luu_goods_category` WHERE ( id=6 ) LIMIT 1   [ RunTime:0.0000s ]
SQL: SELECT `name` FROM `luu_goods_category` WHERE ( id=6 ) LIMIT 1   [ RunTime:0.0000s ]
SQL: SELECT `name` FROM `luu_goods_category` WHERE ( id=6 ) LIMIT 1   [ RunTime:0.0000s ]
SQL: SELECT `name` FROM `luu_goods_category` WHERE ( id=6 ) LIMIT 1   [ RunTime:0.0000s ]
SQL: SELECT `name` FROM `luu_goods_category` WHERE ( id=6 ) LIMIT 1   [ RunTime:0.0010s ]
INFO: [ view_parse ] --START--
INFO: [ template_filter ] --START--
INFO: Run Behavior\ContentReplaceBehavior [ RunTime:0.000000s ]
INFO: [ template_filter ] --END-- [ RunTime:0.000000s ]
NOTIC: [8] Undefined variable: shop_id D:\phpStudy\WWW\lyfuuudemo\Application\Runtime\Cache\Admin\7460c3bd08e8aaf3e719467d6ea19bd3.php 第 45 行.
INFO: Run Behavior\ParseTemplateBehavior [ RunTime:0.042003s ]
INFO: [ view_parse ] --END-- [ RunTime:0.042003s ]
INFO: [ view_filter ] --START--
INFO: Run Behavior\WriteHtmlCacheBehavior [ RunTime:0.001000s ]
INFO: [ view_filter ] --END-- [ RunTime:0.001000s ]
INFO: [ app_end ] --START--
INFO: Run Behavior\ShowPageTraceBehavior [ RunTime:0.001000s ]
INFO: [ app_end ] --END-- [ RunTime:0.001000s ]

[ 2017-05-17T12:44:45+08:00 ] 127.0.0.1 /admin.php/Category/index.html
INFO: [ app_init ] --START--
INFO: Run Behavior\BuildLiteBehavior [ RunTime:0.000000s ]
INFO: [ app_init ] --END-- [ RunTime:0.000000s ]
INFO: [ app_begin ] --START--
INFO: Run Behavior\ReadHtmlCacheBehavior [ RunTime:0.001000s ]
INFO: [ app_begin ] --END-- [ RunTime:0.001000s ]
SQL: SHOW COLUMNS FROM `luu_goods_category` [ RunTime:0.0480s ]
SQL: SELECT COUNT(*) AS tp_count FROM `luu_goods_category` LIMIT 1   [ RunTime:0.0010s ]
SQL: SELECT `id`,`name`,`pid`,`status`,`sort` FROM `luu_goods_category` ORDER BY sort DESC LIMIT 0,10   [ RunTime:0.0010s ]
INFO: [ view_parse ] --START--
INFO: [ template_filter ] --START--
INFO: Run Behavior\ContentReplaceBehavior [ RunTime:0.000000s ]
INFO: [ template_filter ] --END-- [ RunTime:0.000000s ]
INFO: Run Behavior\ParseTemplateBehavior [ RunTime:0.060004s ]
INFO: [ view_parse ] --END-- [ RunTime:0.060004s ]
INFO: [ view_filter ] --START--
INFO: Run Behavior\WriteHtmlCacheBehavior [ RunTime:0.001000s ]
INFO: [ view_filter ] --END-- [ RunTime:0.001000s ]
INFO: [ app_end ] --START--
INFO: Run Behavior\ShowPageTraceBehavior [ RunTime:0.001000s ]
INFO: [ app_end ] --END-- [ RunTime:0.001000s ]

[ 2017-05-17T12:45:21+08:00 ] 127.0.0.1 /admin.php/User/index.html
INFO: [ app_init ] --START--
INFO: Run Behavior\BuildLiteBehavior [ RunTime:0.000000s ]
INFO: [ app_init ] --END-- [ RunTime:0.000000s ]
INFO: [ app_begin ] --START--
INFO: Run Behavior\ReadHtmlCacheBehavior [ RunTime:0.001000s ]
INFO: [ app_begin ] --END-- [ RunTime:0.002000s ]
SQL: SHOW COLUMNS FROM `luu_user` [ RunTime:0.0510s ]
SQL: SELECT COUNT(*) AS tp_count FROM `luu_user` LIMIT 1   [ RunTime:0.0010s ]
SQL: SELECT `id`,`nickname`,`avatar`,`mobile`,`sex`,`integral`,`remark`,`subscribe`,`addtime`,`subscribe_time`,`status`,`reg_type`,`reg_ip` FROM `luu_user` ORDER BY id DESC LIMIT 0,10   [ RunTime:0.0130s ]
INFO: [ view_parse ] --START--
INFO: [ template_filter ] --START--
INFO: Run Behavior\ContentReplaceBehavior [ RunTime:0.000000s ]
INFO: [ template_filter ] --END-- [ RunTime:0.000000s ]
INFO: Run Behavior\ParseTemplateBehavior [ RunTime:0.033002s ]
INFO: [ view_parse ] --END-- [ RunTime:0.033002s ]
INFO: [ view_filter ] --START--
INFO: Run Behavior\WriteHtmlCacheBehavior [ RunTime:0.001000s ]
INFO: [ view_filter ] --END-- [ RunTime:0.001000s ]
INFO: [ app_end ] --START--
INFO: Run Behavior\ShowPageTraceBehavior [ RunTime:0.002000s ]
INFO: [ app_end ] --END-- [ RunTime:0.002000s ]

[ 2017-05-17T12:45:31+08:00 ] 127.0.0.1 /admin.php/User/edit/id/114.html
INFO: [ app_init ] --START--
INFO: Run Behavior\BuildLiteBehavior [ RunTime:0.000000s ]
INFO: [ app_init ] --END-- [ RunTime:0.001000s ]
INFO: [ app_begin ] --START--
INFO: Run Behavior\ReadHtmlCacheBehavior [ RunTime:0.001000s ]
INFO: [ app_begin ] --END-- [ RunTime:0.002000s ]
SQL: SHOW COLUMNS FROM `luu_user` [ RunTime:0.0360s ]
INFO: [ view_parse ] --START--
INFO: [ template_filter ] --START--
INFO: Run Behavior\ContentReplaceBehavior [ RunTime:0.000000s ]
INFO: [ template_filter ] --END-- [ RunTime:0.000000s ]
NOTIC: [8] Undefined variable: data D:\phpStudy\WWW\lyfuuudemo\Application\Runtime\Cache\Admin\c5c8f88f4330c605468367c8bb60454a.php 第 44 行.
NOTIC: [8] Undefined index: shop_id D:\phpStudy\WWW\lyfuuudemo\Application\Runtime\Cache\Admin\c5c8f88f4330c605468367c8bb60454a.php 第 45 行.
NOTIC: [8] Undefined variable: data D:\phpStudy\WWW\lyfuuudemo\Application\Runtime\Cache\Admin\c5c8f88f4330c605468367c8bb60454a.php 第 49 行.
NOTIC: [8] Undefined variable: data D:\phpStudy\WWW\lyfuuudemo\Application\Runtime\Cache\Admin\c5c8f88f4330c605468367c8bb60454a.php 第 56 行.
NOTIC: [8] Undefined variable: data D:\phpStudy\WWW\lyfuuudemo\Application\Runtime\Cache\Admin\c5c8f88f4330c605468367c8bb60454a.php 第 63 行.
NOTIC: [8] Undefined variable: data D:\phpStudy\WWW\lyfuuudemo\Application\Runtime\Cache\Admin\c5c8f88f4330c605468367c8bb60454a.php 第 70 行.
NOTIC: [8] Undefined variable: data D:\phpStudy\WWW\lyfuuudemo\Application\Runtime\Cache\Admin\c5c8f88f4330c605468367c8bb60454a.php 第 76 行.
NOTIC: [8] Undefined variable: data D:\phpStudy\WWW\lyfuuudemo\Application\Runtime\Cache\Admin\c5c8f88f4330c605468367c8bb60454a.php 第 82 行.
INFO: Run Behavior\ParseTemplateBehavior [ RunTime:0.035002s ]
INFO: [ view_parse ] --END-- [ RunTime:0.035002s ]
INFO: [ view_filter ] --START--
INFO: Run Behavior\WriteHtmlCacheBehavior [ RunTime:0.001000s ]
INFO: [ view_filter ] --END-- [ RunTime:0.001000s ]
INFO: [ app_end ] --START--
INFO: Run Behavior\ShowPageTraceBehavior [ RunTime:0.000000s ]
INFO: [ app_end ] --END-- [ RunTime:0.000000s ]

[ 2017-05-17T12:45:41+08:00 ] 127.0.0.1 /admin.php/User/edit/id/114.html
INFO: [ app_init ] --START--
INFO: Run Behavior\BuildLiteBehavior [ RunTime:0.000000s ]
INFO: [ app_init ] --END-- [ RunTime:0.001000s ]
INFO: [ app_begin ] --START--
INFO: Run Behavior\ReadHtmlCacheBehavior [ RunTime:0.002000s ]
INFO: [ app_begin ] --END-- [ RunTime:0.002000s ]
SQL: SHOW COLUMNS FROM `luu_user` [ RunTime:0.0150s ]
INFO: [ view_parse ] --START--
INFO: [ template_filter ] --START--
INFO: Run Behavior\ContentReplaceBehavior [ RunTime:0.000000s ]
INFO: [ template_filter ] --END-- [ RunTime:0.000000s ]
NOTIC: [8] Undefined variable: data D:\phpStudy\WWW\lyfuuudemo\Application\Runtime\Cache\Admin\c5c8f88f4330c605468367c8bb60454a.php 第 44 行.
NOTIC: [8] Undefined index: shop_id D:\phpStudy\WWW\lyfuuudemo\Application\Runtime\Cache\Admin\c5c8f88f4330c605468367c8bb60454a.php 第 45 行.
NOTIC: [8] Undefined variable: data D:\phpStudy\WWW\lyfuuudemo\Application\Runtime\Cache\Admin\c5c8f88f4330c605468367c8bb60454a.php 第 49 行.
NOTIC: [8] Undefined variable: data D:\phpStudy\WWW\lyfuuudemo\Application\Runtime\Cache\Admin\c5c8f88f4330c605468367c8bb60454a.php 第 56 行.
NOTIC: [8] Undefined variable: data D:\phpStudy\WWW\lyfuuudemo\Application\Runtime\Cache\Admin\c5c8f88f4330c605468367c8bb60454a.php 第 63 行.
NOTIC: [8] Undefined variable: data D:\phpStudy\WWW\lyfuuudemo\Application\Runtime\Cache\Admin\c5c8f88f4330c605468367c8bb60454a.php 第 70 行.
NOTIC: [8] Undefined variable: data D:\phpStudy\WWW\lyfuuudemo\Application\Runtime\Cache\Admin\c5c8f88f4330c605468367c8bb60454a.php 第 76 行.
NOTIC: [8] Undefined variable: data D:\phpStudy\WWW\lyfuuudemo\Application\Runtime\Cache\Admin\c5c8f88f4330c605468367c8bb60454a.php 第 82 行.
INFO: Run Behavior\ParseTemplateBehavior [ RunTime:0.010001s ]
INFO: [ view_parse ] --END-- [ RunTime:0.011001s ]
INFO: [ view_filter ] --START--
INFO: Run Behavior\WriteHtmlCacheBehavior [ RunTime:0.000000s ]
INFO: [ view_filter ] --END-- [ RunTime:0.000000s ]
INFO: [ app_end ] --START--
INFO: Run Behavior\ShowPageTraceBehavior [ RunTime:0.001000s ]
INFO: [ app_end ] --END-- [ RunTime:0.001000s ]

[ 2017-05-17T12:45:50+08:00 ] 127.0.0.1 /admin.php/User/edit/id/112.html
INFO: [ app_init ] --START--
INFO: Run Behavior\BuildLiteBehavior [ RunTime:0.000000s ]
INFO: [ app_init ] --END-- [ RunTime:0.000000s ]
INFO: [ app_begin ] --START--
INFO: Run Behavior\ReadHtmlCacheBehavior [ RunTime:0.001000s ]
INFO: [ app_begin ] --END-- [ RunTime:0.001000s ]
SQL: SHOW COLUMNS FROM `luu_user` [ RunTime:0.0140s ]
INFO: [ view_parse ] --START--
INFO: [ template_filter ] --START--
INFO: Run Behavior\ContentReplaceBehavior [ RunTime:0.000000s ]
INFO: [ template_filter ] --END-- [ RunTime:0.000000s ]
NOTIC: [8] Undefined variable: data D:\phpStudy\WWW\lyfuuudemo\Application\Runtime\Cache\Admin\c5c8f88f4330c605468367c8bb60454a.php 第 44 行.
NOTIC: [8] Undefined index: shop_id D:\phpStudy\WWW\lyfuuudemo\Application\Runtime\Cache\Admin\c5c8f88f4330c605468367c8bb60454a.php 第 45 行.
NOTIC: [8] Undefined variable: data D:\phpStudy\WWW\lyfuuudemo\Application\Runtime\Cache\Admin\c5c8f88f4330c605468367c8bb60454a.php 第 49 行.
NOTIC: [8] Undefined variable: data D:\phpStudy\WWW\lyfuuudemo\Application\Runtime\Cache\Admin\c5c8f88f4330c605468367c8bb60454a.php 第 56 行.
NOTIC: [8] Undefined variable: data D:\phpStudy\WWW\lyfuuudemo\Application\Runtime\Cache\Admin\c5c8f88f4330c605468367c8bb60454a.php 第 63 行.
NOTIC: [8] Undefined variable: data D:\phpStudy\WWW\lyfuuudemo\Application\Runtime\Cache\Admin\c5c8f88f4330c605468367c8bb60454a.php 第 70 行.
NOTIC: [8] Undefined variable: data D:\phpStudy\WWW\lyfuuudemo\Application\Runtime\Cache\Admin\c5c8f88f4330c605468367c8bb60454a.php 第 76 行.
NOTIC: [8] Undefined variable: data D:\phpStudy\WWW\lyfuuudemo\Application\Runtime\Cache\Admin\c5c8f88f4330c605468367c8bb60454a.php 第 82 行.
INFO: Run Behavior\ParseTemplateBehavior [ RunTime:0.010000s ]
INFO: [ view_parse ] --END-- [ RunTime:0.010000s ]
INFO: [ view_filter ] --START--
INFO: Run Behavior\WriteHtmlCacheBehavior [ RunTime:0.000000s ]
INFO: [ view_filter ] --END-- [ RunTime:0.000000s ]
INFO: [ app_end ] --START--
INFO: Run Behavior\ShowPageTraceBehavior [ RunTime:0.001000s ]
INFO: [ app_end ] --END-- [ RunTime:0.001000s ]

[ 2017-05-17T12:46:03+08:00 ] 127.0.0.1 /admin.php/Replay/index.html
INFO: [ app_init ] --START--
INFO: Run Behavior\BuildLiteBehavior [ RunTime:0.000000s ]
INFO: [ app_init ] --END-- [ RunTime:0.001000s ]
INFO: [ app_begin ] --START--
INFO: Run Behavior\ReadHtmlCacheBehavior [ RunTime:0.001000s ]
INFO: [ app_begin ] --END-- [ RunTime:0.001000s ]
SQL: SHOW COLUMNS FROM `luu_wx_reply` [ RunTime:0.0490s ]
NOTIC: [2] Missing argument 1 for Think\Model::where(), called in D:\phpStudy\WWW\lyfuuudemo\Application\Admin\Controller\ReplayController.class.php on line 14 and defined D:\phpStudy\WWW\lyfuuudemo\ThinkPHP\Library\Think\Model.class.php 第 1797 行.
NOTIC: [8] Undefined variable: where D:\phpStudy\WWW\lyfuuudemo\ThinkPHP\Library\Think\Model.class.php 第 1805 行.
NOTIC: [8] Undefined variable: where D:\phpStudy\WWW\lyfuuudemo\ThinkPHP\Library\Think\Model.class.php 第 1808 行.
NOTIC: [8] Undefined variable: where D:\phpStudy\WWW\lyfuuudemo\ThinkPHP\Library\Think\Model.class.php 第 1816 行.
SQL: SELECT COUNT(*) AS tp_count FROM `luu_wx_reply` LIMIT 1   [ RunTime:0.0010s ]
SQL: SELECT luu_wx_reply.id as rid,`restatus`,`title`,`article_id`,`keyword` FROM `luu_wx_reply` INNER JOIN  luu_article ON luu_wx_reply.article_id = luu_article.id  LIMIT 0,10   [ RunTime:0.0260s ]
INFO: [ view_parse ] --START--
INFO: [ template_filter ] --START--
INFO: Run Behavior\ContentReplaceBehavior [ RunTime:0.000000s ]
INFO: [ template_filter ] --END-- [ RunTime:0.000000s ]
INFO: Run Behavior\ParseTemplateBehavior [ RunTime:0.039002s ]
INFO: [ view_parse ] --END-- [ RunTime:0.039002s ]
INFO: [ view_filter ] --START--
INFO: Run Behavior\WriteHtmlCacheBehavior [ RunTime:0.001000s ]
INFO: [ view_filter ] --END-- [ RunTime:0.001000s ]
INFO: [ app_end ] --START--
INFO: Run Behavior\ShowPageTraceBehavior [ RunTime:0.001000s ]
INFO: [ app_end ] --END-- [ RunTime:0.001000s ]

[ 2017-05-17T12:46:06+08:00 ] 127.0.0.1 /admin.php/Replay/create.html
INFO: [ app_init ] --START--
INFO: Run Behavior\BuildLiteBehavior [ RunTime:0.000000s ]
INFO: [ app_init ] --END-- [ RunTime:0.001000s ]
INFO: [ app_begin ] --START--
INFO: Run Behavior\ReadHtmlCacheBehavior [ RunTime:0.000000s ]
INFO: [ app_begin ] --END-- [ RunTime:0.000000s ]
SQL: SHOW COLUMNS FROM `luu_wx_reply` [ RunTime:0.0140s ]
SQL: SHOW COLUMNS FROM `luu_article` [ RunTime:0.0130s ]
SQL: SELECT `id`,`title` FROM `luu_article` WHERE ( status ) ORDER BY id desc  [ RunTime:0.0010s ]
SQL: SELECT `id`,`title` FROM `luu_article` WHERE ( status ) ORDER BY id desc LIMIT 0,10   [ RunTime:0.0000s ]
INFO: [ view_parse ] --START--
INFO: [ template_filter ] --START--
INFO: Run Behavior\ContentReplaceBehavior [ RunTime:0.000000s ]
INFO: [ template_filter ] --END-- [ RunTime:0.000000s ]
NOTIC: [8] Undefined variable: data D:\phpStudy\WWW\lyfuuudemo\Application\Runtime\Cache\Admin\5661fc68fd1839f943973ee4f57f49b6.php 第 100 行.
INFO: Run Behavior\ParseTemplateBehavior [ RunTime:0.011001s ]
INFO: [ view_parse ] --END-- [ RunTime:0.011001s ]
INFO: [ view_filter ] --START--
INFO: Run Behavior\WriteHtmlCacheBehavior [ RunTime:0.000000s ]
INFO: [ view_filter ] --END-- [ RunTime:0.001000s ]
INFO: [ app_end ] --START--
INFO: Run Behavior\ShowPageTraceBehavior [ RunTime:0.000000s ]
INFO: [ app_end ] --END-- [ RunTime:0.000000s ]

[ 2017-05-17T12:46:19+08:00 ] 127.0.0.1 /admin.php/Replay/insert.html
INFO: [ app_init ] --START--
INFO: Run Behavior\BuildLiteBehavior [ RunTime:0.000000s ]
INFO: [ app_init ] --END-- [ RunTime:0.000000s ]
INFO: [ app_begin ] --START--
INFO: Run Behavior\ReadHtmlCacheBehavior [ RunTime:0.001000s ]
INFO: [ app_begin ] --END-- [ RunTime:0.001000s ]
SQL: SHOW COLUMNS FROM `luu_wx_reply` [ RunTime:0.0240s ]
NOTIC: [8] Undefined index: validate D:\phpStudy\WWW\lyfuuudemo\ThinkPHP\Library\Think\Model.class.php 第 1185 行.
NOTIC: [8] Undefined index: auto D:\phpStudy\WWW\lyfuuudemo\ThinkPHP\Library\Think\Model.class.php 第 1128 行.
SQL: INSERT INTO `luu_wx_reply` (`id`,`keyword`,`article_id`,`restatus`) VALUES ('0','dsfg dfs','19','0') [ RunTime:0.0000s ]

[ 2017-05-17T12:46:21+08:00 ] 127.0.0.1 /admin.php/Replay/index.html
INFO: [ app_init ] --START--
INFO: Run Behavior\BuildLiteBehavior [ RunTime:0.000000s ]
INFO: [ app_init ] --END-- [ RunTime:0.000000s ]
INFO: [ app_begin ] --START--
INFO: Run Behavior\ReadHtmlCacheBehavior [ RunTime:0.001000s ]
INFO: [ app_begin ] --END-- [ RunTime:0.002000s ]
SQL: SHOW COLUMNS FROM `luu_wx_reply` [ RunTime:0.0180s ]
NOTIC: [2] Missing argument 1 for Think\Model::where(), called in D:\phpStudy\WWW\lyfuuudemo\Application\Admin\Controller\ReplayController.class.php on line 14 and defined D:\phpStudy\WWW\lyfuuudemo\ThinkPHP\Library\Think\Model.class.php 第 1797 行.
NOTIC: [8] Undefined variable: where D:\phpStudy\WWW\lyfuuudemo\ThinkPHP\Library\Think\Model.class.php 第 1805 行.
NOTIC: [8] Undefined variable: where D:\phpStudy\WWW\lyfuuudemo\ThinkPHP\Library\Think\Model.class.php 第 1808 行.
NOTIC: [8] Undefined variable: where D:\phpStudy\WWW\lyfuuudemo\ThinkPHP\Library\Think\Model.class.php 第 1816 行.
SQL: SELECT COUNT(*) AS tp_count FROM `luu_wx_reply` LIMIT 1   [ RunTime:0.0000s ]
SQL: SELECT luu_wx_reply.id as rid,`restatus`,`title`,`article_id`,`keyword` FROM `luu_wx_reply` INNER JOIN  luu_article ON luu_wx_reply.article_id = luu_article.id  LIMIT 0,10   [ RunTime:0.0010s ]
INFO: [ view_parse ] --START--
INFO: [ template_filter ] --START--
INFO: Run Behavior\ContentReplaceBehavior [ RunTime:0.000000s ]
INFO: [ template_filter ] --END-- [ RunTime:0.000000s ]
INFO: Run Behavior\ParseTemplateBehavior [ RunTime:0.014001s ]
INFO: [ view_parse ] --END-- [ RunTime:0.014001s ]
INFO: [ view_filter ] --START--
INFO: Run Behavior\WriteHtmlCacheBehavior [ RunTime:0.000000s ]
INFO: [ view_filter ] --END-- [ RunTime:0.000000s ]
INFO: [ app_end ] --START--
INFO: Run Behavior\ShowPageTraceBehavior [ RunTime:0.000000s ]
INFO: [ app_end ] --END-- [ RunTime:0.000000s ]

[ 2017-05-17T12:46:25+08:00 ] 127.0.0.1 /admin.php/Replay/setStatu.html
INFO: [ app_init ] --START--
INFO: Run Behavior\BuildLiteBehavior [ RunTime:0.000000s ]
INFO: [ app_init ] --END-- [ RunTime:0.001000s ]
INFO: [ app_begin ] --START--
INFO: Run Behavior\ReadHtmlCacheBehavior [ RunTime:0.000000s ]
INFO: [ app_begin ] --END-- [ RunTime:0.001000s ]
SQL: SHOW COLUMNS FROM `luu_wx_reply` [ RunTime:0.0200s ]
SQL: SELECT `restatus` FROM `luu_wx_reply` WHERE ( id=8 ) LIMIT 1   [ RunTime:0.0010s ]
SQL: UPDATE `luu_wx_reply` SET `restatus`='1' WHERE ( id=8 ) [ RunTime:0.0550s ]

[ 2017-05-17T12:46:29+08:00 ] 127.0.0.1 /admin.php/Index/index.html
INFO: [ app_init ] --START--
INFO: Run Behavior\BuildLiteBehavior [ RunTime:0.000000s ]
INFO: [ app_init ] --END-- [ RunTime:0.000000s ]
INFO: [ app_begin ] --START--
INFO: Run Behavior\ReadHtmlCacheBehavior [ RunTime:0.001000s ]
INFO: [ app_begin ] --END-- [ RunTime:0.001000s ]
INFO: [ view_parse ] --START--
INFO: [ template_filter ] --START--
INFO: Run Behavior\ContentReplaceBehavior [ RunTime:0.000000s ]
INFO: [ template_filter ] --END-- [ RunTime:0.000000s ]
INFO: Run Behavior\ParseTemplateBehavior [ RunTime:0.012001s ]
INFO: [ view_parse ] --END-- [ RunTime:0.012001s ]
INFO: [ view_filter ] --START--
INFO: Run Behavior\WriteHtmlCacheBehavior [ RunTime:0.000000s ]
INFO: [ view_filter ] --END-- [ RunTime:0.000000s ]
INFO: [ app_end ] --START--
INFO: Run Behavior\ShowPageTraceBehavior [ RunTime:0.001000s ]
INFO: [ app_end ] --END-- [ RunTime:0.001000s ]

[ 2017-05-17T12:46:29+08:00 ] 127.0.0.1 /admin.php/Index/vie.html
INFO: [ app_init ] --START--
INFO: Run Behavior\BuildLiteBehavior [ RunTime:0.000000s ]
INFO: [ app_init ] --END-- [ RunTime:0.001000s ]
INFO: [ app_begin ] --START--
INFO: Run Behavior\ReadHtmlCacheBehavior [ RunTime:0.001000s ]
INFO: [ app_begin ] --END-- [ RunTime:0.001000s ]
INFO: [ view_parse ] --START--
INFO: [ template_filter ] --START--
INFO: Run Behavior\ContentReplaceBehavior [ RunTime:0.000000s ]
INFO: [ template_filter ] --END-- [ RunTime:0.000000s ]
INFO: Run Behavior\ParseTemplateBehavior [ RunTime:0.007000s ]
INFO: [ view_parse ] --END-- [ RunTime:0.007000s ]
INFO: [ view_filter ] --START--
INFO: Run Behavior\WriteHtmlCacheBehavior [ RunTime:0.000000s ]
INFO: [ view_filter ] --END-- [ RunTime:0.000000s ]
INFO: [ app_end ] --START--
INFO: Run Behavior\ShowPageTraceBehavior [ RunTime:0.001000s ]
INFO: [ app_end ] --END-- [ RunTime:0.001000s ]

[ 2017-05-17T12:48:22+08:00 ] 127.0.0.1 /admin.php/Coupon/index.html
INFO: [ app_init ] --START--
INFO: Run Behavior\BuildLiteBehavior [ RunTime:0.000000s ]
INFO: [ app_init ] --END-- [ RunTime:0.000000s ]
INFO: [ app_begin ] --START--
INFO: Run Behavior\ReadHtmlCacheBehavior [ RunTime:0.001000s ]
INFO: [ app_begin ] --END-- [ RunTime:0.001000s ]
SQL: SHOW COLUMNS FROM `luu_coupon` [ RunTime:0.1860s ]
SQL: SELECT COUNT(*) AS tp_count FROM `luu_coupon` LIMIT 1   [ RunTime:0.0010s ]
SQL: SELECT `id`,`name`,`total`,`min_total`,`begintime`,`endtime`,`num`,`grant_num`,`use_num`,`available_num`,`status` FROM `luu_coupon` ORDER BY id DESC LIMIT 0,10   [ RunTime:0.0010s ]
INFO: [ view_parse ] --START--
INFO: [ template_filter ] --START--
INFO: Run Behavior\ContentReplaceBehavior [ RunTime:0.000000s ]
INFO: [ template_filter ] --END-- [ RunTime:0.000000s ]
INFO: Run Behavior\ParseTemplateBehavior [ RunTime:0.050003s ]
INFO: [ view_parse ] --END-- [ RunTime:0.051003s ]
INFO: [ view_filter ] --START--
INFO: Run Behavior\WriteHtmlCacheBehavior [ RunTime:0.001000s ]
INFO: [ view_filter ] --END-- [ RunTime:0.001000s ]
INFO: [ app_end ] --START--
INFO: Run Behavior\ShowPageTraceBehavior [ RunTime:0.002000s ]
INFO: [ app_end ] --END-- [ RunTime:0.002000s ]

[ 2017-05-17T12:48:31+08:00 ] 127.0.0.1 /admin.php/Coupon/create.html
INFO: [ app_init ] --START--
INFO: Run Behavior\BuildLiteBehavior [ RunTime:0.000000s ]
INFO: [ app_init ] --END-- [ RunTime:0.001000s ]
INFO: [ app_begin ] --START--
INFO: Run Behavior\ReadHtmlCacheBehavior [ RunTime:0.001000s ]
INFO: [ app_begin ] --END-- [ RunTime:0.001000s ]
SQL: SHOW COLUMNS FROM `luu_coupon` [ RunTime:0.0150s ]
NOTIC: [8] Undefined index: id D:\phpStudy\WWW\lyfuuudemo\Application\Admin\Controller\CouponController.class.php 第 34 行.
SQL: SHOW COLUMNS FROM `luu_goods` [ RunTime:0.0150s ]
SQL: SELECT * FROM `luu_goods` WHERE `status` = 1  [ RunTime:0.0010s ]
INFO: [ view_parse ] --START--
INFO: [ template_filter ] --START--
INFO: Run Behavior\ContentReplaceBehavior [ RunTime:0.000000s ]
INFO: [ template_filter ] --END-- [ RunTime:0.000000s ]
NOTIC: [8] Undefined index: id D:\phpStudy\WWW\lyfuuudemo\Application\Runtime\Cache\Admin\d523d7354fba299f03a19644efc16d26.php 第 48 行.
NOTIC: [8] Undefined index: name D:\phpStudy\WWW\lyfuuudemo\Application\Runtime\Cache\Admin\d523d7354fba299f03a19644efc16d26.php 第 58 行.
NOTIC: [8] Undefined index: total D:\phpStudy\WWW\lyfuuudemo\Application\Runtime\Cache\Admin\d523d7354fba299f03a19644efc16d26.php 第 64 行.
NOTIC: [8] Undefined index: begintime D:\phpStudy\WWW\lyfuuudemo\Application\Runtime\Cache\Admin\d523d7354fba299f03a19644efc16d26.php 第 70 行.
NOTIC: [8] Undefined index: endtime D:\phpStudy\WWW\lyfuuudemo\Application\Runtime\Cache\Admin\d523d7354fba299f03a19644efc16d26.php 第 76 行.
NOTIC: [8] Undefined index: num D:\phpStudy\WWW\lyfuuudemo\Application\Runtime\Cache\Admin\d523d7354fba299f03a19644efc16d26.php 第 89 行.
NOTIC: [8] Undefined index: status D:\phpStudy\WWW\lyfuuudemo\Application\Runtime\Cache\Admin\d523d7354fba299f03a19644efc16d26.php 第 103 行.
NOTIC: [8] Undefined index: goods_id D:\phpStudy\WWW\lyfuuudemo\Application\Runtime\Cache\Admin\d523d7354fba299f03a19644efc16d26.php 第 129 行.
NOTIC: [2] in_array() expects parameter 2 to be array, null given D:\phpStudy\WWW\lyfuuudemo\Application\Runtime\Cache\Admin\d523d7354fba299f03a19644efc16d26.php 第 129 行.
NOTIC: [8] Undefined index: goods_id D:\phpStudy\WWW\lyfuuudemo\Application\Runtime\Cache\Admin\d523d7354fba299f03a19644efc16d26.php 第 129 行.
NOTIC: [2] in_array() expects parameter 2 to be array, null given D:\phpStudy\WWW\lyfuuudemo\Application\Runtime\Cache\Admin\d523d7354fba299f03a19644efc16d26.php 第 129 行.
NOTIC: [8] Undefined index: goods_id D:\phpStudy\WWW\lyfuuudemo\Application\Runtime\Cache\Admin\d523d7354fba299f03a19644efc16d26.php 第 129 行.
NOTIC: [2] in_array() expects parameter 2 to be array, null given D:\phpStudy\WWW\lyfuuudemo\Application\Runtime\Cache\Admin\d523d7354fba299f03a19644efc16d26.php 第 129 行.
NOTIC: [8] Undefined index: goods_id D:\phpStudy\WWW\lyfuuudemo\Application\Runtime\Cache\Admin\d523d7354fba299f03a19644efc16d26.php 第 129 行.
NOTIC: [2] in_array() expects parameter 2 to be array, null given D:\phpStudy\WWW\lyfuuudemo\Application\Runtime\Cache\Admin\d523d7354fba299f03a19644efc16d26.php 第 129 行.
NOTIC: [8] Undefined index: goods_id D:\phpStudy\WWW\lyfuuudemo\Application\Runtime\Cache\Admin\d523d7354fba299f03a19644efc16d26.php 第 129 行.
NOTIC: [2] in_array() expects parameter 2 to be array, null given D:\phpStudy\WWW\lyfuuudemo\Application\Runtime\Cache\Admin\d523d7354fba299f03a19644efc16d26.php 第 129 行.
NOTIC: [8] Undefined index: goods_id D:\phpStudy\WWW\lyfuuudemo\Application\Runtime\Cache\Admin\d523d7354fba299f03a19644efc16d26.php 第 129 行.
NOTIC: [2] in_array() expects parameter 2 to be array, null given D:\phpStudy\WWW\lyfuuudemo\Application\Runtime\Cache\Admin\d523d7354fba299f03a19644efc16d26.php 第 129 行.
NOTIC: [8] Undefined index: goods_id D:\phpStudy\WWW\lyfuuudemo\Application\Runtime\Cache\Admin\d523d7354fba299f03a19644efc16d26.php 第 129 行.
NOTIC: [2] in_array() expects parameter 2 to be array, null given D:\phpStudy\WWW\lyfuuudemo\Application\Runtime\Cache\Admin\d523d7354fba299f03a19644efc16d26.php 第 129 行.
NOTIC: [8] Undefined index: goods_id D:\phpStudy\WWW\lyfuuudemo\Application\Runtime\Cache\Admin\d523d7354fba299f03a19644efc16d26.php 第 129 行.
NOTIC: [2] in_array() expects parameter 2 to be array, null given D:\phpStudy\WWW\lyfuuudemo\Application\Runtime\Cache\Admin\d523d7354fba299f03a19644efc16d26.php 第 129 行.
NOTIC: [8] Undefined index: goods_id D:\phpStudy\WWW\lyfuuudemo\Application\Runtime\Cache\Admin\d523d7354fba299f03a19644efc16d26.php 第 129 行.
NOTIC: [2] in_array() expects parameter 2 to be array, null given D:\phpStudy\WWW\lyfuuudemo\Application\Runtime\Cache\Admin\d523d7354fba299f03a19644efc16d26.php 第 129 行.
NOTIC: [8] Undefined index: goods_id D:\phpStudy\WWW\lyfuuudemo\Application\Runtime\Cache\Admin\d523d7354fba299f03a19644efc16d26.php 第 129 行.
NOTIC: [2] in_array() expects parameter 2 to be array, null given D:\phpStudy\WWW\lyfuuudemo\Application\Runtime\Cache\Admin\d523d7354fba299f03a19644efc16d26.php 第 129 行.
NOTIC: [8] Undefined index: goods_id D:\phpStudy\WWW\lyfuuudemo\Application\Runtime\Cache\Admin\d523d7354fba299f03a19644efc16d26.php 第 129 行.
NOTIC: [2] in_array() expects parameter 2 to be array, null given D:\phpStudy\WWW\lyfuuudemo\Application\Runtime\Cache\Admin\d523d7354fba299f03a19644efc16d26.php 第 129 行.
NOTIC: [8] Undefined index: goods_id D:\phpStudy\WWW\lyfuuudemo\Application\Runtime\Cache\Admin\d523d7354fba299f03a19644efc16d26.php 第 129 行.
NOTIC: [2] in_array() expects parameter 2 to be array, null given D:\phpStudy\WWW\lyfuuudemo\Application\Runtime\Cache\Admin\d523d7354fba299f03a19644efc16d26.php 第 129 行.
NOTIC: [8] Undefined index: goods_id D:\phpStudy\WWW\lyfuuudemo\Application\Runtime\Cache\Admin\d523d7354fba299f03a19644efc16d26.php 第 129 行.
NOTIC: [2] in_array() expects parameter 2 to be array, null given D:\phpStudy\WWW\lyfuuudemo\Application\Runtime\Cache\Admin\d523d7354fba299f03a19644efc16d26.php 第 129 行.
NOTIC: [8] Undefined index: goods_id D:\phpStudy\WWW\lyfuuudemo\Application\Runtime\Cache\Admin\d523d7354fba299f03a19644efc16d26.php 第 129 行.
NOTIC: [2] in_array() expects parameter 2 to be array, null given D:\phpStudy\WWW\lyfuuudemo\Application\Runtime\Cache\Admin\d523d7354fba299f03a19644efc16d26.php 第 129 行.
NOTIC: [8] Undefined index: goods_id D:\phpStudy\WWW\lyfuuudemo\Application\Runtime\Cache\Admin\d523d7354fba299f03a19644efc16d26.php 第 129 行.
NOTIC: [2] in_array() expects parameter 2 to be array, null given D:\phpStudy\WWW\lyfuuudemo\Application\Runtime\Cache\Admin\d523d7354fba299f03a19644efc16d26.php 第 129 行.
NOTIC: [8] Undefined index: goods_id D:\phpStudy\WWW\lyfuuudemo\Application\Runtime\Cache\Admin\d523d7354fba299f03a19644efc16d26.php 第 129 行.
NOTIC: [2] in_array() expects parameter 2 to be array, null given D:\phpStudy\WWW\lyfuuudemo\Application\Runtime\Cache\Admin\d523d7354fba299f03a19644efc16d26.php 第 129 行.
NOTIC: [8] Undefined index: goods_id D:\phpStudy\WWW\lyfuuudemo\Application\Runtime\Cache\Admin\d523d7354fba299f03a19644efc16d26.php 第 129 行.
NOTIC: [2] in_array() expects parameter 2 to be array, null given D:\phpStudy\WWW\lyfuuudemo\Application\Runtime\Cache\Admin\d523d7354fba299f03a19644efc16d26.php 第 129 行.
NOTIC: [8] Undefined index: goods_id D:\phpStudy\WWW\lyfuuudemo\Application\Runtime\Cache\Admin\d523d7354fba299f03a19644efc16d26.php 第 129 行.
NOTIC: [2] in_array() expects parameter 2 to be array, null given D:\phpStudy\WWW\lyfuuudemo\Application\Runtime\Cache\Admin\d523d7354fba299f03a19644efc16d26.php 第 129 行.
NOTIC: [8] Undefined index: goods_id D:\phpStudy\WWW\lyfuuudemo\Application\Runtime\Cache\Admin\d523d7354fba299f03a19644efc16d26.php 第 129 行.
NOTIC: [2] in_array() expects parameter 2 to be array, null given D:\phpStudy\WWW\lyfuuudemo\Application\Runtime\Cache\Admin\d523d7354fba299f03a19644efc16d26.php 第 129 行.
NOTIC: [8] Undefined index: goods_id D:\phpStudy\WWW\lyfuuudemo\Application\Runtime\Cache\Admin\d523d7354fba299f03a19644efc16d26.php 第 129 行.
NOTIC: [2] in_array() expects parameter 2 to be array, null given D:\phpStudy\WWW\lyfuuudemo\Application\Runtime\Cache\Admin\d523d7354fba299f03a19644efc16d26.php 第 129 行.
NOTIC: [8] Undefined index: goods_id D:\phpStudy\WWW\lyfuuudemo\Application\Runtime\Cache\Admin\d523d7354fba299f03a19644efc16d26.php 第 129 行.
NOTIC: [2] in_array() expects parameter 2 to be array, null given D:\phpStudy\WWW\lyfuuudemo\Application\Runtime\Cache\Admin\d523d7354fba299f03a19644efc16d26.php 第 129 行.
NOTIC: [8] Undefined index: goods_id D:\phpStudy\WWW\lyfuuudemo\Application\Runtime\Cache\Admin\d523d7354fba299f03a19644efc16d26.php 第 129 行.
NOTIC: [2] in_array() expects parameter 2 to be array, null given D:\phpStudy\WWW\lyfuuudemo\Application\Runtime\Cache\Admin\d523d7354fba299f03a19644efc16d26.php 第 129 行.
NOTIC: [8] Undefined index: goods_id D:\phpStudy\WWW\lyfuuudemo\Application\Runtime\Cache\Admin\d523d7354fba299f03a19644efc16d26.php 第 129 行.
NOTIC: [2] in_array() expects parameter 2 to be array, null given D:\phpStudy\WWW\lyfuuudemo\Application\Runtime\Cache\Admin\d523d7354fba299f03a19644efc16d26.php 第 129 行.
NOTIC: [8] Undefined index: goods_id D:\phpStudy\WWW\lyfuuudemo\Application\Runtime\Cache\Admin\d523d7354fba299f03a19644efc16d26.php 第 129 行.
NOTIC: [2] in_array() expects parameter 2 to be array, null given D:\phpStudy\WWW\lyfuuudemo\Application\Runtime\Cache\Admin\d523d7354fba299f03a19644efc16d26.php 第 129 行.
NOTIC: [8] Undefined index: goods_id D:\phpStudy\WWW\lyfuuudemo\Application\Runtime\Cache\Admin\d523d7354fba299f03a19644efc16d26.php 第 129 行.
NOTIC: [2] in_array() expects parameter 2 to be array, null given D:\phpStudy\WWW\lyfuuudemo\Application\Runtime\Cache\Admin\d523d7354fba299f03a19644efc16d26.php 第 129 行.
NOTIC: [8] Undefined index: goods_id D:\phpStudy\WWW\lyfuuudemo\Application\Runtime\Cache\Admin\d523d7354fba299f03a19644efc16d26.php 第 129 行.
NOTIC: [2] in_array() expects parameter 2 to be array, null given D:\phpStudy\WWW\lyfuuudemo\Application\Runtime\Cache\Admin\d523d7354fba299f03a19644efc16d26.php 第 129 行.
NOTIC: [8] Undefined index: goods_id D:\phpStudy\WWW\lyfuuudemo\Application\Runtime\Cache\Admin\d523d7354fba299f03a19644efc16d26.php 第 129 行.
NOTIC: [2] in_array() expects parameter 2 to be array, null given D:\phpStudy\WWW\lyfuuudemo\Application\Runtime\Cache\Admin\d523d7354fba299f03a19644efc16d26.php 第 129 行.
NOTIC: [8] Undefined index: goods_id D:\phpStudy\WWW\lyfuuudemo\Application\Runtime\Cache\Admin\d523d7354fba299f03a19644efc16d26.php 第 129 行.
NOTIC: [2] in_array() expects parameter 2 to be array, null given D:\phpStudy\WWW\lyfuuudemo\Application\Runtime\Cache\Admin\d523d7354fba299f03a19644efc16d26.php 第 129 行.
NOTIC: [8] Undefined index: goods_id D:\phpStudy\WWW\lyfuuudemo\Application\Runtime\Cache\Admin\d523d7354fba299f03a19644efc16d26.php 第 129 行.
NOTIC: [2] in_array() expects parameter 2 to be array, null given D:\phpStudy\WWW\lyfuuudemo\Application\Runtime\Cache\Admin\d523d7354fba299f03a19644efc16d26.php 第 129 行.
NOTIC: [8] Undefined index: goods_id D:\phpStudy\WWW\lyfuuudemo\Application\Runtime\Cache\Admin\d523d7354fba299f03a19644efc16d26.php 第 129 行.
NOTIC: [2] in_array() expects parameter 2 to be array, null given D:\phpStudy\WWW\lyfuuudemo\Application\Runtime\Cache\Admin\d523d7354fba299f03a19644efc16d26.php 第 129 行.
NOTIC: [8] Undefined index: goods_id D:\phpStudy\WWW\lyfuuudemo\Application\Runtime\Cache\Admin\d523d7354fba299f03a19644efc16d26.php 第 129 行.
NOTIC: [2] in_array() expects parameter 2 to be array, null given D:\phpStudy\WWW\lyfuuudemo\Application\Runtime\Cache\Admin\d523d7354fba299f03a19644efc16d26.php 第 129 行.
NOTIC: [8] Undefined index: goods_id D:\phpStudy\WWW\lyfuuudemo\Application\Runtime\Cache\Admin\d523d7354fba299f03a19644efc16d26.php 第 129 行.
NOTIC: [2] in_array() expects parameter 2 to be array, null given D:\phpStudy\WWW\lyfuuudemo\Application\Runtime\Cache\Admin\d523d7354fba299f03a19644efc16d26.php 第 129 行.
NOTIC: [8] Undefined index: goods_id D:\phpStudy\WWW\lyfuuudemo\Application\Runtime\Cache\Admin\d523d7354fba299f03a19644efc16d26.php 第 129 行.
NOTIC: [2] in_array() expects parameter 2 to be array, null given D:\phpStudy\WWW\lyfuuudemo\Application\Runtime\Cache\Admin\d523d7354fba299f03a19644efc16d26.php 第 129 行.
NOTIC: [8] Undefined index: goods_id D:\phpStudy\WWW\lyfuuudemo\Application\Runtime\Cache\Admin\d523d7354fba299f03a19644efc16d26.php 第 129 行.
NOTIC: [2] in_array() expects parameter 2 to be array, null given D:\phpStudy\WWW\lyfuuudemo\Application\Runtime\Cache\Admin\d523d7354fba299f03a19644efc16d26.php 第 129 行.
NOTIC: [8] Undefined index: goods_id D:\phpStudy\WWW\lyfuuudemo\Application\Runtime\Cache\Admin\d523d7354fba299f03a19644efc16d26.php 第 129 行.
NOTIC: [2] in_array() expects parameter 2 to be array, null given D:\phpStudy\WWW\lyfuuudemo\Application\Runtime\Cache\Admin\d523d7354fba299f03a19644efc16d26.php 第 129 行.
NOTIC: [8] Undefined index: goods_id D:\phpStudy\WWW\lyfuuudemo\Application\Runtime\Cache\Admin\d523d7354fba299f03a19644efc16d26.php 第 129 行.
NOTIC: [2] in_array() expects parameter 2 to be array, null given D:\phpStudy\WWW\lyfuuudemo\Application\Runtime\Cache\Admin\d523d7354fba299f03a19644efc16d26.php 第 129 行.
NOTIC: [8] Undefined index: goods_id D:\phpStudy\WWW\lyfuuudemo\Application\Runtime\Cache\Admin\d523d7354fba299f03a19644efc16d26.php 第 129 行.
NOTIC: [2] in_array() expects parameter 2 to be array, null given D:\phpStudy\WWW\lyfuuudemo\Application\Runtime\Cache\Admin\d523d7354fba299f03a19644efc16d26.php 第 129 行.
NOTIC: [8] Undefined index: goods_id D:\phpStudy\WWW\lyfuuudemo\Application\Runtime\Cache\Admin\d523d7354fba299f03a19644efc16d26.php 第 129 行.
NOTIC: [2] in_array() expects parameter 2 to be array, null given D:\phpStudy\WWW\lyfuuudemo\Application\Runtime\Cache\Admin\d523d7354fba299f03a19644efc16d26.php 第 129 行.
NOTIC: [8] Undefined index: goods_id D:\phpStudy\WWW\lyfuuudemo\Application\Runtime\Cache\Admin\d523d7354fba299f03a19644efc16d26.php 第 129 行.
NOTIC: [2] in_array() expects parameter 2 to be array, null given D:\phpStudy\WWW\lyfuuudemo\Application\Runtime\Cache\Admin\d523d7354fba299f03a19644efc16d26.php 第 129 行.
NOTIC: [8] Undefined index: goods_id D:\phpStudy\WWW\lyfuuudemo\Application\Runtime\Cache\Admin\d523d7354fba299f03a19644efc16d26.php 第 129 行.
NOTIC: [2] in_array() expects parameter 2 to be array, null given D:\phpStudy\WWW\lyfuuudemo\Application\Runtime\Cache\Admin\d523d7354fba299f03a19644efc16d26.php 第 129 行.
NOTIC: [8] Undefined index: goods_id D:\phpStudy\WWW\lyfuuudemo\Application\Runtime\Cache\Admin\d523d7354fba299f03a19644efc16d26.php 第 129 行.
NOTIC: [2] in_array() expects parameter 2 to be array, null given D:\phpStudy\WWW\lyfuuudemo\Application\Runtime\Cache\Admin\d523d7354fba299f03a19644efc16d26.php 第 129 行.
NOTIC: [8] Undefined index: goods_id D:\phpStudy\WWW\lyfuuudemo\Application\Runtime\Cache\Admin\d523d7354fba299f03a19644efc16d26.php 第 129 行.
NOTIC: [2] in_array() expects parameter 2 to be array, null given D:\phpStudy\WWW\lyfuuudemo\Application\Runtime\Cache\Admin\d523d7354fba299f03a19644efc16d26.php 第 129 行.
NOTIC: [8] Undefined index: goods_id D:\phpStudy\WWW\lyfuuudemo\Application\Runtime\Cache\Admin\d523d7354fba299f03a19644efc16d26.php 第 129 行.
NOTIC: [2] in_array() expects parameter 2 to be array, null given D:\phpStudy\WWW\lyfuuudemo\Application\Runtime\Cache\Admin\d523d7354fba299f03a19644efc16d26.php 第 129 行.
NOTIC: [8] Undefined index: goods_id D:\phpStudy\WWW\lyfuuudemo\Application\Runtime\Cache\Admin\d523d7354fba299f03a19644efc16d26.php 第 129 行.
NOTIC: [2] in_array() expects parameter 2 to be array, null given D:\phpStudy\WWW\lyfuuudemo\Application\Runtime\Cache\Admin\d523d7354fba299f03a19644efc16d26.php 第 129 行.
NOTIC: [8] Undefined index: goods_id D:\phpStudy\WWW\lyfuuudemo\Application\Runtime\Cache\Admin\d523d7354fba299f03a19644efc16d26.php 第 129 行.
NOTIC: [2] in_array() expects parameter 2 to be array, null given D:\phpStudy\WWW\lyfuuudemo\Application\Runtime\Cache\Admin\d523d7354fba299f03a19644efc16d26.php 第 129 行.
NOTIC: [8] Undefined index: goods_id D:\phpStudy\WWW\lyfuuudemo\Application\Runtime\Cache\Admin\d523d7354fba299f03a19644efc16d26.php 第 129 行.
NOTIC: [2] in_array() expects parameter 2 to be array, null given D:\phpStudy\WWW\lyfuuudemo\Application\Runtime\Cache\Admin\d523d7354fba299f03a19644efc16d26.php 第 129 行.
NOTIC: [8] Undefined index: goods_id D:\phpStudy\WWW\lyfuuudemo\Application\Runtime\Cache\Admin\d523d7354fba299f03a19644efc16d26.php 第 129 行.
NOTIC: [2] in_array() expects parameter 2 to be array, null given D:\phpStudy\WWW\lyfuuudemo\Application\Runtime\Cache\Admin\d523d7354fba299f03a19644efc16d26.php 第 129 行.
NOTIC: [8] Undefined index: goods_id D:\phpStudy\WWW\lyfuuudemo\Application\Runtime\Cache\Admin\d523d7354fba299f03a19644efc16d26.php 第 129 行.
NOTIC: [2] in_array() expects parameter 2 to be array, null given D:\phpStudy\WWW\lyfuuudemo\Application\Runtime\Cache\Admin\d523d7354fba299f03a19644efc16d26.php 第 129 行.
NOTIC: [8] Undefined index: goods_id D:\phpStudy\WWW\lyfuuudemo\Application\Runtime\Cache\Admin\d523d7354fba299f03a19644efc16d26.php 第 129 行.
NOTIC: [2] in_array() expects parameter 2 to be array, null given D:\phpStudy\WWW\lyfuuudemo\Application\Runtime\Cache\Admin\d523d7354fba299f03a19644efc16d26.php 第 129 行.
NOTIC: [8] Undefined index: goods_id D:\phpStudy\WWW\lyfuuudemo\Application\Runtime\Cache\Admin\d523d7354fba299f03a19644efc16d26.php 第 129 行.
NOTIC: [2] in_array() expects parameter 2 to be array, null given D:\phpStudy\WWW\lyfuuudemo\Application\Runtime\Cache\Admin\d523d7354fba299f03a19644efc16d26.php 第 129 行.
NOTIC: [8] Undefined index: goods_id D:\phpStudy\WWW\lyfuuudemo\Application\Runtime\Cache\Admin\d523d7354fba299f03a19644efc16d26.php 第 129 行.
NOTIC: [2] in_array() expects parameter 2 to be array, null given D:\phpStudy\WWW\lyfuuudemo\Application\Runtime\Cache\Admin\d523d7354fba299f03a19644efc16d26.php 第 129 行.
NOTIC: [8] Undefined index: goods_id D:\phpStudy\WWW\lyfuuudemo\Application\Runtime\Cache\Admin\d523d7354fba299f03a19644efc16d26.php 第 129 行.
NOTIC: [2] in_array() expects parameter 2 to be array, null given D:\phpStudy\WWW\lyfuuudemo\Application\Runtime\Cache\Admin\d523d7354fba299f03a19644efc16d26.php 第 129 行.
NOTIC: [8] Undefined index: goods_id D:\phpStudy\WWW\lyfuuudemo\Application\Runtime\Cache\Admin\d523d7354fba299f03a19644efc16d26.php 第 129 行.
NOTIC: [2] in_array() expects parameter 2 to be array, null given D:\phpStudy\WWW\lyfuuudemo\Application\Runtime\Cache\Admin\d523d7354fba299f03a19644efc16d26.php 第 129 行.
NOTIC: [8] Undefined index: goods_id D:\phpStudy\WWW\lyfuuudemo\Application\Runtime\Cache\Admin\d523d7354fba299f03a19644efc16d26.php 第 129 行.
NOTIC: [2] in_array() expects parameter 2 to be array, null given D:\phpStudy\WWW\lyfuuudemo\Application\Runtime\Cache\Admin\d523d7354fba299f03a19644efc16d26.php 第 129 行.
NOTIC: [8] Undefined index: goods_id D:\phpStudy\WWW\lyfuuudemo\Application\Runtime\Cache\Admin\d523d7354fba299f03a19644efc16d26.php 第 129 行.
NOTIC: [2] in_array() expects parameter 2 to be array, null given D:\phpStudy\WWW\lyfuuudemo\Application\Runtime\Cache\Admin\d523d7354fba299f03a19644efc16d26.php 第 129 行.
NOTIC: [8] Undefined index: goods_id D:\phpStudy\WWW\lyfuuudemo\Application\Runtime\Cache\Admin\d523d7354fba299f03a19644efc16d26.php 第 129 行.
NOTIC: [2] in_array() expects parameter 2 to be array, null given D:\phpStudy\WWW\lyfuuudemo\Application\Runtime\Cache\Admin\d523d7354fba299f03a19644efc16d26.php 第 129 行.
NOTIC: [8] Undefined index: goods_id D:\phpStudy\WWW\lyfuuudemo\Application\Runtime\Cache\Admin\d523d7354fba299f03a19644efc16d26.php 第 129 行.
NOTIC: [2] in_array() expects parameter 2 to be array, null given D:\phpStudy\WWW\lyfuuudemo\Application\Runtime\Cache\Admin\d523d7354fba299f03a19644efc16d26.php 第 129 行.
NOTIC: [8] Undefined index: goods_id D:\phpStudy\WWW\lyfuuudemo\Application\Runtime\Cache\Admin\d523d7354fba299f03a19644efc16d26.php 第 129 行.
NOTIC: [2] in_array() expects parameter 2 to be array, null given D:\phpStudy\WWW\lyfuuudemo\Application\Runtime\Cache\Admin\d523d7354fba299f03a19644efc16d26.php 第 129 行.
NOTIC: [8] Undefined index: goods_id D:\phpStudy\WWW\lyfuuudemo\Application\Runtime\Cache\Admin\d523d7354fba299f03a19644efc16d26.php 第 129 行.
NOTIC: [2] in_array() expects parameter 2 to be array, null given D:\phpStudy\WWW\lyfuuudemo\Application\Runtime\Cache\Admin\d523d7354fba299f03a19644efc16d26.php 第 129 行.
NOTIC: [8] Undefined index: goods_id D:\phpStudy\WWW\lyfuuudemo\Application\Runtime\Cache\Admin\d523d7354fba299f03a19644efc16d26.php 第 129 行.
NOTIC: [2] in_array() expects parameter 2 to be array, null given D:\phpStudy\WWW\lyfuuudemo\Application\Runtime\Cache\Admin\d523d7354fba299f03a19644efc16d26.php 第 129 行.
NOTIC: [8] Undefined index: goods_id D:\phpStudy\WWW\lyfuuudemo\Application\Runtime\Cache\Admin\d523d7354fba299f03a19644efc16d26.php 第 129 行.
NOTIC: [2] in_array() expects parameter 2 to be array, null given D:\phpStudy\WWW\lyfuuudemo\Application\Runtime\Cache\Admin\d523d7354fba299f03a19644efc16d26.php 第 129 行.
NOTIC: [8] Undefined index: goods_id D:\phpStudy\WWW\lyfuuudemo\Application\Runtime\Cache\Admin\d523d7354fba299f03a19644efc16d26.php 第 129 行.
NOTIC: [2] in_array() expects parameter 2 to be array, null given D:\phpStudy\WWW\lyfuuudemo\Application\Runtime\Cache\Admin\d523d7354fba299f03a19644efc16d26.php 第 129 行.
NOTIC: [8] Undefined index: goods_id D:\phpStudy\WWW\lyfuuudemo\Application\Runtime\Cache\Admin\d523d7354fba299f03a19644efc16d26.php 第 129 行.
NOTIC: [2] in_array() expects parameter 2 to be array, null given D:\phpStudy\WWW\lyfuuudemo\Application\Runtime\Cache\Admin\d523d7354fba299f03a19644efc16d26.php 第 129 行.
NOTIC: [8] Undefined index: goods_id D:\phpStudy\WWW\lyfuuudemo\Application\Runtime\Cache\Admin\d523d7354fba299f03a19644efc16d26.php 第 129 行.
NOTIC: [2] in_array() expects parameter 2 to be array, null given D:\phpStudy\WWW\lyfuuudemo\Application\Runtime\Cache\Admin\d523d7354fba299f03a19644efc16d26.php 第 129 行.
NOTIC: [8] Undefined index: goods_id D:\phpStudy\WWW\lyfuuudemo\Application\Runtime\Cache\Admin\d523d7354fba299f03a19644efc16d26.php 第 129 行.
NOTIC: [2] in_array() expects parameter 2 to be array, null given D:\phpStudy\WWW\lyfuuudemo\Application\Runtime\Cache\Admin\d523d7354fba299f03a19644efc16d26.php 第 129 行.
NOTIC: [8] Undefined index: goods_id D:\phpStudy\WWW\lyfuuudemo\Application\Runtime\Cache\Admin\d523d7354fba299f03a19644efc16d26.php 第 129 行.
NOTIC: [2] in_array() expects parameter 2 to be array, null given D:\phpStudy\WWW\lyfuuudemo\Application\Runtime\Cache\Admin\d523d7354fba299f03a19644efc16d26.php 第 129 行.
NOTIC: [8] Undefined index: goods_id D:\phpStudy\WWW\lyfuuudemo\Application\Runtime\Cache\Admin\d523d7354fba299f03a19644efc16d26.php 第 129 行.
NOTIC: [2] in_array() expects parameter 2 to be array, null given D:\phpStudy\WWW\lyfuuudemo\Application\Runtime\Cache\Admin\d523d7354fba299f03a19644efc16d26.php 第 129 行.
NOTIC: [8] Undefined index: goods_id D:\phpStudy\WWW\lyfuuudemo\Application\Runtime\Cache\Admin\d523d7354fba299f03a19644efc16d26.php 第 129 行.
NOTIC: [2] in_array() expects parameter 2 to be array, null given D:\phpStudy\WWW\lyfuuudemo\Application\Runtime\Cache\Admin\d523d7354fba299f03a19644efc16d26.php 第 129 行.
NOTIC: [8] Undefined index: goods_id D:\phpStudy\WWW\lyfuuudemo\Application\Runtime\Cache\Admin\d523d7354fba299f03a19644efc16d26.php 第 129 行.
NOTIC: [2] in_array() expects parameter 2 to be array, null given D:\phpStudy\WWW\lyfuuudemo\Application\Runtime\Cache\Admin\d523d7354fba299f03a19644efc16d26.php 第 129 行.
NOTIC: [8] Undefined index: goods_id D:\phpStudy\WWW\lyfuuudemo\Application\Runtime\Cache\Admin\d523d7354fba299f03a19644efc16d26.php 第 129 行.
NOTIC: [2] in_array() expects parameter 2 to be array, null given D:\phpStudy\WWW\lyfuuudemo\Application\Runtime\Cache\Admin\d523d7354fba299f03a19644efc16d26.php 第 129 行.
NOTIC: [8] Undefined index: goods_id D:\phpStudy\WWW\lyfuuudemo\Application\Runtime\Cache\Admin\d523d7354fba299f03a19644efc16d26.php 第 129 行.
NOTIC: [2] in_array() expects parameter 2 to be array, null given D:\phpStudy\WWW\lyfuuudemo\Application\Runtime\Cache\Admin\d523d7354fba299f03a19644efc16d26.php 第 129 行.
NOTIC: [8] Undefined index: goods_id D:\phpStudy\WWW\lyfuuudemo\Application\Runtime\Cache\Admin\d523d7354fba299f03a19644efc16d26.php 第 129 行.
NOTIC: [2] in_array() expects parameter 2 to be array, null given D:\phpStudy\WWW\lyfuuudemo\Application\Runtime\Cache\Admin\d523d7354fba299f03a19644efc16d26.php 第 129 行.
NOTIC: [8] Undefined index: goods_id D:\phpStudy\WWW\lyfuuudemo\Application\Runtime\Cache\Admin\d523d7354fba299f03a19644efc16d26.php 第 129 行.
NOTIC: [2] in_array() expects parameter 2 to be array, null given D:\phpStudy\WWW\lyfuuudemo\Application\Runtime\Cache\Admin\d523d7354fba299f03a19644efc16d26.php 第 129 行.
NOTIC: [8] Undefined index: goods_id D:\phpStudy\WWW\lyfuuudemo\Application\Runtime\Cache\Admin\d523d7354fba299f03a19644efc16d26.php 第 129 行.
NOTIC: [2] in_array() expects parameter 2 to be array, null given D:\phpStudy\WWW\lyfuuudemo\Application\Runtime\Cache\Admin\d523d7354fba299f03a19644efc16d26.php 第 129 行.
NOTIC: [8] Undefined index: goods_id D:\phpStudy\WWW\lyfuuudemo\Application\Runtime\Cache\Admin\d523d7354fba299f03a19644efc16d26.php 第 129 行.
NOTIC: [2] in_array() expects parameter 2 to be array, null given D:\phpStudy\WWW\lyfuuudemo\Application\Runtime\Cache\Admin\d523d7354fba299f03a19644efc16d26.php 第 129 行.
NOTIC: [8] Undefined index: goods_id D:\phpStudy\WWW\lyfuuudemo\Application\Runtime\Cache\Admin\d523d7354fba299f03a19644efc16d26.php 第 129 行.
NOTIC: [2] in_array() expects parameter 2 to be array, null given D:\phpStudy\WWW\lyfuuudemo\Application\Runtime\Cache\Admin\d523d7354fba299f03a19644efc16d26.php 第 129 行.
NOTIC: [8] Undefined index: goods_id D:\phpStudy\WWW\lyfuuudemo\Application\Runtime\Cache\Admin\d523d7354fba299f03a19644efc16d26.php 第 129 行.
NOTIC: [2] in_array() expects parameter 2 to be array, null given D:\phpStudy\WWW\lyfuuudemo\Application\Runtime\Cache\Admin\d523d7354fba299f03a19644efc16d26.php 第 129 行.
NOTIC: [8] Undefined index: goods_id D:\phpStudy\WWW\lyfuuudemo\Application\Runtime\Cache\Admin\d523d7354fba299f03a19644efc16d26.php 第 129 行.
NOTIC: [2] in_array() expects parameter 2 to be array, null given D:\phpStudy\WWW\lyfuuudemo\Application\Runtime\Cache\Admin\d523d7354fba299f03a19644efc16d26.php 第 129 行.
NOTIC: [8] Undefined index: goods_id D:\phpStudy\WWW\lyfuuudemo\Application\Runtime\Cache\Admin\d523d7354fba299f03a19644efc16d26.php 第 129 行.
NOTIC: [2] in_array() expects parameter 2 to be array, null given D:\phpStudy\WWW\lyfuuudemo\Application\Runtime\Cache\Admin\d523d7354fba299f03a19644efc16d26.php 第 129 行.
NOTIC: [8] Undefined index: goods_id D:\phpStudy\WWW\lyfuuudemo\Application\Runtime\Cache\Admin\d523d7354fba299f03a19644efc16d26.php 第 129 行.
NOTIC: [2] in_array() expects parameter 2 to be array, null given D:\phpStudy\WWW\lyfuuudemo\Application\Runtime\Cache\Admin\d523d7354fba299f03a19644efc16d26.php 第 129 行.
NOTIC: [8] Undefined index: goods_id D:\phpStudy\WWW\lyfuuudemo\Application\Runtime\Cache\Admin\d523d7354fba299f03a19644efc16d26.php 第 129 行.
NOTIC: [2] in_array() expects parameter 2 to be array, null given D:\phpStudy\WWW\lyfuuudemo\Application\Runtime\Cache\Admin\d523d7354fba299f03a19644efc16d26.php 第 129 行.
NOTIC: [8] Undefined index: goods_id D:\phpStudy\WWW\lyfuuudemo\Application\Runtime\Cache\Admin\d523d7354fba299f03a19644efc16d26.php 第 129 行.
NOTIC: [2] in_array() expects parameter 2 to be array, null given D:\phpStudy\WWW\lyfuuudemo\Application\Runtime\Cache\Admin\d523d7354fba299f03a19644efc16d26.php 第 129 行.
NOTIC: [8] Undefined index: goods_id D:\phpStudy\WWW\lyfuuudemo\Application\Runtime\Cache\Admin\d523d7354fba299f03a19644efc16d26.php 第 129 行.
NOTIC: [2] in_array() expects parameter 2 to be array, null given D:\phpStudy\WWW\lyfuuudemo\Application\Runtime\Cache\Admin\d523d7354fba299f03a19644efc16d26.php 第 129 行.
NOTIC: [8] Undefined index: goods_id D:\phpStudy\WWW\lyfuuudemo\Application\Runtime\Cache\Admin\d523d7354fba299f03a19644efc16d26.php 第 129 行.
NOTIC: [2] in_array() expects parameter 2 to be array, null given D:\phpStudy\WWW\lyfuuudemo\Application\Runtime\Cache\Admin\d523d7354fba299f03a19644efc16d26.php 第 129 行.
NOTIC: [8] Undefined index: goods_id D:\phpStudy\WWW\lyfuuudemo\Application\Runtime\Cache\Admin\d523d7354fba299f03a19644efc16d26.php 第 129 行.
NOTIC: [2] in_array() expects parameter 2 to be array, null given D:\phpStudy\WWW\lyfuuudemo\Application\Runtime\Cache\Admin\d523d7354fba299f03a19644efc16d26.php 第 129 行.
NOTIC: [8] Undefined index: goods_id D:\phpStudy\WWW\lyfuuudemo\Application\Runtime\Cache\Admin\d523d7354fba299f03a19644efc16d26.php 第 129 行.
NOTIC: [2] in_array() expects parameter 2 to be array, null given D:\phpStudy\WWW\lyfuuudemo\Application\Runtime\Cache\Admin\d523d7354fba299f03a19644efc16d26.php 第 129 行.
NOTIC: [8] Undefined index: goods_id D:\phpStudy\WWW\lyfuuudemo\Application\Runtime\Cache\Admin\d523d7354fba299f03a19644efc16d26.php 第 129 行.
NOTIC: [2] in_array() expects parameter 2 to be array, null given D:\phpStudy\WWW\lyfuuudemo\Application\Runtime\Cache\Admin\d523d7354fba299f03a19644efc16d26.php 第 129 行.
NOTIC: [8] Undefined index: goods_id D:\phpStudy\WWW\lyfuuudemo\Application\Runtime\Cache\Admin\d523d7354fba299f03a19644efc16d26.php 第 129 行.
NOTIC: [2] in_array() expects parameter 2 to be array, null given D:\phpStudy\WWW\lyfuuudemo\Application\Runtime\Cache\Admin\d523d7354fba299f03a19644efc16d26.php 第 129 行.
NOTIC: [8] Undefined index: goods_id D:\phpStudy\WWW\lyfuuudemo\Application\Runtime\Cache\Admin\d523d7354fba299f03a19644efc16d26.php 第 129 行.
NOTIC: [2] in_array() expects parameter 2 to be array, null given D:\phpStudy\WWW\lyfuuudemo\Application\Runtime\Cache\Admin\d523d7354fba299f03a19644efc16d26.php 第 129 行.
NOTIC: [8] Undefined index: goods_id D:\phpStudy\WWW\lyfuuudemo\Application\Runtime\Cache\Admin\d523d7354fba299f03a19644efc16d26.php 第 129 行.
NOTIC: [2] in_array() expects parameter 2 to be array, null given D:\phpStudy\WWW\lyfuuudemo\Application\Runtime\Cache\Admin\d523d7354fba299f03a19644efc16d26.php 第 129 行.
NOTIC: [8] Undefined index: goods_id D:\phpStudy\WWW\lyfuuudemo\Application\Runtime\Cache\Admin\d523d7354fba299f03a19644efc16d26.php 第 129 行.
NOTIC: [2] in_array() expects parameter 2 to be array, null given D:\phpStudy\WWW\lyfuuudemo\Application\Runtime\Cache\Admin\d523d7354fba299f03a19644efc16d26.php 第 129 行.
NOTIC: [8] Undefined index: goods_id D:\phpStudy\WWW\lyfuuudemo\Application\Runtime\Cache\Admin\d523d7354fba299f03a19644efc16d26.php 第 129 行.
NOTIC: [2] in_array() expects parameter 2 to be array, null given D:\phpStudy\WWW\lyfuuudemo\Application\Runtime\Cache\Admin\d523d7354fba299f03a19644efc16d26.php 第 129 行.
NOTIC: [8] Undefined index: goods_id D:\phpStudy\WWW\lyfuuudemo\Application\Runtime\Cache\Admin\d523d7354fba299f03a19644efc16d26.php 第 129 行.
NOTIC: [2] in_array() expects parameter 2 to be array, null given D:\phpStudy\WWW\lyfuuudemo\Application\Runtime\Cache\Admin\d523d7354fba299f03a19644efc16d26.php 第 129 行.
NOTIC: [8] Undefined index: goods_id D:\phpStudy\WWW\lyfuuudemo\Application\Runtime\Cache\Admin\d523d7354fba299f03a19644efc16d26.php 第 129 行.
NOTIC: [2] in_array() expects parameter 2 to be array, null given D:\phpStudy\WWW\lyfuuudemo\Application\Runtime\Cache\Admin\d523d7354fba299f03a19644efc16d26.php 第 129 行.
NOTIC: [8] Undefined index: goods_id D:\phpStudy\WWW\lyfuuudemo\Application\Runtime\Cache\Admin\d523d7354fba299f03a19644efc16d26.php 第 129 行.
NOTIC: [2] in_array() expects parameter 2 to be array, null given D:\phpStudy\WWW\lyfuuudemo\Application\Runtime\Cache\Admin\d523d7354fba299f03a19644efc16d26.php 第 129 行.
INFO: Run Behavior\ParseTemplateBehavior [ RunTime:0.045002s ]
INFO: [ view_parse ] --END-- [ RunTime:0.045002s ]
INFO: [ view_filter ] --START--
INFO: Run Behavior\WriteHtmlCacheBehavior [ RunTime:0.001000s ]
INFO: [ view_filter ] --END-- [ RunTime:0.001000s ]
INFO: [ app_end ] --START--
INFO: Run Behavior\ShowPageTraceBehavior [ RunTime:0.001000s ]
INFO: [ app_end ] --END-- [ RunTime:0.001000s ]

[ 2017-05-17T12:48:54+08:00 ] 127.0.0.1 /admin.php/Takeout/index.html
INFO: [ app_init ] --START--
INFO: Run Behavior\BuildLiteBehavior [ RunTime:0.000000s ]
INFO: [ app_init ] --END-- [ RunTime:0.001000s ]
INFO: [ app_begin ] --START--
INFO: Run Behavior\ReadHtmlCacheBehavior [ RunTime:0.001000s ]
INFO: [ app_begin ] --END-- [ RunTime:0.001000s ]
SQL: SHOW COLUMNS FROM `luu_goods` [ RunTime:0.0770s ]
SQL: SELECT COUNT(*) AS tp_count FROM `luu_goods` WHERE `is_takeout` = 1 LIMIT 1   [ RunTime:0.0010s ]
SQL: SELECT `id`,`name`,`pic`,`price`,`desc`,`status`,`category_id` FROM `luu_goods` WHERE `is_takeout` = 1 ORDER BY id ASC LIMIT 0,10   [ RunTime:0.0010s ]
SQL: SHOW COLUMNS FROM `luu_goods_category` [ RunTime:0.0180s ]
SQL: SELECT `name` FROM `luu_goods_category` WHERE ( id=5 ) LIMIT 1   [ RunTime:0.0010s ]
SQL: SHOW COLUMNS FROM `luu_takeout_ext` [ RunTime:0.0830s ]
SQL: SELECT `week` FROM `luu_takeout_ext` WHERE ( good_id=58 ) LIMIT 1   [ RunTime:0.0020s ]
SQL: SELECT `name` FROM `luu_goods_category` WHERE ( id=5 ) LIMIT 1   [ RunTime:0.0010s ]
SQL: SELECT `week` FROM `luu_takeout_ext` WHERE ( good_id=59 ) LIMIT 1   [ RunTime:0.0000s ]
SQL: SELECT `name` FROM `luu_goods_category` WHERE ( id=5 ) LIMIT 1   [ RunTime:0.0000s ]
SQL: SELECT `week` FROM `luu_takeout_ext` WHERE ( good_id=60 ) LIMIT 1   [ RunTime:0.0010s ]
SQL: SELECT `name` FROM `luu_goods_category` WHERE ( id=5 ) LIMIT 1   [ RunTime:0.0010s ]
SQL: SELECT `week` FROM `luu_takeout_ext` WHERE ( good_id=61 ) LIMIT 1   [ RunTime:0.0010s ]
SQL: SELECT `name` FROM `luu_goods_category` WHERE ( id=6 ) LIMIT 1   [ RunTime:0.0010s ]
SQL: SELECT `week` FROM `luu_takeout_ext` WHERE ( good_id=63 ) LIMIT 1   [ RunTime:0.0010s ]
SQL: SELECT `name` FROM `luu_goods_category` WHERE ( id=5 ) LIMIT 1   [ RunTime:0.0010s ]
SQL: SELECT `week` FROM `luu_takeout_ext` WHERE ( good_id=64 ) LIMIT 1   [ RunTime:0.0000s ]
SQL: SELECT `name` FROM `luu_goods_category` WHERE ( id=6 ) LIMIT 1   [ RunTime:0.0000s ]
SQL: SELECT `week` FROM `luu_takeout_ext` WHERE ( good_id=65 ) LIMIT 1   [ RunTime:0.0010s ]
SQL: SELECT `name` FROM `luu_goods_category` WHERE ( id=6 ) LIMIT 1   [ RunTime:0.0010s ]
SQL: SELECT `week` FROM `luu_takeout_ext` WHERE ( good_id=66 ) LIMIT 1   [ RunTime:0.0010s ]
SQL: SELECT `name` FROM `luu_goods_category` WHERE ( id=6 ) LIMIT 1   [ RunTime:0.0010s ]
SQL: SELECT `week` FROM `luu_takeout_ext` WHERE ( good_id=68 ) LIMIT 1   [ RunTime:0.0000s ]
SQL: SELECT `name` FROM `luu_goods_category` WHERE ( id=6 ) LIMIT 1   [ RunTime:0.0000s ]
SQL: SELECT `week` FROM `luu_takeout_ext` WHERE ( good_id=69 ) LIMIT 1   [ RunTime:0.0010s ]
INFO: [ view_parse ] --START--
INFO: [ template_filter ] --START--
INFO: Run Behavior\ContentReplaceBehavior [ RunTime:0.000000s ]
INFO: [ template_filter ] --END-- [ RunTime:0.000000s ]
NOTIC: [8] Undefined variable: shop_id D:\phpStudy\WWW\lyfuuudemo\Application\Runtime\Cache\Admin\b8402cc154018840f1cb1094fc9b1a58.php 第 45 行.
NOTIC: [8] Undefined index: name D:\phpStudy\WWW\lyfuuudemo\Application\Runtime\Cache\Admin\b8402cc154018840f1cb1094fc9b1a58.php 第 59 行.
NOTIC: [8] Undefined index: status D:\phpStudy\WWW\lyfuuudemo\Application\Runtime\Cache\Admin\b8402cc154018840f1cb1094fc9b1a58.php 第 64 行.
NOTIC: [8] Undefined index: status D:\phpStudy\WWW\lyfuuudemo\Application\Runtime\Cache\Admin\b8402cc154018840f1cb1094fc9b1a58.php 第 65 行.
NOTIC: [8] Undefined index: status D:\phpStudy\WWW\lyfuuudemo\Application\Runtime\Cache\Admin\b8402cc154018840f1cb1094fc9b1a58.php 第 65 行.
NOTIC: [8] Undefined index:  D:\phpStudy\WWW\lyfuuudemo\Application\Runtime\Cache\Admin\b8402cc154018840f1cb1094fc9b1a58.php 第 89 行.
NOTIC: [8] Undefined index:  D:\phpStudy\WWW\lyfuuudemo\Application\Runtime\Cache\Admin\b8402cc154018840f1cb1094fc9b1a58.php 第 89 行.
NOTIC: [8] Undefined index:  D:\phpStudy\WWW\lyfuuudemo\Application\Runtime\Cache\Admin\b8402cc154018840f1cb1094fc9b1a58.php 第 89 行.
NOTIC: [8] Undefined index:  D:\phpStudy\WWW\lyfuuudemo\Application\Runtime\Cache\Admin\b8402cc154018840f1cb1094fc9b1a58.php 第 89 行.
NOTIC: [8] Undefined index:  D:\phpStudy\WWW\lyfuuudemo\Application\Runtime\Cache\Admin\b8402cc154018840f1cb1094fc9b1a58.php 第 89 行.
INFO: Run Behavior\ParseTemplateBehavior [ RunTime:0.051003s ]
INFO: [ view_parse ] --END-- [ RunTime:0.051003s ]
INFO: [ view_filter ] --START--
INFO: Run Behavior\WriteHtmlCacheBehavior [ RunTime:0.001000s ]
INFO: [ view_filter ] --END-- [ RunTime:0.001000s ]
INFO: [ app_end ] --START--
INFO: Run Behavior\ShowPageTraceBehavior [ RunTime:0.001000s ]
INFO: [ app_end ] --END-- [ RunTime:0.002000s ]

[ 2017-05-17T12:48:56+08:00 ] 127.0.0.1 /admin.php/Takeout/setOption.html
INFO: [ app_init ] --START--
INFO: Run Behavior\BuildLiteBehavior [ RunTime:0.000000s ]
INFO: [ app_init ] --END-- [ RunTime:0.001000s ]
INFO: [ app_begin ] --START--
INFO: Run Behavior\ReadHtmlCacheBehavior [ RunTime:0.002001s ]
INFO: [ app_begin ] --END-- [ RunTime:0.002001s ]
SQL: SHOW COLUMNS FROM `luu_takeout_conf` [ RunTime:0.0380s ]
SQL: SELECT * FROM `luu_takeout_conf` WHERE `id` = 1 LIMIT 1   [ RunTime:0.0150s ]
INFO: [ view_parse ] --START--
INFO: [ template_filter ] --START--
INFO: Run Behavior\ContentReplaceBehavior [ RunTime:0.000000s ]
INFO: [ template_filter ] --END-- [ RunTime:0.000000s ]
INFO: Run Behavior\ParseTemplateBehavior [ RunTime:0.030001s ]
INFO: [ view_parse ] --END-- [ RunTime:0.030001s ]
INFO: [ view_filter ] --START--
INFO: Run Behavior\WriteHtmlCacheBehavior [ RunTime:0.000000s ]
INFO: [ view_filter ] --END-- [ RunTime:0.000000s ]
INFO: [ app_end ] --START--
INFO: Run Behavior\ShowPageTraceBehavior [ RunTime:0.001000s ]
INFO: [ app_end ] --END-- [ RunTime:0.001000s ]

[ 2017-05-17T12:49:09+08:00 ] 127.0.0.1 /admin.php/Goods/index.html
INFO: [ app_init ] --START--
INFO: Run Behavior\BuildLiteBehavior [ RunTime:0.000000s ]
INFO: [ app_init ] --END-- [ RunTime:0.001000s ]
INFO: [ app_begin ] --START--
INFO: Run Behavior\ReadHtmlCacheBehavior [ RunTime:0.001000s ]
INFO: [ app_begin ] --END-- [ RunTime:0.001000s ]
SQL: SHOW COLUMNS FROM `luu_goods` [ RunTime:0.0320s ]
SQL: SELECT COUNT(*) AS tp_count FROM `luu_goods` LIMIT 1   [ RunTime:0.0010s ]
SQL: SELECT `id`,`name`,`pic`,`price`,`desc`,`status`,`category_id` FROM `luu_goods` ORDER BY id DESC LIMIT 0,10   [ RunTime:0.0020s ]
SQL: SHOW COLUMNS FROM `luu_goods_category` [ RunTime:0.0160s ]
SQL: SELECT `name` FROM `luu_goods_category` WHERE ( id=6 ) LIMIT 1   [ RunTime:0.0010s ]
SQL: SELECT `name` FROM `luu_goods_category` WHERE ( id=6 ) LIMIT 1   [ RunTime:0.0000s ]
SQL: SELECT `name` FROM `luu_goods_category` WHERE ( id=6 ) LIMIT 1   [ RunTime:0.0000s ]
SQL: SELECT `name` FROM `luu_goods_category` WHERE ( id=6 ) LIMIT 1   [ RunTime:0.0010s ]
SQL: SELECT `name` FROM `luu_goods_category` WHERE ( id=6 ) LIMIT 1   [ RunTime:0.0010s ]
SQL: SELECT `name` FROM `luu_goods_category` WHERE ( id=6 ) LIMIT 1   [ RunTime:0.0000s ]
SQL: SELECT `name` FROM `luu_goods_category` WHERE ( id=6 ) LIMIT 1   [ RunTime:0.0000s ]
SQL: SELECT `name` FROM `luu_goods_category` WHERE ( id=6 ) LIMIT 1   [ RunTime:0.0010s ]
SQL: SELECT `name` FROM `luu_goods_category` WHERE ( id=6 ) LIMIT 1   [ RunTime:0.0000s ]
SQL: SELECT `name` FROM `luu_goods_category` WHERE ( id=6 ) LIMIT 1   [ RunTime:0.0010s ]
INFO: [ view_parse ] --START--
INFO: [ template_filter ] --START--
INFO: Run Behavior\ContentReplaceBehavior [ RunTime:0.000000s ]
INFO: [ template_filter ] --END-- [ RunTime:0.000000s ]
NOTIC: [8] Undefined variable: shop_id D:\phpStudy\WWW\lyfuuudemo\Application\Runtime\Cache\Admin\7460c3bd08e8aaf3e719467d6ea19bd3.php 第 45 行.
INFO: Run Behavior\ParseTemplateBehavior [ RunTime:0.010001s ]
INFO: [ view_parse ] --END-- [ RunTime:0.010001s ]
INFO: [ view_filter ] --START--
INFO: Run Behavior\WriteHtmlCacheBehavior [ RunTime:0.000000s ]
INFO: [ view_filter ] --END-- [ RunTime:0.001000s ]
INFO: [ app_end ] --START--
INFO: Run Behavior\ShowPageTraceBehavior [ RunTime:0.001000s ]
INFO: [ app_end ] --END-- [ RunTime:0.001000s ]

[ 2017-05-17T12:49:11+08:00 ] 127.0.0.1 /admin.php/Category/index.html
INFO: [ app_init ] --START--
INFO: Run Behavior\BuildLiteBehavior [ RunTime:0.000000s ]
INFO: [ app_init ] --END-- [ RunTime:0.000000s ]
INFO: [ app_begin ] --START--
INFO: Run Behavior\ReadHtmlCacheBehavior [ RunTime:0.000000s ]
INFO: [ app_begin ] --END-- [ RunTime:0.000000s ]
SQL: SHOW COLUMNS FROM `luu_goods_category` [ RunTime:0.0260s ]
SQL: SELECT COUNT(*) AS tp_count FROM `luu_goods_category` LIMIT 1   [ RunTime:0.0000s ]
SQL: SELECT `id`,`name`,`pid`,`status`,`sort` FROM `luu_goods_category` ORDER BY sort DESC LIMIT 0,10   [ RunTime:0.0000s ]
INFO: [ view_parse ] --START--
INFO: [ template_filter ] --START--
INFO: Run Behavior\ContentReplaceBehavior [ RunTime:0.000000s ]
INFO: [ template_filter ] --END-- [ RunTime:0.000000s ]
INFO: Run Behavior\ParseTemplateBehavior [ RunTime:0.020001s ]
INFO: [ view_parse ] --END-- [ RunTime:0.020001s ]
INFO: [ view_filter ] --START--
INFO: Run Behavior\WriteHtmlCacheBehavior [ RunTime:0.001000s ]
INFO: [ view_filter ] --END-- [ RunTime:0.001000s ]
INFO: [ app_end ] --START--
INFO: Run Behavior\ShowPageTraceBehavior [ RunTime:0.001000s ]
INFO: [ app_end ] --END-- [ RunTime:0.001000s ]

[ 2017-05-17T12:49:21+08:00 ] 127.0.0.1 /admin.php/Category/create/pid/4.html
INFO: [ app_init ] --START--
INFO: Run Behavior\BuildLiteBehavior [ RunTime:0.000000s ]
INFO: [ app_init ] --END-- [ RunTime:0.000000s ]
INFO: [ app_begin ] --START--
INFO: Run Behavior\ReadHtmlCacheBehavior [ RunTime:0.002000s ]
INFO: [ app_begin ] --END-- [ RunTime:0.002000s ]
SQL: SHOW COLUMNS FROM `luu_goods_category` [ RunTime:0.1060s ]
NOTIC: [8] Undefined index: id D:\phpStudy\WWW\lyfuuudemo\Application\Admin\Controller\CategoryController.class.php 第 34 行.
SQL: SELECT * FROM `luu_goods_category`  [ RunTime:0.0010s ]
INFO: [ view_parse ] --START--
INFO: [ template_filter ] --START--
INFO: Run Behavior\ContentReplaceBehavior [ RunTime:0.000000s ]
INFO: [ template_filter ] --END-- [ RunTime:0.000000s ]
NOTIC: [8] Undefined index: id D:\phpStudy\WWW\lyfuuudemo\Application\Runtime\Cache\Admin\23c7555202aa5af9e5bb575f86ac693c.php 第 43 行.
NOTIC: [8] Undefined index: pic D:\phpStudy\WWW\lyfuuudemo\Application\Runtime\Cache\Admin\23c7555202aa5af9e5bb575f86ac693c.php 第 44 行.
NOTIC: [8] Undefined index: name D:\phpStudy\WWW\lyfuuudemo\Application\Runtime\Cache\Admin\23c7555202aa5af9e5bb575f86ac693c.php 第 62 行.
NOTIC: [8] Undefined index: sort D:\phpStudy\WWW\lyfuuudemo\Application\Runtime\Cache\Admin\23c7555202aa5af9e5bb575f86ac693c.php 第 69 行.
NOTIC: [8] Undefined index: is_show D:\phpStudy\WWW\lyfuuudemo\Application\Runtime\Cache\Admin\23c7555202aa5af9e5bb575f86ac693c.php 第 76 行.
NOTIC: [8] Undefined index: status D:\phpStudy\WWW\lyfuuudemo\Application\Runtime\Cache\Admin\23c7555202aa5af9e5bb575f86ac693c.php 第 82 行.
INFO: Run Behavior\ParseTemplateBehavior [ RunTime:0.045002s ]
INFO: [ view_parse ] --END-- [ RunTime:0.045002s ]
INFO: [ view_filter ] --START--
INFO: Run Behavior\WriteHtmlCacheBehavior [ RunTime:0.001000s ]
INFO: [ view_filter ] --END-- [ RunTime:0.001000s ]
INFO: [ app_end ] --START--
INFO: Run Behavior\ShowPageTraceBehavior [ RunTime:0.001000s ]
INFO: [ app_end ] --END-- [ RunTime:0.001000s ]

[ 2017-05-17T12:50:37+08:00 ] 127.0.0.1 /admin.php/Index/index.html
INFO: [ app_init ] --START--
INFO: Run Behavior\BuildLiteBehavior [ RunTime:0.000000s ]
INFO: [ app_init ] --END-- [ RunTime:0.001000s ]
INFO: [ app_begin ] --START--
INFO: Run Behavior\ReadHtmlCacheBehavior [ RunTime:0.001000s ]
INFO: [ app_begin ] --END-- [ RunTime:0.001000s ]
INFO: [ view_parse ] --START--
INFO: [ template_filter ] --START--
INFO: Run Behavior\ContentReplaceBehavior [ RunTime:0.000000s ]
INFO: [ template_filter ] --END-- [ RunTime:0.000000s ]
INFO: Run Behavior\ParseTemplateBehavior [ RunTime:0.021001s ]
INFO: [ view_parse ] --END-- [ RunTime:0.021001s ]
INFO: [ view_filter ] --START--
INFO: Run Behavior\WriteHtmlCacheBehavior [ RunTime:0.000000s ]
INFO: [ view_filter ] --END-- [ RunTime:0.000000s ]
INFO: [ app_end ] --START--
INFO: Run Behavior\ShowPageTraceBehavior [ RunTime:0.001000s ]
INFO: [ app_end ] --END-- [ RunTime:0.001000s ]

[ 2017-05-17T12:50:38+08:00 ] 127.0.0.1 /admin.php/Index/vie.html
INFO: [ app_init ] --START--
INFO: Run Behavior\BuildLiteBehavior [ RunTime:0.000000s ]
INFO: [ app_init ] --END-- [ RunTime:0.000000s ]
INFO: [ app_begin ] --START--
INFO: Run Behavior\ReadHtmlCacheBehavior [ RunTime:0.000000s ]
INFO: [ app_begin ] --END-- [ RunTime:0.001000s ]
INFO: [ view_parse ] --START--
INFO: [ template_filter ] --START--
INFO: Run Behavior\ContentReplaceBehavior [ RunTime:0.000000s ]
INFO: [ template_filter ] --END-- [ RunTime:0.000000s ]
INFO: Run Behavior\ParseTemplateBehavior [ RunTime:0.004000s ]
INFO: [ view_parse ] --END-- [ RunTime:0.004000s ]
INFO: [ view_filter ] --START--
INFO: Run Behavior\WriteHtmlCacheBehavior [ RunTime:0.000000s ]
INFO: [ view_filter ] --END-- [ RunTime:0.000000s ]
INFO: [ app_end ] --START--
INFO: Run Behavior\ShowPageTraceBehavior [ RunTime:0.001000s ]
INFO: [ app_end ] --END-- [ RunTime:0.001000s ]

[ 2017-05-17T13:00:58+08:00 ] 127.0.0.1 /admin.php/Category/index.html
INFO: [ app_init ] --START--
INFO: Run Behavior\BuildLiteBehavior [ RunTime:0.000000s ]
INFO: [ app_init ] --END-- [ RunTime:0.010000s ]
INFO: [ app_begin ] --START--
INFO: Run Behavior\ReadHtmlCacheBehavior [ RunTime:0.002000s ]
INFO: [ app_begin ] --END-- [ RunTime:0.002000s ]
SQL: SHOW COLUMNS FROM `luu_goods_category` [ RunTime:0.0180s ]
SQL: SELECT COUNT(*) AS tp_count FROM `luu_goods_category` LIMIT 1   [ RunTime:0.0010s ]
SQL: SELECT `id`,`name`,`pid`,`status`,`sort` FROM `luu_goods_category` ORDER BY sort DESC LIMIT 0,10   [ RunTime:0.0010s ]
INFO: [ view_parse ] --START--
INFO: [ template_filter ] --START--
INFO: Run Behavior\ContentReplaceBehavior [ RunTime:0.000000s ]
INFO: [ template_filter ] --END-- [ RunTime:0.000000s ]
INFO: Run Behavior\ParseTemplateBehavior [ RunTime:0.070004s ]
INFO: [ view_parse ] --END-- [ RunTime:0.070004s ]
INFO: [ view_filter ] --START--
INFO: Run Behavior\WriteHtmlCacheBehavior [ RunTime:0.001000s ]
INFO: [ view_filter ] --END-- [ RunTime:0.001000s ]
INFO: [ app_end ] --START--
INFO: Run Behavior\ShowPageTraceBehavior [ RunTime:0.001000s ]
INFO: [ app_end ] --END-- [ RunTime:0.001000s ]

[ 2017-05-17T13:01:26+08:00 ] 127.0.0.1 /admin.php/Takeout/index.html
INFO: [ app_init ] --START--
INFO: Run Behavior\BuildLiteBehavior [ RunTime:0.000000s ]
INFO: [ app_init ] --END-- [ RunTime:0.001000s ]
INFO: [ app_begin ] --START--
INFO: Run Behavior\ReadHtmlCacheBehavior [ RunTime:0.001000s ]
INFO: [ app_begin ] --END-- [ RunTime:0.001000s ]
SQL: SHOW COLUMNS FROM `luu_goods` [ RunTime:0.0150s ]
SQL: SELECT COUNT(*) AS tp_count FROM `luu_goods` WHERE `is_takeout` = 1 LIMIT 1   [ RunTime:0.0000s ]
SQL: SELECT `id`,`name`,`pic`,`price`,`desc`,`status`,`category_id` FROM `luu_goods` WHERE `is_takeout` = 1 ORDER BY id ASC LIMIT 0,10   [ RunTime:0.0010s ]
SQL: SHOW COLUMNS FROM `luu_goods_category` [ RunTime:0.0140s ]
SQL: SELECT `name` FROM `luu_goods_category` WHERE ( id=5 ) LIMIT 1   [ RunTime:0.0010s ]
SQL: SHOW COLUMNS FROM `luu_takeout_ext` [ RunTime:0.0090s ]
SQL: SELECT `week` FROM `luu_takeout_ext` WHERE ( good_id=58 ) LIMIT 1   [ RunTime:0.0000s ]
SQL: SELECT `name` FROM `luu_goods_category` WHERE ( id=5 ) LIMIT 1   [ RunTime:0.0000s ]
SQL: SELECT `week` FROM `luu_takeout_ext` WHERE ( good_id=59 ) LIMIT 1   [ RunTime:0.0010s ]
SQL: SELECT `name` FROM `luu_goods_category` WHERE ( id=5 ) LIMIT 1   [ RunTime:0.0000s ]
SQL: SELECT `week` FROM `luu_takeout_ext` WHERE ( good_id=60 ) LIMIT 1   [ RunTime:0.0000s ]
SQL: SELECT `name` FROM `luu_goods_category` WHERE ( id=5 ) LIMIT 1   [ RunTime:0.0010s ]
SQL: SELECT `week` FROM `luu_takeout_ext` WHERE ( good_id=61 ) LIMIT 1   [ RunTime:0.0000s ]
SQL: SELECT `name` FROM `luu_goods_category` WHERE ( id=6 ) LIMIT 1   [ RunTime:0.0000s ]
SQL: SELECT `week` FROM `luu_takeout_ext` WHERE ( good_id=63 ) LIMIT 1   [ RunTime:0.0000s ]
SQL: SELECT `name` FROM `luu_goods_category` WHERE ( id=5 ) LIMIT 1   [ RunTime:0.0010s ]
SQL: SELECT `week` FROM `luu_takeout_ext` WHERE ( good_id=64 ) LIMIT 1   [ RunTime:0.0000s ]
SQL: SELECT `name` FROM `luu_goods_category` WHERE ( id=6 ) LIMIT 1   [ RunTime:0.0000s ]
SQL: SELECT `week` FROM `luu_takeout_ext` WHERE ( good_id=65 ) LIMIT 1   [ RunTime:0.0000s ]
SQL: SELECT `name` FROM `luu_goods_category` WHERE ( id=6 ) LIMIT 1   [ RunTime:0.0000s ]
SQL: SELECT `week` FROM `luu_takeout_ext` WHERE ( good_id=66 ) LIMIT 1   [ RunTime:0.0010s ]
SQL: SELECT `name` FROM `luu_goods_category` WHERE ( id=6 ) LIMIT 1   [ RunTime:0.0000s ]
SQL: SELECT `week` FROM `luu_takeout_ext` WHERE ( good_id=68 ) LIMIT 1   [ RunTime:0.0000s ]
SQL: SELECT `name` FROM `luu_goods_category` WHERE ( id=6 ) LIMIT 1   [ RunTime:0.0000s ]
SQL: SELECT `week` FROM `luu_takeout_ext` WHERE ( good_id=69 ) LIMIT 1   [ RunTime:0.0000s ]
INFO: [ view_parse ] --START--
INFO: [ template_filter ] --START--
INFO: Run Behavior\ContentReplaceBehavior [ RunTime:0.000000s ]
INFO: [ template_filter ] --END-- [ RunTime:0.000000s ]
NOTIC: [8] Undefined variable: shop_id D:\phpStudy\WWW\lyfuuudemo\Application\Runtime\Cache\Admin\b8402cc154018840f1cb1094fc9b1a58.php 第 45 行.
NOTIC: [8] Undefined index: name D:\phpStudy\WWW\lyfuuudemo\Application\Runtime\Cache\Admin\b8402cc154018840f1cb1094fc9b1a58.php 第 59 行.
NOTIC: [8] Undefined index: status D:\phpStudy\WWW\lyfuuudemo\Application\Runtime\Cache\Admin\b8402cc154018840f1cb1094fc9b1a58.php 第 64 行.
NOTIC: [8] Undefined index: status D:\phpStudy\WWW\lyfuuudemo\Application\Runtime\Cache\Admin\b8402cc154018840f1cb1094fc9b1a58.php 第 65 行.
NOTIC: [8] Undefined index: status D:\phpStudy\WWW\lyfuuudemo\Application\Runtime\Cache\Admin\b8402cc154018840f1cb1094fc9b1a58.php 第 65 行.
NOTIC: [8] Undefined index:  D:\phpStudy\WWW\lyfuuudemo\Application\Runtime\Cache\Admin\b8402cc154018840f1cb1094fc9b1a58.php 第 89 行.
NOTIC: [8] Undefined index:  D:\phpStudy\WWW\lyfuuudemo\Application\Runtime\Cache\Admin\b8402cc154018840f1cb1094fc9b1a58.php 第 89 行.
NOTIC: [8] Undefined index:  D:\phpStudy\WWW\lyfuuudemo\Application\Runtime\Cache\Admin\b8402cc154018840f1cb1094fc9b1a58.php 第 89 行.
NOTIC: [8] Undefined index:  D:\phpStudy\WWW\lyfuuudemo\Application\Runtime\Cache\Admin\b8402cc154018840f1cb1094fc9b1a58.php 第 89 行.
NOTIC: [8] Undefined index:  D:\phpStudy\WWW\lyfuuudemo\Application\Runtime\Cache\Admin\b8402cc154018840f1cb1094fc9b1a58.php 第 89 行.
INFO: Run Behavior\ParseTemplateBehavior [ RunTime:0.031002s ]
INFO: [ view_parse ] --END-- [ RunTime:0.031002s ]
INFO: [ view_filter ] --START--
INFO: Run Behavior\WriteHtmlCacheBehavior [ RunTime:0.001000s ]
INFO: [ view_filter ] --END-- [ RunTime:0.001000s ]
INFO: [ app_end ] --START--
INFO: Run Behavior\ShowPageTraceBehavior [ RunTime:0.001000s ]
INFO: [ app_end ] --END-- [ RunTime:0.001000s ]

[ 2017-05-17T13:03:28+08:00 ] 127.0.0.1 /admin.php/Takeout/setOption.html
INFO: [ app_init ] --START--
INFO: Run Behavior\BuildLiteBehavior [ RunTime:0.000000s ]
INFO: [ app_init ] --END-- [ RunTime:0.001000s ]
INFO: [ app_begin ] --START--
INFO: Run Behavior\ReadHtmlCacheBehavior [ RunTime:0.001000s ]
INFO: [ app_begin ] --END-- [ RunTime:0.001000s ]
SQL: SHOW COLUMNS FROM `luu_takeout_conf` [ RunTime:0.0230s ]
SQL: SELECT * FROM `luu_takeout_conf` WHERE `id` = 1 LIMIT 1   [ RunTime:0.0010s ]
INFO: [ view_parse ] --START--
INFO: [ template_filter ] --START--
INFO: Run Behavior\ContentReplaceBehavior [ RunTime:0.000000s ]
INFO: [ template_filter ] --END-- [ RunTime:0.000000s ]
INFO: Run Behavior\ParseTemplateBehavior [ RunTime:0.039002s ]
INFO: [ view_parse ] --END-- [ RunTime:0.039002s ]
INFO: [ view_filter ] --START--
INFO: Run Behavior\WriteHtmlCacheBehavior [ RunTime:0.001000s ]
INFO: [ view_filter ] --END-- [ RunTime:0.001000s ]
INFO: [ app_end ] --START--
INFO: Run Behavior\ShowPageTraceBehavior [ RunTime:0.001000s ]
INFO: [ app_end ] --END-- [ RunTime:0.001000s ]

[ 2017-05-17T13:04:02+08:00 ] 127.0.0.1 /admin.php/Category/delete.html
INFO: [ app_init ] --START--
INFO: Run Behavior\BuildLiteBehavior [ RunTime:0.000000s ]
INFO: [ app_init ] --END-- [ RunTime:0.001000s ]
INFO: [ app_begin ] --START--
INFO: Run Behavior\ReadHtmlCacheBehavior [ RunTime:0.001000s ]
INFO: [ app_begin ] --END-- [ RunTime:0.001000s ]
SQL: SHOW COLUMNS FROM `luu_goods_category` [ RunTime:0.0170s ]
SQL: DELETE FROM `luu_goods_category` WHERE `id` = 4 [ RunTime:0.0380s ]

[ 2017-05-17T13:04:37+08:00 ] 127.0.0.1 /admin.php/Index/index.html
INFO: [ app_init ] --START--
INFO: Run Behavior\BuildLiteBehavior [ RunTime:0.000000s ]
INFO: [ app_init ] --END-- [ RunTime:0.001000s ]
INFO: [ app_begin ] --START--
INFO: Run Behavior\ReadHtmlCacheBehavior [ RunTime:0.001000s ]
INFO: [ app_begin ] --END-- [ RunTime:0.001000s ]
INFO: [ view_parse ] --START--
INFO: [ template_filter ] --START--
INFO: Run Behavior\ContentReplaceBehavior [ RunTime:0.000000s ]
INFO: [ template_filter ] --END-- [ RunTime:0.000000s ]
INFO: Run Behavior\ParseTemplateBehavior [ RunTime:0.016001s ]
INFO: [ view_parse ] --END-- [ RunTime:0.016001s ]
INFO: [ view_filter ] --START--
INFO: Run Behavior\WriteHtmlCacheBehavior [ RunTime:0.000000s ]
INFO: [ view_filter ] --END-- [ RunTime:0.000000s ]
INFO: [ app_end ] --START--
INFO: Run Behavior\ShowPageTraceBehavior [ RunTime:0.001000s ]
INFO: [ app_end ] --END-- [ RunTime:0.001000s ]

[ 2017-05-17T13:04:37+08:00 ] 127.0.0.1 /admin.php/Index/vie.html
INFO: [ app_init ] --START--
INFO: Run Behavior\BuildLiteBehavior [ RunTime:0.000000s ]
INFO: [ app_init ] --END-- [ RunTime:0.001000s ]
INFO: [ app_begin ] --START--
INFO: Run Behavior\ReadHtmlCacheBehavior [ RunTime:0.000000s ]
INFO: [ app_begin ] --END-- [ RunTime:0.000000s ]
INFO: [ view_parse ] --START--
INFO: [ template_filter ] --START--
INFO: Run Behavior\ContentReplaceBehavior [ RunTime:0.000000s ]
INFO: [ template_filter ] --END-- [ RunTime:0.000000s ]
INFO: Run Behavior\ParseTemplateBehavior [ RunTime:0.009001s ]
INFO: [ view_parse ] --END-- [ RunTime:0.009001s ]
INFO: [ view_filter ] --START--
INFO: Run Behavior\WriteHtmlCacheBehavior [ RunTime:0.001000s ]
INFO: [ view_filter ] --END-- [ RunTime:0.001000s ]
INFO: [ app_end ] --START--
INFO: Run Behavior\ShowPageTraceBehavior [ RunTime:0.001000s ]
INFO: [ app_end ] --END-- [ RunTime:0.001000s ]

[ 2017-05-17T13:04:57+08:00 ] 127.0.0.1 /admin.php/Category/index.html
INFO: [ app_init ] --START--
INFO: Run Behavior\BuildLiteBehavior [ RunTime:0.000000s ]
INFO: [ app_init ] --END-- [ RunTime:0.001000s ]
INFO: [ app_begin ] --START--
INFO: Run Behavior\ReadHtmlCacheBehavior [ RunTime:0.000000s ]
INFO: [ app_begin ] --END-- [ RunTime:0.000000s ]
SQL: SHOW COLUMNS FROM `luu_goods_category` [ RunTime:0.0140s ]
SQL: SELECT COUNT(*) AS tp_count FROM `luu_goods_category` LIMIT 1   [ RunTime:0.0010s ]
SQL: SELECT `id`,`name`,`pid`,`status`,`sort` FROM `luu_goods_category` ORDER BY sort DESC LIMIT 0,10   [ RunTime:0.0010s ]
INFO: [ view_parse ] --START--
INFO: [ template_filter ] --START--
INFO: Run Behavior\ContentReplaceBehavior [ RunTime:0.000000s ]
INFO: [ template_filter ] --END-- [ RunTime:0.000000s ]
INFO: Run Behavior\ParseTemplateBehavior [ RunTime:0.018001s ]
INFO: [ view_parse ] --END-- [ RunTime:0.018001s ]
INFO: [ view_filter ] --START--
INFO: Run Behavior\WriteHtmlCacheBehavior [ RunTime:0.000000s ]
INFO: [ view_filter ] --END-- [ RunTime:0.000000s ]
INFO: [ app_end ] --START--
INFO: Run Behavior\ShowPageTraceBehavior [ RunTime:0.000000s ]
INFO: [ app_end ] --END-- [ RunTime:0.000000s ]

[ 2017-05-17T13:10:21+08:00 ] 127.0.0.1 /admin.php/Category/index.html
INFO: [ app_init ] --START--
INFO: Run Behavior\BuildLiteBehavior [ RunTime:0.000000s ]
INFO: [ app_init ] --END-- [ RunTime:0.001000s ]
INFO: [ app_begin ] --START--
INFO: Run Behavior\ReadHtmlCacheBehavior [ RunTime:0.001000s ]
INFO: [ app_begin ] --END-- [ RunTime:0.001000s ]
SQL: SHOW COLUMNS FROM `luu_goods_category` [ RunTime:0.0110s ]
SQL: SELECT COUNT(*) AS tp_count FROM `luu_goods_category` LIMIT 1   [ RunTime:0.0010s ]
SQL: SELECT `id`,`name`,`pid`,`status`,`sort` FROM `luu_goods_category` ORDER BY sort DESC LIMIT 0,10   [ RunTime:0.0000s ]
INFO: [ view_parse ] --START--
INFO: [ template_filter ] --START--
INFO: Run Behavior\ContentReplaceBehavior [ RunTime:0.000000s ]
INFO: [ template_filter ] --END-- [ RunTime:0.000000s ]
INFO: Run Behavior\ParseTemplateBehavior [ RunTime:0.010001s ]
INFO: [ view_parse ] --END-- [ RunTime:0.010001s ]
INFO: [ view_filter ] --START--
INFO: Run Behavior\WriteHtmlCacheBehavior [ RunTime:0.000000s ]
INFO: [ view_filter ] --END-- [ RunTime:0.000000s ]
INFO: [ app_end ] --START--
INFO: Run Behavior\ShowPageTraceBehavior [ RunTime:0.001000s ]
INFO: [ app_end ] --END-- [ RunTime:0.001000s ]

[ 2017-05-17T13:28:38+08:00 ] 127.0.0.1 /admin.php/Category/index.html
INFO: [ app_init ] --START--
INFO: Run Behavior\BuildLiteBehavior [ RunTime:0.000000s ]
INFO: [ app_init ] --END-- [ RunTime:0.001000s ]
INFO: [ app_begin ] --START--
INFO: Run Behavior\ReadHtmlCacheBehavior [ RunTime:0.001001s ]
INFO: [ app_begin ] --END-- [ RunTime:0.001001s ]
SQL: SHOW COLUMNS FROM `luu_goods_category` [ RunTime:0.0170s ]
SQL: SELECT COUNT(*) AS tp_count FROM `luu_goods_category` LIMIT 1   [ RunTime:0.0010s ]
SQL: SELECT `id`,`name`,`pid`,`status`,`sort` FROM `luu_goods_category` ORDER BY sort DESC LIMIT 0,10   [ RunTime:0.0010s ]
INFO: [ view_parse ] --START--
INFO: [ template_filter ] --START--
INFO: Run Behavior\ContentReplaceBehavior [ RunTime:0.000000s ]
INFO: [ template_filter ] --END-- [ RunTime:0.000000s ]
INFO: Run Behavior\ParseTemplateBehavior [ RunTime:0.021001s ]
INFO: [ view_parse ] --END-- [ RunTime:0.021001s ]
INFO: [ view_filter ] --START--
INFO: Run Behavior\WriteHtmlCacheBehavior [ RunTime:0.001000s ]
INFO: [ view_filter ] --END-- [ RunTime:0.001000s ]
INFO: [ app_end ] --START--
INFO: Run Behavior\ShowPageTraceBehavior [ RunTime:0.001000s ]
INFO: [ app_end ] --END-- [ RunTime:0.001000s ]

[ 2017-05-17T13:28:41+08:00 ] 127.0.0.1 /admin.php/Category/create.html
INFO: [ app_init ] --START--
INFO: Run Behavior\BuildLiteBehavior [ RunTime:0.000000s ]
INFO: [ app_init ] --END-- [ RunTime:0.000000s ]
INFO: [ app_begin ] --START--
INFO: Run Behavior\ReadHtmlCacheBehavior [ RunTime:0.000000s ]
INFO: [ app_begin ] --END-- [ RunTime:0.000000s ]
SQL: SHOW COLUMNS FROM `luu_goods_category` [ RunTime:0.0120s ]
NOTIC: [8] Undefined index: pid D:\phpStudy\WWW\lyfuuudemo\Application\Admin\Controller\CategoryController.class.php 第 32 行.
NOTIC: [8] Undefined index: id D:\phpStudy\WWW\lyfuuudemo\Application\Admin\Controller\CategoryController.class.php 第 34 行.
SQL: SELECT * FROM `luu_goods_category`  [ RunTime:0.0010s ]
INFO: [ view_parse ] --START--
INFO: [ template_filter ] --START--
INFO: Run Behavior\ContentReplaceBehavior [ RunTime:0.000000s ]
INFO: [ template_filter ] --END-- [ RunTime:0.000000s ]
NOTIC: [8] Undefined index: id D:\phpStudy\WWW\lyfuuudemo\Application\Runtime\Cache\Admin\23c7555202aa5af9e5bb575f86ac693c.php 第 43 行.
NOTIC: [8] Undefined index: pic D:\phpStudy\WWW\lyfuuudemo\Application\Runtime\Cache\Admin\23c7555202aa5af9e5bb575f86ac693c.php 第 44 行.
NOTIC: [8] Undefined index: name D:\phpStudy\WWW\lyfuuudemo\Application\Runtime\Cache\Admin\23c7555202aa5af9e5bb575f86ac693c.php 第 62 行.
NOTIC: [8] Undefined index: sort D:\phpStudy\WWW\lyfuuudemo\Application\Runtime\Cache\Admin\23c7555202aa5af9e5bb575f86ac693c.php 第 69 行.
NOTIC: [8] Undefined index: is_show D:\phpStudy\WWW\lyfuuudemo\Application\Runtime\Cache\Admin\23c7555202aa5af9e5bb575f86ac693c.php 第 76 行.
NOTIC: [8] Undefined index: status D:\phpStudy\WWW\lyfuuudemo\Application\Runtime\Cache\Admin\23c7555202aa5af9e5bb575f86ac693c.php 第 82 行.
INFO: Run Behavior\ParseTemplateBehavior [ RunTime:0.011000s ]
INFO: [ view_parse ] --END-- [ RunTime:0.011000s ]
INFO: [ view_filter ] --START--
INFO: Run Behavior\WriteHtmlCacheBehavior [ RunTime:0.001001s ]
INFO: [ view_filter ] --END-- [ RunTime:0.001001s ]
INFO: [ app_end ] --START--
INFO: Run Behavior\ShowPageTraceBehavior [ RunTime:0.001000s ]
INFO: [ app_end ] --END-- [ RunTime:0.001000s ]

[ 2017-05-17T13:33:53+08:00 ] 127.0.0.1 /admin.php/Index/index.html
INFO: [ app_init ] --START--
INFO: Run Behavior\BuildLiteBehavior [ RunTime:0.000000s ]
INFO: [ app_init ] --END-- [ RunTime:0.000000s ]
INFO: [ app_begin ] --START--
INFO: Run Behavior\ReadHtmlCacheBehavior [ RunTime:0.002000s ]
INFO: [ app_begin ] --END-- [ RunTime:0.002000s ]
INFO: [ view_parse ] --START--
INFO: [ template_filter ] --START--
INFO: Run Behavior\ContentReplaceBehavior [ RunTime:0.000000s ]
INFO: [ template_filter ] --END-- [ RunTime:0.000000s ]
INFO: Run Behavior\ParseTemplateBehavior [ RunTime:0.021001s ]
INFO: [ view_parse ] --END-- [ RunTime:0.021001s ]
INFO: [ view_filter ] --START--
INFO: Run Behavior\WriteHtmlCacheBehavior [ RunTime:0.001000s ]
INFO: [ view_filter ] --END-- [ RunTime:0.001000s ]
INFO: [ app_end ] --START--
INFO: Run Behavior\ShowPageTraceBehavior [ RunTime:0.001000s ]
INFO: [ app_end ] --END-- [ RunTime:0.001000s ]

[ 2017-05-17T13:33:53+08:00 ] 127.0.0.1 /admin.php/Index/vie.html
INFO: [ app_init ] --START--
INFO: Run Behavior\BuildLiteBehavior [ RunTime:0.001000s ]
INFO: [ app_init ] --END-- [ RunTime:0.001000s ]
INFO: [ app_begin ] --START--
INFO: Run Behavior\ReadHtmlCacheBehavior [ RunTime:0.001000s ]
INFO: [ app_begin ] --END-- [ RunTime:0.001000s ]
INFO: [ view_parse ] --START--
INFO: [ template_filter ] --START--
INFO: Run Behavior\ContentReplaceBehavior [ RunTime:0.000000s ]
INFO: [ template_filter ] --END-- [ RunTime:0.001000s ]
INFO: Run Behavior\ParseTemplateBehavior [ RunTime:0.008000s ]
INFO: [ view_parse ] --END-- [ RunTime:0.009000s ]
INFO: [ view_filter ] --START--
INFO: Run Behavior\WriteHtmlCacheBehavior [ RunTime:0.000000s ]
INFO: [ view_filter ] --END-- [ RunTime:0.000000s ]
INFO: [ app_end ] --START--
INFO: Run Behavior\ShowPageTraceBehavior [ RunTime:0.001000s ]
INFO: [ app_end ] --END-- [ RunTime:0.002000s ]

[ 2017-05-17T14:02:12+08:00 ] 127.0.0.1 /admin.php/Category/index.html
INFO: [ app_init ] --START--
INFO: Run Behavior\BuildLiteBehavior [ RunTime:0.000000s ]
INFO: [ app_init ] --END-- [ RunTime:0.010001s ]
INFO: [ app_begin ] --START--
INFO: Run Behavior\ReadHtmlCacheBehavior [ RunTime:0.002000s ]
INFO: [ app_begin ] --END-- [ RunTime:0.002000s ]
SQL: SHOW COLUMNS FROM `luu_goods_category` [ RunTime:0.0230s ]
SQL: SELECT COUNT(*) AS tp_count FROM `luu_goods_category` LIMIT 1   [ RunTime:0.0000s ]
SQL: SELECT `id`,`name`,`pid`,`status`,`sort` FROM `luu_goods_category` ORDER BY sort DESC LIMIT 0,10   [ RunTime:0.0010s ]
INFO: [ view_parse ] --START--
INFO: [ template_filter ] --START--
INFO: Run Behavior\ContentReplaceBehavior [ RunTime:0.000000s ]
INFO: [ template_filter ] --END-- [ RunTime:0.000000s ]
INFO: Run Behavior\ParseTemplateBehavior [ RunTime:0.057003s ]
INFO: [ view_parse ] --END-- [ RunTime:0.057003s ]
INFO: [ view_filter ] --START--
INFO: Run Behavior\WriteHtmlCacheBehavior [ RunTime:0.009000s ]
INFO: [ view_filter ] --END-- [ RunTime:0.009000s ]
INFO: [ app_end ] --START--
INFO: Run Behavior\ShowPageTraceBehavior [ RunTime:0.008001s ]
INFO: [ app_end ] --END-- [ RunTime:0.008001s ]

